<?xml version="1.0" encoding="UTF-8"?>
<testsuite name="com.raftkv.harness.ReplicationSpec" tests="2" skipped="0" failures="0" errors="0" timestamp="2026-04-11T20:28:38" hostname="utsavsheth-ZenBook-UX331FA-UX331FA" time="0.877">
  <properties/>
  <testcase name="a leader replicates a log entry to all followers and all nodes commit it" classname="com.raftkv.harness.ReplicationSpec" time="0.497"/>
  <testcase name="multiple log entries are replicated and committed in order" classname="com.raftkv.harness.ReplicationSpec" time="0.379"/>
  <system-out><![CDATA[13:28:38.633 [Test worker] INFO com.raftkv.server.RaftServer -- RaftServer started on port 42795
13:28:38.640 [Test worker] INFO com.raftkv.server.RaftServer -- RaftServer started on port 44167
13:28:38.647 [Test worker] INFO com.raftkv.server.RaftServer -- RaftServer started on port 40931
13:28:38.672 [Test worker] INFO com.raftkv.harness.ClusterHarness -- ClusterHarness started with 3 nodes
13:28:38.836 [grpc-default-worker-ELG-3-8] DEBUG io.grpc.netty.shaded.io.grpc.netty.NettyClientHandler -- [id: 0x016a58cf, L:/127.0.0.1:54508 - R:localhost/127.0.0.1:44167] OUTBOUND SETTINGS: ack=false settings={ENABLE_PUSH=0, MAX_CONCURRENT_STREAMS=0, INITIAL_WINDOW_SIZE=1048576, MAX_HEADER_LIST_SIZE=8192}
13:28:38.836 [grpc-default-worker-ELG-3-8] DEBUG io.grpc.netty.shaded.io.grpc.netty.NettyClientHandler -- [id: 0x016a58cf, L:/127.0.0.1:54508 - R:localhost/127.0.0.1:44167] OUTBOUND WINDOW_UPDATE: streamId=0 windowSizeIncrement=983041
13:28:38.836 [grpc-default-worker-ELG-3-2] DEBUG io.grpc.netty.shaded.io.grpc.netty.NettyClientHandler -- [id: 0x9f5006a1, L:/127.0.0.1:56684 - R:localhost/127.0.0.1:40931] OUTBOUND SETTINGS: ack=false settings={ENABLE_PUSH=0, MAX_CONCURRENT_STREAMS=0, INITIAL_WINDOW_SIZE=1048576, MAX_HEADER_LIST_SIZE=8192}
13:28:38.837 [grpc-default-worker-ELG-3-2] DEBUG io.grpc.netty.shaded.io.grpc.netty.NettyClientHandler -- [id: 0x9f5006a1, L:/127.0.0.1:56684 - R:localhost/127.0.0.1:40931] OUTBOUND WINDOW_UPDATE: streamId=0 windowSizeIncrement=983041
13:28:38.839 [grpc-default-worker-ELG-3-3] DEBUG io.grpc.netty.shaded.io.grpc.netty.NettyServerHandler -- [id: 0x599f19d9, L:/127.0.0.1:40931 - R:/127.0.0.1:56684] OUTBOUND SETTINGS: ack=false settings={MAX_CONCURRENT_STREAMS=2147483647, INITIAL_WINDOW_SIZE=1048576, MAX_HEADER_LIST_SIZE=8192}
13:28:38.839 [grpc-default-worker-ELG-3-3] DEBUG io.grpc.netty.shaded.io.grpc.netty.NettyServerHandler -- [id: 0x599f19d9, L:/127.0.0.1:40931 - R:/127.0.0.1:56684] OUTBOUND WINDOW_UPDATE: streamId=0 windowSizeIncrement=983041
13:28:38.840 [grpc-default-worker-ELG-3-1] DEBUG io.grpc.netty.shaded.io.grpc.netty.NettyServerHandler -- [id: 0x99976f63, L:/127.0.0.1:44167 - R:/127.0.0.1:54508] OUTBOUND SETTINGS: ack=false settings={MAX_CONCURRENT_STREAMS=2147483647, INITIAL_WINDOW_SIZE=1048576, MAX_HEADER_LIST_SIZE=8192}
13:28:38.840 [grpc-default-worker-ELG-3-1] DEBUG io.grpc.netty.shaded.io.grpc.netty.NettyServerHandler -- [id: 0x99976f63, L:/127.0.0.1:44167 - R:/127.0.0.1:54508] OUTBOUND WINDOW_UPDATE: streamId=0 windowSizeIncrement=983041
13:28:38.841 [grpc-default-worker-ELG-3-8] DEBUG io.grpc.netty.shaded.io.grpc.netty.NettyClientHandler -- [id: 0x016a58cf, L:/127.0.0.1:54508 - R:localhost/127.0.0.1:44167] INBOUND SETTINGS: ack=false settings={MAX_CONCURRENT_STREAMS=2147483647, INITIAL_WINDOW_SIZE=1048576, MAX_HEADER_LIST_SIZE=8192}
13:28:38.842 [grpc-default-worker-ELG-3-8] DEBUG io.grpc.netty.shaded.io.grpc.netty.NettyClientHandler -- [id: 0x016a58cf, L:/127.0.0.1:54508 - R:localhost/127.0.0.1:44167] OUTBOUND SETTINGS: ack=true
13:28:38.843 [grpc-default-worker-ELG-3-2] DEBUG io.grpc.netty.shaded.io.grpc.netty.NettyClientHandler -- [id: 0x9f5006a1, L:/127.0.0.1:56684 - R:localhost/127.0.0.1:40931] INBOUND SETTINGS: ack=false settings={MAX_CONCURRENT_STREAMS=2147483647, INITIAL_WINDOW_SIZE=1048576, MAX_HEADER_LIST_SIZE=8192}
13:28:38.843 [grpc-default-worker-ELG-3-2] DEBUG io.grpc.netty.shaded.io.grpc.netty.NettyClientHandler -- [id: 0x9f5006a1, L:/127.0.0.1:56684 - R:localhost/127.0.0.1:40931] OUTBOUND SETTINGS: ack=true
13:28:38.843 [grpc-default-worker-ELG-3-1] DEBUG io.grpc.netty.shaded.io.grpc.netty.NettyServerHandler -- [id: 0x99976f63, L:/127.0.0.1:44167 - R:/127.0.0.1:54508] INBOUND SETTINGS: ack=false settings={ENABLE_PUSH=0, MAX_CONCURRENT_STREAMS=0, INITIAL_WINDOW_SIZE=1048576, MAX_HEADER_LIST_SIZE=8192}
13:28:38.841 [grpc-default-worker-ELG-3-3] DEBUG io.grpc.netty.shaded.io.grpc.netty.NettyServerHandler -- [id: 0x599f19d9, L:/127.0.0.1:40931 - R:/127.0.0.1:56684] INBOUND SETTINGS: ack=false settings={ENABLE_PUSH=0, MAX_CONCURRENT_STREAMS=0, INITIAL_WINDOW_SIZE=1048576, MAX_HEADER_LIST_SIZE=8192}
13:28:38.843 [grpc-default-worker-ELG-3-3] DEBUG io.grpc.netty.shaded.io.grpc.netty.NettyServerHandler -- [id: 0x599f19d9, L:/127.0.0.1:40931 - R:/127.0.0.1:56684] OUTBOUND SETTINGS: ack=true
13:28:38.844 [grpc-default-worker-ELG-3-3] DEBUG io.grpc.netty.shaded.io.grpc.netty.NettyServerHandler -- [id: 0x599f19d9, L:/127.0.0.1:40931 - R:/127.0.0.1:56684] INBOUND WINDOW_UPDATE: streamId=0 windowSizeIncrement=983041
13:28:38.844 [grpc-default-worker-ELG-3-2] DEBUG io.grpc.netty.shaded.io.grpc.netty.NettyClientHandler -- [id: 0x9f5006a1, L:/127.0.0.1:56684 - R:localhost/127.0.0.1:40931] INBOUND WINDOW_UPDATE: streamId=0 windowSizeIncrement=983041
13:28:38.843 [grpc-default-worker-ELG-3-8] DEBUG io.grpc.netty.shaded.io.grpc.netty.NettyClientHandler -- [id: 0x016a58cf, L:/127.0.0.1:54508 - R:localhost/127.0.0.1:44167] INBOUND WINDOW_UPDATE: streamId=0 windowSizeIncrement=983041
13:28:38.845 [grpc-default-worker-ELG-3-3] DEBUG io.grpc.netty.shaded.io.grpc.netty.NettyServerHandler -- [id: 0x599f19d9, L:/127.0.0.1:40931 - R:/127.0.0.1:56684] INBOUND SETTINGS: ack=true
13:28:38.843 [grpc-default-worker-ELG-3-1] DEBUG io.grpc.netty.shaded.io.grpc.netty.NettyServerHandler -- [id: 0x99976f63, L:/127.0.0.1:44167 - R:/127.0.0.1:54508] OUTBOUND SETTINGS: ack=true
13:28:38.845 [grpc-default-worker-ELG-3-2] DEBUG io.grpc.netty.shaded.io.grpc.netty.NettyClientHandler -- [id: 0x9f5006a1, L:/127.0.0.1:56684 - R:localhost/127.0.0.1:40931] INBOUND SETTINGS: ack=true
13:28:38.845 [grpc-default-worker-ELG-3-1] DEBUG io.grpc.netty.shaded.io.grpc.netty.NettyServerHandler -- [id: 0x99976f63, L:/127.0.0.1:44167 - R:/127.0.0.1:54508] INBOUND WINDOW_UPDATE: streamId=0 windowSizeIncrement=983041
13:28:38.847 [grpc-default-worker-ELG-3-8] DEBUG io.grpc.netty.shaded.io.grpc.netty.NettyClientHandler -- [id: 0x016a58cf, L:/127.0.0.1:54508 - R:localhost/127.0.0.1:44167] OUTBOUND HEADERS: streamId=3 headers=GrpcHttp2OutboundHeaders[:authority: localhost:44167, :path: /raftkv.RaftService/RequestVote, :method: POST, :scheme: http, content-type: application/grpc, te: trailers, user-agent: grpc-java-netty/1.63.0, grpc-accept-encoding: gzip] streamDependency=0 weight=16 exclusive=false padding=0 endStream=false
13:28:38.846 [grpc-default-worker-ELG-3-2] DEBUG io.grpc.netty.shaded.io.grpc.netty.NettyClientHandler -- [id: 0x9f5006a1, L:/127.0.0.1:56684 - R:localhost/127.0.0.1:40931] OUTBOUND HEADERS: streamId=3 headers=GrpcHttp2OutboundHeaders[:authority: localhost:40931, :path: /raftkv.RaftService/RequestVote, :method: POST, :scheme: http, content-type: application/grpc, te: trailers, user-agent: grpc-java-netty/1.63.0, grpc-accept-encoding: gzip] streamDependency=0 weight=16 exclusive=false padding=0 endStream=false
13:28:38.847 [grpc-default-worker-ELG-3-1] DEBUG io.grpc.netty.shaded.io.grpc.netty.NettyServerHandler -- [id: 0x99976f63, L:/127.0.0.1:44167 - R:/127.0.0.1:54508] INBOUND SETTINGS: ack=true
13:28:38.848 [grpc-default-worker-ELG-3-2] DEBUG io.grpc.netty.shaded.io.grpc.netty.NettyClientHandler -- [id: 0x9f5006a1, L:/127.0.0.1:56684 - R:localhost/127.0.0.1:40931] OUTBOUND DATA: streamId=3 padding=0 endStream=true length=15 bytes=000000000a080112066e6f64652d30
13:28:38.849 [grpc-default-worker-ELG-3-8] DEBUG io.grpc.netty.shaded.io.grpc.netty.NettyClientHandler -- [id: 0x016a58cf, L:/127.0.0.1:54508 - R:localhost/127.0.0.1:44167] OUTBOUND DATA: streamId=3 padding=0 endStream=true length=15 bytes=000000000a080112066e6f64652d30
13:28:38.851 [grpc-default-worker-ELG-3-8] DEBUG io.grpc.netty.shaded.io.grpc.netty.NettyClientHandler -- [id: 0x016a58cf, L:/127.0.0.1:54508 - R:localhost/127.0.0.1:44167] INBOUND SETTINGS: ack=true
13:28:38.851 [grpc-default-worker-ELG-3-3] DEBUG io.grpc.netty.shaded.io.grpc.netty.NettyServerHandler -- [id: 0x599f19d9, L:/127.0.0.1:40931 - R:/127.0.0.1:56684] INBOUND HEADERS: streamId=3 headers=GrpcHttp2RequestHeaders[:path: /raftkv.RaftService/RequestVote, :authority: localhost:40931, :method: POST, :scheme: http, te: trailers, content-type: application/grpc, user-agent: grpc-java-netty/1.63.0, grpc-accept-encoding: gzip] streamDependency=0 weight=16 exclusive=false padding=0 endStream=false
13:28:38.851 [grpc-default-worker-ELG-3-1] DEBUG io.grpc.netty.shaded.io.grpc.netty.NettyServerHandler -- [id: 0x99976f63, L:/127.0.0.1:44167 - R:/127.0.0.1:54508] INBOUND HEADERS: streamId=3 headers=GrpcHttp2RequestHeaders[:path: /raftkv.RaftService/RequestVote, :authority: localhost:44167, :method: POST, :scheme: http, te: trailers, content-type: application/grpc, user-agent: grpc-java-netty/1.63.0, grpc-accept-encoding: gzip] streamDependency=0 weight=16 exclusive=false padding=0 endStream=false
13:28:38.852 [grpc-default-worker-ELG-3-3] DEBUG io.grpc.netty.shaded.io.grpc.netty.NettyServerHandler -- [id: 0x599f19d9, L:/127.0.0.1:40931 - R:/127.0.0.1:56684] INBOUND DATA: streamId=3 padding=0 endStream=true length=15 bytes=000000000a080112066e6f64652d30
13:28:38.852 [grpc-default-worker-ELG-3-3] DEBUG io.grpc.netty.shaded.io.grpc.netty.NettyServerHandler -- [id: 0x599f19d9, L:/127.0.0.1:40931 - R:/127.0.0.1:56684] OUTBOUND PING: ack=false bytes=1234
13:28:38.852 [grpc-default-worker-ELG-3-1] DEBUG io.grpc.netty.shaded.io.grpc.netty.NettyServerHandler -- [id: 0x99976f63, L:/127.0.0.1:44167 - R:/127.0.0.1:54508] INBOUND DATA: streamId=3 padding=0 endStream=true length=15 bytes=000000000a080112066e6f64652d30
13:28:38.853 [grpc-default-worker-ELG-3-1] DEBUG io.grpc.netty.shaded.io.grpc.netty.NettyServerHandler -- [id: 0x99976f63, L:/127.0.0.1:44167 - R:/127.0.0.1:54508] OUTBOUND PING: ack=false bytes=1234
13:28:38.853 [grpc-default-worker-ELG-3-2] DEBUG io.grpc.netty.shaded.io.grpc.netty.NettyClientHandler -- [id: 0x9f5006a1, L:/127.0.0.1:56684 - R:localhost/127.0.0.1:40931] INBOUND PING: ack=false bytes=1234
13:28:38.853 [grpc-default-worker-ELG-3-2] DEBUG io.grpc.netty.shaded.io.grpc.netty.NettyClientHandler -- [id: 0x9f5006a1, L:/127.0.0.1:56684 - R:localhost/127.0.0.1:40931] OUTBOUND PING: ack=true bytes=1234
13:28:38.854 [grpc-default-worker-ELG-3-3] DEBUG io.grpc.netty.shaded.io.grpc.netty.NettyServerHandler -- [id: 0x599f19d9, L:/127.0.0.1:40931 - R:/127.0.0.1:56684] INBOUND PING: ack=true bytes=1234
13:28:38.855 [grpc-default-worker-ELG-3-8] DEBUG io.grpc.netty.shaded.io.grpc.netty.NettyClientHandler -- [id: 0x016a58cf, L:/127.0.0.1:54508 - R:localhost/127.0.0.1:44167] INBOUND PING: ack=false bytes=1234
13:28:38.855 [grpc-default-worker-ELG-3-8] DEBUG io.grpc.netty.shaded.io.grpc.netty.NettyClientHandler -- [id: 0x016a58cf, L:/127.0.0.1:54508 - R:localhost/127.0.0.1:44167] OUTBOUND PING: ack=true bytes=1234
13:28:38.857 [grpc-default-worker-ELG-3-1] DEBUG io.grpc.netty.shaded.io.grpc.netty.NettyServerHandler -- [id: 0x99976f63, L:/127.0.0.1:44167 - R:/127.0.0.1:54508] INBOUND PING: ack=true bytes=1234
13:28:38.858 [grpc-default-worker-ELG-3-3] DEBUG io.grpc.netty.shaded.io.grpc.netty.NettyServerHandler -- [id: 0x599f19d9, L:/127.0.0.1:40931 - R:/127.0.0.1:56684] OUTBOUND HEADERS: streamId=3 headers=GrpcHttp2OutboundHeaders[:status: 200, content-type: application/grpc, grpc-encoding: identity, grpc-accept-encoding: gzip] padding=0 endStream=false
13:28:38.859 [grpc-default-worker-ELG-3-3] DEBUG io.grpc.netty.shaded.io.grpc.netty.NettyServerHandler -- [id: 0x599f19d9, L:/127.0.0.1:40931 - R:/127.0.0.1:56684] OUTBOUND DATA: streamId=3 padding=0 endStream=false length=9 bytes=000000000408011001
13:28:38.859 [grpc-default-worker-ELG-3-3] DEBUG io.grpc.netty.shaded.io.grpc.netty.NettyServerHandler -- [id: 0x599f19d9, L:/127.0.0.1:40931 - R:/127.0.0.1:56684] OUTBOUND HEADERS: streamId=3 headers=GrpcHttp2OutboundHeaders[grpc-status: 0] padding=0 endStream=true
13:28:38.861 [grpc-default-worker-ELG-3-2] DEBUG io.grpc.netty.shaded.io.grpc.netty.NettyClientHandler -- [id: 0x9f5006a1, L:/127.0.0.1:56684 - R:localhost/127.0.0.1:40931] INBOUND HEADERS: streamId=3 headers=GrpcHttp2ResponseHeaders[:status: 200, content-type: application/grpc, grpc-encoding: identity, grpc-accept-encoding: gzip] padding=0 endStream=false
13:28:38.862 [grpc-default-worker-ELG-3-2] DEBUG io.grpc.netty.shaded.io.grpc.netty.NettyClientHandler -- [id: 0x9f5006a1, L:/127.0.0.1:56684 - R:localhost/127.0.0.1:40931] INBOUND DATA: streamId=3 padding=0 endStream=false length=9 bytes=000000000408011001
13:28:38.863 [grpc-default-worker-ELG-3-2] DEBUG io.grpc.netty.shaded.io.grpc.netty.NettyClientHandler -- [id: 0x9f5006a1, L:/127.0.0.1:56684 - R:localhost/127.0.0.1:40931] OUTBOUND PING: ack=false bytes=1234
13:28:38.863 [grpc-default-worker-ELG-3-1] DEBUG io.grpc.netty.shaded.io.grpc.netty.NettyServerHandler -- [id: 0x99976f63, L:/127.0.0.1:44167 - R:/127.0.0.1:54508] OUTBOUND HEADERS: streamId=3 headers=GrpcHttp2OutboundHeaders[:status: 200, content-type: application/grpc, grpc-encoding: identity, grpc-accept-encoding: gzip] padding=0 endStream=false
13:28:38.864 [grpc-default-worker-ELG-3-2] DEBUG io.grpc.netty.shaded.io.grpc.netty.NettyClientHandler -- [id: 0x9f5006a1, L:/127.0.0.1:56684 - R:localhost/127.0.0.1:40931] INBOUND HEADERS: streamId=3 headers=GrpcHttp2ResponseHeaders[grpc-status: 0] padding=0 endStream=true
13:28:38.866 [grpc-default-worker-ELG-3-1] DEBUG io.grpc.netty.shaded.io.grpc.netty.NettyServerHandler -- [id: 0x99976f63, L:/127.0.0.1:44167 - R:/127.0.0.1:54508] OUTBOUND DATA: streamId=3 padding=0 endStream=false length=9 bytes=000000000408011001
13:28:38.867 [grpc-default-worker-ELG-3-1] DEBUG io.grpc.netty.shaded.io.grpc.netty.NettyServerHandler -- [id: 0x99976f63, L:/127.0.0.1:44167 - R:/127.0.0.1:54508] OUTBOUND HEADERS: streamId=3 headers=GrpcHttp2OutboundHeaders[grpc-status: 0] padding=0 endStream=true
13:28:38.868 [grpc-default-worker-ELG-3-3] DEBUG io.grpc.netty.shaded.io.grpc.netty.NettyServerHandler -- [id: 0x599f19d9, L:/127.0.0.1:40931 - R:/127.0.0.1:56684] INBOUND PING: ack=false bytes=1234
13:28:38.868 [grpc-default-worker-ELG-3-3] DEBUG io.grpc.netty.shaded.io.grpc.netty.NettyServerHandler -- [id: 0x599f19d9, L:/127.0.0.1:40931 - R:/127.0.0.1:56684] OUTBOUND PING: ack=true bytes=1234
13:28:38.871 [grpc-default-worker-ELG-3-8] DEBUG io.grpc.netty.shaded.io.grpc.netty.NettyClientHandler -- [id: 0x016a58cf, L:/127.0.0.1:54508 - R:localhost/127.0.0.1:44167] INBOUND HEADERS: streamId=3 headers=GrpcHttp2ResponseHeaders[:status: 200, content-type: application/grpc, grpc-encoding: identity, grpc-accept-encoding: gzip] padding=0 endStream=false
13:28:38.872 [grpc-default-worker-ELG-3-8] DEBUG io.grpc.netty.shaded.io.grpc.netty.NettyClientHandler -- [id: 0x016a58cf, L:/127.0.0.1:54508 - R:localhost/127.0.0.1:44167] INBOUND DATA: streamId=3 padding=0 endStream=false length=9 bytes=000000000408011001
13:28:38.872 [grpc-default-worker-ELG-3-8] DEBUG io.grpc.netty.shaded.io.grpc.netty.NettyClientHandler -- [id: 0x016a58cf, L:/127.0.0.1:54508 - R:localhost/127.0.0.1:44167] OUTBOUND PING: ack=false bytes=1234
13:28:38.869 [grpc-default-worker-ELG-3-2] DEBUG io.grpc.netty.shaded.io.grpc.netty.NettyClientHandler -- [id: 0x9f5006a1, L:/127.0.0.1:56684 - R:localhost/127.0.0.1:40931] INBOUND PING: ack=true bytes=1234
13:28:38.908 [grpc-default-worker-ELG-3-8] DEBUG io.grpc.netty.shaded.io.grpc.netty.NettyClientHandler -- [id: 0x016a58cf, L:/127.0.0.1:54508 - R:localhost/127.0.0.1:44167] INBOUND HEADERS: streamId=3 headers=GrpcHttp2ResponseHeaders[grpc-status: 0] padding=0 endStream=true
13:28:38.908 [Test worker] INFO com.raftkv.harness.ClusterHarness -- Leader elected and cluster stable: node-0
13:28:38.909 [grpc-default-worker-ELG-3-1] DEBUG io.grpc.netty.shaded.io.grpc.netty.NettyServerHandler -- [id: 0x99976f63, L:/127.0.0.1:44167 - R:/127.0.0.1:54508] INBOUND PING: ack=false bytes=1234
13:28:38.910 [grpc-default-worker-ELG-3-1] DEBUG io.grpc.netty.shaded.io.grpc.netty.NettyServerHandler -- [id: 0x99976f63, L:/127.0.0.1:44167 - R:/127.0.0.1:54508] OUTBOUND PING: ack=true bytes=1234
13:28:38.912 [grpc-default-worker-ELG-3-8] DEBUG io.grpc.netty.shaded.io.grpc.netty.NettyClientHandler -- [id: 0x016a58cf, L:/127.0.0.1:54508 - R:localhost/127.0.0.1:44167] OUTBOUND HEADERS: streamId=5 headers=GrpcHttp2OutboundHeaders[:authority: localhost:44167, :path: /raftkv.RaftService/AppendEntries, :method: POST, :scheme: http, content-type: application/grpc, te: trailers, user-agent: grpc-java-netty/1.63.0, grpc-accept-encoding: gzip] streamDependency=0 weight=16 exclusive=false padding=0 endStream=false
13:28:38.913 [grpc-default-worker-ELG-3-2] DEBUG io.grpc.netty.shaded.io.grpc.netty.NettyClientHandler -- [id: 0x9f5006a1, L:/127.0.0.1:56684 - R:localhost/127.0.0.1:40931] OUTBOUND HEADERS: streamId=5 headers=GrpcHttp2OutboundHeaders[:authority: localhost:40931, :path: /raftkv.RaftService/AppendEntries, :method: POST, :scheme: http, content-type: application/grpc, te: trailers, user-agent: grpc-java-netty/1.63.0, grpc-accept-encoding: gzip] streamDependency=0 weight=16 exclusive=false padding=0 endStream=false
13:28:38.914 [grpc-default-worker-ELG-3-2] DEBUG io.grpc.netty.shaded.io.grpc.netty.NettyClientHandler -- [id: 0x9f5006a1, L:/127.0.0.1:56684 - R:localhost/127.0.0.1:40931] OUTBOUND DATA: streamId=5 padding=0 endStream=false length=15 bytes=000000000a080112066e6f64652d30
13:28:38.914 [grpc-default-worker-ELG-3-8] DEBUG io.grpc.netty.shaded.io.grpc.netty.NettyClientHandler -- [id: 0x016a58cf, L:/127.0.0.1:54508 - R:localhost/127.0.0.1:44167] OUTBOUND DATA: streamId=5 padding=0 endStream=true length=15 bytes=000000000a080112066e6f64652d30
13:28:38.917 [grpc-default-worker-ELG-3-1] DEBUG io.grpc.netty.shaded.io.grpc.netty.NettyServerHandler -- [id: 0x99976f63, L:/127.0.0.1:44167 - R:/127.0.0.1:54508] INBOUND HEADERS: streamId=5 headers=GrpcHttp2RequestHeaders[:path: /raftkv.RaftService/AppendEntries, :authority: localhost:44167, :method: POST, :scheme: http, te: trailers, content-type: application/grpc, user-agent: grpc-java-netty/1.63.0, grpc-accept-encoding: gzip] streamDependency=0 weight=16 exclusive=false padding=0 endStream=false
13:28:38.918 [grpc-default-worker-ELG-3-1] DEBUG io.grpc.netty.shaded.io.grpc.netty.NettyServerHandler -- [id: 0x99976f63, L:/127.0.0.1:44167 - R:/127.0.0.1:54508] INBOUND DATA: streamId=5 padding=0 endStream=true length=15 bytes=000000000a080112066e6f64652d30
13:28:38.918 [grpc-default-worker-ELG-3-2] DEBUG io.grpc.netty.shaded.io.grpc.netty.NettyClientHandler -- [id: 0x9f5006a1, L:/127.0.0.1:56684 - R:localhost/127.0.0.1:40931] OUTBOUND DATA: streamId=5 padding=0 endStream=true length=0 bytes=
13:28:38.919 [grpc-default-worker-ELG-3-3] DEBUG io.grpc.netty.shaded.io.grpc.netty.NettyServerHandler -- [id: 0x599f19d9, L:/127.0.0.1:40931 - R:/127.0.0.1:56684] INBOUND HEADERS: streamId=5 headers=GrpcHttp2RequestHeaders[:path: /raftkv.RaftService/AppendEntries, :authority: localhost:40931, :method: POST, :scheme: http, te: trailers, content-type: application/grpc, user-agent: grpc-java-netty/1.63.0, grpc-accept-encoding: gzip] streamDependency=0 weight=16 exclusive=false padding=0 endStream=false
13:28:38.920 [grpc-default-worker-ELG-3-3] DEBUG io.grpc.netty.shaded.io.grpc.netty.NettyServerHandler -- [id: 0x599f19d9, L:/127.0.0.1:40931 - R:/127.0.0.1:56684] INBOUND DATA: streamId=5 padding=0 endStream=false length=15 bytes=000000000a080112066e6f64652d30
13:28:38.921 [grpc-default-worker-ELG-3-3] DEBUG io.grpc.netty.shaded.io.grpc.netty.NettyServerHandler -- [id: 0x599f19d9, L:/127.0.0.1:40931 - R:/127.0.0.1:56684] INBOUND DATA: streamId=5 padding=0 endStream=true length=0 bytes=
13:28:38.922 [grpc-default-worker-ELG-3-2] DEBUG io.grpc.netty.shaded.io.grpc.netty.NettyClientHandler -- [id: 0x9f5006a1, L:/127.0.0.1:56684 - R:localhost/127.0.0.1:40931] OUTBOUND HEADERS: streamId=7 headers=GrpcHttp2OutboundHeaders[:authority: localhost:40931, :path: /raftkv.RaftService/AppendEntries, :method: POST, :scheme: http, content-type: application/grpc, te: trailers, user-agent: grpc-java-netty/1.63.0, grpc-accept-encoding: gzip] streamDependency=0 weight=16 exclusive=false padding=0 endStream=false
13:28:38.923 [grpc-default-worker-ELG-3-2] DEBUG io.grpc.netty.shaded.io.grpc.netty.NettyClientHandler -- [id: 0x9f5006a1, L:/127.0.0.1:56684 - R:localhost/127.0.0.1:40931] OUTBOUND DATA: streamId=7 padding=0 endStream=false length=15 bytes=000000000a080112066e6f64652d30
13:28:38.924 [grpc-default-worker-ELG-3-3] DEBUG io.grpc.netty.shaded.io.grpc.netty.NettyServerHandler -- [id: 0x599f19d9, L:/127.0.0.1:40931 - R:/127.0.0.1:56684] OUTBOUND HEADERS: streamId=5 headers=GrpcHttp2OutboundHeaders[:status: 200, content-type: application/grpc, grpc-encoding: identity, grpc-accept-encoding: gzip] padding=0 endStream=false
13:28:38.924 [grpc-default-worker-ELG-3-8] DEBUG io.grpc.netty.shaded.io.grpc.netty.NettyClientHandler -- [id: 0x016a58cf, L:/127.0.0.1:54508 - R:localhost/127.0.0.1:44167] OUTBOUND HEADERS: streamId=7 headers=GrpcHttp2OutboundHeaders[:authority: localhost:44167, :path: /raftkv.RaftService/AppendEntries, :method: POST, :scheme: http, content-type: application/grpc, te: trailers, user-agent: grpc-java-netty/1.63.0, grpc-accept-encoding: gzip] streamDependency=0 weight=16 exclusive=false padding=0 endStream=false
13:28:38.926 [grpc-default-worker-ELG-3-3] DEBUG io.grpc.netty.shaded.io.grpc.netty.NettyServerHandler -- [id: 0x599f19d9, L:/127.0.0.1:40931 - R:/127.0.0.1:56684] OUTBOUND DATA: streamId=5 padding=0 endStream=false length=9 bytes=000000000408011001
13:28:38.926 [grpc-default-worker-ELG-3-8] DEBUG io.grpc.netty.shaded.io.grpc.netty.NettyClientHandler -- [id: 0x016a58cf, L:/127.0.0.1:54508 - R:localhost/127.0.0.1:44167] OUTBOUND DATA: streamId=7 padding=0 endStream=true length=15 bytes=000000000a080112066e6f64652d30
13:28:38.926 [grpc-default-worker-ELG-3-1] DEBUG io.grpc.netty.shaded.io.grpc.netty.NettyServerHandler -- [id: 0x99976f63, L:/127.0.0.1:44167 - R:/127.0.0.1:54508] OUTBOUND HEADERS: streamId=5 headers=GrpcHttp2OutboundHeaders[:status: 200, content-type: application/grpc, grpc-encoding: identity, grpc-accept-encoding: gzip] padding=0 endStream=false
13:28:38.926 [grpc-default-worker-ELG-3-2] DEBUG io.grpc.netty.shaded.io.grpc.netty.NettyClientHandler -- [id: 0x9f5006a1, L:/127.0.0.1:56684 - R:localhost/127.0.0.1:40931] OUTBOUND DATA: streamId=7 padding=0 endStream=true length=0 bytes=
13:28:38.926 [grpc-default-worker-ELG-3-3] DEBUG io.grpc.netty.shaded.io.grpc.netty.NettyServerHandler -- [id: 0x599f19d9, L:/127.0.0.1:40931 - R:/127.0.0.1:56684] OUTBOUND HEADERS: streamId=5 headers=GrpcHttp2OutboundHeaders[grpc-status: 0] padding=0 endStream=true
13:28:38.927 [grpc-default-worker-ELG-3-1] DEBUG io.grpc.netty.shaded.io.grpc.netty.NettyServerHandler -- [id: 0x99976f63, L:/127.0.0.1:44167 - R:/127.0.0.1:54508] OUTBOUND DATA: streamId=5 padding=0 endStream=false length=9 bytes=000000000408011001
13:28:38.927 [grpc-default-worker-ELG-3-1] DEBUG io.grpc.netty.shaded.io.grpc.netty.NettyServerHandler -- [id: 0x99976f63, L:/127.0.0.1:44167 - R:/127.0.0.1:54508] OUTBOUND HEADERS: streamId=5 headers=GrpcHttp2OutboundHeaders[grpc-status: 0] padding=0 endStream=true
13:28:38.928 [grpc-default-worker-ELG-3-2] DEBUG io.grpc.netty.shaded.io.grpc.netty.NettyClientHandler -- [id: 0x9f5006a1, L:/127.0.0.1:56684 - R:localhost/127.0.0.1:40931] INBOUND HEADERS: streamId=5 headers=GrpcHttp2ResponseHeaders[:status: 200, content-type: application/grpc, grpc-encoding: identity, grpc-accept-encoding: gzip] padding=0 endStream=false
13:28:38.929 [grpc-default-worker-ELG-3-8] DEBUG io.grpc.netty.shaded.io.grpc.netty.NettyClientHandler -- [id: 0x016a58cf, L:/127.0.0.1:54508 - R:localhost/127.0.0.1:44167] INBOUND PING: ack=true bytes=1234
13:28:38.929 [grpc-default-worker-ELG-3-2] DEBUG io.grpc.netty.shaded.io.grpc.netty.NettyClientHandler -- [id: 0x9f5006a1, L:/127.0.0.1:56684 - R:localhost/127.0.0.1:40931] INBOUND DATA: streamId=5 padding=0 endStream=false length=9 bytes=000000000408011001
13:28:38.931 [grpc-default-worker-ELG-3-3] DEBUG io.grpc.netty.shaded.io.grpc.netty.NettyServerHandler -- [id: 0x599f19d9, L:/127.0.0.1:40931 - R:/127.0.0.1:56684] INBOUND HEADERS: streamId=7 headers=GrpcHttp2RequestHeaders[:path: /raftkv.RaftService/AppendEntries, :authority: localhost:40931, :method: POST, :scheme: http, te: trailers, content-type: application/grpc, user-agent: grpc-java-netty/1.63.0, grpc-accept-encoding: gzip] streamDependency=0 weight=16 exclusive=false padding=0 endStream=false
13:28:38.932 [grpc-default-worker-ELG-3-8] DEBUG io.grpc.netty.shaded.io.grpc.netty.NettyClientHandler -- [id: 0x016a58cf, L:/127.0.0.1:54508 - R:localhost/127.0.0.1:44167] INBOUND HEADERS: streamId=5 headers=GrpcHttp2ResponseHeaders[:status: 200, content-type: application/grpc, grpc-encoding: identity, grpc-accept-encoding: gzip] padding=0 endStream=false
13:28:38.932 [grpc-default-worker-ELG-3-2] DEBUG io.grpc.netty.shaded.io.grpc.netty.NettyClientHandler -- [id: 0x9f5006a1, L:/127.0.0.1:56684 - R:localhost/127.0.0.1:40931] INBOUND HEADERS: streamId=5 headers=GrpcHttp2ResponseHeaders[grpc-status: 0] padding=0 endStream=true
13:28:38.933 [grpc-default-worker-ELG-3-8] DEBUG io.grpc.netty.shaded.io.grpc.netty.NettyClientHandler -- [id: 0x016a58cf, L:/127.0.0.1:54508 - R:localhost/127.0.0.1:44167] INBOUND DATA: streamId=5 padding=0 endStream=false length=9 bytes=000000000408011001
13:28:38.933 [grpc-default-worker-ELG-3-3] DEBUG io.grpc.netty.shaded.io.grpc.netty.NettyServerHandler -- [id: 0x599f19d9, L:/127.0.0.1:40931 - R:/127.0.0.1:56684] INBOUND DATA: streamId=7 padding=0 endStream=false length=15 bytes=000000000a080112066e6f64652d30
13:28:38.929 [grpc-default-worker-ELG-3-1] DEBUG io.grpc.netty.shaded.io.grpc.netty.NettyServerHandler -- [id: 0x99976f63, L:/127.0.0.1:44167 - R:/127.0.0.1:54508] INBOUND HEADERS: streamId=7 headers=GrpcHttp2RequestHeaders[:path: /raftkv.RaftService/AppendEntries, :authority: localhost:44167, :method: POST, :scheme: http, te: trailers, content-type: application/grpc, user-agent: grpc-java-netty/1.63.0, grpc-accept-encoding: gzip] streamDependency=0 weight=16 exclusive=false padding=0 endStream=false
13:28:38.933 [grpc-default-worker-ELG-3-3] DEBUG io.grpc.netty.shaded.io.grpc.netty.NettyServerHandler -- [id: 0x599f19d9, L:/127.0.0.1:40931 - R:/127.0.0.1:56684] INBOUND DATA: streamId=7 padding=0 endStream=true length=0 bytes=
13:28:38.934 [grpc-default-worker-ELG-3-1] DEBUG io.grpc.netty.shaded.io.grpc.netty.NettyServerHandler -- [id: 0x99976f63, L:/127.0.0.1:44167 - R:/127.0.0.1:54508] INBOUND DATA: streamId=7 padding=0 endStream=true length=15 bytes=000000000a080112066e6f64652d30
13:28:38.934 [grpc-default-worker-ELG-3-8] DEBUG io.grpc.netty.shaded.io.grpc.netty.NettyClientHandler -- [id: 0x016a58cf, L:/127.0.0.1:54508 - R:localhost/127.0.0.1:44167] INBOUND HEADERS: streamId=5 headers=GrpcHttp2ResponseHeaders[grpc-status: 0] padding=0 endStream=true
13:28:38.937 [grpc-default-worker-ELG-3-1] DEBUG io.grpc.netty.shaded.io.grpc.netty.NettyServerHandler -- [id: 0x99976f63, L:/127.0.0.1:44167 - R:/127.0.0.1:54508] OUTBOUND HEADERS: streamId=7 headers=GrpcHttp2OutboundHeaders[:status: 200, content-type: application/grpc, grpc-encoding: identity, grpc-accept-encoding: gzip] padding=0 endStream=false
13:28:38.939 [grpc-default-worker-ELG-3-1] DEBUG io.grpc.netty.shaded.io.grpc.netty.NettyServerHandler -- [id: 0x99976f63, L:/127.0.0.1:44167 - R:/127.0.0.1:54508] OUTBOUND DATA: streamId=7 padding=0 endStream=false length=9 bytes=000000000408011001
13:28:38.940 [grpc-default-worker-ELG-3-1] DEBUG io.grpc.netty.shaded.io.grpc.netty.NettyServerHandler -- [id: 0x99976f63, L:/127.0.0.1:44167 - R:/127.0.0.1:54508] OUTBOUND HEADERS: streamId=7 headers=GrpcHttp2OutboundHeaders[grpc-status: 0] padding=0 endStream=true
13:28:38.937 [grpc-default-worker-ELG-3-3] DEBUG io.grpc.netty.shaded.io.grpc.netty.NettyServerHandler -- [id: 0x599f19d9, L:/127.0.0.1:40931 - R:/127.0.0.1:56684] OUTBOUND HEADERS: streamId=7 headers=GrpcHttp2OutboundHeaders[:status: 200, content-type: application/grpc, grpc-encoding: identity, grpc-accept-encoding: gzip] padding=0 endStream=false
13:28:38.943 [grpc-default-worker-ELG-3-8] DEBUG io.grpc.netty.shaded.io.grpc.netty.NettyClientHandler -- [id: 0x016a58cf, L:/127.0.0.1:54508 - R:localhost/127.0.0.1:44167] INBOUND HEADERS: streamId=7 headers=GrpcHttp2ResponseHeaders[:status: 200, content-type: application/grpc, grpc-encoding: identity, grpc-accept-encoding: gzip] padding=0 endStream=false
13:28:38.943 [grpc-default-worker-ELG-3-3] DEBUG io.grpc.netty.shaded.io.grpc.netty.NettyServerHandler -- [id: 0x599f19d9, L:/127.0.0.1:40931 - R:/127.0.0.1:56684] OUTBOUND DATA: streamId=7 padding=0 endStream=false length=9 bytes=000000000408011001
13:28:38.943 [grpc-default-worker-ELG-3-3] DEBUG io.grpc.netty.shaded.io.grpc.netty.NettyServerHandler -- [id: 0x599f19d9, L:/127.0.0.1:40931 - R:/127.0.0.1:56684] OUTBOUND HEADERS: streamId=7 headers=GrpcHttp2OutboundHeaders[grpc-status: 0] padding=0 endStream=true
13:28:38.943 [grpc-default-worker-ELG-3-8] DEBUG io.grpc.netty.shaded.io.grpc.netty.NettyClientHandler -- [id: 0x016a58cf, L:/127.0.0.1:54508 - R:localhost/127.0.0.1:44167] INBOUND DATA: streamId=7 padding=0 endStream=false length=9 bytes=000000000408011001
13:28:38.944 [grpc-default-worker-ELG-3-8] DEBUG io.grpc.netty.shaded.io.grpc.netty.NettyClientHandler -- [id: 0x016a58cf, L:/127.0.0.1:54508 - R:localhost/127.0.0.1:44167] INBOUND HEADERS: streamId=7 headers=GrpcHttp2ResponseHeaders[grpc-status: 0] padding=0 endStream=true
13:28:38.945 [grpc-default-worker-ELG-3-2] DEBUG io.grpc.netty.shaded.io.grpc.netty.NettyClientHandler -- [id: 0x9f5006a1, L:/127.0.0.1:56684 - R:localhost/127.0.0.1:40931] INBOUND HEADERS: streamId=7 headers=GrpcHttp2ResponseHeaders[:status: 200, content-type: application/grpc, grpc-encoding: identity, grpc-accept-encoding: gzip] padding=0 endStream=false
13:28:38.946 [grpc-default-worker-ELG-3-2] DEBUG io.grpc.netty.shaded.io.grpc.netty.NettyClientHandler -- [id: 0x9f5006a1, L:/127.0.0.1:56684 - R:localhost/127.0.0.1:40931] INBOUND DATA: streamId=7 padding=0 endStream=false length=9 bytes=000000000408011001
13:28:38.947 [grpc-default-worker-ELG-3-2] DEBUG io.grpc.netty.shaded.io.grpc.netty.NettyClientHandler -- [id: 0x9f5006a1, L:/127.0.0.1:56684 - R:localhost/127.0.0.1:40931] INBOUND HEADERS: streamId=7 headers=GrpcHttp2ResponseHeaders[grpc-status: 0] padding=0 endStream=true
13:28:39.032 [grpc-default-worker-ELG-3-8] DEBUG io.grpc.netty.shaded.io.grpc.netty.NettyClientHandler -- [id: 0x016a58cf, L:/127.0.0.1:54508 - R:localhost/127.0.0.1:44167] OUTBOUND HEADERS: streamId=9 headers=GrpcHttp2OutboundHeaders[:authority: localhost:44167, :path: /raftkv.RaftService/AppendEntries, :method: POST, :scheme: http, content-type: application/grpc, te: trailers, user-agent: grpc-java-netty/1.63.0, grpc-accept-encoding: gzip] streamDependency=0 weight=16 exclusive=false padding=0 endStream=false
13:28:39.034 [grpc-default-worker-ELG-3-8] DEBUG io.grpc.netty.shaded.io.grpc.netty.NettyClientHandler -- [id: 0x016a58cf, L:/127.0.0.1:54508 - R:localhost/127.0.0.1:44167] OUTBOUND DATA: streamId=9 padding=0 endStream=true length=30 bytes=0000000019080112066e6f64652d302a0d080110011a0773657420783d31
13:28:39.035 [grpc-default-worker-ELG-3-1] DEBUG io.grpc.netty.shaded.io.grpc.netty.NettyServerHandler -- [id: 0x99976f63, L:/127.0.0.1:44167 - R:/127.0.0.1:54508] INBOUND HEADERS: streamId=9 headers=GrpcHttp2RequestHeaders[:path: /raftkv.RaftService/AppendEntries, :authority: localhost:44167, :method: POST, :scheme: http, te: trailers, content-type: application/grpc, user-agent: grpc-java-netty/1.63.0, grpc-accept-encoding: gzip] streamDependency=0 weight=16 exclusive=false padding=0 endStream=false
13:28:39.035 [grpc-default-worker-ELG-3-2] DEBUG io.grpc.netty.shaded.io.grpc.netty.NettyClientHandler -- [id: 0x9f5006a1, L:/127.0.0.1:56684 - R:localhost/127.0.0.1:40931] OUTBOUND HEADERS: streamId=9 headers=GrpcHttp2OutboundHeaders[:authority: localhost:40931, :path: /raftkv.RaftService/AppendEntries, :method: POST, :scheme: http, content-type: application/grpc, te: trailers, user-agent: grpc-java-netty/1.63.0, grpc-accept-encoding: gzip] streamDependency=0 weight=16 exclusive=false padding=0 endStream=false
13:28:39.036 [grpc-default-worker-ELG-3-1] DEBUG io.grpc.netty.shaded.io.grpc.netty.NettyServerHandler -- [id: 0x99976f63, L:/127.0.0.1:44167 - R:/127.0.0.1:54508] INBOUND DATA: streamId=9 padding=0 endStream=true length=30 bytes=0000000019080112066e6f64652d302a0d080110011a0773657420783d31
13:28:39.037 [grpc-default-worker-ELG-3-8] DEBUG io.grpc.netty.shaded.io.grpc.netty.NettyClientHandler -- [id: 0x016a58cf, L:/127.0.0.1:54508 - R:localhost/127.0.0.1:44167] OUTBOUND HEADERS: streamId=11 headers=GrpcHttp2OutboundHeaders[:authority: localhost:44167, :path: /raftkv.RaftService/AppendEntries, :method: POST, :scheme: http, content-type: application/grpc, te: trailers, user-agent: grpc-java-netty/1.63.0, grpc-accept-encoding: gzip] streamDependency=0 weight=16 exclusive=false padding=0 endStream=false
13:28:39.037 [grpc-default-worker-ELG-3-2] DEBUG io.grpc.netty.shaded.io.grpc.netty.NettyClientHandler -- [id: 0x9f5006a1, L:/127.0.0.1:56684 - R:localhost/127.0.0.1:40931] OUTBOUND DATA: streamId=9 padding=0 endStream=true length=30 bytes=0000000019080112066e6f64652d302a0d080110011a0773657420783d31
13:28:39.038 [grpc-default-worker-ELG-3-8] DEBUG io.grpc.netty.shaded.io.grpc.netty.NettyClientHandler -- [id: 0x016a58cf, L:/127.0.0.1:54508 - R:localhost/127.0.0.1:44167] OUTBOUND DATA: streamId=11 padding=0 endStream=true length=30 bytes=0000000019080112066e6f64652d302a0d080110011a0773657420783d31
13:28:39.039 [grpc-default-worker-ELG-3-3] DEBUG io.grpc.netty.shaded.io.grpc.netty.NettyServerHandler -- [id: 0x599f19d9, L:/127.0.0.1:40931 - R:/127.0.0.1:56684] INBOUND HEADERS: streamId=9 headers=GrpcHttp2RequestHeaders[:path: /raftkv.RaftService/AppendEntries, :authority: localhost:40931, :method: POST, :scheme: http, te: trailers, content-type: application/grpc, user-agent: grpc-java-netty/1.63.0, grpc-accept-encoding: gzip] streamDependency=0 weight=16 exclusive=false padding=0 endStream=false
13:28:39.040 [grpc-default-worker-ELG-3-1] DEBUG io.grpc.netty.shaded.io.grpc.netty.NettyServerHandler -- [id: 0x99976f63, L:/127.0.0.1:44167 - R:/127.0.0.1:54508] INBOUND HEADERS: streamId=11 headers=GrpcHttp2RequestHeaders[:path: /raftkv.RaftService/AppendEntries, :authority: localhost:44167, :method: POST, :scheme: http, te: trailers, content-type: application/grpc, user-agent: grpc-java-netty/1.63.0, grpc-accept-encoding: gzip] streamDependency=0 weight=16 exclusive=false padding=0 endStream=false
13:28:39.040 [grpc-default-worker-ELG-3-3] DEBUG io.grpc.netty.shaded.io.grpc.netty.NettyServerHandler -- [id: 0x599f19d9, L:/127.0.0.1:40931 - R:/127.0.0.1:56684] INBOUND DATA: streamId=9 padding=0 endStream=true length=30 bytes=0000000019080112066e6f64652d302a0d080110011a0773657420783d31
13:28:39.041 [grpc-default-worker-ELG-3-1] DEBUG io.grpc.netty.shaded.io.grpc.netty.NettyServerHandler -- [id: 0x99976f63, L:/127.0.0.1:44167 - R:/127.0.0.1:54508] INBOUND DATA: streamId=11 padding=0 endStream=true length=30 bytes=0000000019080112066e6f64652d302a0d080110011a0773657420783d31
13:28:39.042 [grpc-default-worker-ELG-3-2] DEBUG io.grpc.netty.shaded.io.grpc.netty.NettyClientHandler -- [id: 0x9f5006a1, L:/127.0.0.1:56684 - R:localhost/127.0.0.1:40931] OUTBOUND HEADERS: streamId=11 headers=GrpcHttp2OutboundHeaders[:authority: localhost:40931, :path: /raftkv.RaftService/AppendEntries, :method: POST, :scheme: http, content-type: application/grpc, te: trailers, user-agent: grpc-java-netty/1.63.0, grpc-accept-encoding: gzip] streamDependency=0 weight=16 exclusive=false padding=0 endStream=false
13:28:39.043 [grpc-default-worker-ELG-3-2] DEBUG io.grpc.netty.shaded.io.grpc.netty.NettyClientHandler -- [id: 0x9f5006a1, L:/127.0.0.1:56684 - R:localhost/127.0.0.1:40931] OUTBOUND DATA: streamId=11 padding=0 endStream=true length=30 bytes=0000000019080112066e6f64652d302a0d080110011a0773657420783d31
13:28:39.044 [grpc-default-worker-ELG-3-1] DEBUG io.grpc.netty.shaded.io.grpc.netty.NettyServerHandler -- [id: 0x99976f63, L:/127.0.0.1:44167 - R:/127.0.0.1:54508] OUTBOUND HEADERS: streamId=9 headers=GrpcHttp2OutboundHeaders[:status: 200, content-type: application/grpc, grpc-encoding: identity, grpc-accept-encoding: gzip] padding=0 endStream=false
13:28:39.045 [grpc-default-worker-ELG-3-1] DEBUG io.grpc.netty.shaded.io.grpc.netty.NettyServerHandler -- [id: 0x99976f63, L:/127.0.0.1:44167 - R:/127.0.0.1:54508] OUTBOUND HEADERS: streamId=11 headers=GrpcHttp2OutboundHeaders[:status: 200, content-type: application/grpc, grpc-encoding: identity, grpc-accept-encoding: gzip] padding=0 endStream=false
13:28:39.045 [grpc-default-worker-ELG-3-3] DEBUG io.grpc.netty.shaded.io.grpc.netty.NettyServerHandler -- [id: 0x599f19d9, L:/127.0.0.1:40931 - R:/127.0.0.1:56684] INBOUND HEADERS: streamId=11 headers=GrpcHttp2RequestHeaders[:path: /raftkv.RaftService/AppendEntries, :authority: localhost:40931, :method: POST, :scheme: http, te: trailers, content-type: application/grpc, user-agent: grpc-java-netty/1.63.0, grpc-accept-encoding: gzip] streamDependency=0 weight=16 exclusive=false padding=0 endStream=false
13:28:39.046 [grpc-default-worker-ELG-3-1] DEBUG io.grpc.netty.shaded.io.grpc.netty.NettyServerHandler -- [id: 0x99976f63, L:/127.0.0.1:44167 - R:/127.0.0.1:54508] OUTBOUND DATA: streamId=9 padding=0 endStream=false length=9 bytes=000000000408011001
13:28:39.046 [grpc-default-worker-ELG-3-3] DEBUG io.grpc.netty.shaded.io.grpc.netty.NettyServerHandler -- [id: 0x599f19d9, L:/127.0.0.1:40931 - R:/127.0.0.1:56684] INBOUND DATA: streamId=11 padding=0 endStream=true length=30 bytes=0000000019080112066e6f64652d302a0d080110011a0773657420783d31
13:28:39.047 [grpc-default-worker-ELG-3-3] DEBUG io.grpc.netty.shaded.io.grpc.netty.NettyServerHandler -- [id: 0x599f19d9, L:/127.0.0.1:40931 - R:/127.0.0.1:56684] OUTBOUND HEADERS: streamId=9 headers=GrpcHttp2OutboundHeaders[:status: 200, content-type: application/grpc, grpc-encoding: identity, grpc-accept-encoding: gzip] padding=0 endStream=false
13:28:39.046 [grpc-default-worker-ELG-3-1] DEBUG io.grpc.netty.shaded.io.grpc.netty.NettyServerHandler -- [id: 0x99976f63, L:/127.0.0.1:44167 - R:/127.0.0.1:54508] OUTBOUND HEADERS: streamId=9 headers=GrpcHttp2OutboundHeaders[grpc-status: 0] padding=0 endStream=true
13:28:39.048 [grpc-default-worker-ELG-3-1] DEBUG io.grpc.netty.shaded.io.grpc.netty.NettyServerHandler -- [id: 0x99976f63, L:/127.0.0.1:44167 - R:/127.0.0.1:54508] OUTBOUND DATA: streamId=11 padding=0 endStream=false length=9 bytes=000000000408011001
13:28:39.048 [grpc-default-worker-ELG-3-1] DEBUG io.grpc.netty.shaded.io.grpc.netty.NettyServerHandler -- [id: 0x99976f63, L:/127.0.0.1:44167 - R:/127.0.0.1:54508] OUTBOUND HEADERS: streamId=11 headers=GrpcHttp2OutboundHeaders[grpc-status: 0] padding=0 endStream=true
13:28:39.048 [grpc-default-worker-ELG-3-3] DEBUG io.grpc.netty.shaded.io.grpc.netty.NettyServerHandler -- [id: 0x599f19d9, L:/127.0.0.1:40931 - R:/127.0.0.1:56684] OUTBOUND DATA: streamId=9 padding=0 endStream=false length=9 bytes=000000000408011001
13:28:39.049 [grpc-default-worker-ELG-3-3] DEBUG io.grpc.netty.shaded.io.grpc.netty.NettyServerHandler -- [id: 0x599f19d9, L:/127.0.0.1:40931 - R:/127.0.0.1:56684] OUTBOUND HEADERS: streamId=9 headers=GrpcHttp2OutboundHeaders[grpc-status: 0] padding=0 endStream=true
13:28:39.050 [grpc-default-worker-ELG-3-2] DEBUG io.grpc.netty.shaded.io.grpc.netty.NettyClientHandler -- [id: 0x9f5006a1, L:/127.0.0.1:56684 - R:localhost/127.0.0.1:40931] INBOUND HEADERS: streamId=9 headers=GrpcHttp2ResponseHeaders[:status: 200, content-type: application/grpc, grpc-encoding: identity, grpc-accept-encoding: gzip] padding=0 endStream=false
13:28:39.050 [grpc-default-worker-ELG-3-8] DEBUG io.grpc.netty.shaded.io.grpc.netty.NettyClientHandler -- [id: 0x016a58cf, L:/127.0.0.1:54508 - R:localhost/127.0.0.1:44167] INBOUND HEADERS: streamId=9 headers=GrpcHttp2ResponseHeaders[:status: 200, content-type: application/grpc, grpc-encoding: identity, grpc-accept-encoding: gzip] padding=0 endStream=false
13:28:39.051 [grpc-default-worker-ELG-3-2] DEBUG io.grpc.netty.shaded.io.grpc.netty.NettyClientHandler -- [id: 0x9f5006a1, L:/127.0.0.1:56684 - R:localhost/127.0.0.1:40931] INBOUND DATA: streamId=9 padding=0 endStream=false length=9 bytes=000000000408011001
13:28:39.052 [grpc-default-worker-ELG-3-2] DEBUG io.grpc.netty.shaded.io.grpc.netty.NettyClientHandler -- [id: 0x9f5006a1, L:/127.0.0.1:56684 - R:localhost/127.0.0.1:40931] INBOUND HEADERS: streamId=9 headers=GrpcHttp2ResponseHeaders[grpc-status: 0] padding=0 endStream=true
13:28:39.052 [grpc-default-worker-ELG-3-8] DEBUG io.grpc.netty.shaded.io.grpc.netty.NettyClientHandler -- [id: 0x016a58cf, L:/127.0.0.1:54508 - R:localhost/127.0.0.1:44167] INBOUND HEADERS: streamId=11 headers=GrpcHttp2ResponseHeaders[:status: 200, content-type: application/grpc, grpc-encoding: identity, grpc-accept-encoding: gzip] padding=0 endStream=false
13:28:39.053 [grpc-default-worker-ELG-3-8] DEBUG io.grpc.netty.shaded.io.grpc.netty.NettyClientHandler -- [id: 0x016a58cf, L:/127.0.0.1:54508 - R:localhost/127.0.0.1:44167] INBOUND DATA: streamId=9 padding=0 endStream=false length=9 bytes=000000000408011001
13:28:39.054 [grpc-default-worker-ELG-3-3] DEBUG io.grpc.netty.shaded.io.grpc.netty.NettyServerHandler -- [id: 0x599f19d9, L:/127.0.0.1:40931 - R:/127.0.0.1:56684] OUTBOUND HEADERS: streamId=11 headers=GrpcHttp2OutboundHeaders[:status: 200, content-type: application/grpc, grpc-encoding: identity, grpc-accept-encoding: gzip] padding=0 endStream=false
13:28:39.055 [grpc-default-worker-ELG-3-8] DEBUG io.grpc.netty.shaded.io.grpc.netty.NettyClientHandler -- [id: 0x016a58cf, L:/127.0.0.1:54508 - R:localhost/127.0.0.1:44167] INBOUND HEADERS: streamId=9 headers=GrpcHttp2ResponseHeaders[grpc-status: 0] padding=0 endStream=true
13:28:39.055 [grpc-default-worker-ELG-3-3] DEBUG io.grpc.netty.shaded.io.grpc.netty.NettyServerHandler -- [id: 0x599f19d9, L:/127.0.0.1:40931 - R:/127.0.0.1:56684] OUTBOUND DATA: streamId=11 padding=0 endStream=false length=9 bytes=000000000408011001
13:28:39.055 [grpc-default-worker-ELG-3-3] DEBUG io.grpc.netty.shaded.io.grpc.netty.NettyServerHandler -- [id: 0x599f19d9, L:/127.0.0.1:40931 - R:/127.0.0.1:56684] OUTBOUND HEADERS: streamId=11 headers=GrpcHttp2OutboundHeaders[grpc-status: 0] padding=0 endStream=true
13:28:39.055 [grpc-default-worker-ELG-3-8] DEBUG io.grpc.netty.shaded.io.grpc.netty.NettyClientHandler -- [id: 0x016a58cf, L:/127.0.0.1:54508 - R:localhost/127.0.0.1:44167] INBOUND DATA: streamId=11 padding=0 endStream=false length=9 bytes=000000000408011001
13:28:39.056 [grpc-default-worker-ELG-3-8] DEBUG io.grpc.netty.shaded.io.grpc.netty.NettyClientHandler -- [id: 0x016a58cf, L:/127.0.0.1:54508 - R:localhost/127.0.0.1:44167] INBOUND HEADERS: streamId=11 headers=GrpcHttp2ResponseHeaders[grpc-status: 0] padding=0 endStream=true
13:28:39.058 [grpc-default-worker-ELG-3-2] DEBUG io.grpc.netty.shaded.io.grpc.netty.NettyClientHandler -- [id: 0x9f5006a1, L:/127.0.0.1:56684 - R:localhost/127.0.0.1:40931] INBOUND HEADERS: streamId=11 headers=GrpcHttp2ResponseHeaders[:status: 200, content-type: application/grpc, grpc-encoding: identity, grpc-accept-encoding: gzip] padding=0 endStream=false
13:28:39.059 [grpc-default-worker-ELG-3-2] DEBUG io.grpc.netty.shaded.io.grpc.netty.NettyClientHandler -- [id: 0x9f5006a1, L:/127.0.0.1:56684 - R:localhost/127.0.0.1:40931] INBOUND DATA: streamId=11 padding=0 endStream=false length=9 bytes=000000000408011001
13:28:39.060 [grpc-default-worker-ELG-3-2] DEBUG io.grpc.netty.shaded.io.grpc.netty.NettyClientHandler -- [id: 0x9f5006a1, L:/127.0.0.1:56684 - R:localhost/127.0.0.1:40931] INBOUND HEADERS: streamId=11 headers=GrpcHttp2ResponseHeaders[grpc-status: 0] padding=0 endStream=true
13:28:39.088 [grpc-default-worker-ELG-3-8] DEBUG io.grpc.netty.shaded.io.grpc.netty.NettyClientHandler -- [id: 0x016a58cf, L:/127.0.0.1:54508 - R:localhost/127.0.0.1:44167] OUTBOUND HEADERS: streamId=13 headers=GrpcHttp2OutboundHeaders[:authority: localhost:44167, :path: /raftkv.RaftService/AppendEntries, :method: POST, :scheme: http, content-type: application/grpc, te: trailers, user-agent: grpc-java-netty/1.63.0, grpc-accept-encoding: gzip] streamDependency=0 weight=16 exclusive=false padding=0 endStream=false
13:28:39.088 [grpc-default-worker-ELG-3-8] DEBUG io.grpc.netty.shaded.io.grpc.netty.NettyClientHandler -- [id: 0x016a58cf, L:/127.0.0.1:54508 - R:localhost/127.0.0.1:44167] OUTBOUND DATA: streamId=13 padding=0 endStream=true length=21 bytes=0000000010080112066e6f64652d30180120013001
13:28:39.088 [grpc-default-worker-ELG-3-2] DEBUG io.grpc.netty.shaded.io.grpc.netty.NettyClientHandler -- [id: 0x9f5006a1, L:/127.0.0.1:56684 - R:localhost/127.0.0.1:40931] OUTBOUND HEADERS: streamId=13 headers=GrpcHttp2OutboundHeaders[:authority: localhost:40931, :path: /raftkv.RaftService/AppendEntries, :method: POST, :scheme: http, content-type: application/grpc, te: trailers, user-agent: grpc-java-netty/1.63.0, grpc-accept-encoding: gzip] streamDependency=0 weight=16 exclusive=false padding=0 endStream=false
13:28:39.089 [grpc-default-worker-ELG-3-1] DEBUG io.grpc.netty.shaded.io.grpc.netty.NettyServerHandler -- [id: 0x99976f63, L:/127.0.0.1:44167 - R:/127.0.0.1:54508] INBOUND HEADERS: streamId=13 headers=GrpcHttp2RequestHeaders[:path: /raftkv.RaftService/AppendEntries, :authority: localhost:44167, :method: POST, :scheme: http, te: trailers, content-type: application/grpc, user-agent: grpc-java-netty/1.63.0, grpc-accept-encoding: gzip] streamDependency=0 weight=16 exclusive=false padding=0 endStream=false
13:28:39.089 [grpc-default-worker-ELG-3-2] DEBUG io.grpc.netty.shaded.io.grpc.netty.NettyClientHandler -- [id: 0x9f5006a1, L:/127.0.0.1:56684 - R:localhost/127.0.0.1:40931] OUTBOUND DATA: streamId=13 padding=0 endStream=true length=21 bytes=0000000010080112066e6f64652d30180120013001
13:28:39.089 [grpc-default-worker-ELG-3-1] DEBUG io.grpc.netty.shaded.io.grpc.netty.NettyServerHandler -- [id: 0x99976f63, L:/127.0.0.1:44167 - R:/127.0.0.1:54508] INBOUND DATA: streamId=13 padding=0 endStream=true length=21 bytes=0000000010080112066e6f64652d30180120013001
13:28:39.090 [grpc-default-worker-ELG-3-3] DEBUG io.grpc.netty.shaded.io.grpc.netty.NettyServerHandler -- [id: 0x599f19d9, L:/127.0.0.1:40931 - R:/127.0.0.1:56684] INBOUND HEADERS: streamId=13 headers=GrpcHttp2RequestHeaders[:path: /raftkv.RaftService/AppendEntries, :authority: localhost:40931, :method: POST, :scheme: http, te: trailers, content-type: application/grpc, user-agent: grpc-java-netty/1.63.0, grpc-accept-encoding: gzip] streamDependency=0 weight=16 exclusive=false padding=0 endStream=false
13:28:39.090 [grpc-default-worker-ELG-3-3] DEBUG io.grpc.netty.shaded.io.grpc.netty.NettyServerHandler -- [id: 0x599f19d9, L:/127.0.0.1:40931 - R:/127.0.0.1:56684] INBOUND DATA: streamId=13 padding=0 endStream=true length=21 bytes=0000000010080112066e6f64652d30180120013001
13:28:39.091 [grpc-default-worker-ELG-3-1] DEBUG io.grpc.netty.shaded.io.grpc.netty.NettyServerHandler -- [id: 0x99976f63, L:/127.0.0.1:44167 - R:/127.0.0.1:54508] OUTBOUND HEADERS: streamId=13 headers=GrpcHttp2OutboundHeaders[:status: 200, content-type: application/grpc, grpc-encoding: identity, grpc-accept-encoding: gzip] padding=0 endStream=false
13:28:39.091 [grpc-default-worker-ELG-3-3] DEBUG io.grpc.netty.shaded.io.grpc.netty.NettyServerHandler -- [id: 0x599f19d9, L:/127.0.0.1:40931 - R:/127.0.0.1:56684] OUTBOUND HEADERS: streamId=13 headers=GrpcHttp2OutboundHeaders[:status: 200, content-type: application/grpc, grpc-encoding: identity, grpc-accept-encoding: gzip] padding=0 endStream=false
13:28:39.091 [grpc-default-worker-ELG-3-1] DEBUG io.grpc.netty.shaded.io.grpc.netty.NettyServerHandler -- [id: 0x99976f63, L:/127.0.0.1:44167 - R:/127.0.0.1:54508] OUTBOUND DATA: streamId=13 padding=0 endStream=false length=9 bytes=000000000408011001
13:28:39.091 [grpc-default-worker-ELG-3-1] DEBUG io.grpc.netty.shaded.io.grpc.netty.NettyServerHandler -- [id: 0x99976f63, L:/127.0.0.1:44167 - R:/127.0.0.1:54508] OUTBOUND HEADERS: streamId=13 headers=GrpcHttp2OutboundHeaders[grpc-status: 0] padding=0 endStream=true
13:28:39.091 [grpc-default-worker-ELG-3-3] DEBUG io.grpc.netty.shaded.io.grpc.netty.NettyServerHandler -- [id: 0x599f19d9, L:/127.0.0.1:40931 - R:/127.0.0.1:56684] OUTBOUND DATA: streamId=13 padding=0 endStream=false length=9 bytes=000000000408011001
13:28:39.092 [grpc-default-worker-ELG-3-3] DEBUG io.grpc.netty.shaded.io.grpc.netty.NettyServerHandler -- [id: 0x599f19d9, L:/127.0.0.1:40931 - R:/127.0.0.1:56684] OUTBOUND HEADERS: streamId=13 headers=GrpcHttp2OutboundHeaders[grpc-status: 0] padding=0 endStream=true
13:28:39.092 [grpc-default-worker-ELG-3-8] DEBUG io.grpc.netty.shaded.io.grpc.netty.NettyClientHandler -- [id: 0x016a58cf, L:/127.0.0.1:54508 - R:localhost/127.0.0.1:44167] INBOUND HEADERS: streamId=13 headers=GrpcHttp2ResponseHeaders[:status: 200, content-type: application/grpc, grpc-encoding: identity, grpc-accept-encoding: gzip] padding=0 endStream=false
13:28:39.092 [grpc-default-worker-ELG-3-2] DEBUG io.grpc.netty.shaded.io.grpc.netty.NettyClientHandler -- [id: 0x9f5006a1, L:/127.0.0.1:56684 - R:localhost/127.0.0.1:40931] INBOUND HEADERS: streamId=13 headers=GrpcHttp2ResponseHeaders[:status: 200, content-type: application/grpc, grpc-encoding: identity, grpc-accept-encoding: gzip] padding=0 endStream=false
13:28:39.092 [grpc-default-worker-ELG-3-8] DEBUG io.grpc.netty.shaded.io.grpc.netty.NettyClientHandler -- [id: 0x016a58cf, L:/127.0.0.1:54508 - R:localhost/127.0.0.1:44167] INBOUND DATA: streamId=13 padding=0 endStream=false length=9 bytes=000000000408011001
13:28:39.092 [grpc-default-worker-ELG-3-2] DEBUG io.grpc.netty.shaded.io.grpc.netty.NettyClientHandler -- [id: 0x9f5006a1, L:/127.0.0.1:56684 - R:localhost/127.0.0.1:40931] INBOUND DATA: streamId=13 padding=0 endStream=false length=9 bytes=000000000408011001
13:28:39.093 [grpc-default-worker-ELG-3-8] DEBUG io.grpc.netty.shaded.io.grpc.netty.NettyClientHandler -- [id: 0x016a58cf, L:/127.0.0.1:54508 - R:localhost/127.0.0.1:44167] INBOUND HEADERS: streamId=13 headers=GrpcHttp2ResponseHeaders[grpc-status: 0] padding=0 endStream=true
13:28:39.093 [grpc-default-worker-ELG-3-2] DEBUG io.grpc.netty.shaded.io.grpc.netty.NettyClientHandler -- [id: 0x9f5006a1, L:/127.0.0.1:56684 - R:localhost/127.0.0.1:40931] INBOUND HEADERS: streamId=13 headers=GrpcHttp2ResponseHeaders[grpc-status: 0] padding=0 endStream=true
13:28:39.104 [Test worker] INFO com.raftkv.harness.ClusterHarness -- All nodes committed index 1
13:28:39.109 [Test worker] INFO com.raftkv.harness.ClusterHarness -- Closing ClusterHarness
13:28:39.110 [Test worker] INFO com.raftkv.server.RaftServer -- RaftServer stopped
13:28:39.111 [grpc-default-worker-ELG-3-8] DEBUG io.grpc.netty.shaded.io.grpc.netty.NettyClientHandler -- [id: 0x016a58cf, L:/127.0.0.1:54508 - R:localhost/127.0.0.1:44167] OUTBOUND GO_AWAY: lastStreamId=0 errorCode=0 length=0 bytes=
13:28:39.111 [grpc-default-worker-ELG-3-2] DEBUG io.grpc.netty.shaded.io.grpc.netty.NettyClientHandler -- [id: 0x9f5006a1, L:/127.0.0.1:56684 - R:localhost/127.0.0.1:40931] OUTBOUND GO_AWAY: lastStreamId=0 errorCode=0 length=0 bytes=
13:28:39.112 [grpc-default-worker-ELG-3-1] DEBUG io.grpc.netty.shaded.io.grpc.netty.NettyServerHandler -- [id: 0x99976f63, L:/127.0.0.1:44167 - R:/127.0.0.1:54508] INBOUND GO_AWAY: lastStreamId=0 errorCode=0 length=0 bytes=
13:28:39.113 [grpc-default-worker-ELG-3-3] DEBUG io.grpc.netty.shaded.io.grpc.netty.NettyServerHandler -- [id: 0x599f19d9, L:/127.0.0.1:40931 - R:/127.0.0.1:56684] INBOUND GO_AWAY: lastStreamId=0 errorCode=0 length=0 bytes=
13:28:39.113 [Test worker] INFO com.raftkv.server.RaftServer -- RaftServer stopped
13:28:39.113 [grpc-default-worker-ELG-3-1] DEBUG io.grpc.netty.shaded.io.grpc.netty.NettyServerHandler -- [id: 0x99976f63, L:/127.0.0.1:44167 ! R:/127.0.0.1:54508] OUTBOUND GO_AWAY: lastStreamId=2147483647 errorCode=0 length=13 bytes=6170705f726571756573746564
13:28:39.113 [grpc-default-worker-ELG-3-1] DEBUG io.grpc.netty.shaded.io.netty.handler.codec.http2.Http2ConnectionHandler -- [id: 0x99976f63, L:/127.0.0.1:44167 ! R:/127.0.0.1:54508] Sending GOAWAY failed: lastStreamId '2147483647', errorCode '0', debugData 'app_requested'. Forcing shutdown of the connection.
io.grpc.netty.shaded.io.netty.channel.StacklessClosedChannelException: null
	at io.grpc.netty.shaded.io.netty.channel.AbstractChannel$AbstractUnsafe.write(Object, ChannelPromise)(Unknown Source)
13:28:39.114 [grpc-default-worker-ELG-3-1] DEBUG io.grpc.netty.shaded.io.grpc.netty.NettyServerHandler -- [id: 0x99976f63, L:/127.0.0.1:44167 ! R:/127.0.0.1:54508] OUTBOUND PING: ack=false bytes=40715087873
13:28:39.114 [Test worker] INFO com.raftkv.server.RaftServer -- RaftServer stopped
13:28:39.115 [Test worker] INFO com.raftkv.harness.ClusterHarness -- ClusterHarness closed
13:28:39.122 [Test worker] INFO com.raftkv.server.RaftServer -- RaftServer started on port 43687
13:28:39.125 [Test worker] INFO com.raftkv.server.RaftServer -- RaftServer started on port 34997
13:28:39.128 [Test worker] INFO com.raftkv.server.RaftServer -- RaftServer started on port 41101
13:28:39.139 [Test worker] INFO com.raftkv.harness.ClusterHarness -- ClusterHarness started with 3 nodes
13:28:39.317 [grpc-default-worker-ELG-3-6] DEBUG io.grpc.netty.shaded.io.grpc.netty.NettyClientHandler -- [id: 0x4a64435d, L:/127.0.0.1:54340 - R:localhost/127.0.0.1:43687] OUTBOUND SETTINGS: ack=false settings={ENABLE_PUSH=0, MAX_CONCURRENT_STREAMS=0, INITIAL_WINDOW_SIZE=1048576, MAX_HEADER_LIST_SIZE=8192}
13:28:39.318 [grpc-default-worker-ELG-3-6] DEBUG io.grpc.netty.shaded.io.grpc.netty.NettyClientHandler -- [id: 0x4a64435d, L:/127.0.0.1:54340 - R:localhost/127.0.0.1:43687] OUTBOUND WINDOW_UPDATE: streamId=0 windowSizeIncrement=983041
13:28:39.318 [grpc-default-worker-ELG-3-2] DEBUG io.grpc.netty.shaded.io.grpc.netty.NettyServerHandler -- [id: 0xc89344c4, L:/127.0.0.1:43687 - R:/127.0.0.1:54340] OUTBOUND SETTINGS: ack=false settings={MAX_CONCURRENT_STREAMS=2147483647, INITIAL_WINDOW_SIZE=1048576, MAX_HEADER_LIST_SIZE=8192}
13:28:39.319 [grpc-default-worker-ELG-3-2] DEBUG io.grpc.netty.shaded.io.grpc.netty.NettyServerHandler -- [id: 0xc89344c4, L:/127.0.0.1:43687 - R:/127.0.0.1:54340] OUTBOUND WINDOW_UPDATE: streamId=0 windowSizeIncrement=983041
13:28:39.320 [grpc-default-worker-ELG-3-1] DEBUG io.grpc.netty.shaded.io.grpc.netty.NettyClientHandler -- [id: 0x83a25281, L:/127.0.0.1:40418 - R:localhost/127.0.0.1:34997] OUTBOUND SETTINGS: ack=false settings={ENABLE_PUSH=0, MAX_CONCURRENT_STREAMS=0, INITIAL_WINDOW_SIZE=1048576, MAX_HEADER_LIST_SIZE=8192}
13:28:39.320 [grpc-default-worker-ELG-3-2] DEBUG io.grpc.netty.shaded.io.grpc.netty.NettyServerHandler -- [id: 0xc89344c4, L:/127.0.0.1:43687 - R:/127.0.0.1:54340] INBOUND SETTINGS: ack=false settings={ENABLE_PUSH=0, MAX_CONCURRENT_STREAMS=0, INITIAL_WINDOW_SIZE=1048576, MAX_HEADER_LIST_SIZE=8192}
13:28:39.321 [grpc-default-worker-ELG-3-2] DEBUG io.grpc.netty.shaded.io.grpc.netty.NettyServerHandler -- [id: 0xc89344c4, L:/127.0.0.1:43687 - R:/127.0.0.1:54340] OUTBOUND SETTINGS: ack=true
13:28:39.320 [grpc-default-worker-ELG-3-6] DEBUG io.grpc.netty.shaded.io.grpc.netty.NettyClientHandler -- [id: 0x4a64435d, L:/127.0.0.1:54340 - R:localhost/127.0.0.1:43687] INBOUND SETTINGS: ack=false settings={MAX_CONCURRENT_STREAMS=2147483647, INITIAL_WINDOW_SIZE=1048576, MAX_HEADER_LIST_SIZE=8192}
13:28:39.321 [grpc-default-worker-ELG-3-2] DEBUG io.grpc.netty.shaded.io.grpc.netty.NettyServerHandler -- [id: 0xc89344c4, L:/127.0.0.1:43687 - R:/127.0.0.1:54340] INBOUND WINDOW_UPDATE: streamId=0 windowSizeIncrement=983041
13:28:39.321 [grpc-default-worker-ELG-3-6] DEBUG io.grpc.netty.shaded.io.grpc.netty.NettyClientHandler -- [id: 0x4a64435d, L:/127.0.0.1:54340 - R:localhost/127.0.0.1:43687] OUTBOUND SETTINGS: ack=true
13:28:39.320 [grpc-default-worker-ELG-3-1] DEBUG io.grpc.netty.shaded.io.grpc.netty.NettyClientHandler -- [id: 0x83a25281, L:/127.0.0.1:40418 - R:localhost/127.0.0.1:34997] OUTBOUND WINDOW_UPDATE: streamId=0 windowSizeIncrement=983041
13:28:39.322 [grpc-default-worker-ELG-3-6] DEBUG io.grpc.netty.shaded.io.grpc.netty.NettyClientHandler -- [id: 0x4a64435d, L:/127.0.0.1:54340 - R:localhost/127.0.0.1:43687] INBOUND WINDOW_UPDATE: streamId=0 windowSizeIncrement=983041
13:28:39.323 [grpc-default-worker-ELG-3-2] DEBUG io.grpc.netty.shaded.io.grpc.netty.NettyServerHandler -- [id: 0xc89344c4, L:/127.0.0.1:43687 - R:/127.0.0.1:54340] INBOUND SETTINGS: ack=true
13:28:39.323 [grpc-default-worker-ELG-3-6] DEBUG io.grpc.netty.shaded.io.grpc.netty.NettyClientHandler -- [id: 0x4a64435d, L:/127.0.0.1:54340 - R:localhost/127.0.0.1:43687] INBOUND SETTINGS: ack=true
13:28:39.324 [grpc-default-worker-ELG-3-6] DEBUG io.grpc.netty.shaded.io.grpc.netty.NettyClientHandler -- [id: 0x4a64435d, L:/127.0.0.1:54340 - R:localhost/127.0.0.1:43687] OUTBOUND HEADERS: streamId=3 headers=GrpcHttp2OutboundHeaders[:authority: localhost:43687, :path: /raftkv.RaftService/RequestVote, :method: POST, :scheme: http, content-type: application/grpc, te: trailers, user-agent: grpc-java-netty/1.63.0, grpc-accept-encoding: gzip] streamDependency=0 weight=16 exclusive=false padding=0 endStream=false
13:28:39.325 [grpc-default-worker-ELG-3-6] DEBUG io.grpc.netty.shaded.io.grpc.netty.NettyClientHandler -- [id: 0x4a64435d, L:/127.0.0.1:54340 - R:localhost/127.0.0.1:43687] OUTBOUND DATA: streamId=3 padding=0 endStream=true length=15 bytes=000000000a080112066e6f64652d32
13:28:39.325 [grpc-default-worker-ELG-3-3] DEBUG io.grpc.netty.shaded.io.grpc.netty.NettyServerHandler -- [id: 0xf1b7926c, L:/127.0.0.1:34997 - R:/127.0.0.1:40418] OUTBOUND SETTINGS: ack=false settings={MAX_CONCURRENT_STREAMS=2147483647, INITIAL_WINDOW_SIZE=1048576, MAX_HEADER_LIST_SIZE=8192}
13:28:39.326 [grpc-default-worker-ELG-3-3] DEBUG io.grpc.netty.shaded.io.grpc.netty.NettyServerHandler -- [id: 0xf1b7926c, L:/127.0.0.1:34997 - R:/127.0.0.1:40418] OUTBOUND WINDOW_UPDATE: streamId=0 windowSizeIncrement=983041
13:28:39.328 [grpc-default-worker-ELG-3-3] DEBUG io.grpc.netty.shaded.io.grpc.netty.NettyServerHandler -- [id: 0xf1b7926c, L:/127.0.0.1:34997 - R:/127.0.0.1:40418] INBOUND SETTINGS: ack=false settings={ENABLE_PUSH=0, MAX_CONCURRENT_STREAMS=0, INITIAL_WINDOW_SIZE=1048576, MAX_HEADER_LIST_SIZE=8192}
13:28:39.328 [grpc-default-worker-ELG-3-3] DEBUG io.grpc.netty.shaded.io.grpc.netty.NettyServerHandler -- [id: 0xf1b7926c, L:/127.0.0.1:34997 - R:/127.0.0.1:40418] OUTBOUND SETTINGS: ack=true
13:28:39.328 [grpc-default-worker-ELG-3-1] DEBUG io.grpc.netty.shaded.io.grpc.netty.NettyClientHandler -- [id: 0x83a25281, L:/127.0.0.1:40418 - R:localhost/127.0.0.1:34997] INBOUND SETTINGS: ack=false settings={MAX_CONCURRENT_STREAMS=2147483647, INITIAL_WINDOW_SIZE=1048576, MAX_HEADER_LIST_SIZE=8192}
13:28:39.328 [grpc-default-worker-ELG-3-1] DEBUG io.grpc.netty.shaded.io.grpc.netty.NettyClientHandler -- [id: 0x83a25281, L:/127.0.0.1:40418 - R:localhost/127.0.0.1:34997] OUTBOUND SETTINGS: ack=true
13:28:39.328 [grpc-default-worker-ELG-3-2] DEBUG io.grpc.netty.shaded.io.grpc.netty.NettyServerHandler -- [id: 0xc89344c4, L:/127.0.0.1:43687 - R:/127.0.0.1:54340] INBOUND HEADERS: streamId=3 headers=GrpcHttp2RequestHeaders[:path: /raftkv.RaftService/RequestVote, :authority: localhost:43687, :method: POST, :scheme: http, te: trailers, content-type: application/grpc, user-agent: grpc-java-netty/1.63.0, grpc-accept-encoding: gzip] streamDependency=0 weight=16 exclusive=false padding=0 endStream=false
13:28:39.328 [grpc-default-worker-ELG-3-3] DEBUG io.grpc.netty.shaded.io.grpc.netty.NettyServerHandler -- [id: 0xf1b7926c, L:/127.0.0.1:34997 - R:/127.0.0.1:40418] INBOUND WINDOW_UPDATE: streamId=0 windowSizeIncrement=983041
13:28:39.329 [grpc-default-worker-ELG-3-2] DEBUG io.grpc.netty.shaded.io.grpc.netty.NettyServerHandler -- [id: 0xc89344c4, L:/127.0.0.1:43687 - R:/127.0.0.1:54340] INBOUND DATA: streamId=3 padding=0 endStream=true length=15 bytes=000000000a080112066e6f64652d32
13:28:39.329 [grpc-default-worker-ELG-3-2] DEBUG io.grpc.netty.shaded.io.grpc.netty.NettyServerHandler -- [id: 0xc89344c4, L:/127.0.0.1:43687 - R:/127.0.0.1:54340] OUTBOUND PING: ack=false bytes=1234
13:28:39.330 [grpc-default-worker-ELG-3-1] DEBUG io.grpc.netty.shaded.io.grpc.netty.NettyClientHandler -- [id: 0x83a25281, L:/127.0.0.1:40418 - R:localhost/127.0.0.1:34997] INBOUND WINDOW_UPDATE: streamId=0 windowSizeIncrement=983041
13:28:39.330 [grpc-default-worker-ELG-3-1] DEBUG io.grpc.netty.shaded.io.grpc.netty.NettyClientHandler -- [id: 0x83a25281, L:/127.0.0.1:40418 - R:localhost/127.0.0.1:34997] INBOUND SETTINGS: ack=true
13:28:39.331 [grpc-default-worker-ELG-3-6] DEBUG io.grpc.netty.shaded.io.grpc.netty.NettyClientHandler -- [id: 0x4a64435d, L:/127.0.0.1:54340 - R:localhost/127.0.0.1:43687] INBOUND PING: ack=false bytes=1234
13:28:39.331 [grpc-default-worker-ELG-3-6] DEBUG io.grpc.netty.shaded.io.grpc.netty.NettyClientHandler -- [id: 0x4a64435d, L:/127.0.0.1:54340 - R:localhost/127.0.0.1:43687] OUTBOUND PING: ack=true bytes=1234
13:28:39.332 [grpc-default-worker-ELG-3-2] DEBUG io.grpc.netty.shaded.io.grpc.netty.NettyServerHandler -- [id: 0xc89344c4, L:/127.0.0.1:43687 - R:/127.0.0.1:54340] INBOUND PING: ack=true bytes=1234
13:28:39.333 [grpc-default-worker-ELG-3-3] DEBUG io.grpc.netty.shaded.io.grpc.netty.NettyServerHandler -- [id: 0xf1b7926c, L:/127.0.0.1:34997 - R:/127.0.0.1:40418] INBOUND SETTINGS: ack=true
13:28:39.335 [grpc-default-worker-ELG-3-1] DEBUG io.grpc.netty.shaded.io.grpc.netty.NettyClientHandler -- [id: 0x83a25281, L:/127.0.0.1:40418 - R:localhost/127.0.0.1:34997] OUTBOUND HEADERS: streamId=3 headers=GrpcHttp2OutboundHeaders[:authority: localhost:34997, :path: /raftkv.RaftService/RequestVote, :method: POST, :scheme: http, content-type: application/grpc, te: trailers, user-agent: grpc-java-netty/1.63.0, grpc-accept-encoding: gzip] streamDependency=0 weight=16 exclusive=false padding=0 endStream=false
13:28:39.337 [grpc-default-worker-ELG-3-2] DEBUG io.grpc.netty.shaded.io.grpc.netty.NettyServerHandler -- [id: 0xc89344c4, L:/127.0.0.1:43687 - R:/127.0.0.1:54340] OUTBOUND HEADERS: streamId=3 headers=GrpcHttp2OutboundHeaders[:status: 200, content-type: application/grpc, grpc-encoding: identity, grpc-accept-encoding: gzip] padding=0 endStream=false
13:28:39.338 [grpc-default-worker-ELG-3-2] DEBUG io.grpc.netty.shaded.io.grpc.netty.NettyServerHandler -- [id: 0xc89344c4, L:/127.0.0.1:43687 - R:/127.0.0.1:54340] OUTBOUND DATA: streamId=3 padding=0 endStream=false length=9 bytes=000000000408011001
13:28:39.338 [grpc-default-worker-ELG-3-2] DEBUG io.grpc.netty.shaded.io.grpc.netty.NettyServerHandler -- [id: 0xc89344c4, L:/127.0.0.1:43687 - R:/127.0.0.1:54340] OUTBOUND HEADERS: streamId=3 headers=GrpcHttp2OutboundHeaders[grpc-status: 0] padding=0 endStream=true
13:28:39.339 [grpc-default-worker-ELG-3-1] DEBUG io.grpc.netty.shaded.io.grpc.netty.NettyClientHandler -- [id: 0x83a25281, L:/127.0.0.1:40418 - R:localhost/127.0.0.1:34997] OUTBOUND DATA: streamId=3 padding=0 endStream=true length=15 bytes=000000000a080112066e6f64652d32
13:28:39.340 [grpc-default-worker-ELG-3-6] DEBUG io.grpc.netty.shaded.io.grpc.netty.NettyClientHandler -- [id: 0x4a64435d, L:/127.0.0.1:54340 - R:localhost/127.0.0.1:43687] INBOUND HEADERS: streamId=3 headers=GrpcHttp2ResponseHeaders[:status: 200, content-type: application/grpc, grpc-encoding: identity, grpc-accept-encoding: gzip] padding=0 endStream=false
13:28:39.341 [grpc-default-worker-ELG-3-3] DEBUG io.grpc.netty.shaded.io.grpc.netty.NettyServerHandler -- [id: 0xf1b7926c, L:/127.0.0.1:34997 - R:/127.0.0.1:40418] INBOUND HEADERS: streamId=3 headers=GrpcHttp2RequestHeaders[:path: /raftkv.RaftService/RequestVote, :authority: localhost:34997, :method: POST, :scheme: http, te: trailers, content-type: application/grpc, user-agent: grpc-java-netty/1.63.0, grpc-accept-encoding: gzip] streamDependency=0 weight=16 exclusive=false padding=0 endStream=false
13:28:39.341 [grpc-default-worker-ELG-3-6] DEBUG io.grpc.netty.shaded.io.grpc.netty.NettyClientHandler -- [id: 0x4a64435d, L:/127.0.0.1:54340 - R:localhost/127.0.0.1:43687] INBOUND DATA: streamId=3 padding=0 endStream=false length=9 bytes=000000000408011001
13:28:39.341 [grpc-default-worker-ELG-3-6] DEBUG io.grpc.netty.shaded.io.grpc.netty.NettyClientHandler -- [id: 0x4a64435d, L:/127.0.0.1:54340 - R:localhost/127.0.0.1:43687] OUTBOUND PING: ack=false bytes=1234
13:28:39.342 [grpc-default-worker-ELG-3-3] DEBUG io.grpc.netty.shaded.io.grpc.netty.NettyServerHandler -- [id: 0xf1b7926c, L:/127.0.0.1:34997 - R:/127.0.0.1:40418] INBOUND DATA: streamId=3 padding=0 endStream=true length=15 bytes=000000000a080112066e6f64652d32
13:28:39.342 [grpc-default-worker-ELG-3-3] DEBUG io.grpc.netty.shaded.io.grpc.netty.NettyServerHandler -- [id: 0xf1b7926c, L:/127.0.0.1:34997 - R:/127.0.0.1:40418] OUTBOUND PING: ack=false bytes=1234
13:28:39.342 [grpc-default-worker-ELG-3-6] DEBUG io.grpc.netty.shaded.io.grpc.netty.NettyClientHandler -- [id: 0x4a64435d, L:/127.0.0.1:54340 - R:localhost/127.0.0.1:43687] INBOUND HEADERS: streamId=3 headers=GrpcHttp2ResponseHeaders[grpc-status: 0] padding=0 endStream=true
13:28:39.343 [grpc-default-worker-ELG-3-1] DEBUG io.grpc.netty.shaded.io.grpc.netty.NettyClientHandler -- [id: 0x83a25281, L:/127.0.0.1:40418 - R:localhost/127.0.0.1:34997] INBOUND PING: ack=false bytes=1234
13:28:39.343 [grpc-default-worker-ELG-3-1] DEBUG io.grpc.netty.shaded.io.grpc.netty.NettyClientHandler -- [id: 0x83a25281, L:/127.0.0.1:40418 - R:localhost/127.0.0.1:34997] OUTBOUND PING: ack=true bytes=1234
13:28:39.344 [grpc-default-worker-ELG-3-2] DEBUG io.grpc.netty.shaded.io.grpc.netty.NettyServerHandler -- [id: 0xc89344c4, L:/127.0.0.1:43687 - R:/127.0.0.1:54340] INBOUND PING: ack=false bytes=1234
13:28:39.344 [grpc-default-worker-ELG-3-2] DEBUG io.grpc.netty.shaded.io.grpc.netty.NettyServerHandler -- [id: 0xc89344c4, L:/127.0.0.1:43687 - R:/127.0.0.1:54340] OUTBOUND PING: ack=true bytes=1234
13:28:39.344 [grpc-default-worker-ELG-3-3] DEBUG io.grpc.netty.shaded.io.grpc.netty.NettyServerHandler -- [id: 0xf1b7926c, L:/127.0.0.1:34997 - R:/127.0.0.1:40418] INBOUND PING: ack=true bytes=1234
13:28:39.345 [grpc-default-worker-ELG-3-6] DEBUG io.grpc.netty.shaded.io.grpc.netty.NettyClientHandler -- [id: 0x4a64435d, L:/127.0.0.1:54340 - R:localhost/127.0.0.1:43687] INBOUND PING: ack=true bytes=1234
13:28:39.346 [grpc-default-worker-ELG-3-6] DEBUG io.grpc.netty.shaded.io.grpc.netty.NettyClientHandler -- [id: 0x4a64435d, L:/127.0.0.1:54340 - R:localhost/127.0.0.1:43687] OUTBOUND HEADERS: streamId=5 headers=GrpcHttp2OutboundHeaders[:authority: localhost:43687, :path: /raftkv.RaftService/AppendEntries, :method: POST, :scheme: http, content-type: application/grpc, te: trailers, user-agent: grpc-java-netty/1.63.0, grpc-accept-encoding: gzip] streamDependency=0 weight=16 exclusive=false padding=0 endStream=false
13:28:39.347 [grpc-default-worker-ELG-3-6] DEBUG io.grpc.netty.shaded.io.grpc.netty.NettyClientHandler -- [id: 0x4a64435d, L:/127.0.0.1:54340 - R:localhost/127.0.0.1:43687] OUTBOUND DATA: streamId=5 padding=0 endStream=true length=15 bytes=000000000a080112066e6f64652d32
13:28:39.348 [grpc-default-worker-ELG-3-3] DEBUG io.grpc.netty.shaded.io.grpc.netty.NettyServerHandler -- [id: 0xf1b7926c, L:/127.0.0.1:34997 - R:/127.0.0.1:40418] OUTBOUND HEADERS: streamId=3 headers=GrpcHttp2OutboundHeaders[:status: 200, content-type: application/grpc, grpc-encoding: identity, grpc-accept-encoding: gzip] padding=0 endStream=false
13:28:39.348 [grpc-default-worker-ELG-3-2] DEBUG io.grpc.netty.shaded.io.grpc.netty.NettyServerHandler -- [id: 0xc89344c4, L:/127.0.0.1:43687 - R:/127.0.0.1:54340] INBOUND HEADERS: streamId=5 headers=GrpcHttp2RequestHeaders[:path: /raftkv.RaftService/AppendEntries, :authority: localhost:43687, :method: POST, :scheme: http, te: trailers, content-type: application/grpc, user-agent: grpc-java-netty/1.63.0, grpc-accept-encoding: gzip] streamDependency=0 weight=16 exclusive=false padding=0 endStream=false
13:28:39.349 [grpc-default-worker-ELG-3-3] DEBUG io.grpc.netty.shaded.io.grpc.netty.NettyServerHandler -- [id: 0xf1b7926c, L:/127.0.0.1:34997 - R:/127.0.0.1:40418] OUTBOUND DATA: streamId=3 padding=0 endStream=false length=9 bytes=000000000408011001
13:28:39.349 [grpc-default-worker-ELG-3-1] DEBUG io.grpc.netty.shaded.io.grpc.netty.NettyClientHandler -- [id: 0x83a25281, L:/127.0.0.1:40418 - R:localhost/127.0.0.1:34997] OUTBOUND HEADERS: streamId=5 headers=GrpcHttp2OutboundHeaders[:authority: localhost:34997, :path: /raftkv.RaftService/AppendEntries, :method: POST, :scheme: http, content-type: application/grpc, te: trailers, user-agent: grpc-java-netty/1.63.0, grpc-accept-encoding: gzip] streamDependency=0 weight=16 exclusive=false padding=0 endStream=false
13:28:39.349 [Test worker] INFO com.raftkv.harness.ClusterHarness -- Leader elected and cluster stable: node-2
13:28:39.349 [grpc-default-worker-ELG-3-2] DEBUG io.grpc.netty.shaded.io.grpc.netty.NettyServerHandler -- [id: 0xc89344c4, L:/127.0.0.1:43687 - R:/127.0.0.1:54340] INBOUND DATA: streamId=5 padding=0 endStream=true length=15 bytes=000000000a080112066e6f64652d32
13:28:39.349 [grpc-default-worker-ELG-3-3] DEBUG io.grpc.netty.shaded.io.grpc.netty.NettyServerHandler -- [id: 0xf1b7926c, L:/127.0.0.1:34997 - R:/127.0.0.1:40418] OUTBOUND HEADERS: streamId=3 headers=GrpcHttp2OutboundHeaders[grpc-status: 0] padding=0 endStream=true
13:28:39.350 [grpc-default-worker-ELG-3-1] DEBUG io.grpc.netty.shaded.io.grpc.netty.NettyClientHandler -- [id: 0x83a25281, L:/127.0.0.1:40418 - R:localhost/127.0.0.1:34997] OUTBOUND DATA: streamId=5 padding=0 endStream=false length=15 bytes=000000000a080112066e6f64652d32
13:28:39.351 [grpc-default-worker-ELG-3-1] DEBUG io.grpc.netty.shaded.io.grpc.netty.NettyClientHandler -- [id: 0x83a25281, L:/127.0.0.1:40418 - R:localhost/127.0.0.1:34997] INBOUND HEADERS: streamId=3 headers=GrpcHttp2ResponseHeaders[:status: 200, content-type: application/grpc, grpc-encoding: identity, grpc-accept-encoding: gzip] padding=0 endStream=false
13:28:39.352 [grpc-default-worker-ELG-3-2] DEBUG io.grpc.netty.shaded.io.grpc.netty.NettyServerHandler -- [id: 0xc89344c4, L:/127.0.0.1:43687 - R:/127.0.0.1:54340] OUTBOUND HEADERS: streamId=5 headers=GrpcHttp2OutboundHeaders[:status: 200, content-type: application/grpc, grpc-encoding: identity, grpc-accept-encoding: gzip] padding=0 endStream=false
13:28:39.352 [grpc-default-worker-ELG-3-1] DEBUG io.grpc.netty.shaded.io.grpc.netty.NettyClientHandler -- [id: 0x83a25281, L:/127.0.0.1:40418 - R:localhost/127.0.0.1:34997] INBOUND DATA: streamId=3 padding=0 endStream=false length=9 bytes=000000000408011001
13:28:39.353 [grpc-default-worker-ELG-3-1] DEBUG io.grpc.netty.shaded.io.grpc.netty.NettyClientHandler -- [id: 0x83a25281, L:/127.0.0.1:40418 - R:localhost/127.0.0.1:34997] OUTBOUND PING: ack=false bytes=1234
13:28:39.353 [grpc-default-worker-ELG-3-2] DEBUG io.grpc.netty.shaded.io.grpc.netty.NettyServerHandler -- [id: 0xc89344c4, L:/127.0.0.1:43687 - R:/127.0.0.1:54340] OUTBOUND DATA: streamId=5 padding=0 endStream=false length=9 bytes=000000000408011001
13:28:39.353 [grpc-default-worker-ELG-3-2] DEBUG io.grpc.netty.shaded.io.grpc.netty.NettyServerHandler -- [id: 0xc89344c4, L:/127.0.0.1:43687 - R:/127.0.0.1:54340] OUTBOUND HEADERS: streamId=5 headers=GrpcHttp2OutboundHeaders[grpc-status: 0] padding=0 endStream=true
13:28:39.354 [grpc-default-worker-ELG-3-1] DEBUG io.grpc.netty.shaded.io.grpc.netty.NettyClientHandler -- [id: 0x83a25281, L:/127.0.0.1:40418 - R:localhost/127.0.0.1:34997] INBOUND HEADERS: streamId=3 headers=GrpcHttp2ResponseHeaders[grpc-status: 0] padding=0 endStream=true
13:28:39.354 [grpc-default-worker-ELG-3-3] DEBUG io.grpc.netty.shaded.io.grpc.netty.NettyServerHandler -- [id: 0xf1b7926c, L:/127.0.0.1:34997 - R:/127.0.0.1:40418] INBOUND HEADERS: streamId=5 headers=GrpcHttp2RequestHeaders[:path: /raftkv.RaftService/AppendEntries, :authority: localhost:34997, :method: POST, :scheme: http, te: trailers, content-type: application/grpc, user-agent: grpc-java-netty/1.63.0, grpc-accept-encoding: gzip] streamDependency=0 weight=16 exclusive=false padding=0 endStream=false
13:28:39.355 [grpc-default-worker-ELG-3-1] DEBUG io.grpc.netty.shaded.io.grpc.netty.NettyClientHandler -- [id: 0x83a25281, L:/127.0.0.1:40418 - R:localhost/127.0.0.1:34997] OUTBOUND DATA: streamId=5 padding=0 endStream=true length=0 bytes=
13:28:39.355 [grpc-default-worker-ELG-3-3] DEBUG io.grpc.netty.shaded.io.grpc.netty.NettyServerHandler -- [id: 0xf1b7926c, L:/127.0.0.1:34997 - R:/127.0.0.1:40418] INBOUND DATA: streamId=5 padding=0 endStream=false length=15 bytes=000000000a080112066e6f64652d32
13:28:39.355 [grpc-default-worker-ELG-3-6] DEBUG io.grpc.netty.shaded.io.grpc.netty.NettyClientHandler -- [id: 0x4a64435d, L:/127.0.0.1:54340 - R:localhost/127.0.0.1:43687] INBOUND HEADERS: streamId=5 headers=GrpcHttp2ResponseHeaders[:status: 200, content-type: application/grpc, grpc-encoding: identity, grpc-accept-encoding: gzip] padding=0 endStream=false
13:28:39.356 [grpc-default-worker-ELG-3-6] DEBUG io.grpc.netty.shaded.io.grpc.netty.NettyClientHandler -- [id: 0x4a64435d, L:/127.0.0.1:54340 - R:localhost/127.0.0.1:43687] INBOUND DATA: streamId=5 padding=0 endStream=false length=9 bytes=000000000408011001
13:28:39.356 [grpc-default-worker-ELG-3-3] DEBUG io.grpc.netty.shaded.io.grpc.netty.NettyServerHandler -- [id: 0xf1b7926c, L:/127.0.0.1:34997 - R:/127.0.0.1:40418] INBOUND PING: ack=false bytes=1234
13:28:39.356 [grpc-default-worker-ELG-3-3] DEBUG io.grpc.netty.shaded.io.grpc.netty.NettyServerHandler -- [id: 0xf1b7926c, L:/127.0.0.1:34997 - R:/127.0.0.1:40418] OUTBOUND PING: ack=true bytes=1234
13:28:39.357 [grpc-default-worker-ELG-3-3] DEBUG io.grpc.netty.shaded.io.grpc.netty.NettyServerHandler -- [id: 0xf1b7926c, L:/127.0.0.1:34997 - R:/127.0.0.1:40418] INBOUND DATA: streamId=5 padding=0 endStream=true length=0 bytes=
13:28:39.357 [grpc-default-worker-ELG-3-6] DEBUG io.grpc.netty.shaded.io.grpc.netty.NettyClientHandler -- [id: 0x4a64435d, L:/127.0.0.1:54340 - R:localhost/127.0.0.1:43687] INBOUND HEADERS: streamId=5 headers=GrpcHttp2ResponseHeaders[grpc-status: 0] padding=0 endStream=true
13:28:39.358 [grpc-default-worker-ELG-3-1] DEBUG io.grpc.netty.shaded.io.grpc.netty.NettyClientHandler -- [id: 0x83a25281, L:/127.0.0.1:40418 - R:localhost/127.0.0.1:34997] INBOUND PING: ack=true bytes=1234
13:28:39.359 [grpc-default-worker-ELG-3-6] DEBUG io.grpc.netty.shaded.io.grpc.netty.NettyClientHandler -- [id: 0x4a64435d, L:/127.0.0.1:54340 - R:localhost/127.0.0.1:43687] OUTBOUND HEADERS: streamId=7 headers=GrpcHttp2OutboundHeaders[:authority: localhost:43687, :path: /raftkv.RaftService/AppendEntries, :method: POST, :scheme: http, content-type: application/grpc, te: trailers, user-agent: grpc-java-netty/1.63.0, grpc-accept-encoding: gzip] streamDependency=0 weight=16 exclusive=false padding=0 endStream=false
13:28:39.361 [grpc-default-worker-ELG-3-6] DEBUG io.grpc.netty.shaded.io.grpc.netty.NettyClientHandler -- [id: 0x4a64435d, L:/127.0.0.1:54340 - R:localhost/127.0.0.1:43687] OUTBOUND DATA: streamId=7 padding=0 endStream=true length=30 bytes=0000000019080112066e6f64652d322a0d080110011a0773657420613d31
13:28:39.361 [grpc-default-worker-ELG-3-3] DEBUG io.grpc.netty.shaded.io.grpc.netty.NettyServerHandler -- [id: 0xf1b7926c, L:/127.0.0.1:34997 - R:/127.0.0.1:40418] OUTBOUND HEADERS: streamId=5 headers=GrpcHttp2OutboundHeaders[:status: 200, content-type: application/grpc, grpc-encoding: identity, grpc-accept-encoding: gzip] padding=0 endStream=false
13:28:39.362 [grpc-default-worker-ELG-3-3] DEBUG io.grpc.netty.shaded.io.grpc.netty.NettyServerHandler -- [id: 0xf1b7926c, L:/127.0.0.1:34997 - R:/127.0.0.1:40418] OUTBOUND DATA: streamId=5 padding=0 endStream=false length=9 bytes=000000000408011001
13:28:39.363 [grpc-default-worker-ELG-3-3] DEBUG io.grpc.netty.shaded.io.grpc.netty.NettyServerHandler -- [id: 0xf1b7926c, L:/127.0.0.1:34997 - R:/127.0.0.1:40418] OUTBOUND HEADERS: streamId=5 headers=GrpcHttp2OutboundHeaders[grpc-status: 0] padding=0 endStream=true
13:28:39.363 [grpc-default-worker-ELG-3-2] DEBUG io.grpc.netty.shaded.io.grpc.netty.NettyServerHandler -- [id: 0xc89344c4, L:/127.0.0.1:43687 - R:/127.0.0.1:54340] INBOUND HEADERS: streamId=7 headers=GrpcHttp2RequestHeaders[:path: /raftkv.RaftService/AppendEntries, :authority: localhost:43687, :method: POST, :scheme: http, te: trailers, content-type: application/grpc, user-agent: grpc-java-netty/1.63.0, grpc-accept-encoding: gzip] streamDependency=0 weight=16 exclusive=false padding=0 endStream=false
13:28:39.363 [grpc-default-worker-ELG-3-1] DEBUG io.grpc.netty.shaded.io.grpc.netty.NettyClientHandler -- [id: 0x83a25281, L:/127.0.0.1:40418 - R:localhost/127.0.0.1:34997] OUTBOUND HEADERS: streamId=7 headers=GrpcHttp2OutboundHeaders[:authority: localhost:34997, :path: /raftkv.RaftService/AppendEntries, :method: POST, :scheme: http, content-type: application/grpc, te: trailers, user-agent: grpc-java-netty/1.63.0, grpc-accept-encoding: gzip] streamDependency=0 weight=16 exclusive=false padding=0 endStream=false
13:28:39.364 [grpc-default-worker-ELG-3-1] DEBUG io.grpc.netty.shaded.io.grpc.netty.NettyClientHandler -- [id: 0x83a25281, L:/127.0.0.1:40418 - R:localhost/127.0.0.1:34997] OUTBOUND DATA: streamId=7 padding=0 endStream=true length=30 bytes=0000000019080112066e6f64652d322a0d080110011a0773657420613d31
13:28:39.364 [grpc-default-worker-ELG-3-2] DEBUG io.grpc.netty.shaded.io.grpc.netty.NettyServerHandler -- [id: 0xc89344c4, L:/127.0.0.1:43687 - R:/127.0.0.1:54340] INBOUND DATA: streamId=7 padding=0 endStream=true length=30 bytes=0000000019080112066e6f64652d322a0d080110011a0773657420613d31
13:28:39.368 [grpc-default-worker-ELG-3-6] DEBUG io.grpc.netty.shaded.io.grpc.netty.NettyClientHandler -- [id: 0x4a64435d, L:/127.0.0.1:54340 - R:localhost/127.0.0.1:43687] OUTBOUND HEADERS: streamId=9 headers=GrpcHttp2OutboundHeaders[:authority: localhost:43687, :path: /raftkv.RaftService/AppendEntries, :method: POST, :scheme: http, content-type: application/grpc, te: trailers, user-agent: grpc-java-netty/1.63.0, grpc-accept-encoding: gzip] streamDependency=0 weight=16 exclusive=false padding=0 endStream=false
13:28:39.370 [grpc-default-worker-ELG-3-6] DEBUG io.grpc.netty.shaded.io.grpc.netty.NettyClientHandler -- [id: 0x4a64435d, L:/127.0.0.1:54340 - R:localhost/127.0.0.1:43687] OUTBOUND DATA: streamId=9 padding=0 endStream=true length=45 bytes=0000000028080112066e6f64652d322a0d080110011a0773657420613d312a0d080110021a0773657420623d32
13:28:39.371 [grpc-default-worker-ELG-3-2] DEBUG io.grpc.netty.shaded.io.grpc.netty.NettyServerHandler -- [id: 0xc89344c4, L:/127.0.0.1:43687 - R:/127.0.0.1:54340] INBOUND HEADERS: streamId=9 headers=GrpcHttp2RequestHeaders[:path: /raftkv.RaftService/AppendEntries, :authority: localhost:43687, :method: POST, :scheme: http, te: trailers, content-type: application/grpc, user-agent: grpc-java-netty/1.63.0, grpc-accept-encoding: gzip] streamDependency=0 weight=16 exclusive=false padding=0 endStream=false
[...]
13:28:39.386 [grpc-default-worker-ELG-3-3] DEBUG io.grpc.netty.shaded.io.grpc.netty.NettyServerHandler -- [id: 0xf1b7926c, L:/127.0.0.1:34997 - R:/127.0.0.1:40418] OUTBOUND HEADERS: streamId=9 headers=GrpcHttp2OutboundHeaders[:status: 200, content-type: application/grpc, grpc-encoding: identity, grpc-accept-encoding: gzip] padding=0 endStream=false
13:28:39.387 [grpc-default-worker-ELG-3-2] DEBUG io.grpc.netty.shaded.io.grpc.netty.NettyServerHandler -- [id: 0xc89344c4, L:/127.0.0.1:43687 - R:/127.0.0.1:54340] OUTBOUND DATA: streamId=11 padding=0 endStream=false length=9 bytes=000000000408011001
13:28:39.387 [grpc-default-worker-ELG-3-3] DEBUG io.grpc.netty.shaded.io.grpc.netty.NettyServerHandler -- [id: 0xf1b7926c, L:/127.0.0.1:34997 - R:/127.0.0.1:40418] OUTBOUND DATA: streamId=7 padding=0 endStream=false length=9 bytes=000000000408011001
13:28:39.387 [grpc-default-worker-ELG-3-2] DEBUG io.grpc.netty.shaded.io.grpc.netty.NettyServerHandler -- [id: 0xc89344c4, L:/127.0.0.1:43687 - R:/127.0.0.1:54340] OUTBOUND HEADERS: streamId=11 headers=GrpcHttp2OutboundHeaders[grpc-status: 0] padding=0 endStream=true
13:28:39.387 [grpc-default-worker-ELG-3-3] DEBUG io.grpc.netty.shaded.io.grpc.netty.NettyServerHandler -- [id: 0xf1b7926c, L:/127.0.0.1:34997 - R:/127.0.0.1:40418] OUTBOUND HEADERS: streamId=7 headers=GrpcHttp2OutboundHeaders[grpc-status: 0] padding=0 endStream=true
13:28:39.388 [grpc-default-worker-ELG-3-3] DEBUG io.grpc.netty.shaded.io.grpc.netty.NettyServerHandler -- [id: 0xf1b7926c, L:/127.0.0.1:34997 - R:/127.0.0.1:40418] OUTBOUND DATA: streamId=9 padding=0 endStream=false length=9 bytes=000000000408011001
13:28:39.388 [grpc-default-worker-ELG-3-3] DEBUG io.grpc.netty.shaded.io.grpc.netty.NettyServerHandler -- [id: 0xf1b7926c, L:/127.0.0.1:34997 - R:/127.0.0.1:40418] OUTBOUND HEADERS: streamId=9 headers=GrpcHttp2OutboundHeaders[grpc-status: 0] padding=0 endStream=true
13:28:39.389 [grpc-default-worker-ELG-3-1] DEBUG io.grpc.netty.shaded.io.grpc.netty.NettyClientHandler -- [id: 0x83a25281, L:/127.0.0.1:40418 - R:localhost/127.0.0.1:34997] INBOUND HEADERS: streamId=7 headers=GrpcHttp2ResponseHeaders[:status: 200, content-type: application/grpc, grpc-encoding: identity, grpc-accept-encoding: gzip] padding=0 endStream=false
13:28:39.389 [grpc-default-worker-ELG-3-6] DEBUG io.grpc.netty.shaded.io.grpc.netty.NettyClientHandler -- [id: 0x4a64435d, L:/127.0.0.1:54340 - R:localhost/127.0.0.1:43687] INBOUND HEADERS: streamId=11 headers=GrpcHttp2ResponseHeaders[:status: 200, content-type: application/grpc, grpc-encoding: identity, grpc-accept-encoding: gzip] padding=0 endStream=false
13:28:39.390 [grpc-default-worker-ELG-3-3] DEBUG io.grpc.netty.shaded.io.grpc.netty.NettyServerHandler -- [id: 0xf1b7926c, L:/127.0.0.1:34997 - R:/127.0.0.1:40418] OUTBOUND HEADERS: streamId=11 headers=GrpcHttp2OutboundHeaders[:status: 200, content-type: application/grpc, grpc-encoding: identity, grpc-accept-encoding: gzip] padding=0 endStream=false
13:28:39.390 [grpc-default-worker-ELG-3-1] DEBUG io.grpc.netty.shaded.io.grpc.netty.NettyClientHandler -- [id: 0x83a25281, L:/127.0.0.1:40418 - R:localhost/127.0.0.1:34997] INBOUND HEADERS: streamId=9 headers=GrpcHttp2ResponseHeaders[:status: 200, content-type: application/grpc, grpc-encoding: identity, grpc-accept-encoding: gzip] padding=0 endStream=false
13:28:39.390 [grpc-default-worker-ELG-3-6] DEBUG io.grpc.netty.shaded.io.grpc.netty.NettyClientHandler -- [id: 0x4a64435d, L:/127.0.0.1:54340 - R:localhost/127.0.0.1:43687] INBOUND DATA: streamId=11 padding=0 endStream=false length=9 bytes=000000000408011001
13:28:39.391 [grpc-default-worker-ELG-3-1] DEBUG io.grpc.netty.shaded.io.grpc.netty.NettyClientHandler -- [id: 0x83a25281, L:/127.0.0.1:40418 - R:localhost/127.0.0.1:34997] INBOUND DATA: streamId=7 padding=0 endStream=false length=9 bytes=000000000408011001
13:28:39.391 [grpc-default-worker-ELG-3-3] DEBUG io.grpc.netty.shaded.io.grpc.netty.NettyServerHandler -- [id: 0xf1b7926c, L:/127.0.0.1:34997 - R:/127.0.0.1:40418] OUTBOUND DATA: streamId=11 padding=0 endStream=false length=9 bytes=000000000408011001
13:28:39.391 [grpc-default-worker-ELG-3-3] DEBUG io.grpc.netty.shaded.io.grpc.netty.NettyServerHandler -- [id: 0xf1b7926c, L:/127.0.0.1:34997 - R:/127.0.0.1:40418] OUTBOUND HEADERS: streamId=11 headers=GrpcHttp2OutboundHeaders[grpc-status: 0] padding=0 endStream=true
13:28:39.391 [grpc-default-worker-ELG-3-6] DEBUG io.grpc.netty.shaded.io.grpc.netty.NettyClientHandler -- [id: 0x4a64435d, L:/127.0.0.1:54340 - R:localhost/127.0.0.1:43687] INBOUND HEADERS: streamId=11 headers=GrpcHttp2ResponseHeaders[grpc-status: 0] padding=0 endStream=true
13:28:39.392 [grpc-default-worker-ELG-3-1] DEBUG io.grpc.netty.shaded.io.grpc.netty.NettyClientHandler -- [id: 0x83a25281, L:/127.0.0.1:40418 - R:localhost/127.0.0.1:34997] INBOUND HEADERS: streamId=7 headers=GrpcHttp2ResponseHeaders[grpc-status: 0] padding=0 endStream=true
13:28:39.393 [grpc-default-worker-ELG-3-1] DEBUG io.grpc.netty.shaded.io.grpc.netty.NettyClientHandler -- [id: 0x83a25281, L:/127.0.0.1:40418 - R:localhost/127.0.0.1:34997] INBOUND DATA: streamId=9 padding=0 endStream=false length=9 bytes=000000000408011001
13:28:39.394 [grpc-default-worker-ELG-3-1] DEBUG io.grpc.netty.shaded.io.grpc.netty.NettyClientHandler -- [id: 0x83a25281, L:/127.0.0.1:40418 - R:localhost/127.0.0.1:34997] INBOUND HEADERS: streamId=9 headers=GrpcHttp2ResponseHeaders[grpc-status: 0] padding=0 endStream=true
13:28:39.395 [grpc-default-worker-ELG-3-1] DEBUG io.grpc.netty.shaded.io.grpc.netty.NettyClientHandler -- [id: 0x83a25281, L:/127.0.0.1:40418 - R:localhost/127.0.0.1:34997] INBOUND HEADERS: streamId=11 headers=GrpcHttp2ResponseHeaders[:status: 200, content-type: application/grpc, grpc-encoding: identity, grpc-accept-encoding: gzip] padding=0 endStream=false
13:28:39.396 [grpc-default-worker-ELG-3-1] DEBUG io.grpc.netty.shaded.io.grpc.netty.NettyClientHandler -- [id: 0x83a25281, L:/127.0.0.1:40418 - R:localhost/127.0.0.1:34997] INBOUND DATA: streamId=11 padding=0 endStream=false length=9 bytes=000000000408011001
13:28:39.396 [grpc-default-worker-ELG-3-1] DEBUG io.grpc.netty.shaded.io.grpc.netty.NettyClientHandler -- [id: 0x83a25281, L:/127.0.0.1:40418 - R:localhost/127.0.0.1:34997] INBOUND HEADERS: streamId=11 headers=GrpcHttp2ResponseHeaders[grpc-status: 0] padding=0 endStream=true
13:28:39.401 [grpc-default-worker-ELG-3-6] DEBUG io.grpc.netty.shaded.io.grpc.netty.NettyClientHandler -- [id: 0x4a64435d, L:/127.0.0.1:54340 - R:localhost/127.0.0.1:43687] OUTBOUND HEADERS: streamId=13 headers=GrpcHttp2OutboundHeaders[:authority: localhost:43687, :path: /raftkv.RaftService/AppendEntries, :method: POST, :scheme: http, content-type: application/grpc, te: trailers, user-agent: grpc-java-netty/1.63.0, grpc-accept-encoding: gzip] streamDependency=0 weight=16 exclusive=false padding=0 endStream=false
13:28:39.402 [grpc-default-worker-ELG-3-6] DEBUG io.grpc.netty.shaded.io.grpc.netty.NettyClientHandler -- [id: 0x4a64435d, L:/127.0.0.1:54340 - R:localhost/127.0.0.1:43687] OUTBOUND DATA: streamId=13 padding=0 endStream=true length=21 bytes=0000000010080112066e6f64652d32180320013003
13:28:39.403 [grpc-default-worker-ELG-3-1] DEBUG io.grpc.netty.shaded.io.grpc.netty.NettyClientHandler -- [id: 0x83a25281, L:/127.0.0.1:40418 - R:localhost/127.0.0.1:34997] OUTBOUND HEADERS: streamId=13 headers=GrpcHttp2OutboundHeaders[:authority: localhost:34997, :path: /raftkv.RaftService/AppendEntries, :method: POST, :scheme: http, content-type: application/grpc, te: trailers, user-agent: grpc-java-netty/1.63.0, grpc-accept-encoding: gzip] streamDependency=0 weight=16 exclusive=false padding=0 endStream=false
13:28:39.405 [grpc-default-worker-ELG-3-2] DEBUG io.grpc.netty.shaded.io.grpc.netty.NettyServerHandler -- [id: 0xc89344c4, L:/127.0.0.1:43687 - R:/127.0.0.1:54340] INBOUND HEADERS: streamId=13 headers=GrpcHttp2RequestHeaders[:path: /raftkv.RaftService/AppendEntries, :authority: localhost:43687, :method: POST, :scheme: http, te: trailers, content-type: application/grpc, user-agent: grpc-java-netty/1.63.0, grpc-accept-encoding: gzip] streamDependency=0 weight=16 exclusive=false padding=0 endStream=false
13:28:39.406 [grpc-default-worker-ELG-3-2] DEBUG io.grpc.netty.shaded.io.grpc.netty.NettyServerHandler -- [id: 0xc89344c4, L:/127.0.0.1:43687 - R:/127.0.0.1:54340] INBOUND DATA: streamId=13 padding=0 endStream=true length=21 bytes=0000000010080112066e6f64652d32180320013003
13:28:39.407 [grpc-default-worker-ELG-3-1] DEBUG io.grpc.netty.shaded.io.grpc.netty.NettyClientHandler -- [id: 0x83a25281, L:/127.0.0.1:40418 - R:localhost/127.0.0.1:34997] OUTBOUND DATA: streamId=13 padding=0 endStream=true length=21 bytes=0000000010080112066e6f64652d32180320013003
13:28:39.410 [grpc-default-worker-ELG-3-2] DEBUG io.grpc.netty.shaded.io.grpc.netty.NettyServerHandler -- [id: 0xc89344c4, L:/127.0.0.1:43687 - R:/127.0.0.1:54340] OUTBOUND HEADERS: streamId=13 headers=GrpcHttp2OutboundHeaders[:status: 200, content-type: application/grpc, grpc-encoding: identity, grpc-accept-encoding: gzip] padding=0 endStream=false
13:28:39.411 [grpc-default-worker-ELG-3-2] DEBUG io.grpc.netty.shaded.io.grpc.netty.NettyServerHandler -- [id: 0xc89344c4, L:/127.0.0.1:43687 - R:/127.0.0.1:54340] OUTBOUND DATA: streamId=13 padding=0 endStream=false length=9 bytes=000000000408011001
13:28:39.411 [grpc-default-worker-ELG-3-3] DEBUG io.grpc.netty.shaded.io.grpc.netty.NettyServerHandler -- [id: 0xf1b7926c, L:/127.0.0.1:34997 - R:/127.0.0.1:40418] INBOUND HEADERS: streamId=13 headers=GrpcHttp2RequestHeaders[:path: /raftkv.RaftService/AppendEntries, :authority: localhost:34997, :method: POST, :scheme: http, te: trailers, content-type: application/grpc, user-agent: grpc-java-netty/1.63.0, grpc-accept-encoding: gzip] streamDependency=0 weight=16 exclusive=false padding=0 endStream=false
13:28:39.411 [grpc-default-worker-ELG-3-2] DEBUG io.grpc.netty.shaded.io.grpc.netty.NettyServerHandler -- [id: 0xc89344c4, L:/127.0.0.1:43687 - R:/127.0.0.1:54340] OUTBOUND HEADERS: streamId=13 headers=GrpcHttp2OutboundHeaders[grpc-status: 0] padding=0 endStream=true
13:28:39.411 [grpc-default-worker-ELG-3-3] DEBUG io.grpc.netty.shaded.io.grpc.netty.NettyServerHandler -- [id: 0xf1b7926c, L:/127.0.0.1:34997 - R:/127.0.0.1:40418] INBOUND DATA: streamId=13 padding=0 endStream=true length=21 bytes=0000000010080112066e6f64652d32180320013003
13:28:39.412 [grpc-default-worker-ELG-3-6] DEBUG io.grpc.netty.shaded.io.grpc.netty.NettyClientHandler -- [id: 0x4a64435d, L:/127.0.0.1:54340 - R:localhost/127.0.0.1:43687] INBOUND HEADERS: streamId=13 headers=GrpcHttp2ResponseHeaders[:status: 200, content-type: application/grpc, grpc-encoding: identity, grpc-accept-encoding: gzip] padding=0 endStream=false
13:28:39.413 [grpc-default-worker-ELG-3-6] DEBUG io.grpc.netty.shaded.io.grpc.netty.NettyClientHandler -- [id: 0x4a64435d, L:/127.0.0.1:54340 - R:localhost/127.0.0.1:43687] INBOUND DATA: streamId=13 padding=0 endStream=false length=9 bytes=000000000408011001
13:28:39.416 [grpc-default-worker-ELG-3-6] DEBUG io.grpc.netty.shaded.io.grpc.netty.NettyClientHandler -- [id: 0x4a64435d, L:/127.0.0.1:54340 - R:localhost/127.0.0.1:43687] INBOUND HEADERS: streamId=13 headers=GrpcHttp2ResponseHeaders[grpc-status: 0] padding=0 endStream=true
13:28:39.418 [grpc-default-worker-ELG-3-3] DEBUG io.grpc.netty.shaded.io.grpc.netty.NettyServerHandler -- [id: 0xf1b7926c, L:/127.0.0.1:34997 - R:/127.0.0.1:40418] OUTBOUND HEADERS: streamId=13 headers=GrpcHttp2OutboundHeaders[:status: 200, content-type: application/grpc, grpc-encoding: identity, grpc-accept-encoding: gzip] padding=0 endStream=false
13:28:39.418 [grpc-default-worker-ELG-3-3] DEBUG io.grpc.netty.shaded.io.grpc.netty.NettyServerHandler -- [id: 0xf1b7926c, L:/127.0.0.1:34997 - R:/127.0.0.1:40418] OUTBOUND DATA: streamId=13 padding=0 endStream=false length=9 bytes=000000000408011001
13:28:39.419 [grpc-default-worker-ELG-3-3] DEBUG io.grpc.netty.shaded.io.grpc.netty.NettyServerHandler -- [id: 0xf1b7926c, L:/127.0.0.1:34997 - R:/127.0.0.1:40418] OUTBOUND HEADERS: streamId=13 headers=GrpcHttp2OutboundHeaders[grpc-status: 0] padding=0 endStream=true
13:28:39.420 [grpc-default-worker-ELG-3-1] DEBUG io.grpc.netty.shaded.io.grpc.netty.NettyClientHandler -- [id: 0x83a25281, L:/127.0.0.1:40418 - R:localhost/127.0.0.1:34997] INBOUND HEADERS: streamId=13 headers=GrpcHttp2ResponseHeaders[:status: 200, content-type: application/grpc, grpc-encoding: identity, grpc-accept-encoding: gzip] padding=0 endStream=false
13:28:39.421 [grpc-default-worker-ELG-3-1] DEBUG io.grpc.netty.shaded.io.grpc.netty.NettyClientHandler -- [id: 0x83a25281, L:/127.0.0.1:40418 - R:localhost/127.0.0.1:34997] INBOUND DATA: streamId=13 padding=0 endStream=false length=9 bytes=000000000408011001
13:28:39.422 [grpc-default-worker-ELG-3-1] DEBUG io.grpc.netty.shaded.io.grpc.netty.NettyClientHandler -- [id: 0x83a25281, L:/127.0.0.1:40418 - R:localhost/127.0.0.1:34997] INBOUND HEADERS: streamId=13 headers=GrpcHttp2ResponseHeaders[grpc-status: 0] padding=0 endStream=true
13:28:39.429 [Test worker] INFO com.raftkv.harness.ClusterHarness -- All nodes committed index 3
13:28:39.442 [Test worker] INFO com.raftkv.harness.ClusterHarness -- Closing ClusterHarness
13:28:39.446 [grpc-default-worker-ELG-3-2] DEBUG io.grpc.netty.shaded.io.grpc.netty.NettyServerHandler -- [id: 0xc89344c4, L:/127.0.0.1:43687 - R:/127.0.0.1:54340] OUTBOUND GO_AWAY: lastStreamId=2147483647 errorCode=0 length=13 bytes=6170705f726571756573746564
13:28:39.447 [grpc-default-worker-ELG-3-2] DEBUG io.grpc.netty.shaded.io.grpc.netty.NettyServerHandler -- [id: 0xc89344c4, L:/127.0.0.1:43687 - R:/127.0.0.1:54340] OUTBOUND PING: ack=false bytes=40715087873
13:28:39.449 [grpc-default-worker-ELG-3-6] DEBUG io.grpc.netty.shaded.io.grpc.netty.NettyClientHandler -- [id: 0x4a64435d, L:/127.0.0.1:54340 - R:localhost/127.0.0.1:43687] INBOUND GO_AWAY: lastStreamId=2147483647 errorCode=0 length=13 bytes=6170705f726571756573746564
13:28:39.450 [grpc-default-worker-ELG-3-6] DEBUG io.grpc.netty.shaded.io.grpc.netty.NettyClientHandler -- [id: 0x4a64435d, L:/127.0.0.1:54340 - R:localhost/127.0.0.1:43687] INBOUND PING: ack=false bytes=40715087873
13:28:39.450 [grpc-default-worker-ELG-3-6] DEBUG io.grpc.netty.shaded.io.grpc.netty.NettyClientHandler -- [id: 0x4a64435d, L:/127.0.0.1:54340 - R:localhost/127.0.0.1:43687] OUTBOUND PING: ack=true bytes=40715087873
13:28:39.451 [grpc-default-worker-ELG-3-2] DEBUG io.grpc.netty.shaded.io.grpc.netty.NettyServerHandler -- [id: 0xc89344c4, L:/127.0.0.1:43687 - R:/127.0.0.1:54340] INBOUND PING: ack=true bytes=40715087873
13:28:39.451 [grpc-default-worker-ELG-3-2] DEBUG io.grpc.netty.shaded.io.grpc.netty.NettyServerHandler -- [id: 0xc89344c4, L:/127.0.0.1:43687 - R:/127.0.0.1:54340] OUTBOUND GO_AWAY: lastStreamId=13 errorCode=0 length=13 bytes=6170705f726571756573746564
13:28:39.457 [grpc-default-worker-ELG-3-6] DEBUG io.grpc.netty.shaded.io.grpc.netty.NettyClientHandler -- [id: 0x4a64435d, L:/127.0.0.1:54340 - R:localhost/127.0.0.1:43687] INBOUND GO_AWAY: lastStreamId=13 errorCode=0 length=13 bytes=6170705f726571756573746564
13:28:39.462 [Test worker] INFO com.raftkv.server.RaftServer -- RaftServer stopped
13:28:39.465 [grpc-default-worker-ELG-3-1] DEBUG io.grpc.netty.shaded.io.grpc.netty.NettyClientHandler -- [id: 0x83a25281, L:/127.0.0.1:40418 - R:localhost/127.0.0.1:34997] OUTBOUND HEADERS: streamId=15 headers=GrpcHttp2OutboundHeaders[:authority: localhost:34997, :path: /raftkv.RaftService/AppendEntries, :method: POST, :scheme: http, content-type: application/grpc, te: trailers, user-agent: grpc-java-netty/1.63.0, grpc-accept-encoding: gzip] streamDependency=0 weight=16 exclusive=false padding=0 endStream=false
13:28:39.467 [grpc-default-worker-ELG-3-1] DEBUG io.grpc.netty.shaded.io.grpc.netty.NettyClientHandler -- [id: 0x83a25281, L:/127.0.0.1:40418 - R:localhost/127.0.0.1:34997] OUTBOUND DATA: streamId=15 padding=0 endStream=true length=21 bytes=0000000010080112066e6f64652d32180320013003
13:28:39.470 [grpc-default-worker-ELG-3-3] DEBUG io.grpc.netty.shaded.io.grpc.netty.NettyServerHandler -- [id: 0xf1b7926c, L:/127.0.0.1:34997 - R:/127.0.0.1:40418] INBOUND HEADERS: streamId=15 headers=GrpcHttp2RequestHeaders[:path: /raftkv.RaftService/AppendEntries, :authority: localhost:34997, :method: POST, :scheme: http, te: trailers, content-type: application/grpc, user-agent: grpc-java-netty/1.63.0, grpc-accept-encoding: gzip] streamDependency=0 weight=16 exclusive=false padding=0 endStream=false
13:28:39.470 [grpc-default-worker-ELG-3-3] DEBUG io.grpc.netty.shaded.io.grpc.netty.NettyServerHandler -- [id: 0xf1b7926c, L:/127.0.0.1:34997 - R:/127.0.0.1:40418] INBOUND DATA: streamId=15 padding=0 endStream=true length=21 bytes=0000000010080112066e6f64652d32180320013003
13:28:39.471 [grpc-default-worker-ELG-3-3] DEBUG io.grpc.netty.shaded.io.grpc.netty.NettyServerHandler -- [id: 0xf1b7926c, L:/127.0.0.1:34997 - R:/127.0.0.1:40418] OUTBOUND GO_AWAY: lastStreamId=2147483647 errorCode=0 length=13 bytes=6170705f726571756573746564
13:28:39.472 [grpc-default-worker-ELG-3-3] DEBUG io.grpc.netty.shaded.io.grpc.netty.NettyServerHandler -- [id: 0xf1b7926c, L:/127.0.0.1:34997 - R:/127.0.0.1:40418] OUTBOUND PING: ack=false bytes=40715087873
13:28:39.475 [grpc-default-worker-ELG-3-1] DEBUG io.grpc.netty.shaded.io.grpc.netty.NettyClientHandler -- [id: 0x83a25281, L:/127.0.0.1:40418 - R:localhost/127.0.0.1:34997] INBOUND GO_AWAY: lastStreamId=2147483647 errorCode=0 length=13 bytes=6170705f726571756573746564
13:28:39.476 [grpc-default-worker-ELG-3-1] DEBUG io.grpc.netty.shaded.io.grpc.netty.NettyClientHandler -- [id: 0x83a25281, L:/127.0.0.1:40418 - R:localhost/127.0.0.1:34997] INBOUND PING: ack=false bytes=40715087873
13:28:39.476 [grpc-default-worker-ELG-3-1] DEBUG io.grpc.netty.shaded.io.grpc.netty.NettyClientHandler -- [id: 0x83a25281, L:/127.0.0.1:40418 - R:localhost/127.0.0.1:34997] OUTBOUND PING: ack=true bytes=40715087873
13:28:39.481 [grpc-default-worker-ELG-3-3] DEBUG io.grpc.netty.shaded.io.grpc.netty.NettyServerHandler -- [id: 0xf1b7926c, L:/127.0.0.1:34997 - R:/127.0.0.1:40418] INBOUND PING: ack=true bytes=40715087873
13:28:39.482 [grpc-default-worker-ELG-3-3] DEBUG io.grpc.netty.shaded.io.grpc.netty.NettyServerHandler -- [id: 0xf1b7926c, L:/127.0.0.1:34997 - R:/127.0.0.1:40418] OUTBOUND GO_AWAY: lastStreamId=15 errorCode=0 length=13 bytes=6170705f726571756573746564
13:28:39.482 [grpc-default-worker-ELG-3-1] DEBUG io.grpc.netty.shaded.io.grpc.netty.NettyClientHandler -- [id: 0x83a25281, L:/127.0.0.1:40418 - R:localhost/127.0.0.1:34997] INBOUND GO_AWAY: lastStreamId=15 errorCode=0 length=13 bytes=6170705f726571756573746564
13:28:39.485 [grpc-default-worker-ELG-3-3] DEBUG io.grpc.netty.shaded.io.grpc.netty.NettyServerHandler -- [id: 0xf1b7926c, L:/127.0.0.1:34997 - R:/127.0.0.1:40418] OUTBOUND HEADERS: streamId=15 headers=GrpcHttp2OutboundHeaders[:status: 200, content-type: application/grpc, grpc-status: 2, grpc-message: Application error processing RPC] padding=0 endStream=true
13:28:39.487 [grpc-default-worker-ELG-3-1] DEBUG io.grpc.netty.shaded.io.grpc.netty.NettyClientHandler -- [id: 0x83a25281, L:/127.0.0.1:40418 - R:localhost/127.0.0.1:34997] INBOUND HEADERS: streamId=15 headers=GrpcHttp2ResponseHeaders[:status: 200, content-type: application/grpc, grpc-status: 2, grpc-message: Application error processing RPC] padding=0 endStream=true
13:28:39.489 [Test worker] INFO com.raftkv.server.RaftServer -- RaftServer stopped
13:28:39.492 [Test worker] INFO com.raftkv.server.RaftServer -- RaftServer stopped
13:28:39.495 [Test worker] INFO com.raftkv.harness.ClusterHarness -- ClusterHarness closed
]]></system-out>
  <system-err><![CDATA[]]></system-err>
</testsuite>
