<?xml version="1.0" encoding="UTF-8"?>
<testsuite name="com.raftkv.harness.ElectionSpec" tests="3" skipped="0" failures="0" errors="0" timestamp="2026-04-11T20:28:34" hostname="utsavsheth-ZenBook-UX331FA-UX331FA" time="3.733">
  <properties/>
  <testcase name="a 3-node cluster elects exactly one leader" classname="com.raftkv.harness.ElectionSpec" time="2.62"/>
  <testcase name="a network partition causes a new leader election among the majority" classname="com.raftkv.harness.ElectionSpec" time="0.49"/>
  <testcase name="after healing the partition the cluster converges to one leader" classname="com.raftkv.harness.ElectionSpec" time="0.62"/>
  <system-out><![CDATA[13:28:35.694 [Test worker] DEBUG io.grpc.netty.shaded.io.netty.util.internal.logging.InternalLoggerFactory -- Using SLF4J as the default logging framework
13:28:35.704 [Test worker] DEBUG io.grpc.netty.shaded.io.netty.util.internal.PlatformDependent0 -- -Dio.netty.noUnsafe: false
13:28:35.705 [Test worker] DEBUG io.grpc.netty.shaded.io.netty.util.internal.PlatformDependent0 -- Java version: 21
13:28:35.707 [Test worker] DEBUG io.grpc.netty.shaded.io.netty.util.internal.PlatformDependent0 -- sun.misc.Unsafe.theUnsafe: available
13:28:35.708 [Test worker] DEBUG io.grpc.netty.shaded.io.netty.util.internal.PlatformDependent0 -- sun.misc.Unsafe.copyMemory: available
13:28:35.708 [Test worker] DEBUG io.grpc.netty.shaded.io.netty.util.internal.PlatformDependent0 -- sun.misc.Unsafe.storeFence: available
13:28:35.710 [Test worker] DEBUG io.grpc.netty.shaded.io.netty.util.internal.PlatformDependent0 -- java.nio.Buffer.address: available
13:28:35.710 [Test worker] DEBUG io.grpc.netty.shaded.io.netty.util.internal.PlatformDependent0 -- direct buffer constructor: unavailable: Reflective setAccessible(true) disabled
13:28:35.712 [Test worker] DEBUG io.grpc.netty.shaded.io.netty.util.internal.PlatformDependent0 -- java.nio.Bits.unaligned: available, true
13:28:35.713 [Test worker] DEBUG io.grpc.netty.shaded.io.netty.util.internal.PlatformDependent0 -- jdk.internal.misc.Unsafe.allocateUninitializedArray(int): unavailable: class io.grpc.netty.shaded.io.netty.util.internal.PlatformDependent0$7 cannot access class jdk.internal.misc.Unsafe (in module java.base) because module java.base does not export jdk.internal.misc to unnamed module @ba2f4ec
13:28:35.715 [Test worker] DEBUG io.grpc.netty.shaded.io.netty.util.internal.PlatformDependent0 -- java.nio.DirectByteBuffer.<init>(long, {int,long}): unavailable
13:28:35.715 [Test worker] DEBUG io.grpc.netty.shaded.io.netty.util.internal.PlatformDependent -- sun.misc.Unsafe: available
13:28:35.715 [Test worker] DEBUG io.grpc.netty.shaded.io.netty.util.internal.PlatformDependent -- -Dio.netty.tmpdir: /tmp (java.io.tmpdir)
13:28:35.715 [Test worker] DEBUG io.grpc.netty.shaded.io.netty.util.internal.PlatformDependent -- -Dio.netty.bitMode: 64 (sun.arch.data.model)
13:28:35.717 [Test worker] DEBUG io.grpc.netty.shaded.io.netty.util.internal.PlatformDependent -- -Dio.netty.maxDirectMemory: -1 bytes
13:28:35.717 [Test worker] DEBUG io.grpc.netty.shaded.io.netty.util.internal.PlatformDependent -- -Dio.netty.uninitializedArrayAllocationThreshold: -1
13:28:35.718 [Test worker] DEBUG io.grpc.netty.shaded.io.netty.util.internal.CleanerJava9 -- java.nio.ByteBuffer.cleaner(): available
13:28:35.718 [Test worker] DEBUG io.grpc.netty.shaded.io.netty.util.internal.PlatformDependent -- -Dio.netty.noPreferDirect: false
13:28:35.760 [Test worker] DEBUG io.grpc.netty.shaded.io.netty.util.internal.NativeLibraryLoader -- -Dio.netty.native.workdir: /tmp (io.netty.tmpdir)
13:28:35.761 [Test worker] DEBUG io.grpc.netty.shaded.io.netty.util.internal.NativeLibraryLoader -- -Dio.netty.native.deleteLibAfterLoading: true
13:28:35.761 [Test worker] DEBUG io.grpc.netty.shaded.io.netty.util.internal.NativeLibraryLoader -- -Dio.netty.native.tryPatchShadedId: true
13:28:35.761 [Test worker] DEBUG io.grpc.netty.shaded.io.netty.util.internal.NativeLibraryLoader -- -Dio.netty.native.detectNativeLibraryDuplicates: true
13:28:35.772 [Test worker] DEBUG io.grpc.netty.shaded.io.netty.util.internal.NativeLibraryLoader -- Successfully loaded the library /tmp/libio_grpc_netty_shaded_netty_transport_native_epoll_x86_6414519723647085923953.so
13:28:35.776 [Test worker] DEBUG io.grpc.netty.shaded.io.netty.util.NetUtil -- -Djava.net.preferIPv4Stack: false
13:28:35.776 [Test worker] DEBUG io.grpc.netty.shaded.io.netty.util.NetUtil -- -Djava.net.preferIPv6Addresses: false
13:28:35.779 [Test worker] DEBUG io.grpc.netty.shaded.io.netty.util.NetUtilInitializations -- Loopback interface: lo (lo, 0:0:0:0:0:0:0:1%lo)
13:28:35.780 [Test worker] DEBUG io.grpc.netty.shaded.io.netty.util.NetUtil -- /proc/sys/net/core/somaxconn: 4096
13:28:35.808 [Test worker] DEBUG io.grpc.netty.shaded.io.netty.channel.MultithreadEventLoopGroup -- -Dio.netty.eventLoopThreads: 16
13:28:35.870 [Test worker] DEBUG io.grpc.netty.shaded.io.netty.util.concurrent.GlobalEventExecutor -- -Dio.netty.globalEventExecutor.quietPeriodSeconds: 1
13:28:35.875 [Test worker] DEBUG io.grpc.netty.shaded.io.netty.util.internal.InternalThreadLocalMap -- -Dio.netty.threadLocalMap.stringBuilder.initialSize: 1024
13:28:35.876 [Test worker] DEBUG io.grpc.netty.shaded.io.netty.util.internal.InternalThreadLocalMap -- -Dio.netty.threadLocalMap.stringBuilder.maxSize: 4096
13:28:35.889 [Test worker] DEBUG io.grpc.netty.shaded.io.netty.util.internal.PlatformDependent -- org.jctools-core.MpscChunkedArrayQueue: available
13:28:35.923 [Test worker] DEBUG io.grpc.netty.shaded.io.netty.util.ResourceLeakDetector -- -Dio.grpc.netty.shaded.io.netty.leakDetection.level: simple
13:28:35.923 [Test worker] DEBUG io.grpc.netty.shaded.io.netty.util.ResourceLeakDetector -- -Dio.grpc.netty.shaded.io.netty.leakDetection.targetRecords: 4
13:28:35.925 [Test worker] DEBUG io.grpc.netty.shaded.io.netty.buffer.PooledByteBufAllocator -- -Dio.netty.allocator.numHeapArenas: 16
13:28:35.925 [Test worker] DEBUG io.grpc.netty.shaded.io.netty.buffer.PooledByteBufAllocator -- -Dio.netty.allocator.numDirectArenas: 16
13:28:35.925 [Test worker] DEBUG io.grpc.netty.shaded.io.netty.buffer.PooledByteBufAllocator -- -Dio.netty.allocator.pageSize: 8192
13:28:35.926 [Test worker] DEBUG io.grpc.netty.shaded.io.netty.buffer.PooledByteBufAllocator -- -Dio.netty.allocator.maxOrder: 9
13:28:35.926 [Test worker] DEBUG io.grpc.netty.shaded.io.netty.buffer.PooledByteBufAllocator -- -Dio.netty.allocator.chunkSize: 4194304
13:28:35.926 [Test worker] DEBUG io.grpc.netty.shaded.io.netty.buffer.PooledByteBufAllocator -- -Dio.netty.allocator.smallCacheSize: 256
13:28:35.926 [Test worker] DEBUG io.grpc.netty.shaded.io.netty.buffer.PooledByteBufAllocator -- -Dio.netty.allocator.normalCacheSize: 64
13:28:35.926 [Test worker] DEBUG io.grpc.netty.shaded.io.netty.buffer.PooledByteBufAllocator -- -Dio.netty.allocator.maxCachedBufferCapacity: 32768
13:28:35.927 [Test worker] DEBUG io.grpc.netty.shaded.io.netty.buffer.PooledByteBufAllocator -- -Dio.netty.allocator.cacheTrimInterval: 8192
13:28:35.927 [Test worker] DEBUG io.grpc.netty.shaded.io.netty.buffer.PooledByteBufAllocator -- -Dio.netty.allocator.cacheTrimIntervalMillis: 0
13:28:35.927 [Test worker] DEBUG io.grpc.netty.shaded.io.netty.buffer.PooledByteBufAllocator -- -Dio.netty.allocator.useCacheForAllThreads: false
13:28:35.927 [Test worker] DEBUG io.grpc.netty.shaded.io.netty.buffer.PooledByteBufAllocator -- -Dio.netty.allocator.maxCachedByteBuffersPerChunk: 1023
13:28:35.954 [grpc-default-boss-ELG-1-1] DEBUG io.grpc.netty.shaded.io.netty.channel.DefaultChannelId -- -Dio.netty.processId: 25139 (auto-detected)
13:28:35.956 [grpc-default-boss-ELG-1-1] DEBUG io.grpc.netty.shaded.io.netty.channel.DefaultChannelId -- -Dio.netty.machineId: d0:ab:d5:ff:fe:bb:9b:e4 (auto-detected)
13:28:35.978 [grpc-default-boss-ELG-1-1] DEBUG io.grpc.netty.shaded.io.netty.buffer.ByteBufUtil -- -Dio.netty.allocator.type: pooled
13:28:35.978 [grpc-default-boss-ELG-1-1] DEBUG io.grpc.netty.shaded.io.netty.buffer.ByteBufUtil -- -Dio.netty.threadLocalDirectBufferSize: 0
13:28:35.978 [grpc-default-boss-ELG-1-1] DEBUG io.grpc.netty.shaded.io.netty.buffer.ByteBufUtil -- -Dio.netty.maxThreadLocalCharBufferSize: 16384
13:28:35.990 [Test worker] INFO com.raftkv.server.RaftServer -- RaftServer started on port 40163
13:28:35.997 [Test worker] INFO com.raftkv.server.RaftServer -- RaftServer started on port 46345
13:28:36.000 [Test worker] INFO com.raftkv.server.RaftServer -- RaftServer started on port 34769
13:28:36.245 [Test worker] INFO com.raftkv.harness.ClusterHarness -- ClusterHarness started with 3 nodes
13:28:36.895 [grpc-default-executor-3] DEBUG io.grpc.netty.shaded.io.netty.buffer.AbstractByteBuf -- -Dio.grpc.netty.shaded.io.netty.buffer.checkAccessible: true
13:28:36.895 [grpc-default-executor-3] DEBUG io.grpc.netty.shaded.io.netty.buffer.AbstractByteBuf -- -Dio.grpc.netty.shaded.io.netty.buffer.checkBounds: true
13:28:36.896 [grpc-default-executor-3] DEBUG io.grpc.netty.shaded.io.netty.util.ResourceLeakDetectorFactory -- Loaded default ResourceLeakDetector: io.grpc.netty.shaded.io.netty.util.ResourceLeakDetector@5e7cc2c4
13:28:36.968 [grpc-default-executor-1] DEBUG io.grpc.netty.shaded.io.netty.util.Recycler -- -Dio.netty.recycler.maxCapacityPerThread: 4096
13:28:36.968 [grpc-default-executor-1] DEBUG io.grpc.netty.shaded.io.netty.util.Recycler -- -Dio.netty.recycler.ratio: 8
13:28:36.968 [grpc-default-executor-1] DEBUG io.grpc.netty.shaded.io.netty.util.Recycler -- -Dio.netty.recycler.chunkSize: 32
13:28:36.968 [grpc-default-executor-1] DEBUG io.grpc.netty.shaded.io.netty.util.Recycler -- -Dio.netty.recycler.blocking: false
13:28:36.969 [grpc-default-executor-1] DEBUG io.grpc.netty.shaded.io.netty.util.Recycler -- -Dio.netty.recycler.batchFastThreadLocalOnly: true
13:28:37.008 [grpc-default-worker-ELG-3-2] DEBUG io.grpc.netty.shaded.io.grpc.netty.NettyClientHandler -- [id: 0xf6e520e6, L:/127.0.0.1:49384 - R:localhost/127.0.0.1:46345] OUTBOUND SETTINGS: ack=false settings={ENABLE_PUSH=0, MAX_CONCURRENT_STREAMS=0, INITIAL_WINDOW_SIZE=1048576, MAX_HEADER_LIST_SIZE=8192}
13:28:37.008 [grpc-default-worker-ELG-3-5] DEBUG io.grpc.netty.shaded.io.grpc.netty.NettyServerHandler -- [id: 0x92aafe53, L:/127.0.0.1:46345 - R:/127.0.0.1:49382] OUTBOUND SETTINGS: ack=false settings={MAX_CONCURRENT_STREAMS=2147483647, INITIAL_WINDOW_SIZE=1048576, MAX_HEADER_LIST_SIZE=8192}
13:28:37.008 [grpc-default-worker-ELG-3-1] DEBUG io.grpc.netty.shaded.io.grpc.netty.NettyClientHandler -- [id: 0xe80d8cc8, L:/127.0.0.1:55822 - R:localhost/127.0.0.1:34769] OUTBOUND SETTINGS: ack=false settings={ENABLE_PUSH=0, MAX_CONCURRENT_STREAMS=0, INITIAL_WINDOW_SIZE=1048576, MAX_HEADER_LIST_SIZE=8192}
13:28:37.008 [grpc-default-worker-ELG-3-8] DEBUG io.grpc.netty.shaded.io.grpc.netty.NettyServerHandler -- [id: 0x7faad4b8, L:/127.0.0.1:40163 - R:/127.0.0.1:41458] OUTBOUND SETTINGS: ack=false settings={MAX_CONCURRENT_STREAMS=2147483647, INITIAL_WINDOW_SIZE=1048576, MAX_HEADER_LIST_SIZE=8192}
13:28:37.008 [grpc-default-worker-ELG-3-6] DEBUG io.grpc.netty.shaded.io.grpc.netty.NettyServerHandler -- [id: 0x3bf6b111, L:/127.0.0.1:46345 - R:/127.0.0.1:49384] OUTBOUND SETTINGS: ack=false settings={MAX_CONCURRENT_STREAMS=2147483647, INITIAL_WINDOW_SIZE=1048576, MAX_HEADER_LIST_SIZE=8192}
13:28:37.008 [grpc-default-worker-ELG-3-4] DEBUG io.grpc.netty.shaded.io.grpc.netty.NettyServerHandler -- [id: 0xbf07409a, L:/127.0.0.1:34769 - R:/127.0.0.1:55838] OUTBOUND SETTINGS: ack=false settings={MAX_CONCURRENT_STREAMS=2147483647, INITIAL_WINDOW_SIZE=1048576, MAX_HEADER_LIST_SIZE=8192}
13:28:37.008 [grpc-default-worker-ELG-3-7] DEBUG io.grpc.netty.shaded.io.grpc.netty.NettyServerHandler -- [id: 0x1f1c4ef0, L:/127.0.0.1:40163 - R:/127.0.0.1:41472] OUTBOUND SETTINGS: ack=false settings={MAX_CONCURRENT_STREAMS=2147483647, INITIAL_WINDOW_SIZE=1048576, MAX_HEADER_LIST_SIZE=8192}
13:28:37.008 [grpc-default-worker-ELG-3-3] DEBUG io.grpc.netty.shaded.io.grpc.netty.NettyServerHandler -- [id: 0x7bd8ce48, L:/127.0.0.1:34769 - R:/127.0.0.1:55822] OUTBOUND SETTINGS: ack=false settings={MAX_CONCURRENT_STREAMS=2147483647, INITIAL_WINDOW_SIZE=1048576, MAX_HEADER_LIST_SIZE=8192}
13:28:37.041 [grpc-default-worker-ELG-3-6] DEBUG io.grpc.netty.shaded.io.grpc.netty.NettyServerHandler -- [id: 0x3bf6b111, L:/127.0.0.1:46345 - R:/127.0.0.1:49384] OUTBOUND WINDOW_UPDATE: streamId=0 windowSizeIncrement=983041
13:28:37.041 [grpc-default-worker-ELG-3-4] DEBUG io.grpc.netty.shaded.io.grpc.netty.NettyServerHandler -- [id: 0xbf07409a, L:/127.0.0.1:34769 - R:/127.0.0.1:55838] OUTBOUND WINDOW_UPDATE: streamId=0 windowSizeIncrement=983041
13:28:37.041 [grpc-default-worker-ELG-3-7] DEBUG io.grpc.netty.shaded.io.grpc.netty.NettyServerHandler -- [id: 0x1f1c4ef0, L:/127.0.0.1:40163 - R:/127.0.0.1:41472] OUTBOUND WINDOW_UPDATE: streamId=0 windowSizeIncrement=983041
13:28:37.041 [grpc-default-worker-ELG-3-1] DEBUG io.grpc.netty.shaded.io.grpc.netty.NettyClientHandler -- [id: 0xe80d8cc8, L:/127.0.0.1:55822 - R:localhost/127.0.0.1:34769] OUTBOUND WINDOW_UPDATE: streamId=0 windowSizeIncrement=983041
13:28:37.041 [grpc-default-worker-ELG-3-8] DEBUG io.grpc.netty.shaded.io.grpc.netty.NettyServerHandler -- [id: 0x7faad4b8, L:/127.0.0.1:40163 - R:/127.0.0.1:41458] OUTBOUND WINDOW_UPDATE: streamId=0 windowSizeIncrement=983041
13:28:37.041 [grpc-default-worker-ELG-3-2] DEBUG io.grpc.netty.shaded.io.grpc.netty.NettyClientHandler -- [id: 0xf6e520e6, L:/127.0.0.1:49384 - R:localhost/127.0.0.1:46345] OUTBOUND WINDOW_UPDATE: streamId=0 windowSizeIncrement=983041
13:28:37.041 [grpc-default-worker-ELG-3-5] DEBUG io.grpc.netty.shaded.io.grpc.netty.NettyServerHandler -- [id: 0x92aafe53, L:/127.0.0.1:46345 - R:/127.0.0.1:49382] OUTBOUND WINDOW_UPDATE: streamId=0 windowSizeIncrement=983041
13:28:37.045 [grpc-default-worker-ELG-3-8] DEBUG io.grpc.netty.shaded.io.grpc.netty.NettyClientHandler -- [id: 0x74db53bb, L:/127.0.0.1:41472 - R:localhost/127.0.0.1:40163] OUTBOUND SETTINGS: ack=false settings={ENABLE_PUSH=0, MAX_CONCURRENT_STREAMS=0, INITIAL_WINDOW_SIZE=1048576, MAX_HEADER_LIST_SIZE=8192}
13:28:37.041 [grpc-default-worker-ELG-3-3] DEBUG io.grpc.netty.shaded.io.grpc.netty.NettyServerHandler -- [id: 0x7bd8ce48, L:/127.0.0.1:34769 - R:/127.0.0.1:55822] OUTBOUND WINDOW_UPDATE: streamId=0 windowSizeIncrement=983041
13:28:37.046 [grpc-default-worker-ELG-3-8] DEBUG io.grpc.netty.shaded.io.grpc.netty.NettyClientHandler -- [id: 0x74db53bb, L:/127.0.0.1:41472 - R:localhost/127.0.0.1:40163] OUTBOUND WINDOW_UPDATE: streamId=0 windowSizeIncrement=983041
13:28:37.046 [grpc-default-worker-ELG-3-5] DEBUG io.grpc.netty.shaded.io.grpc.netty.NettyClientHandler -- [id: 0x48473199, L:/127.0.0.1:41458 - R:localhost/127.0.0.1:40163] OUTBOUND SETTINGS: ack=false settings={ENABLE_PUSH=0, MAX_CONCURRENT_STREAMS=0, INITIAL_WINDOW_SIZE=1048576, MAX_HEADER_LIST_SIZE=8192}
13:28:37.047 [grpc-default-worker-ELG-3-5] DEBUG io.grpc.netty.shaded.io.grpc.netty.NettyClientHandler -- [id: 0x48473199, L:/127.0.0.1:41458 - R:localhost/127.0.0.1:40163] OUTBOUND WINDOW_UPDATE: streamId=0 windowSizeIncrement=983041
13:28:37.045 [grpc-default-worker-ELG-3-6] DEBUG io.grpc.netty.shaded.io.grpc.netty.NettyClientHandler -- [id: 0xc005882b, L:/127.0.0.1:55838 - R:localhost/127.0.0.1:34769] OUTBOUND SETTINGS: ack=false settings={ENABLE_PUSH=0, MAX_CONCURRENT_STREAMS=0, INITIAL_WINDOW_SIZE=1048576, MAX_HEADER_LIST_SIZE=8192}
13:28:37.046 [grpc-default-worker-ELG-3-7] DEBUG io.grpc.netty.shaded.io.grpc.netty.NettyClientHandler -- [id: 0x9bef6dcf, L:/127.0.0.1:49382 - R:localhost/127.0.0.1:46345] OUTBOUND SETTINGS: ack=false settings={ENABLE_PUSH=0, MAX_CONCURRENT_STREAMS=0, INITIAL_WINDOW_SIZE=1048576, MAX_HEADER_LIST_SIZE=8192}
13:28:37.048 [grpc-default-worker-ELG-3-6] DEBUG io.grpc.netty.shaded.io.grpc.netty.NettyClientHandler -- [id: 0xc005882b, L:/127.0.0.1:55838 - R:localhost/127.0.0.1:34769] OUTBOUND WINDOW_UPDATE: streamId=0 windowSizeIncrement=983041
13:28:37.048 [grpc-default-worker-ELG-3-7] DEBUG io.grpc.netty.shaded.io.grpc.netty.NettyClientHandler -- [id: 0x9bef6dcf, L:/127.0.0.1:49382 - R:localhost/127.0.0.1:46345] OUTBOUND WINDOW_UPDATE: streamId=0 windowSizeIncrement=983041
13:28:37.050 [grpc-default-worker-ELG-3-2] DEBUG io.grpc.netty.shaded.io.grpc.netty.NettyClientHandler -- [id: 0xf6e520e6, L:/127.0.0.1:49384 - R:localhost/127.0.0.1:46345] INBOUND SETTINGS: ack=false settings={MAX_CONCURRENT_STREAMS=2147483647, INITIAL_WINDOW_SIZE=1048576, MAX_HEADER_LIST_SIZE=8192}
13:28:37.050 [grpc-default-worker-ELG-3-4] DEBUG io.grpc.netty.shaded.io.grpc.netty.NettyServerHandler -- [id: 0xbf07409a, L:/127.0.0.1:34769 - R:/127.0.0.1:55838] INBOUND SETTINGS: ack=false settings={ENABLE_PUSH=0, MAX_CONCURRENT_STREAMS=0, INITIAL_WINDOW_SIZE=1048576, MAX_HEADER_LIST_SIZE=8192}
13:28:37.051 [grpc-default-worker-ELG-3-7] DEBUG io.grpc.netty.shaded.io.grpc.netty.NettyServerHandler -- [id: 0x1f1c4ef0, L:/127.0.0.1:40163 - R:/127.0.0.1:41472] INBOUND SETTINGS: ack=false settings={ENABLE_PUSH=0, MAX_CONCURRENT_STREAMS=0, INITIAL_WINDOW_SIZE=1048576, MAX_HEADER_LIST_SIZE=8192}
13:28:37.052 [grpc-default-worker-ELG-3-7] DEBUG io.grpc.netty.shaded.io.grpc.netty.NettyServerHandler -- [id: 0x1f1c4ef0, L:/127.0.0.1:40163 - R:/127.0.0.1:41472] OUTBOUND SETTINGS: ack=true
13:28:37.050 [grpc-default-worker-ELG-3-5] DEBUG io.grpc.netty.shaded.io.grpc.netty.NettyClientHandler -- [id: 0x48473199, L:/127.0.0.1:41458 - R:localhost/127.0.0.1:40163] INBOUND SETTINGS: ack=false settings={MAX_CONCURRENT_STREAMS=2147483647, INITIAL_WINDOW_SIZE=1048576, MAX_HEADER_LIST_SIZE=8192}
13:28:37.050 [grpc-default-worker-ELG-3-1] DEBUG io.grpc.netty.shaded.io.grpc.netty.NettyClientHandler -- [id: 0xe80d8cc8, L:/127.0.0.1:55822 - R:localhost/127.0.0.1:34769] INBOUND SETTINGS: ack=false settings={MAX_CONCURRENT_STREAMS=2147483647, INITIAL_WINDOW_SIZE=1048576, MAX_HEADER_LIST_SIZE=8192}
13:28:37.050 [grpc-default-worker-ELG-3-3] DEBUG io.grpc.netty.shaded.io.grpc.netty.NettyServerHandler -- [id: 0x7bd8ce48, L:/127.0.0.1:34769 - R:/127.0.0.1:55822] INBOUND SETTINGS: ack=false settings={ENABLE_PUSH=0, MAX_CONCURRENT_STREAMS=0, INITIAL_WINDOW_SIZE=1048576, MAX_HEADER_LIST_SIZE=8192}
13:28:37.050 [grpc-default-worker-ELG-3-8] DEBUG io.grpc.netty.shaded.io.grpc.netty.NettyServerHandler -- [id: 0x7faad4b8, L:/127.0.0.1:40163 - R:/127.0.0.1:41458] INBOUND SETTINGS: ack=false settings={ENABLE_PUSH=0, MAX_CONCURRENT_STREAMS=0, INITIAL_WINDOW_SIZE=1048576, MAX_HEADER_LIST_SIZE=8192}
13:28:37.051 [grpc-default-worker-ELG-3-6] DEBUG io.grpc.netty.shaded.io.grpc.netty.NettyServerHandler -- [id: 0x3bf6b111, L:/127.0.0.1:46345 - R:/127.0.0.1:49384] INBOUND SETTINGS: ack=false settings={ENABLE_PUSH=0, MAX_CONCURRENT_STREAMS=0, INITIAL_WINDOW_SIZE=1048576, MAX_HEADER_LIST_SIZE=8192}
13:28:37.052 [grpc-default-worker-ELG-3-4] DEBUG io.grpc.netty.shaded.io.grpc.netty.NettyServerHandler -- [id: 0xbf07409a, L:/127.0.0.1:34769 - R:/127.0.0.1:55838] OUTBOUND SETTINGS: ack=true
13:28:37.052 [grpc-default-worker-ELG-3-2] DEBUG io.grpc.netty.shaded.io.grpc.netty.NettyClientHandler -- [id: 0xf6e520e6, L:/127.0.0.1:49384 - R:localhost/127.0.0.1:46345] OUTBOUND SETTINGS: ack=true
13:28:37.053 [grpc-default-worker-ELG-3-5] DEBUG io.grpc.netty.shaded.io.grpc.netty.NettyClientHandler -- [id: 0x48473199, L:/127.0.0.1:41458 - R:localhost/127.0.0.1:40163] OUTBOUND SETTINGS: ack=true
13:28:37.054 [grpc-default-worker-ELG-3-4] DEBUG io.grpc.netty.shaded.io.grpc.netty.NettyServerHandler -- [id: 0xbf07409a, L:/127.0.0.1:34769 - R:/127.0.0.1:55838] INBOUND WINDOW_UPDATE: streamId=0 windowSizeIncrement=983041
13:28:37.053 [grpc-default-worker-ELG-3-1] DEBUG io.grpc.netty.shaded.io.grpc.netty.NettyClientHandler -- [id: 0xe80d8cc8, L:/127.0.0.1:55822 - R:localhost/127.0.0.1:34769] OUTBOUND SETTINGS: ack=true
13:28:37.053 [grpc-default-worker-ELG-3-3] DEBUG io.grpc.netty.shaded.io.grpc.netty.NettyServerHandler -- [id: 0x7bd8ce48, L:/127.0.0.1:34769 - R:/127.0.0.1:55822] OUTBOUND SETTINGS: ack=true
13:28:37.053 [grpc-default-worker-ELG-3-8] DEBUG io.grpc.netty.shaded.io.grpc.netty.NettyServerHandler -- [id: 0x7faad4b8, L:/127.0.0.1:40163 - R:/127.0.0.1:41458] OUTBOUND SETTINGS: ack=true
13:28:37.055 [grpc-default-worker-ELG-3-3] DEBUG io.grpc.netty.shaded.io.grpc.netty.NettyServerHandler -- [id: 0x7bd8ce48, L:/127.0.0.1:34769 - R:/127.0.0.1:55822] INBOUND WINDOW_UPDATE: streamId=0 windowSizeIncrement=983041
13:28:37.053 [grpc-default-worker-ELG-3-7] DEBUG io.grpc.netty.shaded.io.grpc.netty.NettyServerHandler -- [id: 0x1f1c4ef0, L:/127.0.0.1:40163 - R:/127.0.0.1:41472] INBOUND WINDOW_UPDATE: streamId=0 windowSizeIncrement=983041
13:28:37.056 [grpc-default-worker-ELG-3-7] DEBUG io.grpc.netty.shaded.io.grpc.netty.NettyClientHandler -- [id: 0x9bef6dcf, L:/127.0.0.1:49382 - R:localhost/127.0.0.1:46345] INBOUND SETTINGS: ack=false settings={MAX_CONCURRENT_STREAMS=2147483647, INITIAL_WINDOW_SIZE=1048576, MAX_HEADER_LIST_SIZE=8192}
13:28:37.056 [grpc-default-worker-ELG-3-7] DEBUG io.grpc.netty.shaded.io.grpc.netty.NettyClientHandler -- [id: 0x9bef6dcf, L:/127.0.0.1:49382 - R:localhost/127.0.0.1:46345] OUTBOUND SETTINGS: ack=true
13:28:37.053 [grpc-default-worker-ELG-3-6] DEBUG io.grpc.netty.shaded.io.grpc.netty.NettyServerHandler -- [id: 0x3bf6b111, L:/127.0.0.1:46345 - R:/127.0.0.1:49384] OUTBOUND SETTINGS: ack=true
13:28:37.055 [grpc-default-worker-ELG-3-8] DEBUG io.grpc.netty.shaded.io.grpc.netty.NettyServerHandler -- [id: 0x7faad4b8, L:/127.0.0.1:40163 - R:/127.0.0.1:41458] INBOUND WINDOW_UPDATE: streamId=0 windowSizeIncrement=983041
13:28:37.057 [grpc-default-worker-ELG-3-6] DEBUG io.grpc.netty.shaded.io.grpc.netty.NettyServerHandler -- [id: 0x3bf6b111, L:/127.0.0.1:46345 - R:/127.0.0.1:49384] INBOUND WINDOW_UPDATE: streamId=0 windowSizeIncrement=983041
13:28:37.058 [grpc-default-worker-ELG-3-8] DEBUG io.grpc.netty.shaded.io.grpc.netty.NettyClientHandler -- [id: 0x74db53bb, L:/127.0.0.1:41472 - R:localhost/127.0.0.1:40163] INBOUND SETTINGS: ack=false settings={MAX_CONCURRENT_STREAMS=2147483647, INITIAL_WINDOW_SIZE=1048576, MAX_HEADER_LIST_SIZE=8192}
13:28:37.058 [grpc-default-worker-ELG-3-6] DEBUG io.grpc.netty.shaded.io.grpc.netty.NettyClientHandler -- [id: 0xc005882b, L:/127.0.0.1:55838 - R:localhost/127.0.0.1:34769] INBOUND SETTINGS: ack=false settings={MAX_CONCURRENT_STREAMS=2147483647, INITIAL_WINDOW_SIZE=1048576, MAX_HEADER_LIST_SIZE=8192}
13:28:37.058 [grpc-default-worker-ELG-3-8] DEBUG io.grpc.netty.shaded.io.grpc.netty.NettyClientHandler -- [id: 0x74db53bb, L:/127.0.0.1:41472 - R:localhost/127.0.0.1:40163] OUTBOUND SETTINGS: ack=true
13:28:37.058 [grpc-default-worker-ELG-3-6] DEBUG io.grpc.netty.shaded.io.grpc.netty.NettyClientHandler -- [id: 0xc005882b, L:/127.0.0.1:55838 - R:localhost/127.0.0.1:34769] OUTBOUND SETTINGS: ack=true
13:28:37.073 [grpc-default-worker-ELG-3-1] DEBUG io.grpc.netty.shaded.io.grpc.netty.NettyClientHandler -- [id: 0xe80d8cc8, L:/127.0.0.1:55822 - R:localhost/127.0.0.1:34769] INBOUND WINDOW_UPDATE: streamId=0 windowSizeIncrement=983041
13:28:37.074 [grpc-default-worker-ELG-3-1] DEBUG io.grpc.netty.shaded.io.grpc.netty.NettyClientHandler -- [id: 0xe80d8cc8, L:/127.0.0.1:55822 - R:localhost/127.0.0.1:34769] INBOUND SETTINGS: ack=true
13:28:37.073 [grpc-default-worker-ELG-3-6] DEBUG io.grpc.netty.shaded.io.grpc.netty.NettyClientHandler -- [id: 0xc005882b, L:/127.0.0.1:55838 - R:localhost/127.0.0.1:34769] INBOUND WINDOW_UPDATE: streamId=0 windowSizeIncrement=983041
13:28:37.073 [grpc-default-worker-ELG-3-8] DEBUG io.grpc.netty.shaded.io.grpc.netty.NettyClientHandler -- [id: 0x74db53bb, L:/127.0.0.1:41472 - R:localhost/127.0.0.1:40163] INBOUND WINDOW_UPDATE: streamId=0 windowSizeIncrement=983041
13:28:37.074 [grpc-default-worker-ELG-3-6] DEBUG io.grpc.netty.shaded.io.grpc.netty.NettyClientHandler -- [id: 0xc005882b, L:/127.0.0.1:55838 - R:localhost/127.0.0.1:34769] INBOUND SETTINGS: ack=true
13:28:37.073 [grpc-default-worker-ELG-3-7] DEBUG io.grpc.netty.shaded.io.grpc.netty.NettyClientHandler -- [id: 0x9bef6dcf, L:/127.0.0.1:49382 - R:localhost/127.0.0.1:46345] INBOUND WINDOW_UPDATE: streamId=0 windowSizeIncrement=983041
13:28:37.073 [grpc-default-worker-ELG-3-2] DEBUG io.grpc.netty.shaded.io.grpc.netty.NettyClientHandler -- [id: 0xf6e520e6, L:/127.0.0.1:49384 - R:localhost/127.0.0.1:46345] INBOUND WINDOW_UPDATE: streamId=0 windowSizeIncrement=983041
13:28:37.075 [grpc-default-worker-ELG-3-6] DEBUG io.grpc.netty.shaded.io.grpc.netty.NettyServerHandler -- [id: 0x3bf6b111, L:/127.0.0.1:46345 - R:/127.0.0.1:49384] INBOUND SETTINGS: ack=true
13:28:37.073 [grpc-default-worker-ELG-3-5] DEBUG io.grpc.netty.shaded.io.grpc.netty.NettyClientHandler -- [id: 0x48473199, L:/127.0.0.1:41458 - R:localhost/127.0.0.1:40163] INBOUND WINDOW_UPDATE: streamId=0 windowSizeIncrement=983041
13:28:37.076 [grpc-default-worker-ELG-3-4] DEBUG io.grpc.netty.shaded.io.grpc.netty.NettyServerHandler -- [id: 0xbf07409a, L:/127.0.0.1:34769 - R:/127.0.0.1:55838] INBOUND SETTINGS: ack=true
13:28:37.076 [grpc-default-worker-ELG-3-5] DEBUG io.grpc.netty.shaded.io.grpc.netty.NettyServerHandler -- [id: 0x92aafe53, L:/127.0.0.1:46345 - R:/127.0.0.1:49382] INBOUND SETTINGS: ack=false settings={ENABLE_PUSH=0, MAX_CONCURRENT_STREAMS=0, INITIAL_WINDOW_SIZE=1048576, MAX_HEADER_LIST_SIZE=8192}
13:28:37.077 [grpc-default-worker-ELG-3-5] DEBUG io.grpc.netty.shaded.io.grpc.netty.NettyServerHandler -- [id: 0x92aafe53, L:/127.0.0.1:46345 - R:/127.0.0.1:49382] OUTBOUND SETTINGS: ack=true
13:28:37.077 [grpc-default-worker-ELG-3-5] DEBUG io.grpc.netty.shaded.io.grpc.netty.NettyServerHandler -- [id: 0x92aafe53, L:/127.0.0.1:46345 - R:/127.0.0.1:49382] INBOUND WINDOW_UPDATE: streamId=0 windowSizeIncrement=983041
13:28:37.077 [grpc-default-worker-ELG-3-5] DEBUG io.grpc.netty.shaded.io.grpc.netty.NettyServerHandler -- [id: 0x92aafe53, L:/127.0.0.1:46345 - R:/127.0.0.1:49382] INBOUND SETTINGS: ack=true
13:28:37.078 [grpc-default-worker-ELG-3-5] DEBUG io.grpc.netty.shaded.io.grpc.netty.NettyClientHandler -- [id: 0x48473199, L:/127.0.0.1:41458 - R:localhost/127.0.0.1:40163] INBOUND SETTINGS: ack=true
13:28:37.074 [grpc-default-worker-ELG-3-3] DEBUG io.grpc.netty.shaded.io.grpc.netty.NettyServerHandler -- [id: 0x7bd8ce48, L:/127.0.0.1:34769 - R:/127.0.0.1:55822] INBOUND SETTINGS: ack=true
13:28:37.074 [grpc-default-worker-ELG-3-8] DEBUG io.grpc.netty.shaded.io.grpc.netty.NettyClientHandler -- [id: 0x74db53bb, L:/127.0.0.1:41472 - R:localhost/127.0.0.1:40163] INBOUND SETTINGS: ack=true
13:28:37.075 [grpc-default-worker-ELG-3-2] DEBUG io.grpc.netty.shaded.io.grpc.netty.NettyClientHandler -- [id: 0xf6e520e6, L:/127.0.0.1:49384 - R:localhost/127.0.0.1:46345] INBOUND SETTINGS: ack=true
13:28:37.078 [grpc-default-worker-ELG-3-7] DEBUG io.grpc.netty.shaded.io.grpc.netty.NettyClientHandler -- [id: 0x9bef6dcf, L:/127.0.0.1:49382 - R:localhost/127.0.0.1:46345] INBOUND SETTINGS: ack=true
13:28:37.080 [grpc-default-worker-ELG-3-7] DEBUG io.grpc.netty.shaded.io.grpc.netty.NettyServerHandler -- [id: 0x1f1c4ef0, L:/127.0.0.1:40163 - R:/127.0.0.1:41472] INBOUND SETTINGS: ack=true
13:28:37.080 [grpc-default-worker-ELG-3-8] DEBUG io.grpc.netty.shaded.io.grpc.netty.NettyServerHandler -- [id: 0x7faad4b8, L:/127.0.0.1:40163 - R:/127.0.0.1:41458] INBOUND SETTINGS: ack=true
13:28:37.090 [grpc-default-worker-ELG-3-5] DEBUG io.grpc.netty.shaded.io.grpc.netty.NettyClientHandler -- [id: 0x48473199, L:/127.0.0.1:41458 - R:localhost/127.0.0.1:40163] OUTBOUND HEADERS: streamId=3 headers=GrpcHttp2OutboundHeaders[:authority: localhost:40163, :path: /raftkv.RaftService/RequestVote, :method: POST, :scheme: http, content-type: application/grpc, te: trailers, user-agent: grpc-java-netty/1.63.0, grpc-accept-encoding: gzip] streamDependency=0 weight=16 exclusive=false padding=0 endStream=false
13:28:37.090 [grpc-default-worker-ELG-3-1] DEBUG io.grpc.netty.shaded.io.grpc.netty.NettyClientHandler -- [id: 0xe80d8cc8, L:/127.0.0.1:55822 - R:localhost/127.0.0.1:34769] OUTBOUND HEADERS: streamId=3 headers=GrpcHttp2OutboundHeaders[:authority: localhost:34769, :path: /raftkv.RaftService/RequestVote, :method: POST, :scheme: http, content-type: application/grpc, te: trailers, user-agent: grpc-java-netty/1.63.0, grpc-accept-encoding: gzip] streamDependency=0 weight=16 exclusive=false padding=0 endStream=false
13:28:37.091 [grpc-default-worker-ELG-3-2] DEBUG io.grpc.netty.shaded.io.grpc.netty.NettyClientHandler -- [id: 0xf6e520e6, L:/127.0.0.1:49384 - R:localhost/127.0.0.1:46345] OUTBOUND HEADERS: streamId=3 headers=GrpcHttp2OutboundHeaders[:authority: localhost:46345, :path: /raftkv.RaftService/RequestVote, :method: POST, :scheme: http, content-type: application/grpc, te: trailers, user-agent: grpc-java-netty/1.63.0, grpc-accept-encoding: gzip] streamDependency=0 weight=16 exclusive=false padding=0 endStream=false
13:28:37.091 [grpc-default-worker-ELG-3-7] DEBUG io.grpc.netty.shaded.io.grpc.netty.NettyClientHandler -- [id: 0x9bef6dcf, L:/127.0.0.1:49382 - R:localhost/127.0.0.1:46345] OUTBOUND HEADERS: streamId=3 headers=GrpcHttp2OutboundHeaders[:authority: localhost:46345, :path: /raftkv.RaftService/RequestVote, :method: POST, :scheme: http, content-type: application/grpc, te: trailers, user-agent: grpc-java-netty/1.63.0, grpc-accept-encoding: gzip] streamDependency=0 weight=16 exclusive=false padding=0 endStream=false
13:28:37.092 [grpc-default-worker-ELG-3-8] DEBUG io.grpc.netty.shaded.io.grpc.netty.NettyClientHandler -- [id: 0x74db53bb, L:/127.0.0.1:41472 - R:localhost/127.0.0.1:40163] OUTBOUND HEADERS: streamId=3 headers=GrpcHttp2OutboundHeaders[:authority: localhost:40163, :path: /raftkv.RaftService/RequestVote, :method: POST, :scheme: http, content-type: application/grpc, te: trailers, user-agent: grpc-java-netty/1.63.0, grpc-accept-encoding: gzip] streamDependency=0 weight=16 exclusive=false padding=0 endStream=false
13:28:37.093 [grpc-default-worker-ELG-3-6] DEBUG io.grpc.netty.shaded.io.grpc.netty.NettyClientHandler -- [id: 0xc005882b, L:/127.0.0.1:55838 - R:localhost/127.0.0.1:34769] OUTBOUND HEADERS: streamId=3 headers=GrpcHttp2OutboundHeaders[:authority: localhost:34769, :path: /raftkv.RaftService/RequestVote, :method: POST, :scheme: http, content-type: application/grpc, te: trailers, user-agent: grpc-java-netty/1.63.0, grpc-accept-encoding: gzip] streamDependency=0 weight=16 exclusive=false padding=0 endStream=false
13:28:37.100 [grpc-default-worker-ELG-3-1] DEBUG io.grpc.netty.shaded.io.grpc.netty.NettyClientHandler -- [id: 0xe80d8cc8, L:/127.0.0.1:55822 - R:localhost/127.0.0.1:34769] OUTBOUND HEADERS: streamId=5 headers=GrpcHttp2OutboundHeaders[:authority: localhost:34769, :path: /raftkv.RaftService/RequestVote, :method: POST, :scheme: http, content-type: application/grpc, te: trailers, user-agent: grpc-java-netty/1.63.0, grpc-accept-encoding: gzip] streamDependency=0 weight=16 exclusive=false padding=0 endStream=false
13:28:37.100 [grpc-default-worker-ELG-3-2] DEBUG io.grpc.netty.shaded.io.grpc.netty.NettyClientHandler -- [id: 0xf6e520e6, L:/127.0.0.1:49384 - R:localhost/127.0.0.1:46345] OUTBOUND HEADERS: streamId=5 headers=GrpcHttp2OutboundHeaders[:authority: localhost:46345, :path: /raftkv.RaftService/RequestVote, :method: POST, :scheme: http, content-type: application/grpc, te: trailers, user-agent: grpc-java-netty/1.63.0, grpc-accept-encoding: gzip] streamDependency=0 weight=16 exclusive=false padding=0 endStream=false
13:28:37.100 [grpc-default-worker-ELG-3-5] DEBUG io.grpc.netty.shaded.io.grpc.netty.NettyClientHandler -- [id: 0x48473199, L:/127.0.0.1:41458 - R:localhost/127.0.0.1:40163] OUTBOUND HEADERS: streamId=5 headers=GrpcHttp2OutboundHeaders[:authority: localhost:40163, :path: /raftkv.RaftService/RequestVote, :method: POST, :scheme: http, content-type: application/grpc, te: trailers, user-agent: grpc-java-netty/1.63.0, grpc-accept-encoding: gzip] streamDependency=0 weight=16 exclusive=false padding=0 endStream=false
13:28:37.100 [grpc-default-worker-ELG-3-6] DEBUG io.grpc.netty.shaded.io.grpc.netty.NettyClientHandler -- [id: 0xc005882b, L:/127.0.0.1:55838 - R:localhost/127.0.0.1:34769] OUTBOUND HEADERS: streamId=5 headers=GrpcHttp2OutboundHeaders[:authority: localhost:34769, :path: /raftkv.RaftService/RequestVote, :method: POST, :scheme: http, content-type: application/grpc, te: trailers, user-agent: grpc-java-netty/1.63.0, grpc-accept-encoding: gzip] streamDependency=0 weight=16 exclusive=false padding=0 endStream=false
13:28:37.100 [grpc-default-worker-ELG-3-8] DEBUG io.grpc.netty.shaded.io.grpc.netty.NettyClientHandler -- [id: 0x74db53bb, L:/127.0.0.1:41472 - R:localhost/127.0.0.1:40163] OUTBOUND HEADERS: streamId=5 headers=GrpcHttp2OutboundHeaders[:authority: localhost:40163, :path: /raftkv.RaftService/RequestVote, :method: POST, :scheme: http, content-type: application/grpc, te: trailers, user-agent: grpc-java-netty/1.63.0, grpc-accept-encoding: gzip] streamDependency=0 weight=16 exclusive=false padding=0 endStream=false
13:28:37.102 [grpc-default-worker-ELG-3-5] DEBUG io.grpc.netty.shaded.io.grpc.netty.NettyClientHandler -- [id: 0x48473199, L:/127.0.0.1:41458 - R:localhost/127.0.0.1:40163] OUTBOUND HEADERS: streamId=7 headers=GrpcHttp2OutboundHeaders[:authority: localhost:40163, :path: /raftkv.RaftService/RequestVote, :method: POST, :scheme: http, content-type: application/grpc, te: trailers, user-agent: grpc-java-netty/1.63.0, grpc-accept-encoding: gzip] streamDependency=0 weight=16 exclusive=false padding=0 endStream=false
13:28:37.100 [grpc-default-worker-ELG-3-7] DEBUG io.grpc.netty.shaded.io.grpc.netty.NettyClientHandler -- [id: 0x9bef6dcf, L:/127.0.0.1:49382 - R:localhost/127.0.0.1:46345] OUTBOUND HEADERS: streamId=5 headers=GrpcHttp2OutboundHeaders[:authority: localhost:46345, :path: /raftkv.RaftService/RequestVote, :method: POST, :scheme: http, content-type: application/grpc, te: trailers, user-agent: grpc-java-netty/1.63.0, grpc-accept-encoding: gzip] streamDependency=0 weight=16 exclusive=false padding=0 endStream=false
13:28:37.102 [grpc-default-worker-ELG-3-1] DEBUG io.grpc.netty.shaded.io.grpc.netty.NettyClientHandler -- [id: 0xe80d8cc8, L:/127.0.0.1:55822 - R:localhost/127.0.0.1:34769] OUTBOUND HEADERS: streamId=7 headers=GrpcHttp2OutboundHeaders[:authority: localhost:34769, :path: /raftkv.RaftService/RequestVote, :method: POST, :scheme: http, content-type: application/grpc, te: trailers, user-agent: grpc-java-netty/1.63.0, grpc-accept-encoding: gzip] streamDependency=0 weight=16 exclusive=false padding=0 endStream=false
13:28:37.103 [grpc-default-worker-ELG-3-7] DEBUG io.grpc.netty.shaded.io.grpc.netty.NettyClientHandler -- [id: 0x9bef6dcf, L:/127.0.0.1:49382 - R:localhost/127.0.0.1:46345] OUTBOUND HEADERS: streamId=7 headers=GrpcHttp2OutboundHeaders[:authority: localhost:46345, :path: /raftkv.RaftService/RequestVote, :method: POST, :scheme: http, content-type: application/grpc, te: trailers, user-agent: grpc-java-netty/1.63.0, grpc-accept-encoding: gzip] streamDependency=0 weight=16 exclusive=false padding=0 endStream=false
13:28:37.102 [grpc-default-worker-ELG-3-6] DEBUG io.grpc.netty.shaded.io.grpc.netty.NettyClientHandler -- [id: 0xc005882b, L:/127.0.0.1:55838 - R:localhost/127.0.0.1:34769] OUTBOUND HEADERS: streamId=7 headers=GrpcHttp2OutboundHeaders[:authority: localhost:34769, :path: /raftkv.RaftService/RequestVote, :method: POST, :scheme: http, content-type: application/grpc, te: trailers, user-agent: grpc-java-netty/1.63.0, grpc-accept-encoding: gzip] streamDependency=0 weight=16 exclusive=false padding=0 endStream=false
13:28:37.106 [grpc-default-worker-ELG-3-8] DEBUG io.grpc.netty.shaded.io.grpc.netty.NettyClientHandler -- [id: 0x74db53bb, L:/127.0.0.1:41472 - R:localhost/127.0.0.1:40163] OUTBOUND HEADERS: streamId=7 headers=GrpcHttp2OutboundHeaders[:authority: localhost:40163, :path: /raftkv.RaftService/RequestVote, :method: POST, :scheme: http, content-type: application/grpc, te: trailers, user-agent: grpc-java-netty/1.63.0, grpc-accept-encoding: gzip] streamDependency=0 weight=16 exclusive=false padding=0 endStream=false
13:28:37.106 [grpc-default-worker-ELG-3-2] DEBUG io.grpc.netty.shaded.io.grpc.netty.NettyClientHandler -- [id: 0xf6e520e6, L:/127.0.0.1:49384 - R:localhost/127.0.0.1:46345] OUTBOUND HEADERS: streamId=7 headers=GrpcHttp2OutboundHeaders[:authority: localhost:46345, :path: /raftkv.RaftService/RequestVote, :method: POST, :scheme: http, content-type: application/grpc, te: trailers, user-agent: grpc-java-netty/1.63.0, grpc-accept-encoding: gzip] streamDependency=0 weight=16 exclusive=false padding=0 endStream=false
13:28:37.109 [grpc-default-worker-ELG-3-5] DEBUG io.grpc.netty.shaded.io.grpc.netty.NettyClientHandler -- [id: 0x48473199, L:/127.0.0.1:41458 - R:localhost/127.0.0.1:40163] OUTBOUND DATA: streamId=5 padding=0 endStream=true length=15 bytes=000000000a080112066e6f64652d31
13:28:37.109 [grpc-default-worker-ELG-3-6] DEBUG io.grpc.netty.shaded.io.grpc.netty.NettyClientHandler -- [id: 0xc005882b, L:/127.0.0.1:55838 - R:localhost/127.0.0.1:34769] OUTBOUND DATA: streamId=7 padding=0 endStream=true length=15 bytes=000000000a080312066e6f64652d31
13:28:37.111 [grpc-default-worker-ELG-3-5] DEBUG io.grpc.netty.shaded.io.grpc.netty.NettyClientHandler -- [id: 0x48473199, L:/127.0.0.1:41458 - R:localhost/127.0.0.1:40163] OUTBOUND DATA: streamId=3 padding=0 endStream=true length=15 bytes=000000000a080212066e6f64652d31
13:28:37.112 [grpc-default-worker-ELG-3-5] DEBUG io.grpc.netty.shaded.io.grpc.netty.NettyClientHandler -- [id: 0x48473199, L:/127.0.0.1:41458 - R:localhost/127.0.0.1:40163] OUTBOUND DATA: streamId=7 padding=0 endStream=true length=15 bytes=000000000a080312066e6f64652d31
13:28:37.109 [grpc-default-worker-ELG-3-1] DEBUG io.grpc.netty.shaded.io.grpc.netty.NettyClientHandler -- [id: 0xe80d8cc8, L:/127.0.0.1:55822 - R:localhost/127.0.0.1:34769] OUTBOUND DATA: streamId=7 padding=0 endStream=true length=15 bytes=000000000a080312066e6f64652d30
13:28:37.109 [grpc-default-worker-ELG-3-8] DEBUG io.grpc.netty.shaded.io.grpc.netty.NettyClientHandler -- [id: 0x74db53bb, L:/127.0.0.1:41472 - R:localhost/127.0.0.1:40163] OUTBOUND DATA: streamId=5 padding=0 endStream=true length=15 bytes=000000000a080212066e6f64652d32
13:28:37.109 [grpc-default-worker-ELG-3-2] DEBUG io.grpc.netty.shaded.io.grpc.netty.NettyClientHandler -- [id: 0xf6e520e6, L:/127.0.0.1:49384 - R:localhost/127.0.0.1:46345] OUTBOUND DATA: streamId=3 padding=0 endStream=true length=15 bytes=000000000a080112066e6f64652d32
13:28:37.110 [grpc-default-worker-ELG-3-7] DEBUG io.grpc.netty.shaded.io.grpc.netty.NettyClientHandler -- [id: 0x9bef6dcf, L:/127.0.0.1:49382 - R:localhost/127.0.0.1:46345] OUTBOUND DATA: streamId=3 padding=0 endStream=true length=15 bytes=000000000a080112066e6f64652d30
13:28:37.113 [grpc-default-worker-ELG-3-1] DEBUG io.grpc.netty.shaded.io.grpc.netty.NettyClientHandler -- [id: 0xe80d8cc8, L:/127.0.0.1:55822 - R:localhost/127.0.0.1:34769] OUTBOUND DATA: streamId=5 padding=0 endStream=true length=15 bytes=000000000a080212066e6f64652d30
13:28:37.113 [grpc-default-worker-ELG-3-7] DEBUG io.grpc.netty.shaded.io.grpc.netty.NettyClientHandler -- [id: 0x9bef6dcf, L:/127.0.0.1:49382 - R:localhost/127.0.0.1:46345] OUTBOUND DATA: streamId=5 padding=0 endStream=true length=15 bytes=000000000a080212066e6f64652d30
13:28:37.113 [grpc-default-worker-ELG-3-1] DEBUG io.grpc.netty.shaded.io.grpc.netty.NettyClientHandler -- [id: 0xe80d8cc8, L:/127.0.0.1:55822 - R:localhost/127.0.0.1:34769] OUTBOUND DATA: streamId=3 padding=0 endStream=true length=15 bytes=000000000a080112066e6f64652d30
13:28:37.113 [grpc-default-worker-ELG-3-7] DEBUG io.grpc.netty.shaded.io.grpc.netty.NettyClientHandler -- [id: 0x9bef6dcf, L:/127.0.0.1:49382 - R:localhost/127.0.0.1:46345] OUTBOUND DATA: streamId=7 padding=0 endStream=true length=15 bytes=000000000a080312066e6f64652d30
13:28:37.111 [grpc-default-worker-ELG-3-6] DEBUG io.grpc.netty.shaded.io.grpc.netty.NettyClientHandler -- [id: 0xc005882b, L:/127.0.0.1:55838 - R:localhost/127.0.0.1:34769] OUTBOUND DATA: streamId=5 padding=0 endStream=true length=15 bytes=000000000a080212066e6f64652d31
13:28:37.114 [grpc-default-worker-ELG-3-6] DEBUG io.grpc.netty.shaded.io.grpc.netty.NettyClientHandler -- [id: 0xc005882b, L:/127.0.0.1:55838 - R:localhost/127.0.0.1:34769] OUTBOUND DATA: streamId=3 padding=0 endStream=true length=15 bytes=000000000a080112066e6f64652d31
13:28:37.113 [grpc-default-worker-ELG-3-8] DEBUG io.grpc.netty.shaded.io.grpc.netty.NettyClientHandler -- [id: 0x74db53bb, L:/127.0.0.1:41472 - R:localhost/127.0.0.1:40163] OUTBOUND DATA: streamId=7 padding=0 endStream=true length=15 bytes=000000000a080312066e6f64652d32
13:28:37.113 [grpc-default-worker-ELG-3-2] DEBUG io.grpc.netty.shaded.io.grpc.netty.NettyClientHandler -- [id: 0xf6e520e6, L:/127.0.0.1:49384 - R:localhost/127.0.0.1:46345] OUTBOUND DATA: streamId=7 padding=0 endStream=true length=15 bytes=000000000a080312066e6f64652d32
13:28:37.115 [grpc-default-worker-ELG-3-8] DEBUG io.grpc.netty.shaded.io.grpc.netty.NettyClientHandler -- [id: 0x74db53bb, L:/127.0.0.1:41472 - R:localhost/127.0.0.1:40163] OUTBOUND DATA: streamId=3 padding=0 endStream=true length=15 bytes=000000000a080112066e6f64652d32
13:28:37.115 [grpc-default-worker-ELG-3-2] DEBUG io.grpc.netty.shaded.io.grpc.netty.NettyClientHandler -- [id: 0xf6e520e6, L:/127.0.0.1:49384 - R:localhost/127.0.0.1:46345] OUTBOUND DATA: streamId=5 padding=0 endStream=true length=15 bytes=000000000a080212066e6f64652d32
13:28:37.124 [grpc-default-worker-ELG-3-3] DEBUG io.grpc.netty.shaded.io.grpc.netty.NettyServerHandler -- [id: 0x7bd8ce48, L:/127.0.0.1:34769 - R:/127.0.0.1:55822] INBOUND HEADERS: streamId=3 headers=GrpcHttp2RequestHeaders[:path: /raftkv.RaftService/RequestVote, :authority: localhost:34769, :method: POST, :scheme: http, te: trailers, content-type: application/grpc, user-agent: grpc-java-netty/1.63.0, grpc-accept-encoding: gzip] streamDependency=0 weight=16 exclusive=false padding=0 endStream=false
13:28:37.124 [grpc-default-worker-ELG-3-4] DEBUG io.grpc.netty.shaded.io.grpc.netty.NettyServerHandler -- [id: 0xbf07409a, L:/127.0.0.1:34769 - R:/127.0.0.1:55838] INBOUND HEADERS: streamId=3 headers=GrpcHttp2RequestHeaders[:path: /raftkv.RaftService/RequestVote, :authority: localhost:34769, :method: POST, :scheme: http, te: trailers, content-type: application/grpc, user-agent: grpc-java-netty/1.63.0, grpc-accept-encoding: gzip] streamDependency=0 weight=16 exclusive=false padding=0 endStream=false
13:28:37.124 [grpc-default-worker-ELG-3-8] DEBUG io.grpc.netty.shaded.io.grpc.netty.NettyServerHandler -- [id: 0x7faad4b8, L:/127.0.0.1:40163 - R:/127.0.0.1:41458] INBOUND HEADERS: streamId=3 headers=GrpcHttp2RequestHeaders[:path: /raftkv.RaftService/RequestVote, :authority: localhost:40163, :method: POST, :scheme: http, te: trailers, content-type: application/grpc, user-agent: grpc-java-netty/1.63.0, grpc-accept-encoding: gzip] streamDependency=0 weight=16 exclusive=false padding=0 endStream=false
13:28:37.124 [grpc-default-worker-ELG-3-5] DEBUG io.grpc.netty.shaded.io.grpc.netty.NettyServerHandler -- [id: 0x92aafe53, L:/127.0.0.1:46345 - R:/127.0.0.1:49382] INBOUND HEADERS: streamId=3 headers=GrpcHttp2RequestHeaders[:path: /raftkv.RaftService/RequestVote, :authority: localhost:46345, :method: POST, :scheme: http, te: trailers, content-type: application/grpc, user-agent: grpc-java-netty/1.63.0, grpc-accept-encoding: gzip] streamDependency=0 weight=16 exclusive=false padding=0 endStream=false
13:28:37.124 [grpc-default-worker-ELG-3-6] DEBUG io.grpc.netty.shaded.io.grpc.netty.NettyServerHandler -- [id: 0x3bf6b111, L:/127.0.0.1:46345 - R:/127.0.0.1:49384] INBOUND HEADERS: streamId=3 headers=GrpcHttp2RequestHeaders[:path: /raftkv.RaftService/RequestVote, :authority: localhost:46345, :method: POST, :scheme: http, te: trailers, content-type: application/grpc, user-agent: grpc-java-netty/1.63.0, grpc-accept-encoding: gzip] streamDependency=0 weight=16 exclusive=false padding=0 endStream=false
13:28:37.124 [grpc-default-worker-ELG-3-7] DEBUG io.grpc.netty.shaded.io.grpc.netty.NettyServerHandler -- [id: 0x1f1c4ef0, L:/127.0.0.1:40163 - R:/127.0.0.1:41472] INBOUND HEADERS: streamId=3 headers=GrpcHttp2RequestHeaders[:path: /raftkv.RaftService/RequestVote, :authority: localhost:40163, :method: POST, :scheme: http, te: trailers, content-type: application/grpc, user-agent: grpc-java-netty/1.63.0, grpc-accept-encoding: gzip] streamDependency=0 weight=16 exclusive=false padding=0 endStream=false
13:28:37.139 [grpc-default-worker-ELG-3-4] DEBUG io.grpc.netty.shaded.io.grpc.netty.NettyServerHandler -- [id: 0xbf07409a, L:/127.0.0.1:34769 - R:/127.0.0.1:55838] INBOUND HEADERS: streamId=5 headers=GrpcHttp2RequestHeaders[:path: /raftkv.RaftService/RequestVote, :authority: localhost:34769, :method: POST, :scheme: http, te: trailers, content-type: application/grpc, user-agent: grpc-java-netty/1.63.0, grpc-accept-encoding: gzip] streamDependency=0 weight=16 exclusive=false padding=0 endStream=false
13:28:37.139 [grpc-default-worker-ELG-3-5] DEBUG io.grpc.netty.shaded.io.grpc.netty.NettyServerHandler -- [id: 0x92aafe53, L:/127.0.0.1:46345 - R:/127.0.0.1:49382] INBOUND HEADERS: streamId=5 headers=GrpcHttp2RequestHeaders[:path: /raftkv.RaftService/RequestVote, :authority: localhost:46345, :method: POST, :scheme: http, te: trailers, content-type: application/grpc, user-agent: grpc-java-netty/1.63.0, grpc-accept-encoding: gzip] streamDependency=0 weight=16 exclusive=false padding=0 endStream=false
13:28:37.139 [grpc-default-worker-ELG-3-8] DEBUG io.grpc.netty.shaded.io.grpc.netty.NettyServerHandler -- [id: 0x7faad4b8, L:/127.0.0.1:40163 - R:/127.0.0.1:41458] INBOUND HEADERS: streamId=5 headers=GrpcHttp2RequestHeaders[:path: /raftkv.RaftService/RequestVote, :authority: localhost:40163, :method: POST, :scheme: http, te: trailers, content-type: application/grpc, user-agent: grpc-java-netty/1.63.0, grpc-accept-encoding: gzip] streamDependency=0 weight=16 exclusive=false padding=0 endStream=false
13:28:37.140 [grpc-default-worker-ELG-3-7] DEBUG io.grpc.netty.shaded.io.grpc.netty.NettyServerHandler -- [id: 0x1f1c4ef0, L:/127.0.0.1:40163 - R:/127.0.0.1:41472] INBOUND HEADERS: streamId=5 headers=GrpcHttp2RequestHeaders[:path: /raftkv.RaftService/RequestVote, :authority: localhost:40163, :method: POST, :scheme: http, te: trailers, content-type: application/grpc, user-agent: grpc-java-netty/1.63.0, grpc-accept-encoding: gzip] streamDependency=0 weight=16 exclusive=false padding=0 endStream=false
13:28:37.140 [grpc-default-worker-ELG-3-4] DEBUG io.grpc.netty.shaded.io.grpc.netty.NettyServerHandler -- [id: 0xbf07409a, L:/127.0.0.1:34769 - R:/127.0.0.1:55838] INBOUND HEADERS: streamId=7 headers=GrpcHttp2RequestHeaders[:path: /raftkv.RaftService/RequestVote, :authority: localhost:34769, :method: POST, :scheme: http, te: trailers, content-type: application/grpc, user-agent: grpc-java-netty/1.63.0, grpc-accept-encoding: gzip] streamDependency=0 weight=16 exclusive=false padding=0 endStream=false
13:28:37.141 [grpc-default-worker-ELG-3-8] DEBUG io.grpc.netty.shaded.io.grpc.netty.NettyServerHandler -- [id: 0x7faad4b8, L:/127.0.0.1:40163 - R:/127.0.0.1:41458] INBOUND HEADERS: streamId=7 headers=GrpcHttp2RequestHeaders[:path: /raftkv.RaftService/RequestVote, :authority: localhost:40163, :method: POST, :scheme: http, te: trailers, content-type: application/grpc, user-agent: grpc-java-netty/1.63.0, grpc-accept-encoding: gzip] streamDependency=0 weight=16 exclusive=false padding=0 endStream=false
13:28:37.141 [grpc-default-worker-ELG-3-7] DEBUG io.grpc.netty.shaded.io.grpc.netty.NettyServerHandler -- [id: 0x1f1c4ef0, L:/127.0.0.1:40163 - R:/127.0.0.1:41472] INBOUND HEADERS: streamId=7 headers=GrpcHttp2RequestHeaders[:path: /raftkv.RaftService/RequestVote, :authority: localhost:40163, :method: POST, :scheme: http, te: trailers, content-type: application/grpc, user-agent: grpc-java-netty/1.63.0, grpc-accept-encoding: gzip] streamDependency=0 weight=16 exclusive=false padding=0 endStream=false
13:28:37.141 [grpc-default-worker-ELG-3-8] DEBUG io.grpc.netty.shaded.io.grpc.netty.NettyServerHandler -- [id: 0x7faad4b8, L:/127.0.0.1:40163 - R:/127.0.0.1:41458] INBOUND DATA: streamId=5 padding=0 endStream=true length=15 bytes=000000000a080112066e6f64652d31
13:28:37.139 [grpc-default-worker-ELG-3-3] DEBUG io.grpc.netty.shaded.io.grpc.netty.NettyServerHandler -- [id: 0x7bd8ce48, L:/127.0.0.1:34769 - R:/127.0.0.1:55822] INBOUND HEADERS: streamId=5 headers=GrpcHttp2RequestHeaders[:path: /raftkv.RaftService/RequestVote, :authority: localhost:34769, :method: POST, :scheme: http, te: trailers, content-type: application/grpc, user-agent: grpc-java-netty/1.63.0, grpc-accept-encoding: gzip] streamDependency=0 weight=16 exclusive=false padding=0 endStream=false
13:28:37.142 [grpc-default-worker-ELG-3-8] DEBUG io.grpc.netty.shaded.io.grpc.netty.NettyServerHandler -- [id: 0x7faad4b8, L:/127.0.0.1:40163 - R:/127.0.0.1:41458] OUTBOUND PING: ack=false bytes=1234
13:28:37.140 [grpc-default-worker-ELG-3-5] DEBUG io.grpc.netty.shaded.io.grpc.netty.NettyServerHandler -- [id: 0x92aafe53, L:/127.0.0.1:46345 - R:/127.0.0.1:49382] INBOUND HEADERS: streamId=7 headers=GrpcHttp2RequestHeaders[:path: /raftkv.RaftService/RequestVote, :authority: localhost:46345, :method: POST, :scheme: http, te: trailers, content-type: application/grpc, user-agent: grpc-java-netty/1.63.0, grpc-accept-encoding: gzip] streamDependency=0 weight=16 exclusive=false padding=0 endStream=false
13:28:37.142 [grpc-default-worker-ELG-3-3] DEBUG io.grpc.netty.shaded.io.grpc.netty.NettyServerHandler -- [id: 0x7bd8ce48, L:/127.0.0.1:34769 - R:/127.0.0.1:55822] INBOUND HEADERS: streamId=7 headers=GrpcHttp2RequestHeaders[:path: /raftkv.RaftService/RequestVote, :authority: localhost:34769, :method: POST, :scheme: http, te: trailers, content-type: application/grpc, user-agent: grpc-java-netty/1.63.0, grpc-accept-encoding: gzip] streamDependency=0 weight=16 exclusive=false padding=0 endStream=false
13:28:37.140 [grpc-default-worker-ELG-3-6] DEBUG io.grpc.netty.shaded.io.grpc.netty.NettyServerHandler -- [id: 0x3bf6b111, L:/127.0.0.1:46345 - R:/127.0.0.1:49384] INBOUND HEADERS: streamId=5 headers=GrpcHttp2RequestHeaders[:path: /raftkv.RaftService/RequestVote, :authority: localhost:46345, :method: POST, :scheme: http, te: trailers, content-type: application/grpc, user-agent: grpc-java-netty/1.63.0, grpc-accept-encoding: gzip] streamDependency=0 weight=16 exclusive=false padding=0 endStream=false
13:28:37.143 [grpc-default-worker-ELG-3-7] DEBUG io.grpc.netty.shaded.io.grpc.netty.NettyServerHandler -- [id: 0x1f1c4ef0, L:/127.0.0.1:40163 - R:/127.0.0.1:41472] INBOUND DATA: streamId=5 padding=0 endStream=true length=15 bytes=000000000a080212066e6f64652d32
13:28:37.143 [grpc-default-worker-ELG-3-7] DEBUG io.grpc.netty.shaded.io.grpc.netty.NettyServerHandler -- [id: 0x1f1c4ef0, L:/127.0.0.1:40163 - R:/127.0.0.1:41472] OUTBOUND PING: ack=false bytes=1234
13:28:37.144 [grpc-default-worker-ELG-3-7] DEBUG io.grpc.netty.shaded.io.grpc.netty.NettyServerHandler -- [id: 0x1f1c4ef0, L:/127.0.0.1:40163 - R:/127.0.0.1:41472] INBOUND DATA: streamId=7 padding=0 endStream=true length=15 bytes=000000000a080312066e6f64652d32
13:28:37.144 [grpc-default-worker-ELG-3-7] DEBUG io.grpc.netty.shaded.io.grpc.netty.NettyServerHandler -- [id: 0x1f1c4ef0, L:/127.0.0.1:40163 - R:/127.0.0.1:41472] INBOUND DATA: streamId=3 padding=0 endStream=true length=15 bytes=000000000a080112066e6f64652d32
13:28:37.144 [grpc-default-worker-ELG-3-3] DEBUG io.grpc.netty.shaded.io.grpc.netty.NettyServerHandler -- [id: 0x7bd8ce48, L:/127.0.0.1:34769 - R:/127.0.0.1:55822] INBOUND DATA: streamId=7 padding=0 endStream=true length=15 bytes=000000000a080312066e6f64652d30
13:28:37.143 [grpc-default-worker-ELG-3-8] DEBUG io.grpc.netty.shaded.io.grpc.netty.NettyServerHandler -- [id: 0x7faad4b8, L:/127.0.0.1:40163 - R:/127.0.0.1:41458] INBOUND DATA: streamId=3 padding=0 endStream=true length=15 bytes=000000000a080212066e6f64652d31
13:28:37.145 [grpc-default-worker-ELG-3-3] DEBUG io.grpc.netty.shaded.io.grpc.netty.NettyServerHandler -- [id: 0x7bd8ce48, L:/127.0.0.1:34769 - R:/127.0.0.1:55822] OUTBOUND PING: ack=false bytes=1234
13:28:37.143 [grpc-default-worker-ELG-3-6] DEBUG io.grpc.netty.shaded.io.grpc.netty.NettyServerHandler -- [id: 0x3bf6b111, L:/127.0.0.1:46345 - R:/127.0.0.1:49384] INBOUND HEADERS: streamId=7 headers=GrpcHttp2RequestHeaders[:path: /raftkv.RaftService/RequestVote, :authority: localhost:46345, :method: POST, :scheme: http, te: trailers, content-type: application/grpc, user-agent: grpc-java-netty/1.63.0, grpc-accept-encoding: gzip] streamDependency=0 weight=16 exclusive=false padding=0 endStream=false
13:28:37.145 [grpc-default-worker-ELG-3-3] DEBUG io.grpc.netty.shaded.io.grpc.netty.NettyServerHandler -- [id: 0x7bd8ce48, L:/127.0.0.1:34769 - R:/127.0.0.1:55822] INBOUND DATA: streamId=5 padding=0 endStream=true length=15 bytes=000000000a080212066e6f64652d30
13:28:37.145 [grpc-default-worker-ELG-3-6] DEBUG io.grpc.netty.shaded.io.grpc.netty.NettyServerHandler -- [id: 0x3bf6b111, L:/127.0.0.1:46345 - R:/127.0.0.1:49384] INBOUND DATA: streamId=3 padding=0 endStream=true length=15 bytes=000000000a080112066e6f64652d32
13:28:37.145 [grpc-default-worker-ELG-3-4] DEBUG io.grpc.netty.shaded.io.grpc.netty.NettyServerHandler -- [id: 0xbf07409a, L:/127.0.0.1:34769 - R:/127.0.0.1:55838] INBOUND DATA: streamId=7 padding=0 endStream=true length=15 bytes=000000000a080312066e6f64652d31
13:28:37.145 [grpc-default-worker-ELG-3-6] DEBUG io.grpc.netty.shaded.io.grpc.netty.NettyServerHandler -- [id: 0x3bf6b111, L:/127.0.0.1:46345 - R:/127.0.0.1:49384] OUTBOUND PING: ack=false bytes=1234
13:28:37.146 [grpc-default-worker-ELG-3-6] DEBUG io.grpc.netty.shaded.io.grpc.netty.NettyServerHandler -- [id: 0x3bf6b111, L:/127.0.0.1:46345 - R:/127.0.0.1:49384] INBOUND DATA: streamId=7 padding=0 endStream=true length=15 bytes=000000000a080312066e6f64652d32
13:28:37.146 [grpc-default-worker-ELG-3-6] DEBUG io.grpc.netty.shaded.io.grpc.netty.NettyServerHandler -- [id: 0x3bf6b111, L:/127.0.0.1:46345 - R:/127.0.0.1:49384] INBOUND DATA: streamId=5 padding=0 endStream=true length=15 bytes=000000000a080212066e6f64652d32
13:28:37.144 [grpc-default-worker-ELG-3-5] DEBUG io.grpc.netty.shaded.io.grpc.netty.NettyServerHandler -- [id: 0x92aafe53, L:/127.0.0.1:46345 - R:/127.0.0.1:49382] INBOUND DATA: streamId=3 padding=0 endStream=true length=15 bytes=000000000a080112066e6f64652d30
13:28:37.145 [grpc-default-worker-ELG-3-8] DEBUG io.grpc.netty.shaded.io.grpc.netty.NettyServerHandler -- [id: 0x7faad4b8, L:/127.0.0.1:40163 - R:/127.0.0.1:41458] INBOUND DATA: streamId=7 padding=0 endStream=true length=15 bytes=000000000a080312066e6f64652d31
13:28:37.145 [grpc-default-worker-ELG-3-3] DEBUG io.grpc.netty.shaded.io.grpc.netty.NettyServerHandler -- [id: 0x7bd8ce48, L:/127.0.0.1:34769 - R:/127.0.0.1:55822] INBOUND DATA: streamId=3 padding=0 endStream=true length=15 bytes=000000000a080112066e6f64652d30
13:28:37.146 [grpc-default-worker-ELG-3-4] DEBUG io.grpc.netty.shaded.io.grpc.netty.NettyServerHandler -- [id: 0xbf07409a, L:/127.0.0.1:34769 - R:/127.0.0.1:55838] OUTBOUND PING: ack=false bytes=1234
13:28:37.147 [grpc-default-worker-ELG-3-5] DEBUG io.grpc.netty.shaded.io.grpc.netty.NettyServerHandler -- [id: 0x92aafe53, L:/127.0.0.1:46345 - R:/127.0.0.1:49382] OUTBOUND PING: ack=false bytes=1234
13:28:37.147 [grpc-default-worker-ELG-3-4] DEBUG io.grpc.netty.shaded.io.grpc.netty.NettyServerHandler -- [id: 0xbf07409a, L:/127.0.0.1:34769 - R:/127.0.0.1:55838] INBOUND DATA: streamId=5 padding=0 endStream=true length=15 bytes=000000000a080212066e6f64652d31
13:28:37.148 [grpc-default-worker-ELG-3-1] DEBUG io.grpc.netty.shaded.io.grpc.netty.NettyClientHandler -- [id: 0xe80d8cc8, L:/127.0.0.1:55822 - R:localhost/127.0.0.1:34769] INBOUND PING: ack=false bytes=1234
13:28:37.148 [grpc-default-worker-ELG-3-5] DEBUG io.grpc.netty.shaded.io.grpc.netty.NettyServerHandler -- [id: 0x92aafe53, L:/127.0.0.1:46345 - R:/127.0.0.1:49382] INBOUND DATA: streamId=5 padding=0 endStream=true length=15 bytes=000000000a080212066e6f64652d30
13:28:37.148 [grpc-default-worker-ELG-3-1] DEBUG io.grpc.netty.shaded.io.grpc.netty.NettyClientHandler -- [id: 0xe80d8cc8, L:/127.0.0.1:55822 - R:localhost/127.0.0.1:34769] OUTBOUND PING: ack=true bytes=1234
13:28:37.148 [grpc-default-worker-ELG-3-4] DEBUG io.grpc.netty.shaded.io.grpc.netty.NettyServerHandler -- [id: 0xbf07409a, L:/127.0.0.1:34769 - R:/127.0.0.1:55838] INBOUND DATA: streamId=3 padding=0 endStream=true length=15 bytes=000000000a080112066e6f64652d31
13:28:37.148 [grpc-default-worker-ELG-3-5] DEBUG io.grpc.netty.shaded.io.grpc.netty.NettyServerHandler -- [id: 0x92aafe53, L:/127.0.0.1:46345 - R:/127.0.0.1:49382] INBOUND DATA: streamId=7 padding=0 endStream=true length=15 bytes=000000000a080312066e6f64652d30
13:28:37.149 [grpc-default-worker-ELG-3-2] DEBUG io.grpc.netty.shaded.io.grpc.netty.NettyClientHandler -- [id: 0xf6e520e6, L:/127.0.0.1:49384 - R:localhost/127.0.0.1:46345] INBOUND PING: ack=false bytes=1234
13:28:37.150 [grpc-default-worker-ELG-3-2] DEBUG io.grpc.netty.shaded.io.grpc.netty.NettyClientHandler -- [id: 0xf6e520e6, L:/127.0.0.1:49384 - R:localhost/127.0.0.1:46345] OUTBOUND PING: ack=true bytes=1234
13:28:37.153 [grpc-default-worker-ELG-3-6] DEBUG io.grpc.netty.shaded.io.grpc.netty.NettyClientHandler -- [id: 0xc005882b, L:/127.0.0.1:55838 - R:localhost/127.0.0.1:34769] INBOUND PING: ack=false bytes=1234
13:28:37.153 [grpc-default-worker-ELG-3-8] DEBUG io.grpc.netty.shaded.io.grpc.netty.NettyClientHandler -- [id: 0x74db53bb, L:/127.0.0.1:41472 - R:localhost/127.0.0.1:40163] INBOUND PING: ack=false bytes=1234
13:28:37.154 [grpc-default-worker-ELG-3-8] DEBUG io.grpc.netty.shaded.io.grpc.netty.NettyClientHandler -- [id: 0x74db53bb, L:/127.0.0.1:41472 - R:localhost/127.0.0.1:40163] OUTBOUND PING: ack=true bytes=1234
13:28:37.154 [grpc-default-worker-ELG-3-5] DEBUG io.grpc.netty.shaded.io.grpc.netty.NettyClientHandler -- [id: 0x48473199, L:/127.0.0.1:41458 - R:localhost/127.0.0.1:40163] INBOUND PING: ack=false bytes=1234
13:28:37.154 [grpc-default-worker-ELG-3-7] DEBUG io.grpc.netty.shaded.io.grpc.netty.NettyClientHandler -- [id: 0x9bef6dcf, L:/127.0.0.1:49382 - R:localhost/127.0.0.1:46345] INBOUND PING: ack=false bytes=1234
13:28:37.154 [grpc-default-worker-ELG-3-7] DEBUG io.grpc.netty.shaded.io.grpc.netty.NettyClientHandler -- [id: 0x9bef6dcf, L:/127.0.0.1:49382 - R:localhost/127.0.0.1:46345] OUTBOUND PING: ack=true bytes=1234
13:28:37.155 [grpc-default-worker-ELG-3-7] DEBUG io.grpc.netty.shaded.io.grpc.netty.NettyServerHandler -- [id: 0x1f1c4ef0, L:/127.0.0.1:40163 - R:/127.0.0.1:41472] INBOUND PING: ack=true bytes=1234
13:28:37.153 [grpc-default-worker-ELG-3-6] DEBUG io.grpc.netty.shaded.io.grpc.netty.NettyClientHandler -- [id: 0xc005882b, L:/127.0.0.1:55838 - R:localhost/127.0.0.1:34769] OUTBOUND PING: ack=true bytes=1234
13:28:37.154 [grpc-default-worker-ELG-3-5] DEBUG io.grpc.netty.shaded.io.grpc.netty.NettyClientHandler -- [id: 0x48473199, L:/127.0.0.1:41458 - R:localhost/127.0.0.1:40163] OUTBOUND PING: ack=true bytes=1234
13:28:37.157 [grpc-default-worker-ELG-3-6] DEBUG io.grpc.netty.shaded.io.grpc.netty.NettyServerHandler -- [id: 0x3bf6b111, L:/127.0.0.1:46345 - R:/127.0.0.1:49384] INBOUND PING: ack=true bytes=1234
13:28:37.157 [grpc-default-worker-ELG-3-5] DEBUG io.grpc.netty.shaded.io.grpc.netty.NettyServerHandler -- [id: 0x92aafe53, L:/127.0.0.1:46345 - R:/127.0.0.1:49382] INBOUND PING: ack=true bytes=1234
13:28:37.154 [grpc-default-worker-ELG-3-3] DEBUG io.grpc.netty.shaded.io.grpc.netty.NettyServerHandler -- [id: 0x7bd8ce48, L:/127.0.0.1:34769 - R:/127.0.0.1:55822] INBOUND PING: ack=true bytes=1234
13:28:37.157 [grpc-default-worker-ELG-3-4] DEBUG io.grpc.netty.shaded.io.grpc.netty.NettyServerHandler -- [id: 0xbf07409a, L:/127.0.0.1:34769 - R:/127.0.0.1:55838] INBOUND PING: ack=true bytes=1234
13:28:37.158 [grpc-default-worker-ELG-3-8] DEBUG io.grpc.netty.shaded.io.grpc.netty.NettyServerHandler -- [id: 0x7faad4b8, L:/127.0.0.1:40163 - R:/127.0.0.1:41458] INBOUND PING: ack=true bytes=1234
13:28:37.161 [grpc-default-worker-ELG-3-5] DEBUG io.grpc.netty.shaded.io.grpc.netty.NettyServerHandler -- [id: 0x92aafe53, L:/127.0.0.1:46345 - R:/127.0.0.1:49382] OUTBOUND HEADERS: streamId=7 headers=GrpcHttp2OutboundHeaders[:status: 200, content-type: application/grpc, grpc-encoding: identity, grpc-accept-encoding: gzip] padding=0 endStream=false
13:28:37.161 [grpc-default-worker-ELG-3-3] DEBUG io.grpc.netty.shaded.io.grpc.netty.NettyServerHandler -- [id: 0x7bd8ce48, L:/127.0.0.1:34769 - R:/127.0.0.1:55822] OUTBOUND HEADERS: streamId=5 headers=GrpcHttp2OutboundHeaders[:status: 200, content-type: application/grpc, grpc-encoding: identity, grpc-accept-encoding: gzip] padding=0 endStream=false
13:28:37.162 [grpc-default-worker-ELG-3-7] DEBUG io.grpc.netty.shaded.io.grpc.netty.NettyServerHandler -- [id: 0x1f1c4ef0, L:/127.0.0.1:40163 - R:/127.0.0.1:41472] OUTBOUND HEADERS: streamId=3 headers=GrpcHttp2OutboundHeaders[:status: 200, content-type: application/grpc, grpc-encoding: identity, grpc-accept-encoding: gzip] padding=0 endStream=false
13:28:37.162 [grpc-default-worker-ELG-3-4] DEBUG io.grpc.netty.shaded.io.grpc.netty.NettyServerHandler -- [id: 0xbf07409a, L:/127.0.0.1:34769 - R:/127.0.0.1:55838] OUTBOUND HEADERS: streamId=3 headers=GrpcHttp2OutboundHeaders[:status: 200, content-type: application/grpc, grpc-encoding: identity, grpc-accept-encoding: gzip] padding=0 endStream=false
13:28:37.162 [grpc-default-worker-ELG-3-8] DEBUG io.grpc.netty.shaded.io.grpc.netty.NettyServerHandler -- [id: 0x7faad4b8, L:/127.0.0.1:40163 - R:/127.0.0.1:41458] OUTBOUND HEADERS: streamId=7 headers=GrpcHttp2OutboundHeaders[:status: 200, content-type: application/grpc, grpc-encoding: identity, grpc-accept-encoding: gzip] padding=0 endStream=false
13:28:37.163 [grpc-default-worker-ELG-3-6] DEBUG io.grpc.netty.shaded.io.grpc.netty.NettyServerHandler -- [id: 0x3bf6b111, L:/127.0.0.1:46345 - R:/127.0.0.1:49384] OUTBOUND HEADERS: streamId=7 headers=GrpcHttp2OutboundHeaders[:status: 200, content-type: application/grpc, grpc-encoding: identity, grpc-accept-encoding: gzip] padding=0 endStream=false
13:28:37.164 [grpc-default-worker-ELG-3-5] DEBUG io.grpc.netty.shaded.io.grpc.netty.NettyServerHandler -- [id: 0x92aafe53, L:/127.0.0.1:46345 - R:/127.0.0.1:49382] OUTBOUND HEADERS: streamId=3 headers=GrpcHttp2OutboundHeaders[:status: 200, content-type: application/grpc, grpc-encoding: identity, grpc-accept-encoding: gzip] padding=0 endStream=false
13:28:37.164 [grpc-default-worker-ELG-3-3] DEBUG io.grpc.netty.shaded.io.grpc.netty.NettyServerHandler -- [id: 0x7bd8ce48, L:/127.0.0.1:34769 - R:/127.0.0.1:55822] OUTBOUND HEADERS: streamId=3 headers=GrpcHttp2OutboundHeaders[:status: 200, content-type: application/grpc, grpc-encoding: identity, grpc-accept-encoding: gzip] padding=0 endStream=false
13:28:37.163 [grpc-default-worker-ELG-3-8] DEBUG io.grpc.netty.shaded.io.grpc.netty.NettyServerHandler -- [id: 0x7faad4b8, L:/127.0.0.1:40163 - R:/127.0.0.1:41458] OUTBOUND HEADERS: streamId=3 headers=GrpcHttp2OutboundHeaders[:status: 200, content-type: application/grpc, grpc-encoding: identity, grpc-accept-encoding: gzip] padding=0 endStream=false
13:28:37.163 [grpc-default-worker-ELG-3-4] DEBUG io.grpc.netty.shaded.io.grpc.netty.NettyServerHandler -- [id: 0xbf07409a, L:/127.0.0.1:34769 - R:/127.0.0.1:55838] OUTBOUND HEADERS: streamId=7 headers=GrpcHttp2OutboundHeaders[:status: 200, content-type: application/grpc, grpc-encoding: identity, grpc-accept-encoding: gzip] padding=0 endStream=false
13:28:37.164 [grpc-default-worker-ELG-3-7] DEBUG io.grpc.netty.shaded.io.grpc.netty.NettyServerHandler -- [id: 0x1f1c4ef0, L:/127.0.0.1:40163 - R:/127.0.0.1:41472] OUTBOUND HEADERS: streamId=5 headers=GrpcHttp2OutboundHeaders[:status: 200, content-type: application/grpc, grpc-encoding: identity, grpc-accept-encoding: gzip] padding=0 endStream=false
13:28:37.165 [grpc-default-worker-ELG-3-4] DEBUG io.grpc.netty.shaded.io.grpc.netty.NettyServerHandler -- [id: 0xbf07409a, L:/127.0.0.1:34769 - R:/127.0.0.1:55838] OUTBOUND HEADERS: streamId=5 headers=GrpcHttp2OutboundHeaders[:status: 200, content-type: application/grpc, grpc-encoding: identity, grpc-accept-encoding: gzip] padding=0 endStream=false
13:28:37.165 [grpc-default-worker-ELG-3-7] DEBUG io.grpc.netty.shaded.io.grpc.netty.NettyServerHandler -- [id: 0x1f1c4ef0, L:/127.0.0.1:40163 - R:/127.0.0.1:41472] OUTBOUND HEADERS: streamId=7 headers=GrpcHttp2OutboundHeaders[:status: 200, content-type: application/grpc, grpc-encoding: identity, grpc-accept-encoding: gzip] padding=0 endStream=false
13:28:37.165 [grpc-default-worker-ELG-3-4] DEBUG io.grpc.netty.shaded.io.grpc.netty.NettyServerHandler -- [id: 0xbf07409a, L:/127.0.0.1:34769 - R:/127.0.0.1:55838] OUTBOUND DATA: streamId=3 padding=0 endStream=false length=7 bytes=00000000020803
13:28:37.166 [grpc-default-worker-ELG-3-7] DEBUG io.grpc.netty.shaded.io.grpc.netty.NettyServerHandler -- [id: 0x1f1c4ef0, L:/127.0.0.1:40163 - R:/127.0.0.1:41472] OUTBOUND DATA: streamId=3 padding=0 endStream=false length=7 bytes=00000000020803
13:28:37.166 [grpc-default-worker-ELG-3-4] DEBUG io.grpc.netty.shaded.io.grpc.netty.NettyServerHandler -- [id: 0xbf07409a, L:/127.0.0.1:34769 - R:/127.0.0.1:55838] OUTBOUND HEADERS: streamId=3 headers=GrpcHttp2OutboundHeaders[grpc-status: 0] padding=0 endStream=true
13:28:37.166 [grpc-default-worker-ELG-3-7] DEBUG io.grpc.netty.shaded.io.grpc.netty.NettyServerHandler -- [id: 0x1f1c4ef0, L:/127.0.0.1:40163 - R:/127.0.0.1:41472] OUTBOUND HEADERS: streamId=3 headers=GrpcHttp2OutboundHeaders[grpc-status: 0] padding=0 endStream=true
13:28:37.166 [grpc-default-worker-ELG-3-3] DEBUG io.grpc.netty.shaded.io.grpc.netty.NettyServerHandler -- [id: 0x7bd8ce48, L:/127.0.0.1:34769 - R:/127.0.0.1:55822] OUTBOUND HEADERS: streamId=7 headers=GrpcHttp2OutboundHeaders[:status: 200, content-type: application/grpc, grpc-encoding: identity, grpc-accept-encoding: gzip] padding=0 endStream=false
13:28:37.164 [grpc-default-worker-ELG-3-6] DEBUG io.grpc.netty.shaded.io.grpc.netty.NettyServerHandler -- [id: 0x3bf6b111, L:/127.0.0.1:46345 - R:/127.0.0.1:49384] OUTBOUND HEADERS: streamId=3 headers=GrpcHttp2OutboundHeaders[:status: 200, content-type: application/grpc, grpc-encoding: identity, grpc-accept-encoding: gzip] padding=0 endStream=false
13:28:37.164 [grpc-default-worker-ELG-3-5] DEBUG io.grpc.netty.shaded.io.grpc.netty.NettyServerHandler -- [id: 0x92aafe53, L:/127.0.0.1:46345 - R:/127.0.0.1:49382] OUTBOUND HEADERS: streamId=5 headers=GrpcHttp2OutboundHeaders[:status: 200, content-type: application/grpc, grpc-encoding: identity, grpc-accept-encoding: gzip] padding=0 endStream=false
13:28:37.165 [grpc-default-worker-ELG-3-8] DEBUG io.grpc.netty.shaded.io.grpc.netty.NettyServerHandler -- [id: 0x7faad4b8, L:/127.0.0.1:40163 - R:/127.0.0.1:41458] OUTBOUND HEADERS: streamId=5 headers=GrpcHttp2OutboundHeaders[:status: 200, content-type: application/grpc, grpc-encoding: identity, grpc-accept-encoding: gzip] padding=0 endStream=false
13:28:37.167 [grpc-default-worker-ELG-3-4] DEBUG io.grpc.netty.shaded.io.grpc.netty.NettyServerHandler -- [id: 0xbf07409a, L:/127.0.0.1:34769 - R:/127.0.0.1:55838] OUTBOUND DATA: streamId=5 padding=0 endStream=false length=7 bytes=00000000020803
13:28:37.167 [grpc-default-worker-ELG-3-6] DEBUG io.grpc.netty.shaded.io.grpc.netty.NettyServerHandler -- [id: 0x3bf6b111, L:/127.0.0.1:46345 - R:/127.0.0.1:49384] OUTBOUND HEADERS: streamId=5 headers=GrpcHttp2OutboundHeaders[:status: 200, content-type: application/grpc, grpc-encoding: identity, grpc-accept-encoding: gzip] padding=0 endStream=false
13:28:37.167 [grpc-default-worker-ELG-3-5] DEBUG io.grpc.netty.shaded.io.grpc.netty.NettyServerHandler -- [id: 0x92aafe53, L:/127.0.0.1:46345 - R:/127.0.0.1:49382] OUTBOUND DATA: streamId=7 padding=0 endStream=false length=7 bytes=00000000020803
13:28:37.168 [grpc-default-worker-ELG-3-8] DEBUG io.grpc.netty.shaded.io.grpc.netty.NettyServerHandler -- [id: 0x7faad4b8, L:/127.0.0.1:40163 - R:/127.0.0.1:41458] OUTBOUND DATA: streamId=7 padding=0 endStream=false length=7 bytes=00000000020803
13:28:37.168 [grpc-default-worker-ELG-3-6] DEBUG io.grpc.netty.shaded.io.grpc.netty.NettyServerHandler -- [id: 0x3bf6b111, L:/127.0.0.1:46345 - R:/127.0.0.1:49384] OUTBOUND DATA: streamId=7 padding=0 endStream=false length=7 bytes=00000000020803
13:28:37.168 [grpc-default-worker-ELG-3-8] DEBUG io.grpc.netty.shaded.io.grpc.netty.NettyServerHandler -- [id: 0x7faad4b8, L:/127.0.0.1:40163 - R:/127.0.0.1:41458] OUTBOUND HEADERS: streamId=7 headers=GrpcHttp2OutboundHeaders[grpc-status: 0] padding=0 endStream=true
13:28:37.168 [grpc-default-worker-ELG-3-7] DEBUG io.grpc.netty.shaded.io.grpc.netty.NettyServerHandler -- [id: 0x1f1c4ef0, L:/127.0.0.1:40163 - R:/127.0.0.1:41472] OUTBOUND DATA: streamId=7 padding=0 endStream=false length=7 bytes=00000000020803
13:28:37.168 [grpc-default-worker-ELG-3-8] DEBUG io.grpc.netty.shaded.io.grpc.netty.NettyServerHandler -- [id: 0x7faad4b8, L:/127.0.0.1:40163 - R:/127.0.0.1:41458] OUTBOUND DATA: streamId=5 padding=0 endStream=false length=7 bytes=00000000020803
13:28:37.168 [grpc-default-worker-ELG-3-7] DEBUG io.grpc.netty.shaded.io.grpc.netty.NettyServerHandler -- [id: 0x1f1c4ef0, L:/127.0.0.1:40163 - R:/127.0.0.1:41472] OUTBOUND HEADERS: streamId=7 headers=GrpcHttp2OutboundHeaders[grpc-status: 0] padding=0 endStream=true
13:28:37.169 [grpc-default-worker-ELG-3-8] DEBUG io.grpc.netty.shaded.io.grpc.netty.NettyServerHandler -- [id: 0x7faad4b8, L:/127.0.0.1:40163 - R:/127.0.0.1:41458] OUTBOUND HEADERS: streamId=5 headers=GrpcHttp2OutboundHeaders[grpc-status: 0] padding=0 endStream=true
13:28:37.169 [grpc-default-worker-ELG-3-7] DEBUG io.grpc.netty.shaded.io.grpc.netty.NettyServerHandler -- [id: 0x1f1c4ef0, L:/127.0.0.1:40163 - R:/127.0.0.1:41472] OUTBOUND DATA: streamId=5 padding=0 endStream=false length=7 bytes=00000000020803
13:28:37.169 [grpc-default-worker-ELG-3-8] DEBUG io.grpc.netty.shaded.io.grpc.netty.NettyServerHandler -- [id: 0x7faad4b8, L:/127.0.0.1:40163 - R:/127.0.0.1:41458] OUTBOUND DATA: streamId=3 padding=0 endStream=false length=7 bytes=00000000020803
13:28:37.169 [grpc-default-worker-ELG-3-7] DEBUG io.grpc.netty.shaded.io.grpc.netty.NettyServerHandler -- [id: 0x1f1c4ef0, L:/127.0.0.1:40163 - R:/127.0.0.1:41472] OUTBOUND HEADERS: streamId=5 headers=GrpcHttp2OutboundHeaders[grpc-status: 0] padding=0 endStream=true
13:28:37.169 [grpc-default-worker-ELG-3-8] DEBUG io.grpc.netty.shaded.io.grpc.netty.NettyServerHandler -- [id: 0x7faad4b8, L:/127.0.0.1:40163 - R:/127.0.0.1:41458] OUTBOUND HEADERS: streamId=3 headers=GrpcHttp2OutboundHeaders[grpc-status: 0] padding=0 endStream=true
13:28:37.167 [grpc-default-worker-ELG-3-3] DEBUG io.grpc.netty.shaded.io.grpc.netty.NettyServerHandler -- [id: 0x7bd8ce48, L:/127.0.0.1:34769 - R:/127.0.0.1:55822] OUTBOUND DATA: streamId=5 padding=0 endStream=false length=7 bytes=00000000020803
13:28:37.167 [grpc-default-worker-ELG-3-4] DEBUG io.grpc.netty.shaded.io.grpc.netty.NettyServerHandler -- [id: 0xbf07409a, L:/127.0.0.1:34769 - R:/127.0.0.1:55838] OUTBOUND HEADERS: streamId=5 headers=GrpcHttp2OutboundHeaders[grpc-status: 0] padding=0 endStream=true
13:28:37.170 [grpc-default-worker-ELG-3-3] DEBUG io.grpc.netty.shaded.io.grpc.netty.NettyServerHandler -- [id: 0x7bd8ce48, L:/127.0.0.1:34769 - R:/127.0.0.1:55822] OUTBOUND HEADERS: streamId=5 headers=GrpcHttp2OutboundHeaders[grpc-status: 0] padding=0 endStream=true
13:28:37.171 [grpc-default-worker-ELG-3-4] DEBUG io.grpc.netty.shaded.io.grpc.netty.NettyServerHandler -- [id: 0xbf07409a, L:/127.0.0.1:34769 - R:/127.0.0.1:55838] OUTBOUND DATA: streamId=7 padding=0 endStream=false length=7 bytes=00000000020803
13:28:37.171 [grpc-default-worker-ELG-3-3] DEBUG io.grpc.netty.shaded.io.grpc.netty.NettyServerHandler -- [id: 0x7bd8ce48, L:/127.0.0.1:34769 - R:/127.0.0.1:55822] OUTBOUND DATA: streamId=7 padding=0 endStream=false length=7 bytes=00000000020803
13:28:37.171 [grpc-default-worker-ELG-3-4] DEBUG io.grpc.netty.shaded.io.grpc.netty.NettyServerHandler -- [id: 0xbf07409a, L:/127.0.0.1:34769 - R:/127.0.0.1:55838] OUTBOUND HEADERS: streamId=7 headers=GrpcHttp2OutboundHeaders[grpc-status: 0] padding=0 endStream=true
13:28:37.171 [grpc-default-worker-ELG-3-3] DEBUG io.grpc.netty.shaded.io.grpc.netty.NettyServerHandler -- [id: 0x7bd8ce48, L:/127.0.0.1:34769 - R:/127.0.0.1:55822] OUTBOUND HEADERS: streamId=7 headers=GrpcHttp2OutboundHeaders[grpc-status: 0] padding=0 endStream=true
13:28:37.172 [grpc-default-worker-ELG-3-3] DEBUG io.grpc.netty.shaded.io.grpc.netty.NettyServerHandler -- [id: 0x7bd8ce48, L:/127.0.0.1:34769 - R:/127.0.0.1:55822] OUTBOUND DATA: streamId=3 padding=0 endStream=false length=7 bytes=00000000020803
13:28:37.172 [grpc-default-worker-ELG-3-3] DEBUG io.grpc.netty.shaded.io.grpc.netty.NettyServerHandler -- [id: 0x7bd8ce48, L:/127.0.0.1:34769 - R:/127.0.0.1:55822] OUTBOUND HEADERS: streamId=3 headers=GrpcHttp2OutboundHeaders[grpc-status: 0] padding=0 endStream=true
13:28:37.168 [grpc-default-worker-ELG-3-5] DEBUG io.grpc.netty.shaded.io.grpc.netty.NettyServerHandler -- [id: 0x92aafe53, L:/127.0.0.1:46345 - R:/127.0.0.1:49382] OUTBOUND HEADERS: streamId=7 headers=GrpcHttp2OutboundHeaders[grpc-status: 0] padding=0 endStream=true
13:28:37.173 [grpc-default-worker-ELG-3-5] DEBUG io.grpc.netty.shaded.io.grpc.netty.NettyServerHandler -- [id: 0x92aafe53, L:/127.0.0.1:46345 - R:/127.0.0.1:49382] OUTBOUND DATA: streamId=5 padding=0 endStream=false length=7 bytes=00000000020803
13:28:37.173 [grpc-default-worker-ELG-3-5] DEBUG io.grpc.netty.shaded.io.grpc.netty.NettyServerHandler -- [id: 0x92aafe53, L:/127.0.0.1:46345 - R:/127.0.0.1:49382] OUTBOUND HEADERS: streamId=5 headers=GrpcHttp2OutboundHeaders[grpc-status: 0] padding=0 endStream=true
13:28:37.174 [grpc-default-worker-ELG-3-8] DEBUG io.grpc.netty.shaded.io.grpc.netty.NettyClientHandler -- [id: 0x74db53bb, L:/127.0.0.1:41472 - R:localhost/127.0.0.1:40163] INBOUND HEADERS: streamId=3 headers=GrpcHttp2ResponseHeaders[:status: 200, content-type: application/grpc, grpc-encoding: identity, grpc-accept-encoding: gzip] padding=0 endStream=false
13:28:37.168 [grpc-default-worker-ELG-3-6] DEBUG io.grpc.netty.shaded.io.grpc.netty.NettyServerHandler -- [id: 0x3bf6b111, L:/127.0.0.1:46345 - R:/127.0.0.1:49384] OUTBOUND HEADERS: streamId=7 headers=GrpcHttp2OutboundHeaders[grpc-status: 0] padding=0 endStream=true
13:28:37.174 [grpc-default-worker-ELG-3-1] DEBUG io.grpc.netty.shaded.io.grpc.netty.NettyClientHandler -- [id: 0xe80d8cc8, L:/127.0.0.1:55822 - R:localhost/127.0.0.1:34769] INBOUND HEADERS: streamId=5 headers=GrpcHttp2ResponseHeaders[:status: 200, content-type: application/grpc, grpc-encoding: identity, grpc-accept-encoding: gzip] padding=0 endStream=false
13:28:37.174 [grpc-default-worker-ELG-3-5] DEBUG io.grpc.netty.shaded.io.grpc.netty.NettyServerHandler -- [id: 0x92aafe53, L:/127.0.0.1:46345 - R:/127.0.0.1:49382] OUTBOUND DATA: streamId=3 padding=0 endStream=false length=7 bytes=00000000020803
13:28:37.174 [grpc-default-worker-ELG-3-6] DEBUG io.grpc.netty.shaded.io.grpc.netty.NettyServerHandler -- [id: 0x3bf6b111, L:/127.0.0.1:46345 - R:/127.0.0.1:49384] OUTBOUND DATA: streamId=5 padding=0 endStream=false length=7 bytes=00000000020803
13:28:37.175 [grpc-default-worker-ELG-3-5] DEBUG io.grpc.netty.shaded.io.grpc.netty.NettyServerHandler -- [id: 0x92aafe53, L:/127.0.0.1:46345 - R:/127.0.0.1:49382] OUTBOUND HEADERS: streamId=3 headers=GrpcHttp2OutboundHeaders[grpc-status: 0] padding=0 endStream=true
13:28:37.175 [grpc-default-worker-ELG-3-6] DEBUG io.grpc.netty.shaded.io.grpc.netty.NettyServerHandler -- [id: 0x3bf6b111, L:/127.0.0.1:46345 - R:/127.0.0.1:49384] OUTBOUND HEADERS: streamId=5 headers=GrpcHttp2OutboundHeaders[grpc-status: 0] padding=0 endStream=true
13:28:37.175 [grpc-default-worker-ELG-3-6] DEBUG io.grpc.netty.shaded.io.grpc.netty.NettyServerHandler -- [id: 0x3bf6b111, L:/127.0.0.1:46345 - R:/127.0.0.1:49384] OUTBOUND DATA: streamId=3 padding=0 endStream=false length=7 bytes=00000000020803
13:28:37.176 [grpc-default-worker-ELG-3-6] DEBUG io.grpc.netty.shaded.io.grpc.netty.NettyServerHandler -- [id: 0x3bf6b111, L:/127.0.0.1:46345 - R:/127.0.0.1:49384] OUTBOUND HEADERS: streamId=3 headers=GrpcHttp2OutboundHeaders[grpc-status: 0] padding=0 endStream=true
13:28:37.176 [grpc-default-worker-ELG-3-7] DEBUG io.grpc.netty.shaded.io.grpc.netty.NettyClientHandler -- [id: 0x9bef6dcf, L:/127.0.0.1:49382 - R:localhost/127.0.0.1:46345] INBOUND HEADERS: streamId=7 headers=GrpcHttp2ResponseHeaders[:status: 200, content-type: application/grpc, grpc-encoding: identity, grpc-accept-encoding: gzip] padding=0 endStream=false
13:28:37.177 [grpc-default-worker-ELG-3-5] DEBUG io.grpc.netty.shaded.io.grpc.netty.NettyClientHandler -- [id: 0x48473199, L:/127.0.0.1:41458 - R:localhost/127.0.0.1:40163] INBOUND HEADERS: streamId=7 headers=GrpcHttp2ResponseHeaders[:status: 200, content-type: application/grpc, grpc-encoding: identity, grpc-accept-encoding: gzip] padding=0 endStream=false
13:28:37.177 [grpc-default-worker-ELG-3-2] DEBUG io.grpc.netty.shaded.io.grpc.netty.NettyClientHandler -- [id: 0xf6e520e6, L:/127.0.0.1:49384 - R:localhost/127.0.0.1:46345] INBOUND HEADERS: streamId=7 headers=GrpcHttp2ResponseHeaders[:status: 200, content-type: application/grpc, grpc-encoding: identity, grpc-accept-encoding: gzip] padding=0 endStream=false
13:28:37.177 [grpc-default-worker-ELG-3-1] DEBUG io.grpc.netty.shaded.io.grpc.netty.NettyClientHandler -- [id: 0xe80d8cc8, L:/127.0.0.1:55822 - R:localhost/127.0.0.1:34769] INBOUND HEADERS: streamId=3 headers=GrpcHttp2ResponseHeaders[:status: 200, content-type: application/grpc, grpc-encoding: identity, grpc-accept-encoding: gzip] padding=0 endStream=false
13:28:37.178 [grpc-default-worker-ELG-3-7] DEBUG io.grpc.netty.shaded.io.grpc.netty.NettyClientHandler -- [id: 0x9bef6dcf, L:/127.0.0.1:49382 - R:localhost/127.0.0.1:46345] INBOUND HEADERS: streamId=3 headers=GrpcHttp2ResponseHeaders[:status: 200, content-type: application/grpc, grpc-encoding: identity, grpc-accept-encoding: gzip] padding=0 endStream=false
13:28:37.178 [grpc-default-worker-ELG-3-2] DEBUG io.grpc.netty.shaded.io.grpc.netty.NettyClientHandler -- [id: 0xf6e520e6, L:/127.0.0.1:49384 - R:localhost/127.0.0.1:46345] INBOUND HEADERS: streamId=3 headers=GrpcHttp2ResponseHeaders[:status: 200, content-type: application/grpc, grpc-encoding: identity, grpc-accept-encoding: gzip] padding=0 endStream=false
13:28:37.178 [grpc-default-worker-ELG-3-1] DEBUG io.grpc.netty.shaded.io.grpc.netty.NettyClientHandler -- [id: 0xe80d8cc8, L:/127.0.0.1:55822 - R:localhost/127.0.0.1:34769] INBOUND HEADERS: streamId=7 headers=GrpcHttp2ResponseHeaders[:status: 200, content-type: application/grpc, grpc-encoding: identity, grpc-accept-encoding: gzip] padding=0 endStream=false
13:28:37.178 [grpc-default-worker-ELG-3-7] DEBUG io.grpc.netty.shaded.io.grpc.netty.NettyClientHandler -- [id: 0x9bef6dcf, L:/127.0.0.1:49382 - R:localhost/127.0.0.1:46345] INBOUND HEADERS: streamId=5 headers=GrpcHttp2ResponseHeaders[:status: 200, content-type: application/grpc, grpc-encoding: identity, grpc-accept-encoding: gzip] padding=0 endStream=false
13:28:37.178 [grpc-default-worker-ELG-3-5] DEBUG io.grpc.netty.shaded.io.grpc.netty.NettyClientHandler -- [id: 0x48473199, L:/127.0.0.1:41458 - R:localhost/127.0.0.1:40163] INBOUND HEADERS: streamId=3 headers=GrpcHttp2ResponseHeaders[:status: 200, content-type: application/grpc, grpc-encoding: identity, grpc-accept-encoding: gzip] padding=0 endStream=false
13:28:37.178 [grpc-default-worker-ELG-3-2] DEBUG io.grpc.netty.shaded.io.grpc.netty.NettyClientHandler -- [id: 0xf6e520e6, L:/127.0.0.1:49384 - R:localhost/127.0.0.1:46345] INBOUND HEADERS: streamId=5 headers=GrpcHttp2ResponseHeaders[:status: 200, content-type: application/grpc, grpc-encoding: identity, grpc-accept-encoding: gzip] padding=0 endStream=false
[...]
13:28:38.487 [grpc-default-worker-ELG-3-2] DEBUG io.grpc.netty.shaded.io.grpc.netty.NettyServerHandler -- [id: 0x803469fd, L:/127.0.0.1:46223 - R:/127.0.0.1:51086] OUTBOUND HEADERS: streamId=7 headers=GrpcHttp2OutboundHeaders[grpc-status: 0] padding=0 endStream=true
13:28:38.489 [grpc-default-worker-ELG-3-5] DEBUG io.grpc.netty.shaded.io.grpc.netty.NettyClientHandler -- [id: 0x564dd54f, L:/127.0.0.1:51086 - R:localhost/127.0.0.1:46223] INBOUND HEADERS: streamId=7 headers=GrpcHttp2ResponseHeaders[:status: 200, content-type: application/grpc, grpc-encoding: identity, grpc-accept-encoding: gzip] padding=0 endStream=false
13:28:38.489 [grpc-default-worker-ELG-3-5] DEBUG io.grpc.netty.shaded.io.grpc.netty.NettyClientHandler -- [id: 0x564dd54f, L:/127.0.0.1:51086 - R:localhost/127.0.0.1:46223] INBOUND DATA: streamId=7 padding=0 endStream=false length=9 bytes=000000000408021001
13:28:38.490 [grpc-default-worker-ELG-3-5] DEBUG io.grpc.netty.shaded.io.grpc.netty.NettyClientHandler -- [id: 0x564dd54f, L:/127.0.0.1:51086 - R:localhost/127.0.0.1:46223] INBOUND HEADERS: streamId=7 headers=GrpcHttp2ResponseHeaders[grpc-status: 0] padding=0 endStream=true
13:28:38.501 [Test worker] INFO com.raftkv.harness.ClusterHarness -- Healed partition: node-1 <-> node-0
13:28:38.504 [Test worker] INFO com.raftkv.harness.ClusterHarness -- Healed partition: node-1 <-> node-2
13:28:38.515 [grpc-default-worker-ELG-3-4] DEBUG io.grpc.netty.shaded.io.grpc.netty.NettyClientHandler -- [id: 0xa9534520, L:/127.0.0.1:35068 - R:localhost/127.0.0.1:34231] OUTBOUND HEADERS: streamId=7 headers=GrpcHttp2OutboundHeaders[:authority: localhost:34231, :path: /raftkv.RaftService/AppendEntries, :method: POST, :scheme: http, content-type: application/grpc, te: trailers, user-agent: grpc-java-netty/1.63.0, grpc-accept-encoding: gzip] streamDependency=0 weight=16 exclusive=false padding=0 endStream=false
13:28:38.517 [grpc-default-worker-ELG-3-4] DEBUG io.grpc.netty.shaded.io.grpc.netty.NettyClientHandler -- [id: 0xa9534520, L:/127.0.0.1:35068 - R:localhost/127.0.0.1:34231] OUTBOUND DATA: streamId=7 padding=0 endStream=true length=15 bytes=000000000a080112066e6f64652d31
13:28:38.518 [grpc-default-worker-ELG-3-8] DEBUG io.grpc.netty.shaded.io.grpc.netty.NettyClientHandler -- [id: 0xfec12c15, L:/127.0.0.1:51102 - R:localhost/127.0.0.1:46223] OUTBOUND HEADERS: streamId=7 headers=GrpcHttp2OutboundHeaders[:authority: localhost:46223, :path: /raftkv.RaftService/AppendEntries, :method: POST, :scheme: http, content-type: application/grpc, te: trailers, user-agent: grpc-java-netty/1.63.0, grpc-accept-encoding: gzip] streamDependency=0 weight=16 exclusive=false padding=0 endStream=false
13:28:38.519 [grpc-default-worker-ELG-3-7] DEBUG io.grpc.netty.shaded.io.grpc.netty.NettyServerHandler -- [id: 0xefe0efd4, L:/127.0.0.1:34231 - R:/127.0.0.1:35068] INBOUND HEADERS: streamId=7 headers=GrpcHttp2RequestHeaders[:path: /raftkv.RaftService/AppendEntries, :authority: localhost:34231, :method: POST, :scheme: http, te: trailers, content-type: application/grpc, user-agent: grpc-java-netty/1.63.0, grpc-accept-encoding: gzip] streamDependency=0 weight=16 exclusive=false padding=0 endStream=false
13:28:38.521 [grpc-default-worker-ELG-3-7] DEBUG io.grpc.netty.shaded.io.grpc.netty.NettyServerHandler -- [id: 0xefe0efd4, L:/127.0.0.1:34231 - R:/127.0.0.1:35068] INBOUND DATA: streamId=7 padding=0 endStream=true length=15 bytes=000000000a080112066e6f64652d31
13:28:38.521 [grpc-default-worker-ELG-3-8] DEBUG io.grpc.netty.shaded.io.grpc.netty.NettyClientHandler -- [id: 0xfec12c15, L:/127.0.0.1:51102 - R:localhost/127.0.0.1:46223] OUTBOUND DATA: streamId=7 padding=0 endStream=true length=15 bytes=000000000a080112066e6f64652d31
13:28:38.524 [grpc-default-worker-ELG-3-3] DEBUG io.grpc.netty.shaded.io.grpc.netty.NettyServerHandler -- [id: 0x15db84a5, L:/127.0.0.1:46223 - R:/127.0.0.1:51102] INBOUND HEADERS: streamId=7 headers=GrpcHttp2RequestHeaders[:path: /raftkv.RaftService/AppendEntries, :authority: localhost:46223, :method: POST, :scheme: http, te: trailers, content-type: application/grpc, user-agent: grpc-java-netty/1.63.0, grpc-accept-encoding: gzip] streamDependency=0 weight=16 exclusive=false padding=0 endStream=false
13:28:38.527 [grpc-default-worker-ELG-3-7] DEBUG io.grpc.netty.shaded.io.grpc.netty.NettyServerHandler -- [id: 0xefe0efd4, L:/127.0.0.1:34231 - R:/127.0.0.1:35068] OUTBOUND HEADERS: streamId=7 headers=GrpcHttp2OutboundHeaders[:status: 200, content-type: application/grpc, grpc-encoding: identity, grpc-accept-encoding: gzip] padding=0 endStream=false
13:28:38.528 [grpc-default-worker-ELG-3-7] DEBUG io.grpc.netty.shaded.io.grpc.netty.NettyServerHandler -- [id: 0xefe0efd4, L:/127.0.0.1:34231 - R:/127.0.0.1:35068] OUTBOUND DATA: streamId=7 padding=0 endStream=false length=7 bytes=00000000020802
13:28:38.529 [grpc-default-worker-ELG-3-7] DEBUG io.grpc.netty.shaded.io.grpc.netty.NettyServerHandler -- [id: 0xefe0efd4, L:/127.0.0.1:34231 - R:/127.0.0.1:35068] OUTBOUND HEADERS: streamId=7 headers=GrpcHttp2OutboundHeaders[grpc-status: 0] padding=0 endStream=true
13:28:38.530 [grpc-default-worker-ELG-3-3] DEBUG io.grpc.netty.shaded.io.grpc.netty.NettyServerHandler -- [id: 0x15db84a5, L:/127.0.0.1:46223 - R:/127.0.0.1:51102] INBOUND DATA: streamId=7 padding=0 endStream=true length=15 bytes=000000000a080112066e6f64652d31
13:28:38.533 [grpc-default-worker-ELG-3-4] DEBUG io.grpc.netty.shaded.io.grpc.netty.NettyClientHandler -- [id: 0xa9534520, L:/127.0.0.1:35068 - R:localhost/127.0.0.1:34231] INBOUND HEADERS: streamId=7 headers=GrpcHttp2ResponseHeaders[:status: 200, content-type: application/grpc, grpc-encoding: identity, grpc-accept-encoding: gzip] padding=0 endStream=false
13:28:38.533 [grpc-default-worker-ELG-3-4] DEBUG io.grpc.netty.shaded.io.grpc.netty.NettyClientHandler -- [id: 0xa9534520, L:/127.0.0.1:35068 - R:localhost/127.0.0.1:34231] INBOUND DATA: streamId=7 padding=0 endStream=false length=7 bytes=00000000020802
13:28:38.541 [grpc-default-worker-ELG-3-3] DEBUG io.grpc.netty.shaded.io.grpc.netty.NettyServerHandler -- [id: 0x15db84a5, L:/127.0.0.1:46223 - R:/127.0.0.1:51102] OUTBOUND HEADERS: streamId=7 headers=GrpcHttp2OutboundHeaders[:status: 200, content-type: application/grpc, grpc-encoding: identity, grpc-accept-encoding: gzip] padding=0 endStream=false
13:28:38.542 [grpc-default-worker-ELG-3-4] DEBUG io.grpc.netty.shaded.io.grpc.netty.NettyClientHandler -- [id: 0xa9534520, L:/127.0.0.1:35068 - R:localhost/127.0.0.1:34231] INBOUND HEADERS: streamId=7 headers=GrpcHttp2ResponseHeaders[grpc-status: 0] padding=0 endStream=true
13:28:38.544 [grpc-default-worker-ELG-3-3] DEBUG io.grpc.netty.shaded.io.grpc.netty.NettyServerHandler -- [id: 0x15db84a5, L:/127.0.0.1:46223 - R:/127.0.0.1:51102] OUTBOUND DATA: streamId=7 padding=0 endStream=false length=7 bytes=00000000020802
13:28:38.544 [grpc-default-worker-ELG-3-3] DEBUG io.grpc.netty.shaded.io.grpc.netty.NettyServerHandler -- [id: 0x15db84a5, L:/127.0.0.1:46223 - R:/127.0.0.1:51102] OUTBOUND HEADERS: streamId=7 headers=GrpcHttp2OutboundHeaders[grpc-status: 0] padding=0 endStream=true
13:28:38.545 [grpc-default-worker-ELG-3-2] DEBUG io.grpc.netty.shaded.io.grpc.netty.NettyClientHandler -- [id: 0xf8e2bfea, L:/127.0.0.1:37870 - R:localhost/127.0.0.1:37747] OUTBOUND HEADERS: streamId=5 headers=GrpcHttp2OutboundHeaders[:authority: localhost:37747, :path: /raftkv.RaftService/AppendEntries, :method: POST, :scheme: http, content-type: application/grpc, te: trailers, user-agent: grpc-java-netty/1.63.0, grpc-accept-encoding: gzip] streamDependency=0 weight=16 exclusive=false padding=0 endStream=false
13:28:38.545 [grpc-default-worker-ELG-3-5] DEBUG io.grpc.netty.shaded.io.grpc.netty.NettyClientHandler -- [id: 0x564dd54f, L:/127.0.0.1:51086 - R:localhost/127.0.0.1:46223] OUTBOUND HEADERS: streamId=9 headers=GrpcHttp2OutboundHeaders[:authority: localhost:46223, :path: /raftkv.RaftService/AppendEntries, :method: POST, :scheme: http, content-type: application/grpc, te: trailers, user-agent: grpc-java-netty/1.63.0, grpc-accept-encoding: gzip] streamDependency=0 weight=16 exclusive=false padding=0 endStream=false
13:28:38.546 [grpc-default-worker-ELG-3-2] DEBUG io.grpc.netty.shaded.io.grpc.netty.NettyClientHandler -- [id: 0xf8e2bfea, L:/127.0.0.1:37870 - R:localhost/127.0.0.1:37747] OUTBOUND DATA: streamId=5 padding=0 endStream=true length=15 bytes=000000000a080212066e6f64652d30
13:28:38.546 [grpc-default-worker-ELG-3-5] DEBUG io.grpc.netty.shaded.io.grpc.netty.NettyClientHandler -- [id: 0x564dd54f, L:/127.0.0.1:51086 - R:localhost/127.0.0.1:46223] OUTBOUND DATA: streamId=9 padding=0 endStream=true length=15 bytes=000000000a080212066e6f64652d30
13:28:38.548 [grpc-default-worker-ELG-3-8] DEBUG io.grpc.netty.shaded.io.grpc.netty.NettyClientHandler -- [id: 0xfec12c15, L:/127.0.0.1:51102 - R:localhost/127.0.0.1:46223] INBOUND HEADERS: streamId=7 headers=GrpcHttp2ResponseHeaders[:status: 200, content-type: application/grpc, grpc-encoding: identity, grpc-accept-encoding: gzip] padding=0 endStream=false
13:28:38.548 [grpc-default-worker-ELG-3-8] DEBUG io.grpc.netty.shaded.io.grpc.netty.NettyClientHandler -- [id: 0xfec12c15, L:/127.0.0.1:51102 - R:localhost/127.0.0.1:46223] INBOUND DATA: streamId=7 padding=0 endStream=false length=7 bytes=00000000020802
13:28:38.549 [grpc-default-worker-ELG-3-2] DEBUG io.grpc.netty.shaded.io.grpc.netty.NettyServerHandler -- [id: 0x803469fd, L:/127.0.0.1:46223 - R:/127.0.0.1:51086] INBOUND HEADERS: streamId=9 headers=GrpcHttp2RequestHeaders[:path: /raftkv.RaftService/AppendEntries, :authority: localhost:46223, :method: POST, :scheme: http, te: trailers, content-type: application/grpc, user-agent: grpc-java-netty/1.63.0, grpc-accept-encoding: gzip] streamDependency=0 weight=16 exclusive=false padding=0 endStream=false
13:28:38.549 [grpc-default-worker-ELG-3-1] DEBUG io.grpc.netty.shaded.io.grpc.netty.NettyServerHandler -- [id: 0x1622cc00, L:/127.0.0.1:37747 - R:/127.0.0.1:37870] INBOUND HEADERS: streamId=5 headers=GrpcHttp2RequestHeaders[:path: /raftkv.RaftService/AppendEntries, :authority: localhost:37747, :method: POST, :scheme: http, te: trailers, content-type: application/grpc, user-agent: grpc-java-netty/1.63.0, grpc-accept-encoding: gzip] streamDependency=0 weight=16 exclusive=false padding=0 endStream=false
13:28:38.552 [grpc-default-worker-ELG-3-1] DEBUG io.grpc.netty.shaded.io.grpc.netty.NettyServerHandler -- [id: 0x1622cc00, L:/127.0.0.1:37747 - R:/127.0.0.1:37870] INBOUND DATA: streamId=5 padding=0 endStream=true length=15 bytes=000000000a080212066e6f64652d30
13:28:38.553 [grpc-default-worker-ELG-3-2] DEBUG io.grpc.netty.shaded.io.grpc.netty.NettyServerHandler -- [id: 0x803469fd, L:/127.0.0.1:46223 - R:/127.0.0.1:51086] INBOUND DATA: streamId=9 padding=0 endStream=true length=15 bytes=000000000a080212066e6f64652d30
13:28:38.549 [grpc-default-worker-ELG-3-8] DEBUG io.grpc.netty.shaded.io.grpc.netty.NettyClientHandler -- [id: 0xfec12c15, L:/127.0.0.1:51102 - R:localhost/127.0.0.1:46223] INBOUND HEADERS: streamId=7 headers=GrpcHttp2ResponseHeaders[grpc-status: 0] padding=0 endStream=true
13:28:38.559 [grpc-default-worker-ELG-3-2] DEBUG io.grpc.netty.shaded.io.grpc.netty.NettyServerHandler -- [id: 0x803469fd, L:/127.0.0.1:46223 - R:/127.0.0.1:51086] OUTBOUND HEADERS: streamId=9 headers=GrpcHttp2OutboundHeaders[:status: 200, content-type: application/grpc, grpc-encoding: identity, grpc-accept-encoding: gzip] padding=0 endStream=false
13:28:38.560 [grpc-default-worker-ELG-3-2] DEBUG io.grpc.netty.shaded.io.grpc.netty.NettyServerHandler -- [id: 0x803469fd, L:/127.0.0.1:46223 - R:/127.0.0.1:51086] OUTBOUND DATA: streamId=9 padding=0 endStream=false length=9 bytes=000000000408021001
13:28:38.563 [grpc-default-worker-ELG-3-1] DEBUG io.grpc.netty.shaded.io.grpc.netty.NettyServerHandler -- [id: 0x1622cc00, L:/127.0.0.1:37747 - R:/127.0.0.1:37870] OUTBOUND HEADERS: streamId=5 headers=GrpcHttp2OutboundHeaders[:status: 200, content-type: application/grpc, grpc-encoding: identity, grpc-accept-encoding: gzip] padding=0 endStream=false
13:28:38.564 [grpc-default-worker-ELG-3-1] DEBUG io.grpc.netty.shaded.io.grpc.netty.NettyServerHandler -- [id: 0x1622cc00, L:/127.0.0.1:37747 - R:/127.0.0.1:37870] OUTBOUND DATA: streamId=5 padding=0 endStream=false length=9 bytes=000000000408021001
13:28:38.565 [grpc-default-worker-ELG-3-1] DEBUG io.grpc.netty.shaded.io.grpc.netty.NettyServerHandler -- [id: 0x1622cc00, L:/127.0.0.1:37747 - R:/127.0.0.1:37870] OUTBOUND HEADERS: streamId=5 headers=GrpcHttp2OutboundHeaders[grpc-status: 0] padding=0 endStream=true
13:28:38.565 [grpc-default-worker-ELG-3-2] DEBUG io.grpc.netty.shaded.io.grpc.netty.NettyServerHandler -- [id: 0x803469fd, L:/127.0.0.1:46223 - R:/127.0.0.1:51086] OUTBOUND HEADERS: streamId=9 headers=GrpcHttp2OutboundHeaders[grpc-status: 0] padding=0 endStream=true
13:28:38.567 [grpc-default-worker-ELG-3-5] DEBUG io.grpc.netty.shaded.io.grpc.netty.NettyClientHandler -- [id: 0x564dd54f, L:/127.0.0.1:51086 - R:localhost/127.0.0.1:46223] INBOUND HEADERS: streamId=9 headers=GrpcHttp2ResponseHeaders[:status: 200, content-type: application/grpc, grpc-encoding: identity, grpc-accept-encoding: gzip] padding=0 endStream=false
13:28:38.567 [grpc-default-worker-ELG-3-5] DEBUG io.grpc.netty.shaded.io.grpc.netty.NettyClientHandler -- [id: 0x564dd54f, L:/127.0.0.1:51086 - R:localhost/127.0.0.1:46223] INBOUND DATA: streamId=9 padding=0 endStream=false length=9 bytes=000000000408021001
13:28:38.568 [grpc-default-worker-ELG-3-5] DEBUG io.grpc.netty.shaded.io.grpc.netty.NettyClientHandler -- [id: 0x564dd54f, L:/127.0.0.1:51086 - R:localhost/127.0.0.1:46223] INBOUND HEADERS: streamId=9 headers=GrpcHttp2ResponseHeaders[grpc-status: 0] padding=0 endStream=true
13:28:38.567 [grpc-default-worker-ELG-3-2] DEBUG io.grpc.netty.shaded.io.grpc.netty.NettyClientHandler -- [id: 0xf8e2bfea, L:/127.0.0.1:37870 - R:localhost/127.0.0.1:37747] INBOUND HEADERS: streamId=5 headers=GrpcHttp2ResponseHeaders[:status: 200, content-type: application/grpc, grpc-encoding: identity, grpc-accept-encoding: gzip] padding=0 endStream=false
13:28:38.570 [Test worker] INFO com.raftkv.harness.ClusterHarness -- Closing ClusterHarness
13:28:38.571 [grpc-default-worker-ELG-3-2] DEBUG io.grpc.netty.shaded.io.grpc.netty.NettyClientHandler -- [id: 0xf8e2bfea, L:/127.0.0.1:37870 - R:localhost/127.0.0.1:37747] INBOUND DATA: streamId=5 padding=0 endStream=false length=9 bytes=000000000408021001
13:28:38.572 [grpc-default-worker-ELG-3-7] DEBUG io.grpc.netty.shaded.io.grpc.netty.NettyServerHandler -- [id: 0xefe0efd4, L:/127.0.0.1:34231 - R:/127.0.0.1:35068] OUTBOUND GO_AWAY: lastStreamId=2147483647 errorCode=0 length=13 bytes=6170705f726571756573746564
13:28:38.572 [grpc-default-worker-ELG-3-2] DEBUG io.grpc.netty.shaded.io.grpc.netty.NettyClientHandler -- [id: 0xf8e2bfea, L:/127.0.0.1:37870 - R:localhost/127.0.0.1:37747] INBOUND HEADERS: streamId=5 headers=GrpcHttp2ResponseHeaders[grpc-status: 0] padding=0 endStream=true
13:28:38.573 [grpc-default-worker-ELG-3-7] DEBUG io.grpc.netty.shaded.io.grpc.netty.NettyServerHandler -- [id: 0xefe0efd4, L:/127.0.0.1:34231 - R:/127.0.0.1:35068] OUTBOUND PING: ack=false bytes=40715087873
13:28:38.574 [grpc-default-worker-ELG-3-4] DEBUG io.grpc.netty.shaded.io.grpc.netty.NettyClientHandler -- [id: 0xa9534520, L:/127.0.0.1:35068 - R:localhost/127.0.0.1:34231] INBOUND GO_AWAY: lastStreamId=2147483647 errorCode=0 length=13 bytes=6170705f726571756573746564
13:28:38.575 [grpc-default-worker-ELG-3-4] DEBUG io.grpc.netty.shaded.io.grpc.netty.NettyClientHandler -- [id: 0xa9534520, L:/127.0.0.1:35068 - R:localhost/127.0.0.1:34231] INBOUND PING: ack=false bytes=40715087873
13:28:38.575 [grpc-default-worker-ELG-3-4] DEBUG io.grpc.netty.shaded.io.grpc.netty.NettyClientHandler -- [id: 0xa9534520, L:/127.0.0.1:35068 - R:localhost/127.0.0.1:34231] OUTBOUND PING: ack=true bytes=40715087873
13:28:38.581 [grpc-default-worker-ELG-3-7] DEBUG io.grpc.netty.shaded.io.grpc.netty.NettyServerHandler -- [id: 0xefe0efd4, L:/127.0.0.1:34231 - R:/127.0.0.1:35068] INBOUND PING: ack=true bytes=40715087873
13:28:38.582 [grpc-default-worker-ELG-3-7] DEBUG io.grpc.netty.shaded.io.grpc.netty.NettyServerHandler -- [id: 0xefe0efd4, L:/127.0.0.1:34231 - R:/127.0.0.1:35068] OUTBOUND GO_AWAY: lastStreamId=7 errorCode=0 length=13 bytes=6170705f726571756573746564
13:28:38.584 [grpc-default-worker-ELG-3-4] DEBUG io.grpc.netty.shaded.io.grpc.netty.NettyClientHandler -- [id: 0xa9534520, L:/127.0.0.1:35068 - R:localhost/127.0.0.1:34231] INBOUND GO_AWAY: lastStreamId=7 errorCode=0 length=13 bytes=6170705f726571756573746564
13:28:38.585 [Test worker] INFO com.raftkv.server.RaftServer -- RaftServer stopped
13:28:38.587 [grpc-default-worker-ELG-3-2] DEBUG io.grpc.netty.shaded.io.grpc.netty.NettyClientHandler -- [id: 0xf8e2bfea, L:/127.0.0.1:37870 - R:localhost/127.0.0.1:37747] OUTBOUND GO_AWAY: lastStreamId=0 errorCode=0 length=0 bytes=
13:28:38.587 [grpc-default-worker-ELG-3-5] DEBUG io.grpc.netty.shaded.io.grpc.netty.NettyClientHandler -- [id: 0x564dd54f, L:/127.0.0.1:51086 - R:localhost/127.0.0.1:46223] OUTBOUND GO_AWAY: lastStreamId=0 errorCode=0 length=0 bytes=
13:28:38.588 [grpc-default-worker-ELG-3-2] DEBUG io.grpc.netty.shaded.io.grpc.netty.NettyServerHandler -- [id: 0x803469fd, L:/127.0.0.1:46223 - R:/127.0.0.1:51086] INBOUND GO_AWAY: lastStreamId=0 errorCode=0 length=0 bytes=
13:28:38.590 [grpc-default-worker-ELG-3-1] DEBUG io.grpc.netty.shaded.io.grpc.netty.NettyServerHandler -- [id: 0x1622cc00, L:/127.0.0.1:37747 - R:/127.0.0.1:37870] INBOUND GO_AWAY: lastStreamId=0 errorCode=0 length=0 bytes=
13:28:38.591 [Test worker] INFO com.raftkv.server.RaftServer -- RaftServer stopped
13:28:38.591 [grpc-default-worker-ELG-3-1] DEBUG io.grpc.netty.shaded.io.grpc.netty.NettyServerHandler -- [id: 0x1622cc00, L:/127.0.0.1:37747 ! R:/127.0.0.1:37870] OUTBOUND GO_AWAY: lastStreamId=2147483647 errorCode=0 length=13 bytes=6170705f726571756573746564
13:28:38.592 [grpc-default-worker-ELG-3-1] DEBUG io.grpc.netty.shaded.io.netty.handler.codec.http2.Http2ConnectionHandler -- [id: 0x1622cc00, L:/127.0.0.1:37747 ! R:/127.0.0.1:37870] Sending GOAWAY failed: lastStreamId '2147483647', errorCode '0', debugData 'app_requested'. Forcing shutdown of the connection.
io.grpc.netty.shaded.io.netty.channel.StacklessClosedChannelException: null
	at io.grpc.netty.shaded.io.netty.channel.AbstractChannel$AbstractUnsafe.write(Object, ChannelPromise)(Unknown Source)
13:28:38.592 [grpc-default-worker-ELG-3-1] DEBUG io.grpc.netty.shaded.io.grpc.netty.NettyServerHandler -- [id: 0x1622cc00, L:/127.0.0.1:37747 ! R:/127.0.0.1:37870] OUTBOUND PING: ack=false bytes=40715087873
13:28:38.593 [grpc-default-worker-ELG-3-8] DEBUG io.grpc.netty.shaded.io.grpc.netty.NettyClientHandler -- [id: 0xfec12c15, L:/127.0.0.1:51102 - R:localhost/127.0.0.1:46223] OUTBOUND GO_AWAY: lastStreamId=0 errorCode=0 length=0 bytes=
13:28:38.594 [grpc-default-worker-ELG-3-3] DEBUG io.grpc.netty.shaded.io.grpc.netty.NettyServerHandler -- [id: 0x15db84a5, L:/127.0.0.1:46223 - R:/127.0.0.1:51102] INBOUND GO_AWAY: lastStreamId=0 errorCode=0 length=0 bytes=
13:28:38.595 [grpc-default-worker-ELG-3-3] DEBUG io.grpc.netty.shaded.io.grpc.netty.NettyServerHandler -- [id: 0x15db84a5, L:/127.0.0.1:46223 - R:/127.0.0.1:51102] OUTBOUND GO_AWAY: lastStreamId=2147483647 errorCode=0 length=13 bytes=6170705f726571756573746564
13:28:38.596 [grpc-default-worker-ELG-3-3] DEBUG io.grpc.netty.shaded.io.grpc.netty.NettyServerHandler -- [id: 0x15db84a5, L:/127.0.0.1:46223 - R:/127.0.0.1:51102] OUTBOUND PING: ack=false bytes=40715087873
13:28:38.597 [Test worker] INFO com.raftkv.server.RaftServer -- RaftServer stopped
13:28:38.599 [Test worker] INFO com.raftkv.harness.ClusterHarness -- ClusterHarness closed
]]></system-out>
  <system-err><![CDATA[]]></system-err>
</testsuite>
