<?xml version="1.0" encoding="UTF-8"?>
<testsuite name="com.raftkv.harness.ElectionSpec" tests="3" skipped="0" failures="0" errors="0" timestamp="2026-04-11T20:15:09" hostname="utsavsheth-ZenBook-UX331FA-UX331FA" time="4.496">
  <properties/>
  <testcase name="a 3-node cluster elects exactly one leader" classname="com.raftkv.harness.ElectionSpec" time="2.87"/>
  <testcase name="a network partition causes a new leader election among the majority" classname="com.raftkv.harness.ElectionSpec" time="0.703"/>
  <testcase name="after healing the partition the cluster converges to one leader" classname="com.raftkv.harness.ElectionSpec" time="0.918"/>
  <system-out><![CDATA[13:15:09.977 [Test worker] DEBUG io.grpc.netty.shaded.io.netty.util.internal.logging.InternalLoggerFactory -- Using SLF4J as the default logging framework
13:15:09.988 [Test worker] DEBUG io.grpc.netty.shaded.io.netty.util.internal.PlatformDependent0 -- -Dio.netty.noUnsafe: false
13:15:09.989 [Test worker] DEBUG io.grpc.netty.shaded.io.netty.util.internal.PlatformDependent0 -- Java version: 21
13:15:09.991 [Test worker] DEBUG io.grpc.netty.shaded.io.netty.util.internal.PlatformDependent0 -- sun.misc.Unsafe.theUnsafe: available
13:15:09.992 [Test worker] DEBUG io.grpc.netty.shaded.io.netty.util.internal.PlatformDependent0 -- sun.misc.Unsafe.copyMemory: available
13:15:09.993 [Test worker] DEBUG io.grpc.netty.shaded.io.netty.util.internal.PlatformDependent0 -- sun.misc.Unsafe.storeFence: available
13:15:09.994 [Test worker] DEBUG io.grpc.netty.shaded.io.netty.util.internal.PlatformDependent0 -- java.nio.Buffer.address: available
13:15:09.995 [Test worker] DEBUG io.grpc.netty.shaded.io.netty.util.internal.PlatformDependent0 -- direct buffer constructor: unavailable: Reflective setAccessible(true) disabled
13:15:09.996 [Test worker] DEBUG io.grpc.netty.shaded.io.netty.util.internal.PlatformDependent0 -- java.nio.Bits.unaligned: available, true
13:15:09.998 [Test worker] DEBUG io.grpc.netty.shaded.io.netty.util.internal.PlatformDependent0 -- jdk.internal.misc.Unsafe.allocateUninitializedArray(int): unavailable: class io.grpc.netty.shaded.io.netty.util.internal.PlatformDependent0$7 cannot access class jdk.internal.misc.Unsafe (in module java.base) because module java.base does not export jdk.internal.misc to unnamed module @2cd76f31
13:15:10.000 [Test worker] DEBUG io.grpc.netty.shaded.io.netty.util.internal.PlatformDependent0 -- java.nio.DirectByteBuffer.<init>(long, {int,long}): unavailable
13:15:10.000 [Test worker] DEBUG io.grpc.netty.shaded.io.netty.util.internal.PlatformDependent -- sun.misc.Unsafe: available
13:15:10.001 [Test worker] DEBUG io.grpc.netty.shaded.io.netty.util.internal.PlatformDependent -- -Dio.netty.tmpdir: /tmp (java.io.tmpdir)
13:15:10.001 [Test worker] DEBUG io.grpc.netty.shaded.io.netty.util.internal.PlatformDependent -- -Dio.netty.bitMode: 64 (sun.arch.data.model)
13:15:10.002 [Test worker] DEBUG io.grpc.netty.shaded.io.netty.util.internal.PlatformDependent -- -Dio.netty.maxDirectMemory: -1 bytes
13:15:10.003 [Test worker] DEBUG io.grpc.netty.shaded.io.netty.util.internal.PlatformDependent -- -Dio.netty.uninitializedArrayAllocationThreshold: -1
13:15:10.004 [Test worker] DEBUG io.grpc.netty.shaded.io.netty.util.internal.CleanerJava9 -- java.nio.ByteBuffer.cleaner(): available
13:15:10.004 [Test worker] DEBUG io.grpc.netty.shaded.io.netty.util.internal.PlatformDependent -- -Dio.netty.noPreferDirect: false
13:15:10.041 [Test worker] DEBUG io.grpc.netty.shaded.io.netty.util.internal.NativeLibraryLoader -- -Dio.netty.native.workdir: /tmp (io.netty.tmpdir)
13:15:10.042 [Test worker] DEBUG io.grpc.netty.shaded.io.netty.util.internal.NativeLibraryLoader -- -Dio.netty.native.deleteLibAfterLoading: true
13:15:10.042 [Test worker] DEBUG io.grpc.netty.shaded.io.netty.util.internal.NativeLibraryLoader -- -Dio.netty.native.tryPatchShadedId: true
13:15:10.042 [Test worker] DEBUG io.grpc.netty.shaded.io.netty.util.internal.NativeLibraryLoader -- -Dio.netty.native.detectNativeLibraryDuplicates: true
13:15:10.060 [Test worker] DEBUG io.grpc.netty.shaded.io.netty.util.internal.NativeLibraryLoader -- Successfully loaded the library /tmp/libio_grpc_netty_shaded_netty_transport_native_epoll_x86_645258134881082580242.so
13:15:10.064 [Test worker] DEBUG io.grpc.netty.shaded.io.netty.util.NetUtil -- -Djava.net.preferIPv4Stack: false
13:15:10.065 [Test worker] DEBUG io.grpc.netty.shaded.io.netty.util.NetUtil -- -Djava.net.preferIPv6Addresses: false
13:15:10.067 [Test worker] DEBUG io.grpc.netty.shaded.io.netty.util.NetUtilInitializations -- Loopback interface: lo (lo, 0:0:0:0:0:0:0:1%lo)
13:15:10.068 [Test worker] DEBUG io.grpc.netty.shaded.io.netty.util.NetUtil -- /proc/sys/net/core/somaxconn: 4096
13:15:10.102 [Test worker] DEBUG io.grpc.netty.shaded.io.netty.channel.MultithreadEventLoopGroup -- -Dio.netty.eventLoopThreads: 16
13:15:10.227 [Test worker] DEBUG io.grpc.netty.shaded.io.netty.util.concurrent.GlobalEventExecutor -- -Dio.netty.globalEventExecutor.quietPeriodSeconds: 1
13:15:10.240 [Test worker] DEBUG io.grpc.netty.shaded.io.netty.util.internal.InternalThreadLocalMap -- -Dio.netty.threadLocalMap.stringBuilder.initialSize: 1024
13:15:10.240 [Test worker] DEBUG io.grpc.netty.shaded.io.netty.util.internal.InternalThreadLocalMap -- -Dio.netty.threadLocalMap.stringBuilder.maxSize: 4096
13:15:10.270 [Test worker] DEBUG io.grpc.netty.shaded.io.netty.util.internal.PlatformDependent -- org.jctools-core.MpscChunkedArrayQueue: available
13:15:10.315 [Test worker] DEBUG io.grpc.netty.shaded.io.netty.util.ResourceLeakDetector -- -Dio.grpc.netty.shaded.io.netty.leakDetection.level: simple
13:15:10.315 [Test worker] DEBUG io.grpc.netty.shaded.io.netty.util.ResourceLeakDetector -- -Dio.grpc.netty.shaded.io.netty.leakDetection.targetRecords: 4
13:15:10.317 [Test worker] DEBUG io.grpc.netty.shaded.io.netty.buffer.PooledByteBufAllocator -- -Dio.netty.allocator.numHeapArenas: 16
13:15:10.317 [Test worker] DEBUG io.grpc.netty.shaded.io.netty.buffer.PooledByteBufAllocator -- -Dio.netty.allocator.numDirectArenas: 16
13:15:10.317 [Test worker] DEBUG io.grpc.netty.shaded.io.netty.buffer.PooledByteBufAllocator -- -Dio.netty.allocator.pageSize: 8192
13:15:10.318 [Test worker] DEBUG io.grpc.netty.shaded.io.netty.buffer.PooledByteBufAllocator -- -Dio.netty.allocator.maxOrder: 9
13:15:10.318 [Test worker] DEBUG io.grpc.netty.shaded.io.netty.buffer.PooledByteBufAllocator -- -Dio.netty.allocator.chunkSize: 4194304
13:15:10.318 [Test worker] DEBUG io.grpc.netty.shaded.io.netty.buffer.PooledByteBufAllocator -- -Dio.netty.allocator.smallCacheSize: 256
13:15:10.318 [Test worker] DEBUG io.grpc.netty.shaded.io.netty.buffer.PooledByteBufAllocator -- -Dio.netty.allocator.normalCacheSize: 64
13:15:10.318 [Test worker] DEBUG io.grpc.netty.shaded.io.netty.buffer.PooledByteBufAllocator -- -Dio.netty.allocator.maxCachedBufferCapacity: 32768
13:15:10.319 [Test worker] DEBUG io.grpc.netty.shaded.io.netty.buffer.PooledByteBufAllocator -- -Dio.netty.allocator.cacheTrimInterval: 8192
13:15:10.319 [Test worker] DEBUG io.grpc.netty.shaded.io.netty.buffer.PooledByteBufAllocator -- -Dio.netty.allocator.cacheTrimIntervalMillis: 0
13:15:10.319 [Test worker] DEBUG io.grpc.netty.shaded.io.netty.buffer.PooledByteBufAllocator -- -Dio.netty.allocator.useCacheForAllThreads: false
13:15:10.319 [Test worker] DEBUG io.grpc.netty.shaded.io.netty.buffer.PooledByteBufAllocator -- -Dio.netty.allocator.maxCachedByteBuffersPerChunk: 1023
13:15:10.348 [grpc-default-boss-ELG-1-1] DEBUG io.grpc.netty.shaded.io.netty.channel.DefaultChannelId -- -Dio.netty.processId: 19842 (auto-detected)
13:15:10.350 [grpc-default-boss-ELG-1-1] DEBUG io.grpc.netty.shaded.io.netty.channel.DefaultChannelId -- -Dio.netty.machineId: d0:ab:d5:ff:fe:bb:9b:e4 (auto-detected)
13:15:10.371 [grpc-default-boss-ELG-1-1] DEBUG io.grpc.netty.shaded.io.netty.buffer.ByteBufUtil -- -Dio.netty.allocator.type: pooled
13:15:10.372 [grpc-default-boss-ELG-1-1] DEBUG io.grpc.netty.shaded.io.netty.buffer.ByteBufUtil -- -Dio.netty.threadLocalDirectBufferSize: 0
13:15:10.372 [grpc-default-boss-ELG-1-1] DEBUG io.grpc.netty.shaded.io.netty.buffer.ByteBufUtil -- -Dio.netty.maxThreadLocalCharBufferSize: 16384
13:15:10.388 [Test worker] INFO com.raftkv.server.RaftServer -- RaftServer started on port 41303
13:15:10.396 [Test worker] INFO com.raftkv.server.RaftServer -- RaftServer started on port 34553
13:15:10.401 [Test worker] INFO com.raftkv.server.RaftServer -- RaftServer started on port 40387
13:15:10.780 [Test worker] INFO com.raftkv.harness.ClusterHarness -- ClusterHarness started with 3 nodes
13:15:11.330 [grpc-default-executor-1] DEBUG io.grpc.netty.shaded.io.netty.buffer.AbstractByteBuf -- -Dio.grpc.netty.shaded.io.netty.buffer.checkAccessible: true
13:15:11.331 [grpc-default-executor-1] DEBUG io.grpc.netty.shaded.io.netty.buffer.AbstractByteBuf -- -Dio.grpc.netty.shaded.io.netty.buffer.checkBounds: true
13:15:11.332 [grpc-default-executor-1] DEBUG io.grpc.netty.shaded.io.netty.util.ResourceLeakDetectorFactory -- Loaded default ResourceLeakDetector: io.grpc.netty.shaded.io.netty.util.ResourceLeakDetector@56af9c00
13:15:11.406 [grpc-default-executor-1] DEBUG io.grpc.netty.shaded.io.netty.util.Recycler -- -Dio.netty.recycler.maxCapacityPerThread: 4096
13:15:11.406 [grpc-default-executor-1] DEBUG io.grpc.netty.shaded.io.netty.util.Recycler -- -Dio.netty.recycler.ratio: 8
13:15:11.407 [grpc-default-executor-1] DEBUG io.grpc.netty.shaded.io.netty.util.Recycler -- -Dio.netty.recycler.chunkSize: 32
13:15:11.407 [grpc-default-executor-1] DEBUG io.grpc.netty.shaded.io.netty.util.Recycler -- -Dio.netty.recycler.blocking: false
13:15:11.407 [grpc-default-executor-1] DEBUG io.grpc.netty.shaded.io.netty.util.Recycler -- -Dio.netty.recycler.batchFastThreadLocalOnly: true
13:15:11.441 [grpc-default-worker-ELG-3-2] DEBUG io.grpc.netty.shaded.io.grpc.netty.NettyClientHandler -- [id: 0xa1ef20da, L:/127.0.0.1:49238 - R:localhost/127.0.0.1:34553] OUTBOUND SETTINGS: ack=false settings={ENABLE_PUSH=0, MAX_CONCURRENT_STREAMS=0, INITIAL_WINDOW_SIZE=1048576, MAX_HEADER_LIST_SIZE=8192}
13:15:11.441 [grpc-default-worker-ELG-3-5] DEBUG io.grpc.netty.shaded.io.grpc.netty.NettyServerHandler -- [id: 0x46bc5739, L:/127.0.0.1:41303 - R:/127.0.0.1:58260] OUTBOUND SETTINGS: ack=false settings={MAX_CONCURRENT_STREAMS=2147483647, INITIAL_WINDOW_SIZE=1048576, MAX_HEADER_LIST_SIZE=8192}
13:15:11.442 [grpc-default-worker-ELG-3-7] DEBUG io.grpc.netty.shaded.io.grpc.netty.NettyServerHandler -- [id: 0x4fc88eb2, L:/127.0.0.1:34553 - R:/127.0.0.1:49250] OUTBOUND SETTINGS: ack=false settings={MAX_CONCURRENT_STREAMS=2147483647, INITIAL_WINDOW_SIZE=1048576, MAX_HEADER_LIST_SIZE=8192}
13:15:11.441 [grpc-default-worker-ELG-3-1] DEBUG io.grpc.netty.shaded.io.grpc.netty.NettyClientHandler -- [id: 0xce6182bc, L:/127.0.0.1:44114 - R:localhost/127.0.0.1:40387] OUTBOUND SETTINGS: ack=false settings={ENABLE_PUSH=0, MAX_CONCURRENT_STREAMS=0, INITIAL_WINDOW_SIZE=1048576, MAX_HEADER_LIST_SIZE=8192}
13:15:11.441 [grpc-default-worker-ELG-3-8] DEBUG io.grpc.netty.shaded.io.grpc.netty.NettyServerHandler -- [id: 0xf37385f0, L:/127.0.0.1:40387 - R:/127.0.0.1:44124] OUTBOUND SETTINGS: ack=false settings={MAX_CONCURRENT_STREAMS=2147483647, INITIAL_WINDOW_SIZE=1048576, MAX_HEADER_LIST_SIZE=8192}
13:15:11.442 [grpc-default-worker-ELG-3-4] DEBUG io.grpc.netty.shaded.io.grpc.netty.NettyServerHandler -- [id: 0x29d6af39, L:/127.0.0.1:41303 - R:/127.0.0.1:58246] OUTBOUND SETTINGS: ack=false settings={MAX_CONCURRENT_STREAMS=2147483647, INITIAL_WINDOW_SIZE=1048576, MAX_HEADER_LIST_SIZE=8192}
13:15:11.442 [grpc-default-worker-ELG-3-6] DEBUG io.grpc.netty.shaded.io.grpc.netty.NettyServerHandler -- [id: 0x6763ae44, L:/127.0.0.1:34553 - R:/127.0.0.1:49238] OUTBOUND SETTINGS: ack=false settings={MAX_CONCURRENT_STREAMS=2147483647, INITIAL_WINDOW_SIZE=1048576, MAX_HEADER_LIST_SIZE=8192}
13:15:11.441 [grpc-default-worker-ELG-3-3] DEBUG io.grpc.netty.shaded.io.grpc.netty.NettyServerHandler -- [id: 0x8b83dca3, L:/127.0.0.1:40387 - R:/127.0.0.1:44114] OUTBOUND SETTINGS: ack=false settings={MAX_CONCURRENT_STREAMS=2147483647, INITIAL_WINDOW_SIZE=1048576, MAX_HEADER_LIST_SIZE=8192}
13:15:11.460 [grpc-default-worker-ELG-3-8] DEBUG io.grpc.netty.shaded.io.grpc.netty.NettyServerHandler -- [id: 0xf37385f0, L:/127.0.0.1:40387 - R:/127.0.0.1:44124] OUTBOUND WINDOW_UPDATE: streamId=0 windowSizeIncrement=983041
13:15:11.460 [grpc-default-worker-ELG-3-2] DEBUG io.grpc.netty.shaded.io.grpc.netty.NettyClientHandler -- [id: 0xa1ef20da, L:/127.0.0.1:49238 - R:localhost/127.0.0.1:34553] OUTBOUND WINDOW_UPDATE: streamId=0 windowSizeIncrement=983041
13:15:11.461 [grpc-default-worker-ELG-3-7] DEBUG io.grpc.netty.shaded.io.grpc.netty.NettyServerHandler -- [id: 0x4fc88eb2, L:/127.0.0.1:34553 - R:/127.0.0.1:49250] OUTBOUND WINDOW_UPDATE: streamId=0 windowSizeIncrement=983041
13:15:11.460 [grpc-default-worker-ELG-3-5] DEBUG io.grpc.netty.shaded.io.grpc.netty.NettyServerHandler -- [id: 0x46bc5739, L:/127.0.0.1:41303 - R:/127.0.0.1:58260] OUTBOUND WINDOW_UPDATE: streamId=0 windowSizeIncrement=983041
13:15:11.462 [grpc-default-worker-ELG-3-1] DEBUG io.grpc.netty.shaded.io.grpc.netty.NettyClientHandler -- [id: 0xce6182bc, L:/127.0.0.1:44114 - R:localhost/127.0.0.1:40387] OUTBOUND WINDOW_UPDATE: streamId=0 windowSizeIncrement=983041
13:15:11.463 [grpc-default-worker-ELG-3-4] DEBUG io.grpc.netty.shaded.io.grpc.netty.NettyServerHandler -- [id: 0x29d6af39, L:/127.0.0.1:41303 - R:/127.0.0.1:58246] OUTBOUND WINDOW_UPDATE: streamId=0 windowSizeIncrement=983041
13:15:11.465 [grpc-default-worker-ELG-3-6] DEBUG io.grpc.netty.shaded.io.grpc.netty.NettyServerHandler -- [id: 0x6763ae44, L:/127.0.0.1:34553 - R:/127.0.0.1:49238] OUTBOUND WINDOW_UPDATE: streamId=0 windowSizeIncrement=983041
13:15:11.466 [grpc-default-worker-ELG-3-3] DEBUG io.grpc.netty.shaded.io.grpc.netty.NettyServerHandler -- [id: 0x8b83dca3, L:/127.0.0.1:40387 - R:/127.0.0.1:44114] OUTBOUND WINDOW_UPDATE: streamId=0 windowSizeIncrement=983041
13:15:11.468 [grpc-default-worker-ELG-3-7] DEBUG io.grpc.netty.shaded.io.grpc.netty.NettyClientHandler -- [id: 0x9518e451, L:/127.0.0.1:49250 - R:localhost/127.0.0.1:34553] OUTBOUND SETTINGS: ack=false settings={ENABLE_PUSH=0, MAX_CONCURRENT_STREAMS=0, INITIAL_WINDOW_SIZE=1048576, MAX_HEADER_LIST_SIZE=8192}
13:15:11.468 [grpc-default-worker-ELG-3-7] DEBUG io.grpc.netty.shaded.io.grpc.netty.NettyClientHandler -- [id: 0x9518e451, L:/127.0.0.1:49250 - R:localhost/127.0.0.1:34553] OUTBOUND WINDOW_UPDATE: streamId=0 windowSizeIncrement=983041
13:15:11.468 [grpc-default-worker-ELG-3-6] DEBUG io.grpc.netty.shaded.io.grpc.netty.NettyClientHandler -- [id: 0xbd6eace7, L:/127.0.0.1:58246 - R:localhost/127.0.0.1:41303] OUTBOUND SETTINGS: ack=false settings={ENABLE_PUSH=0, MAX_CONCURRENT_STREAMS=0, INITIAL_WINDOW_SIZE=1048576, MAX_HEADER_LIST_SIZE=8192}
13:15:11.469 [grpc-default-worker-ELG-3-8] DEBUG io.grpc.netty.shaded.io.grpc.netty.NettyClientHandler -- [id: 0x6d4bdbe4, L:/127.0.0.1:44124 - R:localhost/127.0.0.1:40387] OUTBOUND SETTINGS: ack=false settings={ENABLE_PUSH=0, MAX_CONCURRENT_STREAMS=0, INITIAL_WINDOW_SIZE=1048576, MAX_HEADER_LIST_SIZE=8192}
13:15:11.469 [grpc-default-worker-ELG-3-6] DEBUG io.grpc.netty.shaded.io.grpc.netty.NettyClientHandler -- [id: 0xbd6eace7, L:/127.0.0.1:58246 - R:localhost/127.0.0.1:41303] OUTBOUND WINDOW_UPDATE: streamId=0 windowSizeIncrement=983041
13:15:11.469 [grpc-default-worker-ELG-3-8] DEBUG io.grpc.netty.shaded.io.grpc.netty.NettyClientHandler -- [id: 0x6d4bdbe4, L:/127.0.0.1:44124 - R:localhost/127.0.0.1:40387] OUTBOUND WINDOW_UPDATE: streamId=0 windowSizeIncrement=983041
13:15:11.470 [grpc-default-worker-ELG-3-5] DEBUG io.grpc.netty.shaded.io.grpc.netty.NettyClientHandler -- [id: 0x24de83b4, L:/127.0.0.1:58260 - R:localhost/127.0.0.1:41303] OUTBOUND SETTINGS: ack=false settings={ENABLE_PUSH=0, MAX_CONCURRENT_STREAMS=0, INITIAL_WINDOW_SIZE=1048576, MAX_HEADER_LIST_SIZE=8192}
13:15:11.471 [grpc-default-worker-ELG-3-5] DEBUG io.grpc.netty.shaded.io.grpc.netty.NettyClientHandler -- [id: 0x24de83b4, L:/127.0.0.1:58260 - R:localhost/127.0.0.1:41303] OUTBOUND WINDOW_UPDATE: streamId=0 windowSizeIncrement=983041
13:15:11.473 [grpc-default-worker-ELG-3-4] DEBUG io.grpc.netty.shaded.io.grpc.netty.NettyServerHandler -- [id: 0x29d6af39, L:/127.0.0.1:41303 - R:/127.0.0.1:58246] INBOUND SETTINGS: ack=false settings={ENABLE_PUSH=0, MAX_CONCURRENT_STREAMS=0, INITIAL_WINDOW_SIZE=1048576, MAX_HEADER_LIST_SIZE=8192}
13:15:11.473 [grpc-default-worker-ELG-3-3] DEBUG io.grpc.netty.shaded.io.grpc.netty.NettyServerHandler -- [id: 0x8b83dca3, L:/127.0.0.1:40387 - R:/127.0.0.1:44114] INBOUND SETTINGS: ack=false settings={ENABLE_PUSH=0, MAX_CONCURRENT_STREAMS=0, INITIAL_WINDOW_SIZE=1048576, MAX_HEADER_LIST_SIZE=8192}
13:15:11.473 [grpc-default-worker-ELG-3-7] DEBUG io.grpc.netty.shaded.io.grpc.netty.NettyServerHandler -- [id: 0x4fc88eb2, L:/127.0.0.1:34553 - R:/127.0.0.1:49250] INBOUND SETTINGS: ack=false settings={ENABLE_PUSH=0, MAX_CONCURRENT_STREAMS=0, INITIAL_WINDOW_SIZE=1048576, MAX_HEADER_LIST_SIZE=8192}
13:15:11.474 [grpc-default-worker-ELG-3-5] DEBUG io.grpc.netty.shaded.io.grpc.netty.NettyServerHandler -- [id: 0x46bc5739, L:/127.0.0.1:41303 - R:/127.0.0.1:58260] INBOUND SETTINGS: ack=false settings={ENABLE_PUSH=0, MAX_CONCURRENT_STREAMS=0, INITIAL_WINDOW_SIZE=1048576, MAX_HEADER_LIST_SIZE=8192}
13:15:11.473 [grpc-default-worker-ELG-3-1] DEBUG io.grpc.netty.shaded.io.grpc.netty.NettyClientHandler -- [id: 0xce6182bc, L:/127.0.0.1:44114 - R:localhost/127.0.0.1:40387] INBOUND SETTINGS: ack=false settings={MAX_CONCURRENT_STREAMS=2147483647, INITIAL_WINDOW_SIZE=1048576, MAX_HEADER_LIST_SIZE=8192}
13:15:11.473 [grpc-default-worker-ELG-3-8] DEBUG io.grpc.netty.shaded.io.grpc.netty.NettyServerHandler -- [id: 0xf37385f0, L:/127.0.0.1:40387 - R:/127.0.0.1:44124] INBOUND SETTINGS: ack=false settings={ENABLE_PUSH=0, MAX_CONCURRENT_STREAMS=0, INITIAL_WINDOW_SIZE=1048576, MAX_HEADER_LIST_SIZE=8192}
13:15:11.473 [grpc-default-worker-ELG-3-6] DEBUG io.grpc.netty.shaded.io.grpc.netty.NettyServerHandler -- [id: 0x6763ae44, L:/127.0.0.1:34553 - R:/127.0.0.1:49238] INBOUND SETTINGS: ack=false settings={ENABLE_PUSH=0, MAX_CONCURRENT_STREAMS=0, INITIAL_WINDOW_SIZE=1048576, MAX_HEADER_LIST_SIZE=8192}
13:15:11.473 [grpc-default-worker-ELG-3-2] DEBUG io.grpc.netty.shaded.io.grpc.netty.NettyClientHandler -- [id: 0xa1ef20da, L:/127.0.0.1:49238 - R:localhost/127.0.0.1:34553] INBOUND SETTINGS: ack=false settings={MAX_CONCURRENT_STREAMS=2147483647, INITIAL_WINDOW_SIZE=1048576, MAX_HEADER_LIST_SIZE=8192}
13:15:11.475 [grpc-default-worker-ELG-3-3] DEBUG io.grpc.netty.shaded.io.grpc.netty.NettyServerHandler -- [id: 0x8b83dca3, L:/127.0.0.1:40387 - R:/127.0.0.1:44114] OUTBOUND SETTINGS: ack=true
13:15:11.476 [grpc-default-worker-ELG-3-6] DEBUG io.grpc.netty.shaded.io.grpc.netty.NettyServerHandler -- [id: 0x6763ae44, L:/127.0.0.1:34553 - R:/127.0.0.1:49238] OUTBOUND SETTINGS: ack=true
13:15:11.476 [grpc-default-worker-ELG-3-1] DEBUG io.grpc.netty.shaded.io.grpc.netty.NettyClientHandler -- [id: 0xce6182bc, L:/127.0.0.1:44114 - R:localhost/127.0.0.1:40387] OUTBOUND SETTINGS: ack=true
13:15:11.475 [grpc-default-worker-ELG-3-2] DEBUG io.grpc.netty.shaded.io.grpc.netty.NettyClientHandler -- [id: 0xa1ef20da, L:/127.0.0.1:49238 - R:localhost/127.0.0.1:34553] OUTBOUND SETTINGS: ack=true
13:15:11.475 [grpc-default-worker-ELG-3-4] DEBUG io.grpc.netty.shaded.io.grpc.netty.NettyServerHandler -- [id: 0x29d6af39, L:/127.0.0.1:41303 - R:/127.0.0.1:58246] OUTBOUND SETTINGS: ack=true
13:15:11.476 [grpc-default-worker-ELG-3-5] DEBUG io.grpc.netty.shaded.io.grpc.netty.NettyServerHandler -- [id: 0x46bc5739, L:/127.0.0.1:41303 - R:/127.0.0.1:58260] OUTBOUND SETTINGS: ack=true
13:15:11.477 [grpc-default-worker-ELG-3-6] DEBUG io.grpc.netty.shaded.io.grpc.netty.NettyServerHandler -- [id: 0x6763ae44, L:/127.0.0.1:34553 - R:/127.0.0.1:49238] INBOUND WINDOW_UPDATE: streamId=0 windowSizeIncrement=983041
13:15:11.477 [grpc-default-worker-ELG-3-7] DEBUG io.grpc.netty.shaded.io.grpc.netty.NettyServerHandler -- [id: 0x4fc88eb2, L:/127.0.0.1:34553 - R:/127.0.0.1:49250] OUTBOUND SETTINGS: ack=true
13:15:11.477 [grpc-default-worker-ELG-3-7] DEBUG io.grpc.netty.shaded.io.grpc.netty.NettyServerHandler -- [id: 0x4fc88eb2, L:/127.0.0.1:34553 - R:/127.0.0.1:49250] INBOUND WINDOW_UPDATE: streamId=0 windowSizeIncrement=983041
13:15:11.478 [grpc-default-worker-ELG-3-6] DEBUG io.grpc.netty.shaded.io.grpc.netty.NettyClientHandler -- [id: 0xbd6eace7, L:/127.0.0.1:58246 - R:localhost/127.0.0.1:41303] INBOUND SETTINGS: ack=false settings={MAX_CONCURRENT_STREAMS=2147483647, INITIAL_WINDOW_SIZE=1048576, MAX_HEADER_LIST_SIZE=8192}
13:15:11.477 [grpc-default-worker-ELG-3-3] DEBUG io.grpc.netty.shaded.io.grpc.netty.NettyServerHandler -- [id: 0x8b83dca3, L:/127.0.0.1:40387 - R:/127.0.0.1:44114] INBOUND WINDOW_UPDATE: streamId=0 windowSizeIncrement=983041
13:15:11.477 [grpc-default-worker-ELG-3-4] DEBUG io.grpc.netty.shaded.io.grpc.netty.NettyServerHandler -- [id: 0x29d6af39, L:/127.0.0.1:41303 - R:/127.0.0.1:58246] INBOUND WINDOW_UPDATE: streamId=0 windowSizeIncrement=983041
13:15:11.477 [grpc-default-worker-ELG-3-5] DEBUG io.grpc.netty.shaded.io.grpc.netty.NettyServerHandler -- [id: 0x46bc5739, L:/127.0.0.1:41303 - R:/127.0.0.1:58260] INBOUND WINDOW_UPDATE: streamId=0 windowSizeIncrement=983041
13:15:11.481 [grpc-default-worker-ELG-3-5] DEBUG io.grpc.netty.shaded.io.grpc.netty.NettyClientHandler -- [id: 0x24de83b4, L:/127.0.0.1:58260 - R:localhost/127.0.0.1:41303] INBOUND SETTINGS: ack=false settings={MAX_CONCURRENT_STREAMS=2147483647, INITIAL_WINDOW_SIZE=1048576, MAX_HEADER_LIST_SIZE=8192}
13:15:11.481 [grpc-default-worker-ELG-3-5] DEBUG io.grpc.netty.shaded.io.grpc.netty.NettyClientHandler -- [id: 0x24de83b4, L:/127.0.0.1:58260 - R:localhost/127.0.0.1:41303] OUTBOUND SETTINGS: ack=true
13:15:11.478 [grpc-default-worker-ELG-3-7] DEBUG io.grpc.netty.shaded.io.grpc.netty.NettyClientHandler -- [id: 0x9518e451, L:/127.0.0.1:49250 - R:localhost/127.0.0.1:34553] INBOUND SETTINGS: ack=false settings={MAX_CONCURRENT_STREAMS=2147483647, INITIAL_WINDOW_SIZE=1048576, MAX_HEADER_LIST_SIZE=8192}
13:15:11.478 [grpc-default-worker-ELG-3-8] DEBUG io.grpc.netty.shaded.io.grpc.netty.NettyServerHandler -- [id: 0xf37385f0, L:/127.0.0.1:40387 - R:/127.0.0.1:44124] OUTBOUND SETTINGS: ack=true
13:15:11.483 [grpc-default-worker-ELG-3-7] DEBUG io.grpc.netty.shaded.io.grpc.netty.NettyClientHandler -- [id: 0x9518e451, L:/127.0.0.1:49250 - R:localhost/127.0.0.1:34553] OUTBOUND SETTINGS: ack=true
13:15:11.483 [grpc-default-worker-ELG-3-8] DEBUG io.grpc.netty.shaded.io.grpc.netty.NettyServerHandler -- [id: 0xf37385f0, L:/127.0.0.1:40387 - R:/127.0.0.1:44124] INBOUND WINDOW_UPDATE: streamId=0 windowSizeIncrement=983041
13:15:11.478 [grpc-default-worker-ELG-3-6] DEBUG io.grpc.netty.shaded.io.grpc.netty.NettyClientHandler -- [id: 0xbd6eace7, L:/127.0.0.1:58246 - R:localhost/127.0.0.1:41303] OUTBOUND SETTINGS: ack=true
13:15:11.484 [grpc-default-worker-ELG-3-8] DEBUG io.grpc.netty.shaded.io.grpc.netty.NettyClientHandler -- [id: 0x6d4bdbe4, L:/127.0.0.1:44124 - R:localhost/127.0.0.1:40387] INBOUND SETTINGS: ack=false settings={MAX_CONCURRENT_STREAMS=2147483647, INITIAL_WINDOW_SIZE=1048576, MAX_HEADER_LIST_SIZE=8192}
13:15:11.485 [grpc-default-worker-ELG-3-8] DEBUG io.grpc.netty.shaded.io.grpc.netty.NettyClientHandler -- [id: 0x6d4bdbe4, L:/127.0.0.1:44124 - R:localhost/127.0.0.1:40387] OUTBOUND SETTINGS: ack=true
13:15:11.508 [grpc-default-worker-ELG-3-5] DEBUG io.grpc.netty.shaded.io.grpc.netty.NettyClientHandler -- [id: 0x24de83b4, L:/127.0.0.1:58260 - R:localhost/127.0.0.1:41303] INBOUND WINDOW_UPDATE: streamId=0 windowSizeIncrement=983041
13:15:11.508 [grpc-default-worker-ELG-3-5] DEBUG io.grpc.netty.shaded.io.grpc.netty.NettyClientHandler -- [id: 0x24de83b4, L:/127.0.0.1:58260 - R:localhost/127.0.0.1:41303] INBOUND SETTINGS: ack=true
13:15:11.508 [grpc-default-worker-ELG-3-8] DEBUG io.grpc.netty.shaded.io.grpc.netty.NettyClientHandler -- [id: 0x6d4bdbe4, L:/127.0.0.1:44124 - R:localhost/127.0.0.1:40387] INBOUND WINDOW_UPDATE: streamId=0 windowSizeIncrement=983041
13:15:11.509 [grpc-default-worker-ELG-3-1] DEBUG io.grpc.netty.shaded.io.grpc.netty.NettyClientHandler -- [id: 0xce6182bc, L:/127.0.0.1:44114 - R:localhost/127.0.0.1:40387] INBOUND WINDOW_UPDATE: streamId=0 windowSizeIncrement=983041
13:15:11.510 [grpc-default-worker-ELG-3-8] DEBUG io.grpc.netty.shaded.io.grpc.netty.NettyClientHandler -- [id: 0x6d4bdbe4, L:/127.0.0.1:44124 - R:localhost/127.0.0.1:40387] INBOUND SETTINGS: ack=true
13:15:11.509 [grpc-default-worker-ELG-3-2] DEBUG io.grpc.netty.shaded.io.grpc.netty.NettyClientHandler -- [id: 0xa1ef20da, L:/127.0.0.1:49238 - R:localhost/127.0.0.1:34553] INBOUND WINDOW_UPDATE: streamId=0 windowSizeIncrement=983041
13:15:11.509 [grpc-default-worker-ELG-3-7] DEBUG io.grpc.netty.shaded.io.grpc.netty.NettyClientHandler -- [id: 0x9518e451, L:/127.0.0.1:49250 - R:localhost/127.0.0.1:34553] INBOUND WINDOW_UPDATE: streamId=0 windowSizeIncrement=983041
13:15:11.510 [grpc-default-worker-ELG-3-7] DEBUG io.grpc.netty.shaded.io.grpc.netty.NettyClientHandler -- [id: 0x9518e451, L:/127.0.0.1:49250 - R:localhost/127.0.0.1:34553] INBOUND SETTINGS: ack=true
13:15:11.509 [grpc-default-worker-ELG-3-6] DEBUG io.grpc.netty.shaded.io.grpc.netty.NettyClientHandler -- [id: 0xbd6eace7, L:/127.0.0.1:58246 - R:localhost/127.0.0.1:41303] INBOUND WINDOW_UPDATE: streamId=0 windowSizeIncrement=983041
13:15:11.510 [grpc-default-worker-ELG-3-1] DEBUG io.grpc.netty.shaded.io.grpc.netty.NettyClientHandler -- [id: 0xce6182bc, L:/127.0.0.1:44114 - R:localhost/127.0.0.1:40387] INBOUND SETTINGS: ack=true
13:15:11.510 [grpc-default-worker-ELG-3-2] DEBUG io.grpc.netty.shaded.io.grpc.netty.NettyClientHandler -- [id: 0xa1ef20da, L:/127.0.0.1:49238 - R:localhost/127.0.0.1:34553] INBOUND SETTINGS: ack=true
13:15:11.511 [grpc-default-worker-ELG-3-4] DEBUG io.grpc.netty.shaded.io.grpc.netty.NettyServerHandler -- [id: 0x29d6af39, L:/127.0.0.1:41303 - R:/127.0.0.1:58246] INBOUND SETTINGS: ack=true
13:15:11.512 [grpc-default-worker-ELG-3-7] DEBUG io.grpc.netty.shaded.io.grpc.netty.NettyServerHandler -- [id: 0x4fc88eb2, L:/127.0.0.1:34553 - R:/127.0.0.1:49250] INBOUND SETTINGS: ack=true
13:15:11.511 [grpc-default-worker-ELG-3-5] DEBUG io.grpc.netty.shaded.io.grpc.netty.NettyServerHandler -- [id: 0x46bc5739, L:/127.0.0.1:41303 - R:/127.0.0.1:58260] INBOUND SETTINGS: ack=true
13:15:11.511 [grpc-default-worker-ELG-3-8] DEBUG io.grpc.netty.shaded.io.grpc.netty.NettyServerHandler -- [id: 0xf37385f0, L:/127.0.0.1:40387 - R:/127.0.0.1:44124] INBOUND SETTINGS: ack=true
13:15:11.512 [grpc-default-worker-ELG-3-3] DEBUG io.grpc.netty.shaded.io.grpc.netty.NettyServerHandler -- [id: 0x8b83dca3, L:/127.0.0.1:40387 - R:/127.0.0.1:44114] INBOUND SETTINGS: ack=true
13:15:11.513 [grpc-default-worker-ELG-3-6] DEBUG io.grpc.netty.shaded.io.grpc.netty.NettyClientHandler -- [id: 0xbd6eace7, L:/127.0.0.1:58246 - R:localhost/127.0.0.1:41303] INBOUND SETTINGS: ack=true
13:15:11.517 [grpc-default-worker-ELG-3-6] DEBUG io.grpc.netty.shaded.io.grpc.netty.NettyServerHandler -- [id: 0x6763ae44, L:/127.0.0.1:34553 - R:/127.0.0.1:49238] INBOUND SETTINGS: ack=true
13:15:11.537 [grpc-default-worker-ELG-3-7] DEBUG io.grpc.netty.shaded.io.grpc.netty.NettyClientHandler -- [id: 0x9518e451, L:/127.0.0.1:49250 - R:localhost/127.0.0.1:34553] OUTBOUND HEADERS: streamId=3 headers=GrpcHttp2OutboundHeaders[:authority: localhost:34553, :path: /raftkv.RaftService/RequestVote, :method: POST, :scheme: http, content-type: application/grpc, te: trailers, user-agent: grpc-java-netty/1.63.0, grpc-accept-encoding: gzip] streamDependency=0 weight=16 exclusive=false padding=0 endStream=false
13:15:11.538 [grpc-default-worker-ELG-3-8] DEBUG io.grpc.netty.shaded.io.grpc.netty.NettyClientHandler -- [id: 0x6d4bdbe4, L:/127.0.0.1:44124 - R:localhost/127.0.0.1:40387] OUTBOUND HEADERS: streamId=3 headers=GrpcHttp2OutboundHeaders[:authority: localhost:40387, :path: /raftkv.RaftService/RequestVote, :method: POST, :scheme: http, content-type: application/grpc, te: trailers, user-agent: grpc-java-netty/1.63.0, grpc-accept-encoding: gzip] streamDependency=0 weight=16 exclusive=false padding=0 endStream=false
13:15:11.538 [grpc-default-worker-ELG-3-5] DEBUG io.grpc.netty.shaded.io.grpc.netty.NettyClientHandler -- [id: 0x24de83b4, L:/127.0.0.1:58260 - R:localhost/127.0.0.1:41303] OUTBOUND HEADERS: streamId=3 headers=GrpcHttp2OutboundHeaders[:authority: localhost:41303, :path: /raftkv.RaftService/RequestVote, :method: POST, :scheme: http, content-type: application/grpc, te: trailers, user-agent: grpc-java-netty/1.63.0, grpc-accept-encoding: gzip] streamDependency=0 weight=16 exclusive=false padding=0 endStream=false
13:15:11.538 [grpc-default-worker-ELG-3-1] DEBUG io.grpc.netty.shaded.io.grpc.netty.NettyClientHandler -- [id: 0xce6182bc, L:/127.0.0.1:44114 - R:localhost/127.0.0.1:40387] OUTBOUND HEADERS: streamId=3 headers=GrpcHttp2OutboundHeaders[:authority: localhost:40387, :path: /raftkv.RaftService/RequestVote, :method: POST, :scheme: http, content-type: application/grpc, te: trailers, user-agent: grpc-java-netty/1.63.0, grpc-accept-encoding: gzip] streamDependency=0 weight=16 exclusive=false padding=0 endStream=false
13:15:11.537 [grpc-default-worker-ELG-3-6] DEBUG io.grpc.netty.shaded.io.grpc.netty.NettyClientHandler -- [id: 0xbd6eace7, L:/127.0.0.1:58246 - R:localhost/127.0.0.1:41303] OUTBOUND HEADERS: streamId=3 headers=GrpcHttp2OutboundHeaders[:authority: localhost:41303, :path: /raftkv.RaftService/RequestVote, :method: POST, :scheme: http, content-type: application/grpc, te: trailers, user-agent: grpc-java-netty/1.63.0, grpc-accept-encoding: gzip] streamDependency=0 weight=16 exclusive=false padding=0 endStream=false
13:15:11.537 [grpc-default-worker-ELG-3-2] DEBUG io.grpc.netty.shaded.io.grpc.netty.NettyClientHandler -- [id: 0xa1ef20da, L:/127.0.0.1:49238 - R:localhost/127.0.0.1:34553] OUTBOUND HEADERS: streamId=3 headers=GrpcHttp2OutboundHeaders[:authority: localhost:34553, :path: /raftkv.RaftService/RequestVote, :method: POST, :scheme: http, content-type: application/grpc, te: trailers, user-agent: grpc-java-netty/1.63.0, grpc-accept-encoding: gzip] streamDependency=0 weight=16 exclusive=false padding=0 endStream=false
13:15:11.551 [grpc-default-worker-ELG-3-7] DEBUG io.grpc.netty.shaded.io.grpc.netty.NettyClientHandler -- [id: 0x9518e451, L:/127.0.0.1:49250 - R:localhost/127.0.0.1:34553] OUTBOUND HEADERS: streamId=5 headers=GrpcHttp2OutboundHeaders[:authority: localhost:34553, :path: /raftkv.RaftService/RequestVote, :method: POST, :scheme: http, content-type: application/grpc, te: trailers, user-agent: grpc-java-netty/1.63.0, grpc-accept-encoding: gzip] streamDependency=0 weight=16 exclusive=false padding=0 endStream=false
13:15:11.551 [grpc-default-worker-ELG-3-2] DEBUG io.grpc.netty.shaded.io.grpc.netty.NettyClientHandler -- [id: 0xa1ef20da, L:/127.0.0.1:49238 - R:localhost/127.0.0.1:34553] OUTBOUND HEADERS: streamId=5 headers=GrpcHttp2OutboundHeaders[:authority: localhost:34553, :path: /raftkv.RaftService/RequestVote, :method: POST, :scheme: http, content-type: application/grpc, te: trailers, user-agent: grpc-java-netty/1.63.0, grpc-accept-encoding: gzip] streamDependency=0 weight=16 exclusive=false padding=0 endStream=false
13:15:11.552 [grpc-default-worker-ELG-3-2] DEBUG io.grpc.netty.shaded.io.grpc.netty.NettyClientHandler -- [id: 0xa1ef20da, L:/127.0.0.1:49238 - R:localhost/127.0.0.1:34553] OUTBOUND HEADERS: streamId=7 headers=GrpcHttp2OutboundHeaders[:authority: localhost:34553, :path: /raftkv.RaftService/RequestVote, :method: POST, :scheme: http, content-type: application/grpc, te: trailers, user-agent: grpc-java-netty/1.63.0, grpc-accept-encoding: gzip] streamDependency=0 weight=16 exclusive=false padding=0 endStream=false
13:15:11.551 [grpc-default-worker-ELG-3-5] DEBUG io.grpc.netty.shaded.io.grpc.netty.NettyClientHandler -- [id: 0x24de83b4, L:/127.0.0.1:58260 - R:localhost/127.0.0.1:41303] OUTBOUND HEADERS: streamId=5 headers=GrpcHttp2OutboundHeaders[:authority: localhost:41303, :path: /raftkv.RaftService/RequestVote, :method: POST, :scheme: http, content-type: application/grpc, te: trailers, user-agent: grpc-java-netty/1.63.0, grpc-accept-encoding: gzip] streamDependency=0 weight=16 exclusive=false padding=0 endStream=false
13:15:11.551 [grpc-default-worker-ELG-3-8] DEBUG io.grpc.netty.shaded.io.grpc.netty.NettyClientHandler -- [id: 0x6d4bdbe4, L:/127.0.0.1:44124 - R:localhost/127.0.0.1:40387] OUTBOUND HEADERS: streamId=5 headers=GrpcHttp2OutboundHeaders[:authority: localhost:40387, :path: /raftkv.RaftService/RequestVote, :method: POST, :scheme: http, content-type: application/grpc, te: trailers, user-agent: grpc-java-netty/1.63.0, grpc-accept-encoding: gzip] streamDependency=0 weight=16 exclusive=false padding=0 endStream=false
13:15:11.551 [grpc-default-worker-ELG-3-1] DEBUG io.grpc.netty.shaded.io.grpc.netty.NettyClientHandler -- [id: 0xce6182bc, L:/127.0.0.1:44114 - R:localhost/127.0.0.1:40387] OUTBOUND HEADERS: streamId=5 headers=GrpcHttp2OutboundHeaders[:authority: localhost:40387, :path: /raftkv.RaftService/RequestVote, :method: POST, :scheme: http, content-type: application/grpc, te: trailers, user-agent: grpc-java-netty/1.63.0, grpc-accept-encoding: gzip] streamDependency=0 weight=16 exclusive=false padding=0 endStream=false
13:15:11.554 [grpc-default-worker-ELG-3-5] DEBUG io.grpc.netty.shaded.io.grpc.netty.NettyClientHandler -- [id: 0x24de83b4, L:/127.0.0.1:58260 - R:localhost/127.0.0.1:41303] OUTBOUND HEADERS: streamId=7 headers=GrpcHttp2OutboundHeaders[:authority: localhost:41303, :path: /raftkv.RaftService/RequestVote, :method: POST, :scheme: http, content-type: application/grpc, te: trailers, user-agent: grpc-java-netty/1.63.0, grpc-accept-encoding: gzip] streamDependency=0 weight=16 exclusive=false padding=0 endStream=false
13:15:11.555 [grpc-default-worker-ELG-3-1] DEBUG io.grpc.netty.shaded.io.grpc.netty.NettyClientHandler -- [id: 0xce6182bc, L:/127.0.0.1:44114 - R:localhost/127.0.0.1:40387] OUTBOUND HEADERS: streamId=7 headers=GrpcHttp2OutboundHeaders[:authority: localhost:40387, :path: /raftkv.RaftService/RequestVote, :method: POST, :scheme: http, content-type: application/grpc, te: trailers, user-agent: grpc-java-netty/1.63.0, grpc-accept-encoding: gzip] streamDependency=0 weight=16 exclusive=false padding=0 endStream=false
13:15:11.552 [grpc-default-worker-ELG-3-6] DEBUG io.grpc.netty.shaded.io.grpc.netty.NettyClientHandler -- [id: 0xbd6eace7, L:/127.0.0.1:58246 - R:localhost/127.0.0.1:41303] OUTBOUND HEADERS: streamId=5 headers=GrpcHttp2OutboundHeaders[:authority: localhost:41303, :path: /raftkv.RaftService/RequestVote, :method: POST, :scheme: http, content-type: application/grpc, te: trailers, user-agent: grpc-java-netty/1.63.0, grpc-accept-encoding: gzip] streamDependency=0 weight=16 exclusive=false padding=0 endStream=false
13:15:11.557 [grpc-default-worker-ELG-3-6] DEBUG io.grpc.netty.shaded.io.grpc.netty.NettyClientHandler -- [id: 0xbd6eace7, L:/127.0.0.1:58246 - R:localhost/127.0.0.1:41303] OUTBOUND HEADERS: streamId=7 headers=GrpcHttp2OutboundHeaders[:authority: localhost:41303, :path: /raftkv.RaftService/RequestVote, :method: POST, :scheme: http, content-type: application/grpc, te: trailers, user-agent: grpc-java-netty/1.63.0, grpc-accept-encoding: gzip] streamDependency=0 weight=16 exclusive=false padding=0 endStream=false
13:15:11.558 [grpc-default-worker-ELG-3-7] DEBUG io.grpc.netty.shaded.io.grpc.netty.NettyClientHandler -- [id: 0x9518e451, L:/127.0.0.1:49250 - R:localhost/127.0.0.1:34553] OUTBOUND HEADERS: streamId=7 headers=GrpcHttp2OutboundHeaders[:authority: localhost:34553, :path: /raftkv.RaftService/RequestVote, :method: POST, :scheme: http, content-type: application/grpc, te: trailers, user-agent: grpc-java-netty/1.63.0, grpc-accept-encoding: gzip] streamDependency=0 weight=16 exclusive=false padding=0 endStream=false
13:15:11.557 [grpc-default-worker-ELG-3-8] DEBUG io.grpc.netty.shaded.io.grpc.netty.NettyClientHandler -- [id: 0x6d4bdbe4, L:/127.0.0.1:44124 - R:localhost/127.0.0.1:40387] OUTBOUND HEADERS: streamId=7 headers=GrpcHttp2OutboundHeaders[:authority: localhost:40387, :path: /raftkv.RaftService/RequestVote, :method: POST, :scheme: http, content-type: application/grpc, te: trailers, user-agent: grpc-java-netty/1.63.0, grpc-accept-encoding: gzip] streamDependency=0 weight=16 exclusive=false padding=0 endStream=false
13:15:11.563 [grpc-default-worker-ELG-3-1] DEBUG io.grpc.netty.shaded.io.grpc.netty.NettyClientHandler -- [id: 0xce6182bc, L:/127.0.0.1:44114 - R:localhost/127.0.0.1:40387] OUTBOUND DATA: streamId=3 padding=0 endStream=true length=15 bytes=000000000a080212066e6f64652d30
13:15:11.563 [grpc-default-worker-ELG-3-2] DEBUG io.grpc.netty.shaded.io.grpc.netty.NettyClientHandler -- [id: 0xa1ef20da, L:/127.0.0.1:49238 - R:localhost/127.0.0.1:34553] OUTBOUND DATA: streamId=3 padding=0 endStream=true length=15 bytes=000000000a080212066e6f64652d30
13:15:11.563 [grpc-default-worker-ELG-3-5] DEBUG io.grpc.netty.shaded.io.grpc.netty.NettyClientHandler -- [id: 0x24de83b4, L:/127.0.0.1:58260 - R:localhost/127.0.0.1:41303] OUTBOUND DATA: streamId=5 padding=0 endStream=true length=15 bytes=000000000a080212066e6f64652d32
13:15:11.563 [grpc-default-worker-ELG-3-7] DEBUG io.grpc.netty.shaded.io.grpc.netty.NettyClientHandler -- [id: 0x9518e451, L:/127.0.0.1:49250 - R:localhost/127.0.0.1:34553] OUTBOUND DATA: streamId=3 padding=0 endStream=true length=15 bytes=000000000a080212066e6f64652d32
13:15:11.563 [grpc-default-worker-ELG-3-8] DEBUG io.grpc.netty.shaded.io.grpc.netty.NettyClientHandler -- [id: 0x6d4bdbe4, L:/127.0.0.1:44124 - R:localhost/127.0.0.1:40387] OUTBOUND DATA: streamId=5 padding=0 endStream=true length=15 bytes=000000000a080212066e6f64652d31
13:15:11.563 [grpc-default-worker-ELG-3-6] DEBUG io.grpc.netty.shaded.io.grpc.netty.NettyClientHandler -- [id: 0xbd6eace7, L:/127.0.0.1:58246 - R:localhost/127.0.0.1:41303] OUTBOUND DATA: streamId=3 padding=0 endStream=true length=15 bytes=000000000a080112066e6f64652d31
13:15:11.564 [grpc-default-worker-ELG-3-7] DEBUG io.grpc.netty.shaded.io.grpc.netty.NettyClientHandler -- [id: 0x9518e451, L:/127.0.0.1:49250 - R:localhost/127.0.0.1:34553] OUTBOUND DATA: streamId=7 padding=0 endStream=true length=15 bytes=000000000a080312066e6f64652d32
13:15:11.565 [grpc-default-worker-ELG-3-8] DEBUG io.grpc.netty.shaded.io.grpc.netty.NettyClientHandler -- [id: 0x6d4bdbe4, L:/127.0.0.1:44124 - R:localhost/127.0.0.1:40387] OUTBOUND DATA: streamId=7 padding=0 endStream=true length=15 bytes=000000000a080312066e6f64652d31
13:15:11.564 [grpc-default-worker-ELG-3-1] DEBUG io.grpc.netty.shaded.io.grpc.netty.NettyClientHandler -- [id: 0xce6182bc, L:/127.0.0.1:44114 - R:localhost/127.0.0.1:40387] OUTBOUND DATA: streamId=7 padding=0 endStream=true length=15 bytes=000000000a080312066e6f64652d30
13:15:11.565 [grpc-default-worker-ELG-3-8] DEBUG io.grpc.netty.shaded.io.grpc.netty.NettyClientHandler -- [id: 0x6d4bdbe4, L:/127.0.0.1:44124 - R:localhost/127.0.0.1:40387] OUTBOUND DATA: streamId=3 padding=0 endStream=true length=15 bytes=000000000a080112066e6f64652d31
13:15:11.564 [grpc-default-worker-ELG-3-6] DEBUG io.grpc.netty.shaded.io.grpc.netty.NettyClientHandler -- [id: 0xbd6eace7, L:/127.0.0.1:58246 - R:localhost/127.0.0.1:41303] OUTBOUND DATA: streamId=7 padding=0 endStream=true length=15 bytes=000000000a080312066e6f64652d31
13:15:11.565 [grpc-default-worker-ELG-3-5] DEBUG io.grpc.netty.shaded.io.grpc.netty.NettyClientHandler -- [id: 0x24de83b4, L:/127.0.0.1:58260 - R:localhost/127.0.0.1:41303] OUTBOUND DATA: streamId=3 padding=0 endStream=true length=15 bytes=000000000a080112066e6f64652d32
13:15:11.567 [grpc-default-worker-ELG-3-6] DEBUG io.grpc.netty.shaded.io.grpc.netty.NettyClientHandler -- [id: 0xbd6eace7, L:/127.0.0.1:58246 - R:localhost/127.0.0.1:41303] OUTBOUND DATA: streamId=5 padding=0 endStream=true length=15 bytes=000000000a080212066e6f64652d31
13:15:11.567 [grpc-default-worker-ELG-3-5] DEBUG io.grpc.netty.shaded.io.grpc.netty.NettyClientHandler -- [id: 0x24de83b4, L:/127.0.0.1:58260 - R:localhost/127.0.0.1:41303] OUTBOUND DATA: streamId=7 padding=0 endStream=true length=15 bytes=000000000a080312066e6f64652d32
13:15:11.565 [grpc-default-worker-ELG-3-7] DEBUG io.grpc.netty.shaded.io.grpc.netty.NettyClientHandler -- [id: 0x9518e451, L:/127.0.0.1:49250 - R:localhost/127.0.0.1:34553] OUTBOUND DATA: streamId=5 padding=0 endStream=true length=15 bytes=000000000a080112066e6f64652d32
13:15:11.565 [grpc-default-worker-ELG-3-1] DEBUG io.grpc.netty.shaded.io.grpc.netty.NettyClientHandler -- [id: 0xce6182bc, L:/127.0.0.1:44114 - R:localhost/127.0.0.1:40387] OUTBOUND DATA: streamId=5 padding=0 endStream=true length=15 bytes=000000000a080112066e6f64652d30
13:15:11.567 [grpc-default-worker-ELG-3-2] DEBUG io.grpc.netty.shaded.io.grpc.netty.NettyClientHandler -- [id: 0xa1ef20da, L:/127.0.0.1:49238 - R:localhost/127.0.0.1:34553] OUTBOUND DATA: streamId=5 padding=0 endStream=true length=15 bytes=000000000a080112066e6f64652d30
13:15:11.568 [grpc-default-worker-ELG-3-2] DEBUG io.grpc.netty.shaded.io.grpc.netty.NettyClientHandler -- [id: 0xa1ef20da, L:/127.0.0.1:49238 - R:localhost/127.0.0.1:34553] OUTBOUND DATA: streamId=7 padding=0 endStream=true length=15 bytes=000000000a080312066e6f64652d30
13:15:11.584 [grpc-default-worker-ELG-3-6] DEBUG io.grpc.netty.shaded.io.grpc.netty.NettyServerHandler -- [id: 0x6763ae44, L:/127.0.0.1:34553 - R:/127.0.0.1:49238] INBOUND HEADERS: streamId=3 headers=GrpcHttp2RequestHeaders[:path: /raftkv.RaftService/RequestVote, :authority: localhost:34553, :method: POST, :scheme: http, te: trailers, content-type: application/grpc, user-agent: grpc-java-netty/1.63.0, grpc-accept-encoding: gzip] streamDependency=0 weight=16 exclusive=false padding=0 endStream=false
13:15:11.584 [grpc-default-worker-ELG-3-4] DEBUG io.grpc.netty.shaded.io.grpc.netty.NettyServerHandler -- [id: 0x29d6af39, L:/127.0.0.1:41303 - R:/127.0.0.1:58246] INBOUND HEADERS: streamId=3 headers=GrpcHttp2RequestHeaders[:path: /raftkv.RaftService/RequestVote, :authority: localhost:41303, :method: POST, :scheme: http, te: trailers, content-type: application/grpc, user-agent: grpc-java-netty/1.63.0, grpc-accept-encoding: gzip] streamDependency=0 weight=16 exclusive=false padding=0 endStream=false
13:15:11.585 [grpc-default-worker-ELG-3-8] DEBUG io.grpc.netty.shaded.io.grpc.netty.NettyServerHandler -- [id: 0xf37385f0, L:/127.0.0.1:40387 - R:/127.0.0.1:44124] INBOUND HEADERS: streamId=3 headers=GrpcHttp2RequestHeaders[:path: /raftkv.RaftService/RequestVote, :authority: localhost:40387, :method: POST, :scheme: http, te: trailers, content-type: application/grpc, user-agent: grpc-java-netty/1.63.0, grpc-accept-encoding: gzip] streamDependency=0 weight=16 exclusive=false padding=0 endStream=false
13:15:11.586 [grpc-default-worker-ELG-3-3] DEBUG io.grpc.netty.shaded.io.grpc.netty.NettyServerHandler -- [id: 0x8b83dca3, L:/127.0.0.1:40387 - R:/127.0.0.1:44114] INBOUND HEADERS: streamId=3 headers=GrpcHttp2RequestHeaders[:path: /raftkv.RaftService/RequestVote, :authority: localhost:40387, :method: POST, :scheme: http, te: trailers, content-type: application/grpc, user-agent: grpc-java-netty/1.63.0, grpc-accept-encoding: gzip] streamDependency=0 weight=16 exclusive=false padding=0 endStream=false
13:15:11.584 [grpc-default-worker-ELG-3-5] DEBUG io.grpc.netty.shaded.io.grpc.netty.NettyServerHandler -- [id: 0x46bc5739, L:/127.0.0.1:41303 - R:/127.0.0.1:58260] INBOUND HEADERS: streamId=3 headers=GrpcHttp2RequestHeaders[:path: /raftkv.RaftService/RequestVote, :authority: localhost:41303, :method: POST, :scheme: http, te: trailers, content-type: application/grpc, user-agent: grpc-java-netty/1.63.0, grpc-accept-encoding: gzip] streamDependency=0 weight=16 exclusive=false padding=0 endStream=false
13:15:11.586 [grpc-default-worker-ELG-3-7] DEBUG io.grpc.netty.shaded.io.grpc.netty.NettyServerHandler -- [id: 0x4fc88eb2, L:/127.0.0.1:34553 - R:/127.0.0.1:49250] INBOUND HEADERS: streamId=3 headers=GrpcHttp2RequestHeaders[:path: /raftkv.RaftService/RequestVote, :authority: localhost:34553, :method: POST, :scheme: http, te: trailers, content-type: application/grpc, user-agent: grpc-java-netty/1.63.0, grpc-accept-encoding: gzip] streamDependency=0 weight=16 exclusive=false padding=0 endStream=false
13:15:11.605 [grpc-default-worker-ELG-3-3] DEBUG io.grpc.netty.shaded.io.grpc.netty.NettyServerHandler -- [id: 0x8b83dca3, L:/127.0.0.1:40387 - R:/127.0.0.1:44114] INBOUND HEADERS: streamId=5 headers=GrpcHttp2RequestHeaders[:path: /raftkv.RaftService/RequestVote, :authority: localhost:40387, :method: POST, :scheme: http, te: trailers, content-type: application/grpc, user-agent: grpc-java-netty/1.63.0, grpc-accept-encoding: gzip] streamDependency=0 weight=16 exclusive=false padding=0 endStream=false
13:15:11.606 [grpc-default-worker-ELG-3-7] DEBUG io.grpc.netty.shaded.io.grpc.netty.NettyServerHandler -- [id: 0x4fc88eb2, L:/127.0.0.1:34553 - R:/127.0.0.1:49250] INBOUND HEADERS: streamId=5 headers=GrpcHttp2RequestHeaders[:path: /raftkv.RaftService/RequestVote, :authority: localhost:34553, :method: POST, :scheme: http, te: trailers, content-type: application/grpc, user-agent: grpc-java-netty/1.63.0, grpc-accept-encoding: gzip] streamDependency=0 weight=16 exclusive=false padding=0 endStream=false
13:15:11.607 [grpc-default-worker-ELG-3-8] DEBUG io.grpc.netty.shaded.io.grpc.netty.NettyServerHandler -- [id: 0xf37385f0, L:/127.0.0.1:40387 - R:/127.0.0.1:44124] INBOUND HEADERS: streamId=5 headers=GrpcHttp2RequestHeaders[:path: /raftkv.RaftService/RequestVote, :authority: localhost:40387, :method: POST, :scheme: http, te: trailers, content-type: application/grpc, user-agent: grpc-java-netty/1.63.0, grpc-accept-encoding: gzip] streamDependency=0 weight=16 exclusive=false padding=0 endStream=false
13:15:11.606 [grpc-default-worker-ELG-3-4] DEBUG io.grpc.netty.shaded.io.grpc.netty.NettyServerHandler -- [id: 0x29d6af39, L:/127.0.0.1:41303 - R:/127.0.0.1:58246] INBOUND HEADERS: streamId=5 headers=GrpcHttp2RequestHeaders[:path: /raftkv.RaftService/RequestVote, :authority: localhost:41303, :method: POST, :scheme: http, te: trailers, content-type: application/grpc, user-agent: grpc-java-netty/1.63.0, grpc-accept-encoding: gzip] streamDependency=0 weight=16 exclusive=false padding=0 endStream=false
13:15:11.608 [grpc-default-worker-ELG-3-3] DEBUG io.grpc.netty.shaded.io.grpc.netty.NettyServerHandler -- [id: 0x8b83dca3, L:/127.0.0.1:40387 - R:/127.0.0.1:44114] INBOUND HEADERS: streamId=7 headers=GrpcHttp2RequestHeaders[:path: /raftkv.RaftService/RequestVote, :authority: localhost:40387, :method: POST, :scheme: http, te: trailers, content-type: application/grpc, user-agent: grpc-java-netty/1.63.0, grpc-accept-encoding: gzip] streamDependency=0 weight=16 exclusive=false padding=0 endStream=false
13:15:11.608 [grpc-default-worker-ELG-3-3] DEBUG io.grpc.netty.shaded.io.grpc.netty.NettyServerHandler -- [id: 0x8b83dca3, L:/127.0.0.1:40387 - R:/127.0.0.1:44114] INBOUND DATA: streamId=3 padding=0 endStream=true length=15 bytes=000000000a080212066e6f64652d30
13:15:11.609 [grpc-default-worker-ELG-3-3] DEBUG io.grpc.netty.shaded.io.grpc.netty.NettyServerHandler -- [id: 0x8b83dca3, L:/127.0.0.1:40387 - R:/127.0.0.1:44114] OUTBOUND PING: ack=false bytes=1234
13:15:11.607 [grpc-default-worker-ELG-3-6] DEBUG io.grpc.netty.shaded.io.grpc.netty.NettyServerHandler -- [id: 0x6763ae44, L:/127.0.0.1:34553 - R:/127.0.0.1:49238] INBOUND HEADERS: streamId=5 headers=GrpcHttp2RequestHeaders[:path: /raftkv.RaftService/RequestVote, :authority: localhost:34553, :method: POST, :scheme: http, te: trailers, content-type: application/grpc, user-agent: grpc-java-netty/1.63.0, grpc-accept-encoding: gzip] streamDependency=0 weight=16 exclusive=false padding=0 endStream=false
13:15:11.607 [grpc-default-worker-ELG-3-5] DEBUG io.grpc.netty.shaded.io.grpc.netty.NettyServerHandler -- [id: 0x46bc5739, L:/127.0.0.1:41303 - R:/127.0.0.1:58260] INBOUND HEADERS: streamId=5 headers=GrpcHttp2RequestHeaders[:path: /raftkv.RaftService/RequestVote, :authority: localhost:41303, :method: POST, :scheme: http, te: trailers, content-type: application/grpc, user-agent: grpc-java-netty/1.63.0, grpc-accept-encoding: gzip] streamDependency=0 weight=16 exclusive=false padding=0 endStream=false
13:15:11.608 [grpc-default-worker-ELG-3-8] DEBUG io.grpc.netty.shaded.io.grpc.netty.NettyServerHandler -- [id: 0xf37385f0, L:/127.0.0.1:40387 - R:/127.0.0.1:44124] INBOUND HEADERS: streamId=7 headers=GrpcHttp2RequestHeaders[:path: /raftkv.RaftService/RequestVote, :authority: localhost:40387, :method: POST, :scheme: http, te: trailers, content-type: application/grpc, user-agent: grpc-java-netty/1.63.0, grpc-accept-encoding: gzip] streamDependency=0 weight=16 exclusive=false padding=0 endStream=false
13:15:11.611 [grpc-default-worker-ELG-3-8] DEBUG io.grpc.netty.shaded.io.grpc.netty.NettyServerHandler -- [id: 0xf37385f0, L:/127.0.0.1:40387 - R:/127.0.0.1:44124] INBOUND DATA: streamId=5 padding=0 endStream=true length=15 bytes=000000000a080212066e6f64652d31
13:15:11.613 [grpc-default-worker-ELG-3-8] DEBUG io.grpc.netty.shaded.io.grpc.netty.NettyServerHandler -- [id: 0xf37385f0, L:/127.0.0.1:40387 - R:/127.0.0.1:44124] OUTBOUND PING: ack=false bytes=1234
13:15:11.614 [grpc-default-worker-ELG-3-8] DEBUG io.grpc.netty.shaded.io.grpc.netty.NettyServerHandler -- [id: 0xf37385f0, L:/127.0.0.1:40387 - R:/127.0.0.1:44124] INBOUND DATA: streamId=7 padding=0 endStream=true length=15 bytes=000000000a080312066e6f64652d31
13:15:11.615 [grpc-default-worker-ELG-3-8] DEBUG io.grpc.netty.shaded.io.grpc.netty.NettyServerHandler -- [id: 0xf37385f0, L:/127.0.0.1:40387 - R:/127.0.0.1:44124] INBOUND DATA: streamId=3 padding=0 endStream=true length=15 bytes=000000000a080112066e6f64652d31
13:15:11.609 [grpc-default-worker-ELG-3-4] DEBUG io.grpc.netty.shaded.io.grpc.netty.NettyServerHandler -- [id: 0x29d6af39, L:/127.0.0.1:41303 - R:/127.0.0.1:58246] INBOUND HEADERS: streamId=7 headers=GrpcHttp2RequestHeaders[:path: /raftkv.RaftService/RequestVote, :authority: localhost:41303, :method: POST, :scheme: http, te: trailers, content-type: application/grpc, user-agent: grpc-java-netty/1.63.0, grpc-accept-encoding: gzip] streamDependency=0 weight=16 exclusive=false padding=0 endStream=false
13:15:11.610 [grpc-default-worker-ELG-3-7] DEBUG io.grpc.netty.shaded.io.grpc.netty.NettyServerHandler -- [id: 0x4fc88eb2, L:/127.0.0.1:34553 - R:/127.0.0.1:49250] INBOUND HEADERS: streamId=7 headers=GrpcHttp2RequestHeaders[:path: /raftkv.RaftService/RequestVote, :authority: localhost:34553, :method: POST, :scheme: http, te: trailers, content-type: application/grpc, user-agent: grpc-java-netty/1.63.0, grpc-accept-encoding: gzip] streamDependency=0 weight=16 exclusive=false padding=0 endStream=false
13:15:11.611 [grpc-default-worker-ELG-3-6] DEBUG io.grpc.netty.shaded.io.grpc.netty.NettyServerHandler -- [id: 0x6763ae44, L:/127.0.0.1:34553 - R:/127.0.0.1:49238] INBOUND HEADERS: streamId=7 headers=GrpcHttp2RequestHeaders[:path: /raftkv.RaftService/RequestVote, :authority: localhost:34553, :method: POST, :scheme: http, te: trailers, content-type: application/grpc, user-agent: grpc-java-netty/1.63.0, grpc-accept-encoding: gzip] streamDependency=0 weight=16 exclusive=false padding=0 endStream=false
13:15:11.611 [grpc-default-worker-ELG-3-5] DEBUG io.grpc.netty.shaded.io.grpc.netty.NettyServerHandler -- [id: 0x46bc5739, L:/127.0.0.1:41303 - R:/127.0.0.1:58260] INBOUND HEADERS: streamId=7 headers=GrpcHttp2RequestHeaders[:path: /raftkv.RaftService/RequestVote, :authority: localhost:41303, :method: POST, :scheme: http, te: trailers, content-type: application/grpc, user-agent: grpc-java-netty/1.63.0, grpc-accept-encoding: gzip] streamDependency=0 weight=16 exclusive=false padding=0 endStream=false
13:15:11.612 [grpc-default-worker-ELG-3-3] DEBUG io.grpc.netty.shaded.io.grpc.netty.NettyServerHandler -- [id: 0x8b83dca3, L:/127.0.0.1:40387 - R:/127.0.0.1:44114] INBOUND DATA: streamId=7 padding=0 endStream=true length=15 bytes=000000000a080312066e6f64652d30
13:15:11.617 [grpc-default-worker-ELG-3-6] DEBUG io.grpc.netty.shaded.io.grpc.netty.NettyServerHandler -- [id: 0x6763ae44, L:/127.0.0.1:34553 - R:/127.0.0.1:49238] INBOUND DATA: streamId=3 padding=0 endStream=true length=15 bytes=000000000a080212066e6f64652d30
13:15:11.617 [grpc-default-worker-ELG-3-7] DEBUG io.grpc.netty.shaded.io.grpc.netty.NettyServerHandler -- [id: 0x4fc88eb2, L:/127.0.0.1:34553 - R:/127.0.0.1:49250] INBOUND DATA: streamId=3 padding=0 endStream=true length=15 bytes=000000000a080212066e6f64652d32
13:15:11.618 [grpc-default-worker-ELG-3-5] DEBUG io.grpc.netty.shaded.io.grpc.netty.NettyServerHandler -- [id: 0x46bc5739, L:/127.0.0.1:41303 - R:/127.0.0.1:58260] INBOUND DATA: streamId=5 padding=0 endStream=true length=15 bytes=000000000a080212066e6f64652d32
13:15:11.618 [grpc-default-worker-ELG-3-7] DEBUG io.grpc.netty.shaded.io.grpc.netty.NettyServerHandler -- [id: 0x4fc88eb2, L:/127.0.0.1:34553 - R:/127.0.0.1:49250] OUTBOUND PING: ack=false bytes=1234
13:15:11.618 [grpc-default-worker-ELG-3-7] DEBUG io.grpc.netty.shaded.io.grpc.netty.NettyServerHandler -- [id: 0x4fc88eb2, L:/127.0.0.1:34553 - R:/127.0.0.1:49250] INBOUND DATA: streamId=7 padding=0 endStream=true length=15 bytes=000000000a080312066e6f64652d32
13:15:11.617 [grpc-default-worker-ELG-3-4] DEBUG io.grpc.netty.shaded.io.grpc.netty.NettyServerHandler -- [id: 0x29d6af39, L:/127.0.0.1:41303 - R:/127.0.0.1:58246] INBOUND DATA: streamId=3 padding=0 endStream=true length=15 bytes=000000000a080112066e6f64652d31
13:15:11.619 [grpc-default-worker-ELG-3-7] DEBUG io.grpc.netty.shaded.io.grpc.netty.NettyServerHandler -- [id: 0x4fc88eb2, L:/127.0.0.1:34553 - R:/127.0.0.1:49250] INBOUND DATA: streamId=5 padding=0 endStream=true length=15 bytes=000000000a080112066e6f64652d32
13:15:11.618 [grpc-default-worker-ELG-3-3] DEBUG io.grpc.netty.shaded.io.grpc.netty.NettyServerHandler -- [id: 0x8b83dca3, L:/127.0.0.1:40387 - R:/127.0.0.1:44114] INBOUND DATA: streamId=5 padding=0 endStream=true length=15 bytes=000000000a080112066e6f64652d30
13:15:11.620 [grpc-default-worker-ELG-3-1] DEBUG io.grpc.netty.shaded.io.grpc.netty.NettyClientHandler -- [id: 0xce6182bc, L:/127.0.0.1:44114 - R:localhost/127.0.0.1:40387] INBOUND PING: ack=false bytes=1234
13:15:11.618 [grpc-default-worker-ELG-3-5] DEBUG io.grpc.netty.shaded.io.grpc.netty.NettyServerHandler -- [id: 0x46bc5739, L:/127.0.0.1:41303 - R:/127.0.0.1:58260] OUTBOUND PING: ack=false bytes=1234
13:15:11.621 [grpc-default-worker-ELG-3-1] DEBUG io.grpc.netty.shaded.io.grpc.netty.NettyClientHandler -- [id: 0xce6182bc, L:/127.0.0.1:44114 - R:localhost/127.0.0.1:40387] OUTBOUND PING: ack=true bytes=1234
13:15:11.618 [grpc-default-worker-ELG-3-6] DEBUG io.grpc.netty.shaded.io.grpc.netty.NettyServerHandler -- [id: 0x6763ae44, L:/127.0.0.1:34553 - R:/127.0.0.1:49238] OUTBOUND PING: ack=false bytes=1234
13:15:11.619 [grpc-default-worker-ELG-3-4] DEBUG io.grpc.netty.shaded.io.grpc.netty.NettyServerHandler -- [id: 0x29d6af39, L:/127.0.0.1:41303 - R:/127.0.0.1:58246] OUTBOUND PING: ack=false bytes=1234
13:15:11.621 [grpc-default-worker-ELG-3-5] DEBUG io.grpc.netty.shaded.io.grpc.netty.NettyServerHandler -- [id: 0x46bc5739, L:/127.0.0.1:41303 - R:/127.0.0.1:58260] INBOUND DATA: streamId=3 padding=0 endStream=true length=15 bytes=000000000a080112066e6f64652d32
13:15:11.624 [grpc-default-worker-ELG-3-6] DEBUG io.grpc.netty.shaded.io.grpc.netty.NettyServerHandler -- [id: 0x6763ae44, L:/127.0.0.1:34553 - R:/127.0.0.1:49238] INBOUND DATA: streamId=5 padding=0 endStream=true length=15 bytes=000000000a080112066e6f64652d30
13:15:11.624 [grpc-default-worker-ELG-3-6] DEBUG io.grpc.netty.shaded.io.grpc.netty.NettyServerHandler -- [id: 0x6763ae44, L:/127.0.0.1:34553 - R:/127.0.0.1:49238] INBOUND DATA: streamId=7 padding=0 endStream=true length=15 bytes=000000000a080312066e6f64652d30
13:15:11.624 [grpc-default-worker-ELG-3-4] DEBUG io.grpc.netty.shaded.io.grpc.netty.NettyServerHandler -- [id: 0x29d6af39, L:/127.0.0.1:41303 - R:/127.0.0.1:58246] INBOUND DATA: streamId=7 padding=0 endStream=true length=15 bytes=000000000a080312066e6f64652d31
13:15:11.624 [grpc-default-worker-ELG-3-5] DEBUG io.grpc.netty.shaded.io.grpc.netty.NettyServerHandler -- [id: 0x46bc5739, L:/127.0.0.1:41303 - R:/127.0.0.1:58260] INBOUND DATA: streamId=7 padding=0 endStream=true length=15 bytes=000000000a080312066e6f64652d32
13:15:11.625 [grpc-default-worker-ELG-3-4] DEBUG io.grpc.netty.shaded.io.grpc.netty.NettyServerHandler -- [id: 0x29d6af39, L:/127.0.0.1:41303 - R:/127.0.0.1:58246] INBOUND DATA: streamId=5 padding=0 endStream=true length=15 bytes=000000000a080212066e6f64652d31
13:15:11.625 [grpc-default-worker-ELG-3-2] DEBUG io.grpc.netty.shaded.io.grpc.netty.NettyClientHandler -- [id: 0xa1ef20da, L:/127.0.0.1:49238 - R:localhost/127.0.0.1:34553] INBOUND PING: ack=false bytes=1234
13:15:11.626 [grpc-default-worker-ELG-3-2] DEBUG io.grpc.netty.shaded.io.grpc.netty.NettyClientHandler -- [id: 0xa1ef20da, L:/127.0.0.1:49238 - R:localhost/127.0.0.1:34553] OUTBOUND PING: ack=true bytes=1234
13:15:11.630 [grpc-default-worker-ELG-3-5] DEBUG io.grpc.netty.shaded.io.grpc.netty.NettyClientHandler -- [id: 0x24de83b4, L:/127.0.0.1:58260 - R:localhost/127.0.0.1:41303] INBOUND PING: ack=false bytes=1234
13:15:11.630 [grpc-default-worker-ELG-3-5] DEBUG io.grpc.netty.shaded.io.grpc.netty.NettyClientHandler -- [id: 0x24de83b4, L:/127.0.0.1:58260 - R:localhost/127.0.0.1:41303] OUTBOUND PING: ack=true bytes=1234
13:15:11.630 [grpc-default-worker-ELG-3-8] DEBUG io.grpc.netty.shaded.io.grpc.netty.NettyClientHandler -- [id: 0x6d4bdbe4, L:/127.0.0.1:44124 - R:localhost/127.0.0.1:40387] INBOUND PING: ack=false bytes=1234
13:15:11.631 [grpc-default-worker-ELG-3-7] DEBUG io.grpc.netty.shaded.io.grpc.netty.NettyClientHandler -- [id: 0x9518e451, L:/127.0.0.1:49250 - R:localhost/127.0.0.1:34553] INBOUND PING: ack=false bytes=1234
13:15:11.631 [grpc-default-worker-ELG-3-6] DEBUG io.grpc.netty.shaded.io.grpc.netty.NettyClientHandler -- [id: 0xbd6eace7, L:/127.0.0.1:58246 - R:localhost/127.0.0.1:41303] INBOUND PING: ack=false bytes=1234
13:15:11.631 [grpc-default-worker-ELG-3-5] DEBUG io.grpc.netty.shaded.io.grpc.netty.NettyServerHandler -- [id: 0x46bc5739, L:/127.0.0.1:41303 - R:/127.0.0.1:58260] INBOUND PING: ack=true bytes=1234
13:15:11.633 [grpc-default-worker-ELG-3-3] DEBUG io.grpc.netty.shaded.io.grpc.netty.NettyServerHandler -- [id: 0x8b83dca3, L:/127.0.0.1:40387 - R:/127.0.0.1:44114] INBOUND PING: ack=true bytes=1234
13:15:11.631 [grpc-default-worker-ELG-3-8] DEBUG io.grpc.netty.shaded.io.grpc.netty.NettyClientHandler -- [id: 0x6d4bdbe4, L:/127.0.0.1:44124 - R:localhost/127.0.0.1:40387] OUTBOUND PING: ack=true bytes=1234
13:15:11.631 [grpc-default-worker-ELG-3-7] DEBUG io.grpc.netty.shaded.io.grpc.netty.NettyClientHandler -- [id: 0x9518e451, L:/127.0.0.1:49250 - R:localhost/127.0.0.1:34553] OUTBOUND PING: ack=true bytes=1234
13:15:11.636 [grpc-default-worker-ELG-3-7] DEBUG io.grpc.netty.shaded.io.grpc.netty.NettyServerHandler -- [id: 0x4fc88eb2, L:/127.0.0.1:34553 - R:/127.0.0.1:49250] INBOUND PING: ack=true bytes=1234
13:15:11.631 [grpc-default-worker-ELG-3-6] DEBUG io.grpc.netty.shaded.io.grpc.netty.NettyClientHandler -- [id: 0xbd6eace7, L:/127.0.0.1:58246 - R:localhost/127.0.0.1:41303] OUTBOUND PING: ack=true bytes=1234
13:15:11.636 [grpc-default-worker-ELG-3-8] DEBUG io.grpc.netty.shaded.io.grpc.netty.NettyServerHandler -- [id: 0xf37385f0, L:/127.0.0.1:40387 - R:/127.0.0.1:44124] INBOUND PING: ack=true bytes=1234
13:15:11.638 [grpc-default-worker-ELG-3-4] DEBUG io.grpc.netty.shaded.io.grpc.netty.NettyServerHandler -- [id: 0x29d6af39, L:/127.0.0.1:41303 - R:/127.0.0.1:58246] INBOUND PING: ack=true bytes=1234
13:15:11.640 [grpc-default-worker-ELG-3-6] DEBUG io.grpc.netty.shaded.io.grpc.netty.NettyServerHandler -- [id: 0x6763ae44, L:/127.0.0.1:34553 - R:/127.0.0.1:49238] INBOUND PING: ack=true bytes=1234
13:15:11.644 [grpc-default-worker-ELG-3-4] DEBUG io.grpc.netty.shaded.io.grpc.netty.NettyServerHandler -- [id: 0x29d6af39, L:/127.0.0.1:41303 - R:/127.0.0.1:58246] OUTBOUND HEADERS: streamId=7 headers=GrpcHttp2OutboundHeaders[:status: 200, content-type: application/grpc, grpc-encoding: identity, grpc-accept-encoding: gzip] padding=0 endStream=false
13:15:11.644 [grpc-default-worker-ELG-3-3] DEBUG io.grpc.netty.shaded.io.grpc.netty.NettyServerHandler -- [id: 0x8b83dca3, L:/127.0.0.1:40387 - R:/127.0.0.1:44114] OUTBOUND HEADERS: streamId=5 headers=GrpcHttp2OutboundHeaders[:status: 200, content-type: application/grpc, grpc-encoding: identity, grpc-accept-encoding: gzip] padding=0 endStream=false
13:15:11.647 [grpc-default-worker-ELG-3-4] DEBUG io.grpc.netty.shaded.io.grpc.netty.NettyServerHandler -- [id: 0x29d6af39, L:/127.0.0.1:41303 - R:/127.0.0.1:58246] OUTBOUND DATA: streamId=7 padding=0 endStream=false length=7 bytes=00000000020803
13:15:11.647 [grpc-default-worker-ELG-3-3] DEBUG io.grpc.netty.shaded.io.grpc.netty.NettyServerHandler -- [id: 0x8b83dca3, L:/127.0.0.1:40387 - R:/127.0.0.1:44114] OUTBOUND HEADERS: streamId=3 headers=GrpcHttp2OutboundHeaders[:status: 200, content-type: application/grpc, grpc-encoding: identity, grpc-accept-encoding: gzip] padding=0 endStream=false
13:15:11.648 [grpc-default-worker-ELG-3-7] DEBUG io.grpc.netty.shaded.io.grpc.netty.NettyServerHandler -- [id: 0x4fc88eb2, L:/127.0.0.1:34553 - R:/127.0.0.1:49250] OUTBOUND HEADERS: streamId=7 headers=GrpcHttp2OutboundHeaders[:status: 200, content-type: application/grpc, grpc-encoding: identity, grpc-accept-encoding: gzip] padding=0 endStream=false
13:15:11.649 [grpc-default-worker-ELG-3-3] DEBUG io.grpc.netty.shaded.io.grpc.netty.NettyServerHandler -- [id: 0x8b83dca3, L:/127.0.0.1:40387 - R:/127.0.0.1:44114] OUTBOUND HEADERS: streamId=7 headers=GrpcHttp2OutboundHeaders[:status: 200, content-type: application/grpc, grpc-encoding: identity, grpc-accept-encoding: gzip] padding=0 endStream=false
13:15:11.649 [grpc-default-worker-ELG-3-6] DEBUG io.grpc.netty.shaded.io.grpc.netty.NettyServerHandler -- [id: 0x6763ae44, L:/127.0.0.1:34553 - R:/127.0.0.1:49238] OUTBOUND HEADERS: streamId=5 headers=GrpcHttp2OutboundHeaders[:status: 200, content-type: application/grpc, grpc-encoding: identity, grpc-accept-encoding: gzip] padding=0 endStream=false
13:15:11.650 [grpc-default-worker-ELG-3-3] DEBUG io.grpc.netty.shaded.io.grpc.netty.NettyServerHandler -- [id: 0x8b83dca3, L:/127.0.0.1:40387 - R:/127.0.0.1:44114] OUTBOUND DATA: streamId=5 padding=0 endStream=false length=7 bytes=00000000020803
13:15:11.650 [grpc-default-worker-ELG-3-6] DEBUG io.grpc.netty.shaded.io.grpc.netty.NettyServerHandler -- [id: 0x6763ae44, L:/127.0.0.1:34553 - R:/127.0.0.1:49238] OUTBOUND HEADERS: streamId=3 headers=GrpcHttp2OutboundHeaders[:status: 200, content-type: application/grpc, grpc-encoding: identity, grpc-accept-encoding: gzip] padding=0 endStream=false
13:15:11.650 [grpc-default-worker-ELG-3-3] DEBUG io.grpc.netty.shaded.io.grpc.netty.NettyServerHandler -- [id: 0x8b83dca3, L:/127.0.0.1:40387 - R:/127.0.0.1:44114] OUTBOUND HEADERS: streamId=5 headers=GrpcHttp2OutboundHeaders[grpc-status: 0] padding=0 endStream=true
13:15:11.650 [grpc-default-worker-ELG-3-6] DEBUG io.grpc.netty.shaded.io.grpc.netty.NettyServerHandler -- [id: 0x6763ae44, L:/127.0.0.1:34553 - R:/127.0.0.1:49238] OUTBOUND HEADERS: streamId=7 headers=GrpcHttp2OutboundHeaders[:status: 200, content-type: application/grpc, grpc-encoding: identity, grpc-accept-encoding: gzip] padding=0 endStream=false
13:15:11.648 [grpc-default-worker-ELG-3-5] DEBUG io.grpc.netty.shaded.io.grpc.netty.NettyServerHandler -- [id: 0x46bc5739, L:/127.0.0.1:41303 - R:/127.0.0.1:58260] OUTBOUND HEADERS: streamId=5 headers=GrpcHttp2OutboundHeaders[:status: 200, content-type: application/grpc, grpc-encoding: identity, grpc-accept-encoding: gzip] padding=0 endStream=false
13:15:11.651 [grpc-default-worker-ELG-3-3] DEBUG io.grpc.netty.shaded.io.grpc.netty.NettyServerHandler -- [id: 0x8b83dca3, L:/127.0.0.1:40387 - R:/127.0.0.1:44114] OUTBOUND DATA: streamId=7 padding=0 endStream=false length=7 bytes=00000000020803
13:15:11.651 [grpc-default-worker-ELG-3-3] DEBUG io.grpc.netty.shaded.io.grpc.netty.NettyServerHandler -- [id: 0x8b83dca3, L:/127.0.0.1:40387 - R:/127.0.0.1:44114] OUTBOUND HEADERS: streamId=7 headers=GrpcHttp2OutboundHeaders[grpc-status: 0] padding=0 endStream=true
13:15:11.652 [grpc-default-worker-ELG-3-5] DEBUG io.grpc.netty.shaded.io.grpc.netty.NettyServerHandler -- [id: 0x46bc5739, L:/127.0.0.1:41303 - R:/127.0.0.1:58260] OUTBOUND HEADERS: streamId=7 headers=GrpcHttp2OutboundHeaders[:status: 200, content-type: application/grpc, grpc-encoding: identity, grpc-accept-encoding: gzip] padding=0 endStream=false
13:15:11.652 [grpc-default-worker-ELG-3-5] DEBUG io.grpc.netty.shaded.io.grpc.netty.NettyServerHandler -- [id: 0x46bc5739, L:/127.0.0.1:41303 - R:/127.0.0.1:58260] OUTBOUND HEADERS: streamId=3 headers=GrpcHttp2OutboundHeaders[:status: 200, content-type: application/grpc, grpc-encoding: identity, grpc-accept-encoding: gzip] padding=0 endStream=false
13:15:11.648 [grpc-default-worker-ELG-3-8] DEBUG io.grpc.netty.shaded.io.grpc.netty.NettyServerHandler -- [id: 0xf37385f0, L:/127.0.0.1:40387 - R:/127.0.0.1:44124] OUTBOUND HEADERS: streamId=5 headers=GrpcHttp2OutboundHeaders[:status: 200, content-type: application/grpc, grpc-encoding: identity, grpc-accept-encoding: gzip] padding=0 endStream=false
13:15:11.649 [grpc-default-worker-ELG-3-7] DEBUG io.grpc.netty.shaded.io.grpc.netty.NettyServerHandler -- [id: 0x4fc88eb2, L:/127.0.0.1:34553 - R:/127.0.0.1:49250] OUTBOUND HEADERS: streamId=5 headers=GrpcHttp2OutboundHeaders[:status: 200, content-type: application/grpc, grpc-encoding: identity, grpc-accept-encoding: gzip] padding=0 endStream=false
13:15:11.654 [grpc-default-worker-ELG-3-7] DEBUG io.grpc.netty.shaded.io.grpc.netty.NettyServerHandler -- [id: 0x4fc88eb2, L:/127.0.0.1:34553 - R:/127.0.0.1:49250] OUTBOUND HEADERS: streamId=3 headers=GrpcHttp2OutboundHeaders[:status: 200, content-type: application/grpc, grpc-encoding: identity, grpc-accept-encoding: gzip] padding=0 endStream=false
13:15:11.655 [grpc-default-worker-ELG-3-7] DEBUG io.grpc.netty.shaded.io.grpc.netty.NettyServerHandler -- [id: 0x4fc88eb2, L:/127.0.0.1:34553 - R:/127.0.0.1:49250] OUTBOUND DATA: streamId=7 padding=0 endStream=false length=7 bytes=00000000020803
13:15:11.655 [grpc-default-worker-ELG-3-7] DEBUG io.grpc.netty.shaded.io.grpc.netty.NettyServerHandler -- [id: 0x4fc88eb2, L:/127.0.0.1:34553 - R:/127.0.0.1:49250] OUTBOUND HEADERS: streamId=7 headers=GrpcHttp2OutboundHeaders[grpc-status: 0] padding=0 endStream=true
13:15:11.656 [grpc-default-worker-ELG-3-7] DEBUG io.grpc.netty.shaded.io.grpc.netty.NettyServerHandler -- [id: 0x4fc88eb2, L:/127.0.0.1:34553 - R:/127.0.0.1:49250] OUTBOUND DATA: streamId=3 padding=0 endStream=false length=7 bytes=00000000020803
13:15:11.656 [grpc-default-worker-ELG-3-7] DEBUG io.grpc.netty.shaded.io.grpc.netty.NettyServerHandler -- [id: 0x4fc88eb2, L:/127.0.0.1:34553 - R:/127.0.0.1:49250] OUTBOUND HEADERS: streamId=3 headers=GrpcHttp2OutboundHeaders[grpc-status: 0] padding=0 endStream=true
13:15:11.657 [grpc-default-worker-ELG-3-7] DEBUG io.grpc.netty.shaded.io.grpc.netty.NettyServerHandler -- [id: 0x4fc88eb2, L:/127.0.0.1:34553 - R:/127.0.0.1:49250] OUTBOUND DATA: streamId=5 padding=0 endStream=false length=7 bytes=00000000020803
13:15:11.651 [grpc-default-worker-ELG-3-6] DEBUG io.grpc.netty.shaded.io.grpc.netty.NettyServerHandler -- [id: 0x6763ae44, L:/127.0.0.1:34553 - R:/127.0.0.1:49238] OUTBOUND DATA: streamId=5 padding=0 endStream=false length=7 bytes=00000000020803
13:15:11.653 [grpc-default-worker-ELG-3-5] DEBUG io.grpc.netty.shaded.io.grpc.netty.NettyServerHandler -- [id: 0x46bc5739, L:/127.0.0.1:41303 - R:/127.0.0.1:58260] OUTBOUND DATA: streamId=5 padding=0 endStream=false length=7 bytes=00000000020803
13:15:11.653 [grpc-default-worker-ELG-3-4] DEBUG io.grpc.netty.shaded.io.grpc.netty.NettyServerHandler -- [id: 0x29d6af39, L:/127.0.0.1:41303 - R:/127.0.0.1:58246] OUTBOUND HEADERS: streamId=7 headers=GrpcHttp2OutboundHeaders[grpc-status: 0] padding=0 endStream=true
13:15:11.657 [grpc-default-worker-ELG-3-6] DEBUG io.grpc.netty.shaded.io.grpc.netty.NettyServerHandler -- [id: 0x6763ae44, L:/127.0.0.1:34553 - R:/127.0.0.1:49238] OUTBOUND HEADERS: streamId=5 headers=GrpcHttp2OutboundHeaders[grpc-status: 0] padding=0 endStream=true
13:15:11.653 [grpc-default-worker-ELG-3-8] DEBUG io.grpc.netty.shaded.io.grpc.netty.NettyServerHandler -- [id: 0xf37385f0, L:/127.0.0.1:40387 - R:/127.0.0.1:44124] OUTBOUND HEADERS: streamId=3 headers=GrpcHttp2OutboundHeaders[:status: 200, content-type: application/grpc, grpc-encoding: identity, grpc-accept-encoding: gzip] padding=0 endStream=false
13:15:11.654 [grpc-default-worker-ELG-3-3] DEBUG io.grpc.netty.shaded.io.grpc.netty.NettyServerHandler -- [id: 0x8b83dca3, L:/127.0.0.1:40387 - R:/127.0.0.1:44114] OUTBOUND DATA: streamId=3 padding=0 endStream=false length=7 bytes=00000000020803
13:15:11.658 [grpc-default-worker-ELG-3-5] DEBUG io.grpc.netty.shaded.io.grpc.netty.NettyServerHandler -- [id: 0x46bc5739, L:/127.0.0.1:41303 - R:/127.0.0.1:58260] OUTBOUND HEADERS: streamId=5 headers=GrpcHttp2OutboundHeaders[grpc-status: 0] padding=0 endStream=true
13:15:11.658 [grpc-default-worker-ELG-3-3] DEBUG io.grpc.netty.shaded.io.grpc.netty.NettyServerHandler -- [id: 0x8b83dca3, L:/127.0.0.1:40387 - R:/127.0.0.1:44114] OUTBOUND HEADERS: streamId=3 headers=GrpcHttp2OutboundHeaders[grpc-status: 0] padding=0 endStream=true
13:15:11.659 [grpc-default-worker-ELG-3-8] DEBUG io.grpc.netty.shaded.io.grpc.netty.NettyServerHandler -- [id: 0xf37385f0, L:/127.0.0.1:40387 - R:/127.0.0.1:44124] OUTBOUND HEADERS: streamId=7 headers=GrpcHttp2OutboundHeaders[:status: 200, content-type: application/grpc, grpc-encoding: identity, grpc-accept-encoding: gzip] padding=0 endStream=false
13:15:11.659 [grpc-default-worker-ELG-3-5] DEBUG io.grpc.netty.shaded.io.grpc.netty.NettyServerHandler -- [id: 0x46bc5739, L:/127.0.0.1:41303 - R:/127.0.0.1:58260] OUTBOUND DATA: streamId=3 padding=0 endStream=false length=7 bytes=00000000020803
13:15:11.659 [grpc-default-worker-ELG-3-5] DEBUG io.grpc.netty.shaded.io.grpc.netty.NettyServerHandler -- [id: 0x46bc5739, L:/127.0.0.1:41303 - R:/127.0.0.1:58260] OUTBOUND HEADERS: streamId=3 headers=GrpcHttp2OutboundHeaders[grpc-status: 0] padding=0 endStream=true
13:15:11.659 [grpc-default-worker-ELG-3-8] DEBUG io.grpc.netty.shaded.io.grpc.netty.NettyServerHandler -- [id: 0xf37385f0, L:/127.0.0.1:40387 - R:/127.0.0.1:44124] OUTBOUND DATA: streamId=5 padding=0 endStream=false length=7 bytes=00000000020803
13:15:11.660 [grpc-default-worker-ELG-3-8] DEBUG io.grpc.netty.shaded.io.grpc.netty.NettyServerHandler -- [id: 0xf37385f0, L:/127.0.0.1:40387 - R:/127.0.0.1:44124] OUTBOUND HEADERS: streamId=5 headers=GrpcHttp2OutboundHeaders[grpc-status: 0] padding=0 endStream=true
13:15:11.660 [grpc-default-worker-ELG-3-4] DEBUG io.grpc.netty.shaded.io.grpc.netty.NettyServerHandler -- [id: 0x29d6af39, L:/127.0.0.1:41303 - R:/127.0.0.1:58246] OUTBOUND HEADERS: streamId=3 headers=GrpcHttp2OutboundHeaders[:status: 200, content-type: application/grpc, grpc-encoding: identity, grpc-accept-encoding: gzip] padding=0 endStream=false
13:15:11.660 [grpc-default-worker-ELG-3-5] DEBUG io.grpc.netty.shaded.io.grpc.netty.NettyServerHandler -- [id: 0x46bc5739, L:/127.0.0.1:41303 - R:/127.0.0.1:58260] OUTBOUND DATA: streamId=7 padding=0 endStream=false length=7 bytes=00000000020803
13:15:11.660 [grpc-default-worker-ELG-3-6] DEBUG io.grpc.netty.shaded.io.grpc.netty.NettyServerHandler -- [id: 0x6763ae44, L:/127.0.0.1:34553 - R:/127.0.0.1:49238] OUTBOUND DATA: streamId=7 padding=0 endStream=false length=7 bytes=00000000020803
13:15:11.661 [grpc-default-worker-ELG-3-1] DEBUG io.grpc.netty.shaded.io.grpc.netty.NettyClientHandler -- [id: 0xce6182bc, L:/127.0.0.1:44114 - R:localhost/127.0.0.1:40387] INBOUND HEADERS: streamId=5 headers=GrpcHttp2ResponseHeaders[:status: 200, content-type: application/grpc, grpc-encoding: identity, grpc-accept-encoding: gzip] padding=0 endStream=false
13:15:11.662 [grpc-default-worker-ELG-3-7] DEBUG io.grpc.netty.shaded.io.grpc.netty.NettyServerHandler -- [id: 0x4fc88eb2, L:/127.0.0.1:34553 - R:/127.0.0.1:49250] OUTBOUND HEADERS: streamId=5 headers=GrpcHttp2OutboundHeaders[grpc-status: 0] padding=0 endStream=true
13:15:11.660 [grpc-default-worker-ELG-3-8] DEBUG io.grpc.netty.shaded.io.grpc.netty.NettyServerHandler -- [id: 0xf37385f0, L:/127.0.0.1:40387 - R:/127.0.0.1:44124] OUTBOUND DATA: streamId=7 padding=0 endStream=false length=7 bytes=00000000020803
13:15:11.664 [grpc-default-worker-ELG-3-8] DEBUG io.grpc.netty.shaded.io.grpc.netty.NettyServerHandler -- [id: 0xf37385f0, L:/127.0.0.1:40387 - R:/127.0.0.1:44124] OUTBOUND HEADERS: streamId=7 headers=GrpcHttp2OutboundHeaders[grpc-status: 0] padding=0 endStream=true
13:15:11.664 [grpc-default-worker-ELG-3-1] DEBUG io.grpc.netty.shaded.io.grpc.netty.NettyClientHandler -- [id: 0xce6182bc, L:/127.0.0.1:44114 - R:localhost/127.0.0.1:40387] INBOUND HEADERS: streamId=3 headers=GrpcHttp2ResponseHeaders[:status: 200, content-type: application/grpc, grpc-encoding: identity, grpc-accept-encoding: gzip] padding=0 endStream=false
13:15:11.665 [grpc-default-worker-ELG-3-7] DEBUG io.grpc.netty.shaded.io.grpc.netty.NettyClientHandler -- [id: 0x9518e451, L:/127.0.0.1:49250 - R:localhost/127.0.0.1:34553] INBOUND HEADERS: streamId=7 headers=GrpcHttp2ResponseHeaders[:status: 200, content-type: application/grpc, grpc-encoding: identity, grpc-accept-encoding: gzip] padding=0 endStream=false
13:15:11.665 [grpc-default-worker-ELG-3-8] DEBUG io.grpc.netty.shaded.io.grpc.netty.NettyServerHandler -- [id: 0xf37385f0, L:/127.0.0.1:40387 - R:/127.0.0.1:44124] OUTBOUND DATA: streamId=3 padding=0 endStream=false length=7 bytes=00000000020803
13:15:11.665 [grpc-default-worker-ELG-3-8] DEBUG io.grpc.netty.shaded.io.grpc.netty.NettyServerHandler -- [id: 0xf37385f0, L:/127.0.0.1:40387 - R:/127.0.0.1:44124] OUTBOUND HEADERS: streamId=3 headers=GrpcHttp2OutboundHeaders[grpc-status: 0] padding=0 endStream=true
13:15:11.665 [grpc-default-worker-ELG-3-7] DEBUG io.grpc.netty.shaded.io.grpc.netty.NettyClientHandler -- [id: 0x9518e451, L:/127.0.0.1:49250 - R:localhost/127.0.0.1:34553] INBOUND HEADERS: streamId=5 headers=GrpcHttp2ResponseHeaders[:status: 200, content-type: application/grpc, grpc-encoding: identity, grpc-accept-encoding: gzip] padding=0 endStream=false
13:15:11.666 [grpc-default-worker-ELG-3-7] DEBUG io.grpc.netty.shaded.io.grpc.netty.NettyClientHandler -- [id: 0x9518e451, L:/127.0.0.1:49250 - R:localhost/127.0.0.1:34553] INBOUND HEADERS: streamId=3 headers=GrpcHttp2ResponseHeaders[:status: 200, content-type: application/grpc, grpc-encoding: identity, grpc-accept-encoding: gzip] padding=0 endStream=false
13:15:11.667 [grpc-default-worker-ELG-3-7] DEBUG io.grpc.netty.shaded.io.grpc.netty.NettyClientHandler -- [id: 0x9518e451, L:/127.0.0.1:49250 - R:localhost/127.0.0.1:34553] INBOUND DATA: streamId=7 padding=0 endStream=false length=7 bytes=00000000020803
13:15:11.667 [grpc-default-worker-ELG-3-7] DEBUG io.grpc.netty.shaded.io.grpc.netty.NettyClientHandler -- [id: 0x9518e451, L:/127.0.0.1:49250 - R:localhost/127.0.0.1:34553] OUTBOUND PING: ack=false bytes=1234
13:15:11.669 [grpc-default-worker-ELG-3-7] DEBUG io.grpc.netty.shaded.io.grpc.netty.NettyClientHandler -- [id: 0x9518e451, L:/127.0.0.1:49250 - R:localhost/127.0.0.1:34553] INBOUND HEADERS: streamId=7 headers=GrpcHttp2ResponseHeaders[grpc-status: 0] padding=0 endStream=true
13:15:11.661 [grpc-default-worker-ELG-3-5] DEBUG io.grpc.netty.shaded.io.grpc.netty.NettyServerHandler -- [id: 0x46bc5739, L:/127.0.0.1:41303 - R:/127.0.0.1:58260] OUTBOUND HEADERS: streamId=7 headers=GrpcHttp2OutboundHeaders[grpc-status: 0] padding=0 endStream=true
13:15:11.661 [grpc-default-worker-ELG-3-6] DEBUG io.grpc.netty.shaded.io.grpc.netty.NettyServerHandler -- [id: 0x6763ae44, L:/127.0.0.1:34553 - R:/127.0.0.1:49238] OUTBOUND HEADERS: streamId=7 headers=GrpcHttp2OutboundHeaders[grpc-status: 0] padding=0 endStream=true
13:15:11.671 [grpc-default-worker-ELG-3-6] DEBUG io.grpc.netty.shaded.io.grpc.netty.NettyServerHandler -- [id: 0x6763ae44, L:/127.0.0.1:34553 - R:/127.0.0.1:49238] OUTBOUND DATA: streamId=3 padding=0 endStream=false length=7 bytes=00000000020803
13:15:11.671 [grpc-default-worker-ELG-3-6] DEBUG io.grpc.netty.shaded.io.grpc.netty.NettyServerHandler -- [id: 0x6763ae44, L:/127.0.0.1:34553 - R:/127.0.0.1:49238] OUTBOUND HEADERS: streamId=3 headers=GrpcHttp2OutboundHeaders[grpc-status: 0] padding=0 endStream=true
13:15:11.672 [grpc-default-worker-ELG-3-5] DEBUG io.grpc.netty.shaded.io.grpc.netty.NettyClientHandler -- [id: 0x24de83b4, L:/127.0.0.1:58260 - R:localhost/127.0.0.1:41303] INBOUND HEADERS: streamId=5 headers=GrpcHttp2ResponseHeaders[:status: 200, content-type: application/grpc, grpc-encoding: identity, grpc-accept-encoding: gzip] padding=0 endStream=false
13:15:11.661 [grpc-default-worker-ELG-3-4] DEBUG io.grpc.netty.shaded.io.grpc.netty.NettyServerHandler -- [id: 0x29d6af39, L:/127.0.0.1:41303 - R:/127.0.0.1:58246] OUTBOUND HEADERS: streamId=5 headers=GrpcHttp2OutboundHeaders[:status: 200, content-type: application/grpc, grpc-encoding: identity, grpc-accept-encoding: gzip] padding=0 endStream=false
13:15:11.674 [grpc-default-worker-ELG-3-4] DEBUG io.grpc.netty.shaded.io.grpc.netty.NettyServerHandler -- [id: 0x29d6af39, L:/127.0.0.1:41303 - R:/127.0.0.1:58246] OUTBOUND DATA: streamId=3 padding=0 endStream=false length=7 bytes=00000000020803
13:15:11.674 [grpc-default-worker-ELG-3-4] DEBUG io.grpc.netty.shaded.io.grpc.netty.NettyServerHandler -- [id: 0x29d6af39, L:/127.0.0.1:41303 - R:/127.0.0.1:58246] OUTBOUND HEADERS: streamId=3 headers=GrpcHttp2OutboundHeaders[grpc-status: 0] padding=0 endStream=true
13:15:11.665 [grpc-default-worker-ELG-3-1] DEBUG io.grpc.netty.shaded.io.grpc.netty.NettyClientHandler -- [id: 0xce6182bc, L:/127.0.0.1:44114 - R:localhost/127.0.0.1:40387] INBOUND HEADERS: streamId=7 headers=GrpcHttp2ResponseHeaders[:status: 200, content-type: application/grpc, grpc-encoding: identity, grpc-accept-encoding: gzip] padding=0 endStream=false
13:15:11.675 [grpc-default-worker-ELG-3-4] DEBUG io.grpc.netty.shaded.io.grpc.netty.NettyServerHandler -- [id: 0x29d6af39, L:/127.0.0.1:41303 - R:/127.0.0.1:58246] OUTBOUND DATA: streamId=5 padding=0 endStream=false length=7 bytes=00000000020803
13:15:11.676 [grpc-default-worker-ELG-3-1] DEBUG io.grpc.netty.shaded.io.grpc.netty.NettyClientHandler -- [id: 0xce6182bc, L:/127.0.0.1:44114 - R:localhost/127.0.0.1:40387] INBOUND DATA: streamId=5 padding=0 endStream=false length=7 bytes=00000000020803
13:15:11.676 [grpc-default-worker-ELG-3-1] DEBUG io.grpc.netty.shaded.io.grpc.netty.NettyClientHandler -- [id: 0xce6182bc, L:/127.0.0.1:44114 - R:localhost/127.0.0.1:40387] OUTBOUND PING: ack=false bytes=1234
13:15:11.676 [grpc-default-worker-ELG-3-5] DEBUG io.grpc.netty.shaded.io.grpc.netty.NettyClientHandler -- [id: 0x24de83b4, L:/127.0.0.1:58260 - R:localhost/127.0.0.1:41303] INBOUND HEADERS: streamId=7 headers=GrpcHttp2ResponseHeaders[:status: 200, content-type: application/grpc, grpc-encoding: identity, grpc-accept-encoding: gzip] padding=0 endStream=false
13:15:11.677 [grpc-default-worker-ELG-3-5] DEBUG io.grpc.netty.shaded.io.grpc.netty.NettyClientHandler -- [id: 0x24de83b4, L:/127.0.0.1:58260 - R:localhost/127.0.0.1:41303] INBOUND HEADERS: streamId=3 headers=GrpcHttp2ResponseHeaders[:status: 200, content-type: application/grpc, grpc-encoding: identity, grpc-accept-encoding: gzip] padding=0 endStream=false
[...]
13:15:13.457 [Test worker] INFO com.raftkv.harness.ClusterHarness -- Closing ClusterHarness
13:15:13.458 [grpc-default-worker-ELG-3-4] DEBUG io.grpc.netty.shaded.io.grpc.netty.NettyServerHandler -- [id: 0xac18d717, L:/127.0.0.1:40333 - R:/127.0.0.1:51366] INBOUND HEADERS: streamId=9 headers=GrpcHttp2RequestHeaders[:path: /raftkv.RaftService/AppendEntries, :authority: localhost:40333, :method: POST, :scheme: http, te: trailers, content-type: application/grpc, user-agent: grpc-java-netty/1.63.0, grpc-accept-encoding: gzip] streamDependency=0 weight=16 exclusive=false padding=0 endStream=false
13:15:13.459 [grpc-default-worker-ELG-3-4] DEBUG io.grpc.netty.shaded.io.grpc.netty.NettyServerHandler -- [id: 0xac18d717, L:/127.0.0.1:40333 - R:/127.0.0.1:51366] INBOUND DATA: streamId=9 padding=0 endStream=true length=15 bytes=000000000a080212066e6f64652d32
13:15:13.459 [grpc-default-worker-ELG-3-7] DEBUG io.grpc.netty.shaded.io.grpc.netty.NettyServerHandler -- [id: 0xbc4340fb, L:/127.0.0.1:40333 - R:/127.0.0.1:51362] OUTBOUND GO_AWAY: lastStreamId=2147483647 errorCode=0 length=13 bytes=6170705f726571756573746564
13:15:13.460 [grpc-default-worker-ELG-3-7] DEBUG io.grpc.netty.shaded.io.grpc.netty.NettyServerHandler -- [id: 0xbc4340fb, L:/127.0.0.1:40333 - R:/127.0.0.1:51362] OUTBOUND PING: ack=false bytes=40715087873
13:15:13.460 [grpc-default-worker-ELG-3-4] DEBUG io.grpc.netty.shaded.io.grpc.netty.NettyServerHandler -- [id: 0xac18d717, L:/127.0.0.1:40333 - R:/127.0.0.1:51366] OUTBOUND GO_AWAY: lastStreamId=2147483647 errorCode=0 length=13 bytes=6170705f726571756573746564
13:15:13.460 [grpc-default-worker-ELG-3-4] DEBUG io.grpc.netty.shaded.io.grpc.netty.NettyServerHandler -- [id: 0xac18d717, L:/127.0.0.1:40333 - R:/127.0.0.1:51366] OUTBOUND PING: ack=false bytes=40715087873
13:15:13.461 [grpc-default-worker-ELG-3-6] DEBUG io.grpc.netty.shaded.io.grpc.netty.NettyClientHandler -- [id: 0x8d1c4b49, L:/127.0.0.1:51362 - R:localhost/127.0.0.1:40333] INBOUND GO_AWAY: lastStreamId=2147483647 errorCode=0 length=13 bytes=6170705f726571756573746564
13:15:13.461 [grpc-default-worker-ELG-3-7] DEBUG io.grpc.netty.shaded.io.grpc.netty.NettyClientHandler -- [id: 0x8ad49379, L:/127.0.0.1:56486 - R:localhost/127.0.0.1:33817] OUTBOUND HEADERS: streamId=5 headers=GrpcHttp2OutboundHeaders[:authority: localhost:33817, :path: /raftkv.RaftService/AppendEntries, :method: POST, :scheme: http, content-type: application/grpc, te: trailers, user-agent: grpc-java-netty/1.63.0, grpc-accept-encoding: gzip] streamDependency=0 weight=16 exclusive=false padding=0 endStream=false
13:15:13.461 [grpc-default-worker-ELG-3-6] DEBUG io.grpc.netty.shaded.io.grpc.netty.NettyClientHandler -- [id: 0x8d1c4b49, L:/127.0.0.1:51362 - R:localhost/127.0.0.1:40333] INBOUND PING: ack=false bytes=40715087873
13:15:13.462 [grpc-default-worker-ELG-3-6] DEBUG io.grpc.netty.shaded.io.grpc.netty.NettyClientHandler -- [id: 0x8d1c4b49, L:/127.0.0.1:51362 - R:localhost/127.0.0.1:40333] OUTBOUND PING: ack=true bytes=40715087873
13:15:13.462 [grpc-default-worker-ELG-3-7] DEBUG io.grpc.netty.shaded.io.grpc.netty.NettyClientHandler -- [id: 0x8ad49379, L:/127.0.0.1:56486 - R:localhost/127.0.0.1:33817] OUTBOUND DATA: streamId=5 padding=0 endStream=true length=15 bytes=000000000a080212066e6f64652d32
13:15:13.463 [grpc-default-worker-ELG-3-8] DEBUG io.grpc.netty.shaded.io.grpc.netty.NettyServerHandler -- [id: 0x1d98011d, L:/127.0.0.1:33817 - R:/127.0.0.1:56486] INBOUND HEADERS: streamId=5 headers=GrpcHttp2RequestHeaders[:path: /raftkv.RaftService/AppendEntries, :authority: localhost:33817, :method: POST, :scheme: http, te: trailers, content-type: application/grpc, user-agent: grpc-java-netty/1.63.0, grpc-accept-encoding: gzip] streamDependency=0 weight=16 exclusive=false padding=0 endStream=false
13:15:13.464 [grpc-default-worker-ELG-3-3] DEBUG io.grpc.netty.shaded.io.grpc.netty.NettyClientHandler -- [id: 0xcd3151f5, L:/127.0.0.1:51366 - R:localhost/127.0.0.1:40333] INBOUND GO_AWAY: lastStreamId=2147483647 errorCode=0 length=13 bytes=6170705f726571756573746564
13:15:13.463 [grpc-default-worker-ELG-3-7] DEBUG io.grpc.netty.shaded.io.grpc.netty.NettyServerHandler -- [id: 0xbc4340fb, L:/127.0.0.1:40333 - R:/127.0.0.1:51362] INBOUND PING: ack=true bytes=40715087873
13:15:13.464 [grpc-default-worker-ELG-3-7] DEBUG io.grpc.netty.shaded.io.grpc.netty.NettyServerHandler -- [id: 0xbc4340fb, L:/127.0.0.1:40333 - R:/127.0.0.1:51362] OUTBOUND GO_AWAY: lastStreamId=9 errorCode=0 length=13 bytes=6170705f726571756573746564
13:15:13.464 [grpc-default-worker-ELG-3-8] DEBUG io.grpc.netty.shaded.io.grpc.netty.NettyServerHandler -- [id: 0x1d98011d, L:/127.0.0.1:33817 - R:/127.0.0.1:56486] INBOUND DATA: streamId=5 padding=0 endStream=true length=15 bytes=000000000a080212066e6f64652d32
13:15:13.465 [grpc-default-worker-ELG-3-3] DEBUG io.grpc.netty.shaded.io.grpc.netty.NettyClientHandler -- [id: 0xcd3151f5, L:/127.0.0.1:51366 - R:localhost/127.0.0.1:40333] INBOUND PING: ack=false bytes=40715087873
13:15:13.465 [grpc-default-worker-ELG-3-3] DEBUG io.grpc.netty.shaded.io.grpc.netty.NettyClientHandler -- [id: 0xcd3151f5, L:/127.0.0.1:51366 - R:localhost/127.0.0.1:40333] OUTBOUND PING: ack=true bytes=40715087873
13:15:13.466 [grpc-default-worker-ELG-3-6] DEBUG io.grpc.netty.shaded.io.grpc.netty.NettyClientHandler -- [id: 0x8d1c4b49, L:/127.0.0.1:51362 - R:localhost/127.0.0.1:40333] INBOUND GO_AWAY: lastStreamId=9 errorCode=0 length=13 bytes=6170705f726571756573746564
13:15:13.468 [grpc-default-worker-ELG-3-4] DEBUG io.grpc.netty.shaded.io.grpc.netty.NettyServerHandler -- [id: 0xac18d717, L:/127.0.0.1:40333 - R:/127.0.0.1:51366] INBOUND PING: ack=true bytes=40715087873
13:15:13.468 [grpc-default-worker-ELG-3-4] DEBUG io.grpc.netty.shaded.io.grpc.netty.NettyServerHandler -- [id: 0xac18d717, L:/127.0.0.1:40333 - R:/127.0.0.1:51366] OUTBOUND GO_AWAY: lastStreamId=9 errorCode=0 length=13 bytes=6170705f726571756573746564
13:15:13.469 [grpc-default-worker-ELG-3-3] DEBUG io.grpc.netty.shaded.io.grpc.netty.NettyClientHandler -- [id: 0xcd3151f5, L:/127.0.0.1:51366 - R:localhost/127.0.0.1:40333] INBOUND GO_AWAY: lastStreamId=9 errorCode=0 length=13 bytes=6170705f726571756573746564
13:15:13.469 [grpc-default-worker-ELG-3-4] DEBUG io.grpc.netty.shaded.io.grpc.netty.NettyServerHandler -- [id: 0xac18d717, L:/127.0.0.1:40333 - R:/127.0.0.1:51366] OUTBOUND HEADERS: streamId=9 headers=GrpcHttp2OutboundHeaders[:status: 200, content-type: application/grpc, grpc-status: 2, grpc-message: Application error processing RPC] padding=0 endStream=true
13:15:13.469 [grpc-default-worker-ELG-3-8] DEBUG io.grpc.netty.shaded.io.grpc.netty.NettyServerHandler -- [id: 0x1d98011d, L:/127.0.0.1:33817 - R:/127.0.0.1:56486] OUTBOUND HEADERS: streamId=5 headers=GrpcHttp2OutboundHeaders[:status: 200, content-type: application/grpc, grpc-encoding: identity, grpc-accept-encoding: gzip] padding=0 endStream=false
13:15:13.471 [grpc-default-worker-ELG-3-8] DEBUG io.grpc.netty.shaded.io.grpc.netty.NettyServerHandler -- [id: 0x1d98011d, L:/127.0.0.1:33817 - R:/127.0.0.1:56486] OUTBOUND DATA: streamId=5 padding=0 endStream=false length=9 bytes=000000000408021001
13:15:13.472 [grpc-default-worker-ELG-3-8] DEBUG io.grpc.netty.shaded.io.grpc.netty.NettyServerHandler -- [id: 0x1d98011d, L:/127.0.0.1:33817 - R:/127.0.0.1:56486] OUTBOUND HEADERS: streamId=5 headers=GrpcHttp2OutboundHeaders[grpc-status: 0] padding=0 endStream=true
13:15:13.475 [grpc-default-worker-ELG-3-3] DEBUG io.grpc.netty.shaded.io.grpc.netty.NettyClientHandler -- [id: 0xcd3151f5, L:/127.0.0.1:51366 - R:localhost/127.0.0.1:40333] INBOUND HEADERS: streamId=9 headers=GrpcHttp2ResponseHeaders[:status: 200, content-type: application/grpc, grpc-status: 2, grpc-message: Application error processing RPC] padding=0 endStream=true
13:15:13.472 [Test worker] INFO com.raftkv.server.RaftServer -- RaftServer stopped
13:15:13.480 [grpc-default-worker-ELG-3-7] DEBUG io.grpc.netty.shaded.io.grpc.netty.NettyClientHandler -- [id: 0x8ad49379, L:/127.0.0.1:56486 - R:localhost/127.0.0.1:33817] INBOUND HEADERS: streamId=5 headers=GrpcHttp2ResponseHeaders[:status: 200, content-type: application/grpc, grpc-encoding: identity, grpc-accept-encoding: gzip] padding=0 endStream=false
13:15:13.481 [grpc-default-worker-ELG-3-7] DEBUG io.grpc.netty.shaded.io.grpc.netty.NettyClientHandler -- [id: 0x8ad49379, L:/127.0.0.1:56486 - R:localhost/127.0.0.1:33817] INBOUND DATA: streamId=5 padding=0 endStream=false length=9 bytes=000000000408021001
13:15:13.482 [grpc-default-worker-ELG-3-3] DEBUG io.grpc.netty.shaded.io.grpc.netty.NettyClientHandler -- [id: 0xc9c3f3be, L:/127.0.0.1:56472 - R:localhost/127.0.0.1:33817] OUTBOUND GO_AWAY: lastStreamId=0 errorCode=0 length=0 bytes=
13:15:13.485 [grpc-default-worker-ELG-3-8] DEBUG io.grpc.netty.shaded.io.grpc.netty.NettyServerHandler -- [id: 0x1d98011d, L:/127.0.0.1:33817 - R:/127.0.0.1:56486] OUTBOUND GO_AWAY: lastStreamId=2147483647 errorCode=0 length=13 bytes=6170705f726571756573746564
13:15:13.486 [grpc-default-worker-ELG-3-8] DEBUG io.grpc.netty.shaded.io.grpc.netty.NettyServerHandler -- [id: 0x1d98011d, L:/127.0.0.1:33817 - R:/127.0.0.1:56486] OUTBOUND PING: ack=false bytes=40715087873
13:15:13.488 [grpc-default-worker-ELG-3-5] DEBUG io.grpc.netty.shaded.io.grpc.netty.NettyServerHandler -- [id: 0x555cdac6, L:/127.0.0.1:33817 - R:/127.0.0.1:56472] INBOUND GO_AWAY: lastStreamId=0 errorCode=0 length=0 bytes=
13:15:13.489 [grpc-default-worker-ELG-3-5] DEBUG io.grpc.netty.shaded.io.grpc.netty.NettyServerHandler -- [id: 0x555cdac6, L:/127.0.0.1:33817 ! R:/127.0.0.1:56472] OUTBOUND GO_AWAY: lastStreamId=2147483647 errorCode=0 length=13 bytes=6170705f726571756573746564
13:15:13.490 [grpc-default-worker-ELG-3-5] DEBUG io.grpc.netty.shaded.io.netty.handler.codec.http2.Http2ConnectionHandler -- [id: 0x555cdac6, L:/127.0.0.1:33817 ! R:/127.0.0.1:56472] Sending GOAWAY failed: lastStreamId '2147483647', errorCode '0', debugData 'app_requested'. Forcing shutdown of the connection.
io.grpc.netty.shaded.io.netty.channel.StacklessClosedChannelException: null
	at io.grpc.netty.shaded.io.netty.channel.AbstractChannel$AbstractUnsafe.write(Object, ChannelPromise)(Unknown Source)
13:15:13.491 [grpc-default-worker-ELG-3-7] DEBUG io.grpc.netty.shaded.io.grpc.netty.NettyClientHandler -- [id: 0x8ad49379, L:/127.0.0.1:56486 - R:localhost/127.0.0.1:33817] INBOUND HEADERS: streamId=5 headers=GrpcHttp2ResponseHeaders[grpc-status: 0] padding=0 endStream=true
13:15:13.494 [grpc-default-worker-ELG-3-5] DEBUG io.grpc.netty.shaded.io.grpc.netty.NettyServerHandler -- [id: 0x555cdac6, L:/127.0.0.1:33817 ! R:/127.0.0.1:56472] OUTBOUND PING: ack=false bytes=40715087873
13:15:13.495 [grpc-default-worker-ELG-3-7] DEBUG io.grpc.netty.shaded.io.grpc.netty.NettyClientHandler -- [id: 0x14d97e61, L:/127.0.0.1:55454 - R:localhost/127.0.0.1:35077] OUTBOUND GO_AWAY: lastStreamId=0 errorCode=0 length=0 bytes=
13:15:13.503 [grpc-default-worker-ELG-3-8] DEBUG io.grpc.netty.shaded.io.grpc.netty.NettyServerHandler -- [id: 0x0dfbb199, L:/127.0.0.1:35077 - R:/127.0.0.1:55454] INBOUND GO_AWAY: lastStreamId=0 errorCode=0 length=0 bytes=
13:15:13.507 [grpc-default-worker-ELG-3-7] DEBUG io.grpc.netty.shaded.io.grpc.netty.NettyClientHandler -- [id: 0x8ad49379, L:/127.0.0.1:56486 - R:localhost/127.0.0.1:33817] INBOUND GO_AWAY: lastStreamId=2147483647 errorCode=0 length=13 bytes=6170705f726571756573746564
13:15:13.513 [grpc-default-worker-ELG-3-7] DEBUG io.grpc.netty.shaded.io.grpc.netty.NettyClientHandler -- [id: 0x8ad49379, L:/127.0.0.1:56486 - R:localhost/127.0.0.1:33817] OUTBOUND HEADERS: streamId=7 headers=GrpcHttp2OutboundHeaders[:authority: localhost:33817, :path: /raftkv.RaftService/AppendEntries, :method: POST, :scheme: http, content-type: application/grpc, te: trailers, user-agent: grpc-java-netty/1.63.0, grpc-accept-encoding: gzip] streamDependency=0 weight=16 exclusive=false padding=0 endStream=false
13:15:13.516 [grpc-default-worker-ELG-3-8] DEBUG io.grpc.netty.shaded.io.grpc.netty.NettyServerHandler -- [id: 0x1d98011d, L:/127.0.0.1:33817 - R:/127.0.0.1:56486] INBOUND HEADERS: streamId=7 headers=GrpcHttp2RequestHeaders[:path: /raftkv.RaftService/AppendEntries, :authority: localhost:33817, :method: POST, :scheme: http, te: trailers, content-type: application/grpc, user-agent: grpc-java-netty/1.63.0, grpc-accept-encoding: gzip] streamDependency=0 weight=16 exclusive=false padding=0 endStream=false
13:15:13.519 [grpc-default-worker-ELG-3-7] DEBUG io.grpc.netty.shaded.io.grpc.netty.NettyClientHandler -- [id: 0x8ad49379, L:/127.0.0.1:56486 - R:localhost/127.0.0.1:33817] INBOUND PING: ack=false bytes=40715087873
13:15:13.520 [grpc-default-worker-ELG-3-7] DEBUG io.grpc.netty.shaded.io.grpc.netty.NettyClientHandler -- [id: 0x8ad49379, L:/127.0.0.1:56486 - R:localhost/127.0.0.1:33817] OUTBOUND PING: ack=true bytes=40715087873
13:15:13.523 [grpc-default-worker-ELG-3-8] DEBUG io.grpc.netty.shaded.io.grpc.netty.NettyServerHandler -- [id: 0x1d98011d, L:/127.0.0.1:33817 - R:/127.0.0.1:56486] INBOUND PING: ack=true bytes=40715087873
13:15:13.523 [grpc-default-worker-ELG-3-8] DEBUG io.grpc.netty.shaded.io.grpc.netty.NettyServerHandler -- [id: 0x1d98011d, L:/127.0.0.1:33817 - R:/127.0.0.1:56486] OUTBOUND GO_AWAY: lastStreamId=7 errorCode=0 length=13 bytes=6170705f726571756573746564
13:15:13.524 [grpc-default-worker-ELG-3-7] DEBUG io.grpc.netty.shaded.io.grpc.netty.NettyClientHandler -- [id: 0x8ad49379, L:/127.0.0.1:56486 - R:localhost/127.0.0.1:33817] OUTBOUND DATA: streamId=7 padding=0 endStream=true length=15 bytes=000000000a080212066e6f64652d32
13:15:13.525 [grpc-default-worker-ELG-3-7] DEBUG io.grpc.netty.shaded.io.grpc.netty.NettyClientHandler -- [id: 0x8ad49379, L:/127.0.0.1:56486 - R:localhost/127.0.0.1:33817] INBOUND GO_AWAY: lastStreamId=7 errorCode=0 length=13 bytes=6170705f726571756573746564
13:15:13.527 [grpc-default-worker-ELG-3-8] DEBUG io.grpc.netty.shaded.io.grpc.netty.NettyServerHandler -- [id: 0x1d98011d, L:/127.0.0.1:33817 - R:/127.0.0.1:56486] INBOUND DATA: streamId=7 padding=0 endStream=true length=15 bytes=000000000a080212066e6f64652d32
13:15:13.529 [grpc-default-worker-ELG-3-8] DEBUG io.grpc.netty.shaded.io.grpc.netty.NettyServerHandler -- [id: 0x1d98011d, L:/127.0.0.1:33817 - R:/127.0.0.1:56486] OUTBOUND HEADERS: streamId=7 headers=GrpcHttp2OutboundHeaders[:status: 200, content-type: application/grpc, grpc-status: 2, grpc-message: Application error processing RPC] padding=0 endStream=true
13:15:13.530 [grpc-default-worker-ELG-3-7] DEBUG io.grpc.netty.shaded.io.grpc.netty.NettyClientHandler -- [id: 0x8ad49379, L:/127.0.0.1:56486 - R:localhost/127.0.0.1:33817] INBOUND HEADERS: streamId=7 headers=GrpcHttp2ResponseHeaders[:status: 200, content-type: application/grpc, grpc-status: 2, grpc-message: Application error processing RPC] padding=0 endStream=true
13:15:13.537 [Test worker] INFO com.raftkv.server.RaftServer -- RaftServer stopped
13:15:13.539 [grpc-default-worker-ELG-3-5] DEBUG io.grpc.netty.shaded.io.grpc.netty.NettyClientHandler -- [id: 0xf74831d0, L:/127.0.0.1:55444 - R:localhost/127.0.0.1:35077] OUTBOUND GO_AWAY: lastStreamId=0 errorCode=0 length=0 bytes=
13:15:13.540 [grpc-default-worker-ELG-3-8] DEBUG io.grpc.netty.shaded.io.grpc.netty.NettyServerHandler -- [id: 0xff5a9e1e, L:/127.0.0.1:35077 - R:/127.0.0.1:55444] INBOUND GO_AWAY: lastStreamId=0 errorCode=0 length=0 bytes=
13:15:13.541 [Test worker] INFO com.raftkv.server.RaftServer -- RaftServer stopped
13:15:13.544 [Test worker] INFO com.raftkv.harness.ClusterHarness -- ClusterHarness closed
]]></system-out>
  <system-err><![CDATA[Apr 11, 2026 1:15:13 PM io.grpc.internal.SerializingExecutor run
SEVERE: Exception while executing runnable io.grpc.internal.ServerImpl$JumpToApplicationThreadServerStreamListener$1HalfClosed@555549a3
java.util.concurrent.RejectedExecutionException: Task java.util.concurrent.ScheduledThreadPoolExecutor$ScheduledFutureTask@4771774a[Not completed, task = java.util.concurrent.Executors$RunnableAdapter@7b93387a[Wrapped task = com.raftkv.server.RaftServiceImpl$$Lambda/0x00007f26603a55f8@2c8f23c5]] rejected from java.util.concurrent.ScheduledThreadPoolExecutor@6c15e8c7[Terminated, pool size = 0, active threads = 0, queued tasks = 0, completed tasks = 87]
	at java.base/java.util.concurrent.ThreadPoolExecutor$AbortPolicy.rejectedExecution(ThreadPoolExecutor.java:2081)
	at java.base/java.util.concurrent.ThreadPoolExecutor.reject(ThreadPoolExecutor.java:841)
	at java.base/java.util.concurrent.ScheduledThreadPoolExecutor.delayedExecute(ScheduledThreadPoolExecutor.java:340)
	at java.base/java.util.concurrent.ScheduledThreadPoolExecutor.schedule(ScheduledThreadPoolExecutor.java:562)
	at java.base/java.util.concurrent.ScheduledThreadPoolExecutor.execute(ScheduledThreadPoolExecutor.java:705)
	at java.base/java.util.concurrent.Executors$DelegatedExecutorService.execute(Executors.java:754)
	at com.raftkv.server.RaftServiceImpl.appendEntries(RaftServiceImpl.java:59)
	at com.raftkv.proto.RaftServiceGrpc$MethodHandlers.invoke(RaftServiceGrpc.java:294)
	at io.grpc.stub.ServerCalls$UnaryServerCallHandler$UnaryServerCallListener.onHalfClose(ServerCalls.java:182)
	at io.grpc.internal.ServerCallImpl$ServerStreamListenerImpl.halfClosed(ServerCallImpl.java:356)
	at io.grpc.internal.ServerImpl$JumpToApplicationThreadServerStreamListener$1HalfClosed.runInContext(ServerImpl.java:861)
	at io.grpc.internal.ContextRunnable.run(ContextRunnable.java:37)
	at io.grpc.internal.SerializingExecutor.run(SerializingExecutor.java:133)
	at java.base/java.util.concurrent.ThreadPoolExecutor.runWorker(ThreadPoolExecutor.java:1144)
	at java.base/java.util.concurrent.ThreadPoolExecutor$Worker.run(ThreadPoolExecutor.java:642)
	at java.base/java.lang.Thread.run(Thread.java:1583)

Apr 11, 2026 1:15:13 PM io.grpc.internal.SerializingExecutor run
SEVERE: Exception while executing runnable io.grpc.internal.ServerImpl$JumpToApplicationThreadServerStreamListener$1HalfClosed@18584192
java.util.concurrent.RejectedExecutionException: Task java.util.concurrent.ScheduledThreadPoolExecutor$ScheduledFutureTask@74bb10df[Not completed, task = java.util.concurrent.Executors$RunnableAdapter@657c266e[Wrapped task = com.raftkv.server.RaftServiceImpl$$Lambda/0x00007f26603a55f8@7a50ecf4]] rejected from java.util.concurrent.ScheduledThreadPoolExecutor@64f1fd08[Terminated, pool size = 0, active threads = 0, queued tasks = 0, completed tasks = 92]
	at java.base/java.util.concurrent.ThreadPoolExecutor$AbortPolicy.rejectedExecution(ThreadPoolExecutor.java:2081)
	at java.base/java.util.concurrent.ThreadPoolExecutor.reject(ThreadPoolExecutor.java:841)
	at java.base/java.util.concurrent.ScheduledThreadPoolExecutor.delayedExecute(ScheduledThreadPoolExecutor.java:340)
	at java.base/java.util.concurrent.ScheduledThreadPoolExecutor.schedule(ScheduledThreadPoolExecutor.java:562)
	at java.base/java.util.concurrent.ScheduledThreadPoolExecutor.execute(ScheduledThreadPoolExecutor.java:705)
	at java.base/java.util.concurrent.Executors$DelegatedExecutorService.execute(Executors.java:754)
	at com.raftkv.server.RaftServiceImpl.appendEntries(RaftServiceImpl.java:59)
	at com.raftkv.proto.RaftServiceGrpc$MethodHandlers.invoke(RaftServiceGrpc.java:294)
	at io.grpc.stub.ServerCalls$UnaryServerCallHandler$UnaryServerCallListener.onHalfClose(ServerCalls.java:182)
	at io.grpc.internal.ServerCallImpl$ServerStreamListenerImpl.halfClosed(ServerCallImpl.java:356)
	at io.grpc.internal.ServerImpl$JumpToApplicationThreadServerStreamListener$1HalfClosed.runInContext(ServerImpl.java:861)
	at io.grpc.internal.ContextRunnable.run(ContextRunnable.java:37)
	at io.grpc.internal.SerializingExecutor.run(SerializingExecutor.java:133)
	at java.base/java.util.concurrent.ThreadPoolExecutor.runWorker(ThreadPoolExecutor.java:1144)
	at java.base/java.util.concurrent.ThreadPoolExecutor$Worker.run(ThreadPoolExecutor.java:642)
	at java.base/java.lang.Thread.run(Thread.java:1583)

]]></system-err>
</testsuite>
